

================================================================
== Vivado HLS Report for 'doCorner'
================================================================
* Date:           Wed May 13 10:16:45 2020

* Version:        2018.3 (Build 2405991 on Thu Dec 06 23:56:15 MST 2018)
* Project:        CornerDetect
* Solution:       solution1
* Product family: zynq
* Target device:  xc7z010clg400-2


================================================================
== Performance Estimates
================================================================
+ Timing (ns): 
    * Summary: 
    +--------+-------+----------+------------+
    |  Clock | Target| Estimated| Uncertainty|
    +--------+-------+----------+------------+
    |ap_clk  |  20.00|    17.108|        2.50|
    +--------+-------+----------+------------+

+ Latency (clock cycles): 
    * Summary: 
    +--------+--------+--------+--------+----------+
    |     Latency     |     Interval    | Pipeline |
    |   min  |   max  |   min  |   max  |   Type   |
    +--------+--------+--------+--------+----------+
    |  802113|  802113|  802110|  802110| dataflow |
    +--------+--------+--------+--------+----------+

    + Detail: 
        * Instance: 
        +-------------------------+--------------+--------+--------+--------+--------+---------+
        |                         |              |     Latency     |     Interval    | Pipeline|
        |         Instance        |    Module    |   min  |   max  |   min  |   max  |   Type  |
        +-------------------------+--------------+--------+--------+--------+--------+---------+
        |grp_FAST_t_opr_fu_318    |FAST_t_opr    |  802109|  802109|  802109|  802109|   none  |
        |grp_Dilate_fu_324        |Dilate        |  793101|  793101|  793101|  793101|   none  |
        |grp_AXIvideo2Mat_fu_330  |AXIvideo2Mat  |  790275|  790275|  790275|  790275|   none  |
        |grp_Mat2AXIvideo_fu_351  |Mat2AXIvideo  |  789505|  789505|  789505|  789505|   none  |
        |grp_PaintMask_fu_372     |PaintMask     |  788737|  788737|  788737|  788737|   none  |
        |grp_rgb2gray_fu_383      |rgb2gray      |  787969|  787969|  787969|  787969|   none  |
        +-------------------------+--------------+--------+--------+--------+--------+---------+

        * Loop: 
        N/A

============================================================
+ Verbose Summary: Synthesis Manager
============================================================
InlineROM: 1
ExposeGlobal: 0
============================================================
+ Verbose Summary: CDFG Model
============================================================
IsTopModel: 1
ResetActiveHigh: 1
IsCombinational: 2
IsDatapathOnly: 0
HasWiredReturn: 1
HasMFsm: 0
HasVarLatency: 1
IsPipeline: 0
IsRtlPipelined: 0
IsInstanceOverlapped: 0
IsDontTouch: 0
HasImplIP: 0
IsGatedGlobalClock: 0


============================================================
+ Verbose Summary: Schedule
============================================================
* Number of FSM states : 14
* Pipeline : 0
* Dataflow Pipeline: 1
  DF-Pipeline-0: Size = 14, States = { 1 2 3 4 5 6 7 8 9 10 11 12 13 14 }

* FSM state transitions: 
1 --> 
	2  / true
2 --> 
	3  / true
3 --> 
	4  / true
4 --> 
	5  / true
5 --> 
	6  / true
6 --> 
	7  / true
7 --> 
	8  / true
8 --> 
	9  / true
9 --> 
	10  / true
10 --> 
	11  / true
11 --> 
	12  / true
12 --> 
	13  / true
13 --> 
	14  / true
14 --> 

* FSM state operations: 

State 1 <SV = 0> <Delay = 0.00>
ST_1 : Operation 15 [1/1] (0.00ns)   --->   "%img_0_data_stream_0 = alloca i8, align 1" [CornerDetect/code/CornerDetect.cpp:35]   --->   Operation 15 'alloca' 'img_0_data_stream_0' <Predicate = true> <Delay = 0.00> <Core = "FIFO">   --->   Core 32 'FIFO' <Latency = 0> <II = 1> <Delay = 3.40> <Storage> <Opcode : 'read' 'write' 'nbread' 'nbwrite'> <Ports = 0> <Width = 8> <Depth = 2> <FIFO>
ST_1 : Operation 16 [1/1] (0.00ns)   --->   "%img_0_data_stream_1 = alloca i8, align 1" [CornerDetect/code/CornerDetect.cpp:35]   --->   Operation 16 'alloca' 'img_0_data_stream_1' <Predicate = true> <Delay = 0.00> <Core = "FIFO">   --->   Core 32 'FIFO' <Latency = 0> <II = 1> <Delay = 3.40> <Storage> <Opcode : 'read' 'write' 'nbread' 'nbwrite'> <Ports = 0> <Width = 8> <Depth = 2> <FIFO>
ST_1 : Operation 17 [1/1] (0.00ns)   --->   "%img_0_data_stream_2 = alloca i8, align 1" [CornerDetect/code/CornerDetect.cpp:35]   --->   Operation 17 'alloca' 'img_0_data_stream_2' <Predicate = true> <Delay = 0.00> <Core = "FIFO">   --->   Core 32 'FIFO' <Latency = 0> <II = 1> <Delay = 3.40> <Storage> <Opcode : 'read' 'write' 'nbread' 'nbwrite'> <Ports = 0> <Width = 8> <Depth = 2> <FIFO>
ST_1 : Operation 18 [1/1] (0.00ns)   --->   "%img_1_data_stream_0 = alloca i8, align 1" [CornerDetect/code/CornerDetect.cpp:36]   --->   Operation 18 'alloca' 'img_1_data_stream_0' <Predicate = true> <Delay = 0.00> <Core = "FIFO">   --->   Core 32 'FIFO' <Latency = 0> <II = 1> <Delay = 3.40> <Storage> <Opcode : 'read' 'write' 'nbread' 'nbwrite'> <Ports = 0> <Width = 8> <Depth = 2> <FIFO>
ST_1 : Operation 19 [1/1] (0.00ns)   --->   "%img_1_data_stream_1 = alloca i8, align 1" [CornerDetect/code/CornerDetect.cpp:36]   --->   Operation 19 'alloca' 'img_1_data_stream_1' <Predicate = true> <Delay = 0.00> <Core = "FIFO">   --->   Core 32 'FIFO' <Latency = 0> <II = 1> <Delay = 3.40> <Storage> <Opcode : 'read' 'write' 'nbread' 'nbwrite'> <Ports = 0> <Width = 8> <Depth = 2> <FIFO>
ST_1 : Operation 20 [1/1] (0.00ns)   --->   "%img_1_data_stream_2 = alloca i8, align 1" [CornerDetect/code/CornerDetect.cpp:36]   --->   Operation 20 'alloca' 'img_1_data_stream_2' <Predicate = true> <Delay = 0.00> <Core = "FIFO">   --->   Core 32 'FIFO' <Latency = 0> <II = 1> <Delay = 3.40> <Storage> <Opcode : 'read' 'write' 'nbread' 'nbwrite'> <Ports = 0> <Width = 8> <Depth = 2> <FIFO>
ST_1 : Operation 21 [1/1] (0.00ns)   --->   "%img_2_data_stream_0 = alloca i8, align 1" [CornerDetect/code/CornerDetect.cpp:37]   --->   Operation 21 'alloca' 'img_2_data_stream_0' <Predicate = true> <Delay = 0.00> <Core = "FIFO">   --->   Core 32 'FIFO' <Latency = 0> <II = 1> <Delay = 3.40> <Storage> <Opcode : 'read' 'write' 'nbread' 'nbwrite'> <Ports = 0> <Width = 8> <Depth = 2> <FIFO>
ST_1 : Operation 22 [1/1] (0.00ns)   --->   "%img_3_data_stream_0 = alloca i8, align 1" [CornerDetect/code/CornerDetect.cpp:38]   --->   Operation 22 'alloca' 'img_3_data_stream_0' <Predicate = true> <Delay = 0.00> <Core = "FIFO">   --->   Core 32 'FIFO' <Latency = 0> <II = 1> <Delay = 3.40> <Storage> <Opcode : 'read' 'write' 'nbread' 'nbwrite'> <Ports = 0> <Width = 8> <Depth = 2> <FIFO>
ST_1 : Operation 23 [1/1] (0.00ns)   --->   "%img_3_data_stream_1 = alloca i8, align 1" [CornerDetect/code/CornerDetect.cpp:38]   --->   Operation 23 'alloca' 'img_3_data_stream_1' <Predicate = true> <Delay = 0.00> <Core = "FIFO">   --->   Core 32 'FIFO' <Latency = 0> <II = 1> <Delay = 3.40> <Storage> <Opcode : 'read' 'write' 'nbread' 'nbwrite'> <Ports = 0> <Width = 8> <Depth = 2> <FIFO>
ST_1 : Operation 24 [1/1] (0.00ns)   --->   "%img_3_data_stream_2 = alloca i8, align 1" [CornerDetect/code/CornerDetect.cpp:38]   --->   Operation 24 'alloca' 'img_3_data_stream_2' <Predicate = true> <Delay = 0.00> <Core = "FIFO">   --->   Core 32 'FIFO' <Latency = 0> <II = 1> <Delay = 3.40> <Storage> <Opcode : 'read' 'write' 'nbread' 'nbwrite'> <Ports = 0> <Width = 8> <Depth = 2> <FIFO>
ST_1 : Operation 25 [1/1] (0.00ns)   --->   "%mask_data_stream_0_s = alloca i8, align 1" [CornerDetect/code/CornerDetect.cpp:39]   --->   Operation 25 'alloca' 'mask_data_stream_0_s' <Predicate = true> <Delay = 0.00> <Core = "FIFO">   --->   Core 32 'FIFO' <Latency = 0> <II = 1> <Delay = 3.40> <Storage> <Opcode : 'read' 'write' 'nbread' 'nbwrite'> <Ports = 0> <Width = 8> <Depth = 2> <FIFO>
ST_1 : Operation 26 [1/1] (0.00ns)   --->   "%dmask_data_stream_0 = alloca i8, align 1" [CornerDetect/code/CornerDetect.cpp:40]   --->   Operation 26 'alloca' 'dmask_data_stream_0' <Predicate = true> <Delay = 0.00> <Core = "FIFO">   --->   Core 32 'FIFO' <Latency = 0> <II = 1> <Delay = 3.40> <Storage> <Opcode : 'read' 'write' 'nbread' 'nbwrite'> <Ports = 0> <Width = 8> <Depth = 2> <FIFO>

State 2 <SV = 1> <Delay = 0.00>
ST_2 : Operation 27 [2/2] (0.00ns)   --->   "call fastcc void @AXIvideo2Mat(i24* %inStream_V_data_V, i3* %inStream_V_keep_V, i3* %inStream_V_strb_V, i1* %inStream_V_user_V, i1* %inStream_V_last_V, i1* %inStream_V_id_V, i1* %inStream_V_dest_V, i8* %img_0_data_stream_0, i8* %img_0_data_stream_1, i8* %img_0_data_stream_2)" [CornerDetect/code/CornerDetect.cpp:44]   --->   Operation 27 'call' <Predicate = true> <Delay = 0.00> <CoreType = "Generic">   --->   Core 0 '' <Latency = 0> <II = 1> <Delay = 1.00> <Generic> <Opcode : >

State 3 <SV = 2> <Delay = 0.00>
ST_3 : Operation 28 [1/2] (0.00ns)   --->   "call fastcc void @AXIvideo2Mat(i24* %inStream_V_data_V, i3* %inStream_V_keep_V, i3* %inStream_V_strb_V, i1* %inStream_V_user_V, i1* %inStream_V_last_V, i1* %inStream_V_id_V, i1* %inStream_V_dest_V, i8* %img_0_data_stream_0, i8* %img_0_data_stream_1, i8* %img_0_data_stream_2)" [CornerDetect/code/CornerDetect.cpp:44]   --->   Operation 28 'call' <Predicate = true> <Delay = 0.00> <CoreType = "Generic">   --->   Core 0 '' <Latency = 0> <II = 1> <Delay = 1.00> <Generic> <Opcode : >

State 4 <SV = 3> <Delay = 0.00>
ST_4 : Operation 29 [2/2] (0.00ns)   --->   "call fastcc void @rgb2gray(i8* %img_0_data_stream_0, i8* %img_0_data_stream_1, i8* %img_0_data_stream_2, i8* %img_1_data_stream_0, i8* %img_1_data_stream_1, i8* %img_1_data_stream_2, i8* %img_2_data_stream_0)" [CornerDetect/code/CornerDetect.cpp:46]   --->   Operation 29 'call' <Predicate = true> <Delay = 0.00> <CoreType = "Generic">   --->   Core 0 '' <Latency = 0> <II = 1> <Delay = 1.00> <Generic> <Opcode : >

State 5 <SV = 4> <Delay = 0.00>
ST_5 : Operation 30 [1/2] (0.00ns)   --->   "call fastcc void @rgb2gray(i8* %img_0_data_stream_0, i8* %img_0_data_stream_1, i8* %img_0_data_stream_2, i8* %img_1_data_stream_0, i8* %img_1_data_stream_1, i8* %img_1_data_stream_2, i8* %img_2_data_stream_0)" [CornerDetect/code/CornerDetect.cpp:46]   --->   Operation 30 'call' <Predicate = true> <Delay = 0.00> <CoreType = "Generic">   --->   Core 0 '' <Latency = 0> <II = 1> <Delay = 1.00> <Generic> <Opcode : >

State 6 <SV = 5> <Delay = 0.00>
ST_6 : Operation 31 [2/2] (0.00ns)   --->   "call fastcc void @FAST_t_opr(i8* %img_2_data_stream_0, i8* %mask_data_stream_0_s)" [C:/Xilinx/Vivado/2018.3/common/technology/autopilot/hls/hls_video_fast.h:327->CornerDetect/code/CornerDetect.cpp:47]   --->   Operation 31 'call' <Predicate = true> <Delay = 0.00> <CoreType = "Generic">   --->   Core 0 '' <Latency = 0> <II = 1> <Delay = 1.00> <Generic> <Opcode : >

State 7 <SV = 6> <Delay = 0.00>
ST_7 : Operation 32 [1/2] (0.00ns)   --->   "call fastcc void @FAST_t_opr(i8* %img_2_data_stream_0, i8* %mask_data_stream_0_s)" [C:/Xilinx/Vivado/2018.3/common/technology/autopilot/hls/hls_video_fast.h:327->CornerDetect/code/CornerDetect.cpp:47]   --->   Operation 32 'call' <Predicate = true> <Delay = 0.00> <CoreType = "Generic">   --->   Core 0 '' <Latency = 0> <II = 1> <Delay = 1.00> <Generic> <Opcode : >

State 8 <SV = 7> <Delay = 0.00>
ST_8 : Operation 33 [2/2] (0.00ns)   --->   "call fastcc void @Dilate(i8* %mask_data_stream_0_s, i8* %dmask_data_stream_0)" [CornerDetect/code/CornerDetect.cpp:48]   --->   Operation 33 'call' <Predicate = true> <Delay = 0.00> <CoreType = "Generic">   --->   Core 0 '' <Latency = 0> <II = 1> <Delay = 1.00> <Generic> <Opcode : >

State 9 <SV = 8> <Delay = 0.00>
ST_9 : Operation 34 [1/2] (0.00ns)   --->   "call fastcc void @Dilate(i8* %mask_data_stream_0_s, i8* %dmask_data_stream_0)" [CornerDetect/code/CornerDetect.cpp:48]   --->   Operation 34 'call' <Predicate = true> <Delay = 0.00> <CoreType = "Generic">   --->   Core 0 '' <Latency = 0> <II = 1> <Delay = 1.00> <Generic> <Opcode : >

State 10 <SV = 9> <Delay = 0.00>
ST_10 : Operation 35 [2/2] (0.00ns)   --->   "call fastcc void @PaintMask(i8* %img_1_data_stream_0, i8* %img_1_data_stream_1, i8* %img_1_data_stream_2, i8* %dmask_data_stream_0, i8* %img_3_data_stream_0, i8* %img_3_data_stream_1, i8* %img_3_data_stream_2)" [CornerDetect/code/CornerDetect.cpp:49]   --->   Operation 35 'call' <Predicate = true> <Delay = 0.00> <CoreType = "Generic">   --->   Core 0 '' <Latency = 0> <II = 1> <Delay = 1.00> <Generic> <Opcode : >

State 11 <SV = 10> <Delay = 0.00>
ST_11 : Operation 36 [1/2] (0.00ns)   --->   "call fastcc void @PaintMask(i8* %img_1_data_stream_0, i8* %img_1_data_stream_1, i8* %img_1_data_stream_2, i8* %dmask_data_stream_0, i8* %img_3_data_stream_0, i8* %img_3_data_stream_1, i8* %img_3_data_stream_2)" [CornerDetect/code/CornerDetect.cpp:49]   --->   Operation 36 'call' <Predicate = true> <Delay = 0.00> <CoreType = "Generic">   --->   Core 0 '' <Latency = 0> <II = 1> <Delay = 1.00> <Generic> <Opcode : >

State 12 <SV = 11> <Delay = 0.00>
ST_12 : Operation 37 [2/2] (0.00ns)   --->   "call fastcc void @Mat2AXIvideo(i8* %img_3_data_stream_0, i8* %img_3_data_stream_1, i8* %img_3_data_stream_2, i24* %outStream_V_data_V, i3* %outStream_V_keep_V, i3* %outStream_V_strb_V, i1* %outStream_V_user_V, i1* %outStream_V_last_V, i1* %outStream_V_id_V, i1* %outStream_V_dest_V)" [CornerDetect/code/CornerDetect.cpp:50]   --->   Operation 37 'call' <Predicate = true> <Delay = 0.00> <CoreType = "Generic">   --->   Core 0 '' <Latency = 0> <II = 1> <Delay = 1.00> <Generic> <Opcode : >

State 13 <SV = 12> <Delay = 0.00>
ST_13 : Operation 38 [1/2] (0.00ns)   --->   "call fastcc void @Mat2AXIvideo(i8* %img_3_data_stream_0, i8* %img_3_data_stream_1, i8* %img_3_data_stream_2, i24* %outStream_V_data_V, i3* %outStream_V_keep_V, i3* %outStream_V_strb_V, i1* %outStream_V_user_V, i1* %outStream_V_last_V, i1* %outStream_V_id_V, i1* %outStream_V_dest_V)" [CornerDetect/code/CornerDetect.cpp:50]   --->   Operation 38 'call' <Predicate = true> <Delay = 0.00> <CoreType = "Generic">   --->   Core 0 '' <Latency = 0> <II = 1> <Delay = 1.00> <Generic> <Opcode : >

State 14 <SV = 13> <Delay = 0.00>
ST_14 : Operation 39 [1/1] (0.00ns)   --->   "call void (...)* @_ssdm_op_SpecDataflowPipeline(i32 -1, i32 0, [1 x i8]* @p_str2) nounwind" [CornerDetect/code/CornerDetect.cpp:42]   --->   Operation 39 'specdataflowpipeline' <Predicate = true> <Delay = 0.00>
ST_14 : Operation 40 [1/1] (0.00ns)   --->   "call void (...)* @_ssdm_op_SpecBitsMap(i24* %inStream_V_data_V), !map !291"   --->   Operation 40 'specbitsmap' <Predicate = true> <Delay = 0.00>
ST_14 : Operation 41 [1/1] (0.00ns)   --->   "call void (...)* @_ssdm_op_SpecBitsMap(i3* %inStream_V_keep_V), !map !295"   --->   Operation 41 'specbitsmap' <Predicate = true> <Delay = 0.00>
ST_14 : Operation 42 [1/1] (0.00ns)   --->   "call void (...)* @_ssdm_op_SpecBitsMap(i3* %inStream_V_strb_V), !map !299"   --->   Operation 42 'specbitsmap' <Predicate = true> <Delay = 0.00>
ST_14 : Operation 43 [1/1] (0.00ns)   --->   "call void (...)* @_ssdm_op_SpecBitsMap(i1* %inStream_V_user_V), !map !303"   --->   Operation 43 'specbitsmap' <Predicate = true> <Delay = 0.00>
ST_14 : Operation 44 [1/1] (0.00ns)   --->   "call void (...)* @_ssdm_op_SpecBitsMap(i1* %inStream_V_last_V), !map !307"   --->   Operation 44 'specbitsmap' <Predicate = true> <Delay = 0.00>
ST_14 : Operation 45 [1/1] (0.00ns)   --->   "call void (...)* @_ssdm_op_SpecBitsMap(i1* %inStream_V_id_V), !map !311"   --->   Operation 45 'specbitsmap' <Predicate = true> <Delay = 0.00>
ST_14 : Operation 46 [1/1] (0.00ns)   --->   "call void (...)* @_ssdm_op_SpecBitsMap(i1* %inStream_V_dest_V), !map !315"   --->   Operation 46 'specbitsmap' <Predicate = true> <Delay = 0.00>
ST_14 : Operation 47 [1/1] (0.00ns)   --->   "call void (...)* @_ssdm_op_SpecBitsMap(i24* %outStream_V_data_V), !map !319"   --->   Operation 47 'specbitsmap' <Predicate = true> <Delay = 0.00>
ST_14 : Operation 48 [1/1] (0.00ns)   --->   "call void (...)* @_ssdm_op_SpecBitsMap(i3* %outStream_V_keep_V), !map !323"   --->   Operation 48 'specbitsmap' <Predicate = true> <Delay = 0.00>
ST_14 : Operation 49 [1/1] (0.00ns)   --->   "call void (...)* @_ssdm_op_SpecBitsMap(i3* %outStream_V_strb_V), !map !327"   --->   Operation 49 'specbitsmap' <Predicate = true> <Delay = 0.00>
ST_14 : Operation 50 [1/1] (0.00ns)   --->   "call void (...)* @_ssdm_op_SpecBitsMap(i1* %outStream_V_user_V), !map !331"   --->   Operation 50 'specbitsmap' <Predicate = true> <Delay = 0.00>
ST_14 : Operation 51 [1/1] (0.00ns)   --->   "call void (...)* @_ssdm_op_SpecBitsMap(i1* %outStream_V_last_V), !map !335"   --->   Operation 51 'specbitsmap' <Predicate = true> <Delay = 0.00>
ST_14 : Operation 52 [1/1] (0.00ns)   --->   "call void (...)* @_ssdm_op_SpecBitsMap(i1* %outStream_V_id_V), !map !339"   --->   Operation 52 'specbitsmap' <Predicate = true> <Delay = 0.00>
ST_14 : Operation 53 [1/1] (0.00ns)   --->   "call void (...)* @_ssdm_op_SpecBitsMap(i1* %outStream_V_dest_V), !map !343"   --->   Operation 53 'specbitsmap' <Predicate = true> <Delay = 0.00>
ST_14 : Operation 54 [1/1] (0.00ns)   --->   "call void (...)* @_ssdm_op_SpecTopModule([9 x i8]* @doCorner_str) nounwind"   --->   Operation 54 'spectopmodule' <Predicate = true> <Delay = 0.00>
ST_14 : Operation 55 [1/1] (0.00ns)   --->   "%empty = call i32 (...)* @_ssdm_op_SpecChannel([23 x i8]* @img_0_OC_data_stream_2, i32 1, [1 x i8]* @p_str96, [1 x i8]* @p_str96, i32 2, i32 2, i8* %img_0_data_stream_0, i8* %img_0_data_stream_0)"   --->   Operation 55 'specchannel' 'empty' <Predicate = true> <Delay = 0.00>
ST_14 : Operation 56 [1/1] (0.00ns)   --->   "call void (...)* @_ssdm_op_SpecInterface(i8* %img_0_data_stream_0, [8 x i8]* @ap_fifo_str, i32 0, i32 0, [1 x i8]* @p_str97, i32 0, i32 0, [1 x i8]* @p_str98, [1 x i8]* @p_str99, [1 x i8]* @p_str100, i32 2, i32 2, i32 16, i32 16, [1 x i8]* @p_str101, [1 x i8]* @p_str102)"   --->   Operation 56 'specinterface' <Predicate = true> <Delay = 0.00>
ST_14 : Operation 57 [1/1] (0.00ns)   --->   "%empty_16 = call i32 (...)* @_ssdm_op_SpecChannel([23 x i8]* @img_0_OC_data_stream_1, i32 1, [1 x i8]* @p_str103, [1 x i8]* @p_str103, i32 2, i32 2, i8* %img_0_data_stream_1, i8* %img_0_data_stream_1)"   --->   Operation 57 'specchannel' 'empty_16' <Predicate = true> <Delay = 0.00>
ST_14 : Operation 58 [1/1] (0.00ns)   --->   "call void (...)* @_ssdm_op_SpecInterface(i8* %img_0_data_stream_1, [8 x i8]* @ap_fifo_str, i32 0, i32 0, [1 x i8]* @p_str104, i32 0, i32 0, [1 x i8]* @p_str105, [1 x i8]* @p_str106, [1 x i8]* @p_str107, i32 2, i32 2, i32 16, i32 16, [1 x i8]* @p_str108, [1 x i8]* @p_str109)"   --->   Operation 58 'specinterface' <Predicate = true> <Delay = 0.00>
ST_14 : Operation 59 [1/1] (0.00ns)   --->   "%empty_17 = call i32 (...)* @_ssdm_op_SpecChannel([23 x i8]* @img_0_OC_data_stream, i32 1, [1 x i8]* @p_str110, [1 x i8]* @p_str110, i32 2, i32 2, i8* %img_0_data_stream_2, i8* %img_0_data_stream_2)"   --->   Operation 59 'specchannel' 'empty_17' <Predicate = true> <Delay = 0.00>
ST_14 : Operation 60 [1/1] (0.00ns)   --->   "call void (...)* @_ssdm_op_SpecInterface(i8* %img_0_data_stream_2, [8 x i8]* @ap_fifo_str, i32 0, i32 0, [1 x i8]* @p_str111, i32 0, i32 0, [1 x i8]* @p_str112, [1 x i8]* @p_str113, [1 x i8]* @p_str114, i32 2, i32 2, i32 16, i32 16, [1 x i8]* @p_str115, [1 x i8]* @p_str116)"   --->   Operation 60 'specinterface' <Predicate = true> <Delay = 0.00>
ST_14 : Operation 61 [1/1] (0.00ns)   --->   "%empty_18 = call i32 (...)* @_ssdm_op_SpecChannel([23 x i8]* @img_1_OC_data_stream_2, i32 1, [1 x i8]* @p_str117, [1 x i8]* @p_str117, i32 20000, i32 20000, i8* %img_1_data_stream_0, i8* %img_1_data_stream_0)"   --->   Operation 61 'specchannel' 'empty_18' <Predicate = true> <Delay = 0.00>
ST_14 : Operation 62 [1/1] (0.00ns)   --->   "call void (...)* @_ssdm_op_SpecInterface(i8* %img_1_data_stream_0, [8 x i8]* @ap_fifo_str, i32 0, i32 0, [1 x i8]* @p_str118, i32 0, i32 0, [1 x i8]* @p_str119, [1 x i8]* @p_str120, [1 x i8]* @p_str121, i32 2, i32 2, i32 16, i32 16, [1 x i8]* @p_str122, [1 x i8]* @p_str123)"   --->   Operation 62 'specinterface' <Predicate = true> <Delay = 0.00>
ST_14 : Operation 63 [1/1] (0.00ns)   --->   "%empty_19 = call i32 (...)* @_ssdm_op_SpecChannel([23 x i8]* @img_1_OC_data_stream_1, i32 1, [1 x i8]* @p_str124, [1 x i8]* @p_str124, i32 20000, i32 20000, i8* %img_1_data_stream_1, i8* %img_1_data_stream_1)"   --->   Operation 63 'specchannel' 'empty_19' <Predicate = true> <Delay = 0.00>
ST_14 : Operation 64 [1/1] (0.00ns)   --->   "call void (...)* @_ssdm_op_SpecInterface(i8* %img_1_data_stream_1, [8 x i8]* @ap_fifo_str, i32 0, i32 0, [1 x i8]* @p_str125, i32 0, i32 0, [1 x i8]* @p_str126, [1 x i8]* @p_str127, [1 x i8]* @p_str128, i32 2, i32 2, i32 16, i32 16, [1 x i8]* @p_str129, [1 x i8]* @p_str130)"   --->   Operation 64 'specinterface' <Predicate = true> <Delay = 0.00>
ST_14 : Operation 65 [1/1] (0.00ns)   --->   "%empty_20 = call i32 (...)* @_ssdm_op_SpecChannel([23 x i8]* @img_1_OC_data_stream, i32 1, [1 x i8]* @p_str131, [1 x i8]* @p_str131, i32 20000, i32 20000, i8* %img_1_data_stream_2, i8* %img_1_data_stream_2)"   --->   Operation 65 'specchannel' 'empty_20' <Predicate = true> <Delay = 0.00>
ST_14 : Operation 66 [1/1] (0.00ns)   --->   "call void (...)* @_ssdm_op_SpecInterface(i8* %img_1_data_stream_2, [8 x i8]* @ap_fifo_str, i32 0, i32 0, [1 x i8]* @p_str132, i32 0, i32 0, [1 x i8]* @p_str133, [1 x i8]* @p_str134, [1 x i8]* @p_str135, i32 2, i32 2, i32 16, i32 16, [1 x i8]* @p_str136, [1 x i8]* @p_str137)"   --->   Operation 66 'specinterface' <Predicate = true> <Delay = 0.00>
ST_14 : Operation 67 [1/1] (0.00ns)   --->   "%empty_21 = call i32 (...)* @_ssdm_op_SpecChannel([23 x i8]* @img_2_OC_data_stream, i32 1, [1 x i8]* @p_str138, [1 x i8]* @p_str138, i32 2, i32 2, i8* %img_2_data_stream_0, i8* %img_2_data_stream_0)"   --->   Operation 67 'specchannel' 'empty_21' <Predicate = true> <Delay = 0.00>
ST_14 : Operation 68 [1/1] (0.00ns)   --->   "call void (...)* @_ssdm_op_SpecInterface(i8* %img_2_data_stream_0, [8 x i8]* @ap_fifo_str, i32 0, i32 0, [1 x i8]* @p_str139, i32 0, i32 0, [1 x i8]* @p_str140, [1 x i8]* @p_str141, [1 x i8]* @p_str142, i32 2, i32 2, i32 16, i32 16, [1 x i8]* @p_str143, [1 x i8]* @p_str144)"   --->   Operation 68 'specinterface' <Predicate = true> <Delay = 0.00>
ST_14 : Operation 69 [1/1] (0.00ns)   --->   "%empty_22 = call i32 (...)* @_ssdm_op_SpecChannel([23 x i8]* @img_3_OC_data_stream_2, i32 1, [1 x i8]* @p_str145, [1 x i8]* @p_str145, i32 2, i32 2, i8* %img_3_data_stream_0, i8* %img_3_data_stream_0)"   --->   Operation 69 'specchannel' 'empty_22' <Predicate = true> <Delay = 0.00>
ST_14 : Operation 70 [1/1] (0.00ns)   --->   "call void (...)* @_ssdm_op_SpecInterface(i8* %img_3_data_stream_0, [8 x i8]* @ap_fifo_str, i32 0, i32 0, [1 x i8]* @p_str146, i32 0, i32 0, [1 x i8]* @p_str147, [1 x i8]* @p_str148, [1 x i8]* @p_str149, i32 2, i32 2, i32 16, i32 16, [1 x i8]* @p_str150, [1 x i8]* @p_str151)"   --->   Operation 70 'specinterface' <Predicate = true> <Delay = 0.00>
ST_14 : Operation 71 [1/1] (0.00ns)   --->   "%empty_23 = call i32 (...)* @_ssdm_op_SpecChannel([23 x i8]* @img_3_OC_data_stream_1, i32 1, [1 x i8]* @p_str152, [1 x i8]* @p_str152, i32 2, i32 2, i8* %img_3_data_stream_1, i8* %img_3_data_stream_1)"   --->   Operation 71 'specchannel' 'empty_23' <Predicate = true> <Delay = 0.00>
ST_14 : Operation 72 [1/1] (0.00ns)   --->   "call void (...)* @_ssdm_op_SpecInterface(i8* %img_3_data_stream_1, [8 x i8]* @ap_fifo_str, i32 0, i32 0, [1 x i8]* @p_str153, i32 0, i32 0, [1 x i8]* @p_str154, [1 x i8]* @p_str155, [1 x i8]* @p_str156, i32 2, i32 2, i32 16, i32 16, [1 x i8]* @p_str157, [1 x i8]* @p_str158)"   --->   Operation 72 'specinterface' <Predicate = true> <Delay = 0.00>
ST_14 : Operation 73 [1/1] (0.00ns)   --->   "%empty_24 = call i32 (...)* @_ssdm_op_SpecChannel([23 x i8]* @img_3_OC_data_stream, i32 1, [1 x i8]* @p_str159, [1 x i8]* @p_str159, i32 2, i32 2, i8* %img_3_data_stream_2, i8* %img_3_data_stream_2)"   --->   Operation 73 'specchannel' 'empty_24' <Predicate = true> <Delay = 0.00>
ST_14 : Operation 74 [1/1] (0.00ns)   --->   "call void (...)* @_ssdm_op_SpecInterface(i8* %img_3_data_stream_2, [8 x i8]* @ap_fifo_str, i32 0, i32 0, [1 x i8]* @p_str160, i32 0, i32 0, [1 x i8]* @p_str161, [1 x i8]* @p_str162, [1 x i8]* @p_str163, i32 2, i32 2, i32 16, i32 16, [1 x i8]* @p_str164, [1 x i8]* @p_str165)"   --->   Operation 74 'specinterface' <Predicate = true> <Delay = 0.00>
ST_14 : Operation 75 [1/1] (0.00ns)   --->   "%empty_25 = call i32 (...)* @_ssdm_op_SpecChannel([22 x i8]* @mask_OC_data_stream_s, i32 1, [1 x i8]* @p_str166, [1 x i8]* @p_str166, i32 2, i32 2, i8* %mask_data_stream_0_s, i8* %mask_data_stream_0_s)"   --->   Operation 75 'specchannel' 'empty_25' <Predicate = true> <Delay = 0.00>
ST_14 : Operation 76 [1/1] (0.00ns)   --->   "call void (...)* @_ssdm_op_SpecInterface(i8* %mask_data_stream_0_s, [8 x i8]* @ap_fifo_str, i32 0, i32 0, [1 x i8]* @p_str167, i32 0, i32 0, [1 x i8]* @p_str168, [1 x i8]* @p_str169, [1 x i8]* @p_str170, i32 2, i32 2, i32 16, i32 16, [1 x i8]* @p_str171, [1 x i8]* @p_str172)"   --->   Operation 76 'specinterface' <Predicate = true> <Delay = 0.00>
ST_14 : Operation 77 [1/1] (0.00ns)   --->   "%empty_26 = call i32 (...)* @_ssdm_op_SpecChannel([23 x i8]* @dmask_OC_data_stream, i32 1, [1 x i8]* @p_str173, [1 x i8]* @p_str173, i32 2, i32 2, i8* %dmask_data_stream_0, i8* %dmask_data_stream_0)"   --->   Operation 77 'specchannel' 'empty_26' <Predicate = true> <Delay = 0.00>
ST_14 : Operation 78 [1/1] (0.00ns)   --->   "call void (...)* @_ssdm_op_SpecInterface(i8* %dmask_data_stream_0, [8 x i8]* @ap_fifo_str, i32 0, i32 0, [1 x i8]* @p_str174, i32 0, i32 0, [1 x i8]* @p_str175, [1 x i8]* @p_str176, [1 x i8]* @p_str177, i32 2, i32 2, i32 16, i32 16, [1 x i8]* @p_str178, [1 x i8]* @p_str179)"   --->   Operation 78 'specinterface' <Predicate = true> <Delay = 0.00>
ST_14 : Operation 79 [1/1] (0.00ns)   --->   "call void (...)* @_ssdm_op_SpecInterface(i24* %outStream_V_data_V, i3* %outStream_V_keep_V, i3* %outStream_V_strb_V, i1* %outStream_V_user_V, i1* %outStream_V_last_V, i1* %outStream_V_id_V, i1* %outStream_V_dest_V, [5 x i8]* @p_str, i32 1, i32 1, [5 x i8]* @p_str1, i32 0, i32 0, [1 x i8]* @p_str2, [1 x i8]* @p_str2, [1 x i8]* @p_str2, i32 0, i32 0, i32 0, i32 0, [1 x i8]* @p_str2, [1 x i8]* @p_str2) nounwind" [CornerDetect/code/CornerDetect.cpp:30]   --->   Operation 79 'specinterface' <Predicate = true> <Delay = 0.00>
ST_14 : Operation 80 [1/1] (0.00ns)   --->   "call void (...)* @_ssdm_op_SpecInterface(i24* %inStream_V_data_V, i3* %inStream_V_keep_V, i3* %inStream_V_strb_V, i1* %inStream_V_user_V, i1* %inStream_V_last_V, i1* %inStream_V_id_V, i1* %inStream_V_dest_V, [5 x i8]* @p_str, i32 1, i32 1, [5 x i8]* @p_str1, i32 0, i32 0, [1 x i8]* @p_str2, [1 x i8]* @p_str2, [1 x i8]* @p_str2, i32 0, i32 0, i32 0, i32 0, [1 x i8]* @p_str2, [1 x i8]* @p_str2) nounwind" [CornerDetect/code/CornerDetect.cpp:31]   --->   Operation 80 'specinterface' <Predicate = true> <Delay = 0.00>
ST_14 : Operation 81 [1/1] (0.00ns)   --->   "call void (...)* @_ssdm_op_SpecInterface(i32 0, [10 x i8]* @p_str3, i32 0, i32 0, [1 x i8]* @p_str2, i32 0, i32 0, [9 x i8]* @p_str4, [1 x i8]* @p_str2, [1 x i8]* @p_str2, i32 0, i32 0, i32 0, i32 0, [1 x i8]* @p_str2, [1 x i8]* @p_str2) nounwind" [CornerDetect/code/CornerDetect.cpp:32]   --->   Operation 81 'specinterface' <Predicate = true> <Delay = 0.00>
ST_14 : Operation 82 [1/1] (0.00ns)   --->   "ret void" [CornerDetect/code/CornerDetect.cpp:51]   --->   Operation 82 'ret' <Predicate = true> <Delay = 0.00>


============================================================
+ Verbose Summary: Binding
============================================================
STG Binding: 
---------------- STG Properties BEGIN ----------------
- Is combinational: 0
- Is one-state seq: 0
- Is datapath-only: 0
- Is pipelined: 0
- Is top level: 1
Port [ Return ] is wired: 1; IO mode=ap_ctrl_hs:ce=0
Port [ inStream_V_data_V]:  wired=1; compound=1; hidden=0; nouse=0; global=0; static=0; extern=0; dir=0; type=0; pingpong=0; private_global=0; IO mode=axis:ce=0
Port [ inStream_V_keep_V]:  wired=1; compound=1; hidden=0; nouse=0; global=0; static=0; extern=0; dir=0; type=0; pingpong=0; private_global=0; IO mode=axis:ce=0
Port [ inStream_V_strb_V]:  wired=1; compound=1; hidden=0; nouse=0; global=0; static=0; extern=0; dir=0; type=0; pingpong=0; private_global=0; IO mode=axis:ce=0
Port [ inStream_V_user_V]:  wired=1; compound=1; hidden=0; nouse=0; global=0; static=0; extern=0; dir=0; type=0; pingpong=0; private_global=0; IO mode=axis:ce=0
Port [ inStream_V_last_V]:  wired=1; compound=1; hidden=0; nouse=0; global=0; static=0; extern=0; dir=0; type=0; pingpong=0; private_global=0; IO mode=axis:ce=0
Port [ inStream_V_id_V]:  wired=1; compound=1; hidden=0; nouse=0; global=0; static=0; extern=0; dir=0; type=0; pingpong=0; private_global=0; IO mode=axis:ce=0
Port [ inStream_V_dest_V]:  wired=1; compound=1; hidden=0; nouse=0; global=0; static=0; extern=0; dir=0; type=0; pingpong=0; private_global=0; IO mode=axis:ce=0
Port [ outStream_V_data_V]:  wired=1; compound=1; hidden=0; nouse=0; global=0; static=0; extern=0; dir=1; type=0; pingpong=0; private_global=0; IO mode=axis:ce=0
Port [ outStream_V_keep_V]:  wired=1; compound=1; hidden=0; nouse=0; global=0; static=0; extern=0; dir=1; type=0; pingpong=0; private_global=0; IO mode=axis:ce=0
Port [ outStream_V_strb_V]:  wired=1; compound=1; hidden=0; nouse=0; global=0; static=0; extern=0; dir=1; type=0; pingpong=0; private_global=0; IO mode=axis:ce=0
Port [ outStream_V_user_V]:  wired=1; compound=1; hidden=0; nouse=0; global=0; static=0; extern=0; dir=1; type=0; pingpong=0; private_global=0; IO mode=axis:ce=0
Port [ outStream_V_last_V]:  wired=1; compound=1; hidden=0; nouse=0; global=0; static=0; extern=0; dir=1; type=0; pingpong=0; private_global=0; IO mode=axis:ce=0
Port [ outStream_V_id_V]:  wired=1; compound=1; hidden=0; nouse=0; global=0; static=0; extern=0; dir=1; type=0; pingpong=0; private_global=0; IO mode=axis:ce=0
Port [ outStream_V_dest_V]:  wired=1; compound=1; hidden=0; nouse=0; global=0; static=0; extern=0; dir=1; type=0; pingpong=0; private_global=0; IO mode=axis:ce=0
---------------- STG Properties END ------------------

---------------- Datapath Model BEGIN ----------------

<LifeTime>
<method=bitvector/>
img_0_data_stream_0  (alloca              ) [ 001111111111111]
img_0_data_stream_1  (alloca              ) [ 001111111111111]
img_0_data_stream_2  (alloca              ) [ 001111111111111]
img_1_data_stream_0  (alloca              ) [ 001111111111111]
img_1_data_stream_1  (alloca              ) [ 001111111111111]
img_1_data_stream_2  (alloca              ) [ 001111111111111]
img_2_data_stream_0  (alloca              ) [ 001111111111111]
img_3_data_stream_0  (alloca              ) [ 001111111111111]
img_3_data_stream_1  (alloca              ) [ 001111111111111]
img_3_data_stream_2  (alloca              ) [ 001111111111111]
mask_data_stream_0_s (alloca              ) [ 001111111111111]
dmask_data_stream_0  (alloca              ) [ 001111111111111]
StgValue_28          (call                ) [ 000000000000000]
StgValue_30          (call                ) [ 000000000000000]
StgValue_32          (call                ) [ 000000000000000]
StgValue_34          (call                ) [ 000000000000000]
StgValue_36          (call                ) [ 000000000000000]
StgValue_38          (call                ) [ 000000000000000]
StgValue_39          (specdataflowpipeline) [ 000000000000000]
StgValue_40          (specbitsmap         ) [ 000000000000000]
StgValue_41          (specbitsmap         ) [ 000000000000000]
StgValue_42          (specbitsmap         ) [ 000000000000000]
StgValue_43          (specbitsmap         ) [ 000000000000000]
StgValue_44          (specbitsmap         ) [ 000000000000000]
StgValue_45          (specbitsmap         ) [ 000000000000000]
StgValue_46          (specbitsmap         ) [ 000000000000000]
StgValue_47          (specbitsmap         ) [ 000000000000000]
StgValue_48          (specbitsmap         ) [ 000000000000000]
StgValue_49          (specbitsmap         ) [ 000000000000000]
StgValue_50          (specbitsmap         ) [ 000000000000000]
StgValue_51          (specbitsmap         ) [ 000000000000000]
StgValue_52          (specbitsmap         ) [ 000000000000000]
StgValue_53          (specbitsmap         ) [ 000000000000000]
StgValue_54          (spectopmodule       ) [ 000000000000000]
empty                (specchannel         ) [ 000000000000000]
StgValue_56          (specinterface       ) [ 000000000000000]
empty_16             (specchannel         ) [ 000000000000000]
StgValue_58          (specinterface       ) [ 000000000000000]
empty_17             (specchannel         ) [ 000000000000000]
StgValue_60          (specinterface       ) [ 000000000000000]
empty_18             (specchannel         ) [ 000000000000000]
StgValue_62          (specinterface       ) [ 000000000000000]
empty_19             (specchannel         ) [ 000000000000000]
StgValue_64          (specinterface       ) [ 000000000000000]
empty_20             (specchannel         ) [ 000000000000000]
StgValue_66          (specinterface       ) [ 000000000000000]
empty_21             (specchannel         ) [ 000000000000000]
StgValue_68          (specinterface       ) [ 000000000000000]
empty_22             (specchannel         ) [ 000000000000000]
StgValue_70          (specinterface       ) [ 000000000000000]
empty_23             (specchannel         ) [ 000000000000000]
StgValue_72          (specinterface       ) [ 000000000000000]
empty_24             (specchannel         ) [ 000000000000000]
StgValue_74          (specinterface       ) [ 000000000000000]
empty_25             (specchannel         ) [ 000000000000000]
StgValue_76          (specinterface       ) [ 000000000000000]
empty_26             (specchannel         ) [ 000000000000000]
StgValue_78          (specinterface       ) [ 000000000000000]
StgValue_79          (specinterface       ) [ 000000000000000]
StgValue_80          (specinterface       ) [ 000000000000000]
StgValue_81          (specinterface       ) [ 000000000000000]
StgValue_82          (ret                 ) [ 000000000000000]
</LifeTime>

<model>

<comp_list>
<comp id="0" class="1000" name="inStream_V_data_V">
<pin_list>
<pin id="1" dir="1" index="0" bw="1" slack="0"/>
</pin_list>
<bind>
<StgValue><ssdm name="inStream_V_data_V"/></StgValue>
</bind>
</comp>

<comp id="2" class="1000" name="inStream_V_keep_V">
<pin_list>
<pin id="3" dir="1" index="0" bw="1" slack="0"/>
</pin_list>
<bind>
<StgValue><ssdm name="inStream_V_keep_V"/></StgValue>
</bind>
</comp>

<comp id="4" class="1000" name="inStream_V_strb_V">
<pin_list>
<pin id="5" dir="1" index="0" bw="1" slack="0"/>
</pin_list>
<bind>
<StgValue><ssdm name="inStream_V_strb_V"/></StgValue>
</bind>
</comp>

<comp id="6" class="1000" name="inStream_V_user_V">
<pin_list>
<pin id="7" dir="1" index="0" bw="1" slack="0"/>
</pin_list>
<bind>
<StgValue><ssdm name="inStream_V_user_V"/></StgValue>
</bind>
</comp>

<comp id="8" class="1000" name="inStream_V_last_V">
<pin_list>
<pin id="9" dir="1" index="0" bw="1" slack="0"/>
</pin_list>
<bind>
<StgValue><ssdm name="inStream_V_last_V"/></StgValue>
</bind>
</comp>

<comp id="10" class="1000" name="inStream_V_id_V">
<pin_list>
<pin id="11" dir="1" index="0" bw="1" slack="0"/>
</pin_list>
<bind>
<StgValue><ssdm name="inStream_V_id_V"/></StgValue>
</bind>
</comp>

<comp id="12" class="1000" name="inStream_V_dest_V">
<pin_list>
<pin id="13" dir="1" index="0" bw="1" slack="0"/>
</pin_list>
<bind>
<StgValue><ssdm name="inStream_V_dest_V"/></StgValue>
</bind>
</comp>

<comp id="14" class="1000" name="outStream_V_data_V">
<pin_list>
<pin id="15" dir="1" index="0" bw="1" slack="0"/>
</pin_list>
<bind>
<StgValue><ssdm name="outStream_V_data_V"/></StgValue>
</bind>
</comp>

<comp id="16" class="1000" name="outStream_V_keep_V">
<pin_list>
<pin id="17" dir="1" index="0" bw="1" slack="0"/>
</pin_list>
<bind>
<StgValue><ssdm name="outStream_V_keep_V"/></StgValue>
</bind>
</comp>

<comp id="18" class="1000" name="outStream_V_strb_V">
<pin_list>
<pin id="19" dir="1" index="0" bw="1" slack="0"/>
</pin_list>
<bind>
<StgValue><ssdm name="outStream_V_strb_V"/></StgValue>
</bind>
</comp>

<comp id="20" class="1000" name="outStream_V_user_V">
<pin_list>
<pin id="21" dir="1" index="0" bw="1" slack="0"/>
</pin_list>
<bind>
<StgValue><ssdm name="outStream_V_user_V"/></StgValue>
</bind>
</comp>

<comp id="22" class="1000" name="outStream_V_last_V">
<pin_list>
<pin id="23" dir="1" index="0" bw="1" slack="0"/>
</pin_list>
<bind>
<StgValue><ssdm name="outStream_V_last_V"/></StgValue>
</bind>
</comp>

<comp id="24" class="1000" name="outStream_V_id_V">
<pin_list>
<pin id="25" dir="1" index="0" bw="1" slack="0"/>
</pin_list>
<bind>
<StgValue><ssdm name="outStream_V_id_V"/></StgValue>
</bind>
</comp>

<comp id="26" class="1000" name="outStream_V_dest_V">
<pin_list>
<pin id="27" dir="1" index="0" bw="1" slack="0"/>
</pin_list>
<bind>
<StgValue><ssdm name="outStream_V_dest_V"/></StgValue>
</bind>
</comp>

<comp id="28" class="1001" name="const_28">
<pin_list>
<pin id="29" dir="1" index="0" bw="1" slack="0"/>
</pin_list>
<bind>
<StgValue><ssdm name=""/></StgValue>
</bind>
</comp>

<comp id="30" class="1001" name="const_30">
<pin_list>
<pin id="31" dir="1" index="0" bw="1" slack="0"/>
</pin_list>
<bind>
<StgValue><ssdm name="AXIvideo2Mat"/></StgValue>
</bind>
</comp>

<comp id="32" class="1001" name="const_32">
<pin_list>
<pin id="33" dir="1" index="0" bw="1" slack="0"/>
</pin_list>
<bind>
<StgValue><ssdm name="rgb2gray"/></StgValue>
</bind>
</comp>

<comp id="34" class="1001" name="const_34">
<pin_list>
<pin id="35" dir="1" index="0" bw="1" slack="0"/>
</pin_list>
<bind>
<StgValue><ssdm name="FAST_t_opr"/></StgValue>
</bind>
</comp>

<comp id="36" class="1001" name="const_36">
<pin_list>
<pin id="37" dir="1" index="0" bw="1" slack="0"/>
</pin_list>
<bind>
<StgValue><ssdm name="Dilate"/></StgValue>
</bind>
</comp>

<comp id="38" class="1001" name="const_38">
<pin_list>
<pin id="39" dir="1" index="0" bw="1" slack="0"/>
</pin_list>
<bind>
<StgValue><ssdm name="PaintMask"/></StgValue>
</bind>
</comp>

<comp id="40" class="1001" name="const_40">
<pin_list>
<pin id="41" dir="1" index="0" bw="1" slack="0"/>
</pin_list>
<bind>
<StgValue><ssdm name="Mat2AXIvideo"/></StgValue>
</bind>
</comp>

<comp id="42" class="1001" name="const_42">
<pin_list>
<pin id="43" dir="1" index="0" bw="1" slack="2147483647"/>
</pin_list>
<bind>
<StgValue><ssdm name="_ssdm_op_SpecDataflowPipeline"/></StgValue>
</bind>
</comp>

<comp id="44" class="1001" name="const_44">
<pin_list>
<pin id="45" dir="1" index="0" bw="1" slack="2147483647"/>
</pin_list>
<bind>
<StgValue><ssdm name=""/></StgValue>
</bind>
</comp>

<comp id="46" class="1001" name="const_46">
<pin_list>
<pin id="47" dir="1" index="0" bw="1" slack="2147483647"/>
</pin_list>
<bind>
<StgValue><ssdm name=""/></StgValue>
</bind>
</comp>

<comp id="48" class="1001" name="const_48">
<pin_list>
<pin id="49" dir="1" index="0" bw="1" slack="2147483647"/>
</pin_list>
<bind>
<StgValue><ssdm name="p_str2"/></StgValue>
</bind>
</comp>

<comp id="50" class="1001" name="const_50">
<pin_list>
<pin id="51" dir="1" index="0" bw="1" slack="2147483647"/>
</pin_list>
<bind>
<StgValue><ssdm name="_ssdm_op_SpecBitsMap"/></StgValue>
</bind>
</comp>

<comp id="52" class="1001" name="const_52">
<pin_list>
<pin id="53" dir="1" index="0" bw="1" slack="2147483647"/>
</pin_list>
<bind>
<StgValue><ssdm name="_ssdm_op_SpecTopModule"/></StgValue>
</bind>
</comp>

<comp id="54" class="1001" name="const_54">
<pin_list>
<pin id="55" dir="1" index="0" bw="1" slack="2147483647"/>
</pin_list>
<bind>
<StgValue><ssdm name="doCorner_str"/></StgValue>
</bind>
</comp>

<comp id="56" class="1001" name="const_56">
<pin_list>
<pin id="57" dir="1" index="0" bw="1" slack="2147483647"/>
</pin_list>
<bind>
<StgValue><ssdm name="_ssdm_op_SpecChannel"/></StgValue>
</bind>
</comp>

<comp id="58" class="1001" name="const_58">
<pin_list>
<pin id="59" dir="1" index="0" bw="1" slack="2147483647"/>
</pin_list>
<bind>
<StgValue><ssdm name="img_0_OC_data_stream_2"/></StgValue>
</bind>
</comp>

<comp id="60" class="1001" name="const_60">
<pin_list>
<pin id="61" dir="1" index="0" bw="1" slack="2147483647"/>
</pin_list>
<bind>
<StgValue><ssdm name=""/></StgValue>
</bind>
</comp>

<comp id="62" class="1001" name="const_62">
<pin_list>
<pin id="63" dir="1" index="0" bw="1" slack="2147483647"/>
</pin_list>
<bind>
<StgValue><ssdm name="p_str96"/></StgValue>
</bind>
</comp>

<comp id="64" class="1001" name="const_64">
<pin_list>
<pin id="65" dir="1" index="0" bw="1" slack="2147483647"/>
</pin_list>
<bind>
<StgValue><ssdm name=""/></StgValue>
</bind>
</comp>

<comp id="66" class="1001" name="const_66">
<pin_list>
<pin id="67" dir="1" index="0" bw="1" slack="2147483647"/>
</pin_list>
<bind>
<StgValue><ssdm name="_ssdm_op_SpecInterface"/></StgValue>
</bind>
</comp>

<comp id="68" class="1001" name="const_68">
<pin_list>
<pin id="69" dir="1" index="0" bw="1" slack="2147483647"/>
</pin_list>
<bind>
<StgValue><ssdm name="ap_fifo_str"/></StgValue>
</bind>
</comp>

<comp id="70" class="1001" name="const_70">
<pin_list>
<pin id="71" dir="1" index="0" bw="1" slack="2147483647"/>
</pin_list>
<bind>
<StgValue><ssdm name="p_str97"/></StgValue>
</bind>
</comp>

<comp id="72" class="1001" name="const_72">
<pin_list>
<pin id="73" dir="1" index="0" bw="1" slack="2147483647"/>
</pin_list>
<bind>
<StgValue><ssdm name="p_str98"/></StgValue>
</bind>
</comp>

<comp id="74" class="1001" name="const_74">
<pin_list>
<pin id="75" dir="1" index="0" bw="1" slack="2147483647"/>
</pin_list>
<bind>
<StgValue><ssdm name="p_str99"/></StgValue>
</bind>
</comp>

<comp id="76" class="1001" name="const_76">
<pin_list>
<pin id="77" dir="1" index="0" bw="1" slack="2147483647"/>
</pin_list>
<bind>
<StgValue><ssdm name="p_str100"/></StgValue>
</bind>
</comp>

<comp id="78" class="1001" name="const_78">
<pin_list>
<pin id="79" dir="1" index="0" bw="1" slack="2147483647"/>
</pin_list>
<bind>
<StgValue><ssdm name=""/></StgValue>
</bind>
</comp>

<comp id="80" class="1001" name="const_80">
<pin_list>
<pin id="81" dir="1" index="0" bw="1" slack="2147483647"/>
</pin_list>
<bind>
<StgValue><ssdm name="p_str101"/></StgValue>
</bind>
</comp>

<comp id="82" class="1001" name="const_82">
<pin_list>
<pin id="83" dir="1" index="0" bw="1" slack="2147483647"/>
</pin_list>
<bind>
<StgValue><ssdm name="p_str102"/></StgValue>
</bind>
</comp>

<comp id="84" class="1001" name="const_84">
<pin_list>
<pin id="85" dir="1" index="0" bw="1" slack="2147483647"/>
</pin_list>
<bind>
<StgValue><ssdm name="img_0_OC_data_stream_1"/></StgValue>
</bind>
</comp>

<comp id="86" class="1001" name="const_86">
<pin_list>
<pin id="87" dir="1" index="0" bw="1" slack="2147483647"/>
</pin_list>
<bind>
<StgValue><ssdm name="p_str103"/></StgValue>
</bind>
</comp>

<comp id="88" class="1001" name="const_88">
<pin_list>
<pin id="89" dir="1" index="0" bw="1" slack="2147483647"/>
</pin_list>
<bind>
<StgValue><ssdm name="p_str104"/></StgValue>
</bind>
</comp>

<comp id="90" class="1001" name="const_90">
<pin_list>
<pin id="91" dir="1" index="0" bw="1" slack="2147483647"/>
</pin_list>
<bind>
<StgValue><ssdm name="p_str105"/></StgValue>
</bind>
</comp>

<comp id="92" class="1001" name="const_92">
<pin_list>
<pin id="93" dir="1" index="0" bw="1" slack="2147483647"/>
</pin_list>
<bind>
<StgValue><ssdm name="p_str106"/></StgValue>
</bind>
</comp>

<comp id="94" class="1001" name="const_94">
<pin_list>
<pin id="95" dir="1" index="0" bw="1" slack="2147483647"/>
</pin_list>
<bind>
<StgValue><ssdm name="p_str107"/></StgValue>
</bind>
</comp>

<comp id="96" class="1001" name="const_96">
<pin_list>
<pin id="97" dir="1" index="0" bw="1" slack="2147483647"/>
</pin_list>
<bind>
<StgValue><ssdm name="p_str108"/></StgValue>
</bind>
</comp>

<comp id="98" class="1001" name="const_98">
<pin_list>
<pin id="99" dir="1" index="0" bw="1" slack="2147483647"/>
</pin_list>
<bind>
<StgValue><ssdm name="p_str109"/></StgValue>
</bind>
</comp>

<comp id="100" class="1001" name="const_100">
<pin_list>
<pin id="101" dir="1" index="0" bw="1" slack="2147483647"/>
</pin_list>
<bind>
<StgValue><ssdm name="img_0_OC_data_stream"/></StgValue>
</bind>
</comp>

<comp id="102" class="1001" name="const_102">
<pin_list>
<pin id="103" dir="1" index="0" bw="1" slack="2147483647"/>
</pin_list>
<bind>
<StgValue><ssdm name="p_str110"/></StgValue>
</bind>
</comp>

<comp id="104" class="1001" name="const_104">
<pin_list>
<pin id="105" dir="1" index="0" bw="1" slack="2147483647"/>
</pin_list>
<bind>
<StgValue><ssdm name="p_str111"/></StgValue>
</bind>
</comp>

<comp id="106" class="1001" name="const_106">
<pin_list>
<pin id="107" dir="1" index="0" bw="1" slack="2147483647"/>
</pin_list>
<bind>
<StgValue><ssdm name="p_str112"/></StgValue>
</bind>
</comp>

<comp id="108" class="1001" name="const_108">
<pin_list>
<pin id="109" dir="1" index="0" bw="1" slack="2147483647"/>
</pin_list>
<bind>
<StgValue><ssdm name="p_str113"/></StgValue>
</bind>
</comp>

<comp id="110" class="1001" name="const_110">
<pin_list>
<pin id="111" dir="1" index="0" bw="1" slack="2147483647"/>
</pin_list>
<bind>
<StgValue><ssdm name="p_str114"/></StgValue>
</bind>
</comp>

<comp id="112" class="1001" name="const_112">
<pin_list>
<pin id="113" dir="1" index="0" bw="1" slack="2147483647"/>
</pin_list>
<bind>
<StgValue><ssdm name="p_str115"/></StgValue>
</bind>
</comp>

<comp id="114" class="1001" name="const_114">
<pin_list>
<pin id="115" dir="1" index="0" bw="1" slack="2147483647"/>
</pin_list>
<bind>
<StgValue><ssdm name="p_str116"/></StgValue>
</bind>
</comp>

<comp id="116" class="1001" name="const_116">
<pin_list>
<pin id="117" dir="1" index="0" bw="1" slack="2147483647"/>
</pin_list>
<bind>
<StgValue><ssdm name="img_1_OC_data_stream_2"/></StgValue>
</bind>
</comp>

<comp id="118" class="1001" name="const_118">
<pin_list>
<pin id="119" dir="1" index="0" bw="1" slack="2147483647"/>
</pin_list>
<bind>
<StgValue><ssdm name="p_str117"/></StgValue>
</bind>
</comp>

<comp id="120" class="1001" name="const_120">
<pin_list>
<pin id="121" dir="1" index="0" bw="1" slack="2147483647"/>
</pin_list>
<bind>
<StgValue><ssdm name=""/></StgValue>
</bind>
</comp>

<comp id="122" class="1001" name="const_122">
<pin_list>
<pin id="123" dir="1" index="0" bw="1" slack="2147483647"/>
</pin_list>
<bind>
<StgValue><ssdm name="p_str118"/></StgValue>
</bind>
</comp>

<comp id="124" class="1001" name="const_124">
<pin_list>
<pin id="125" dir="1" index="0" bw="1" slack="2147483647"/>
</pin_list>
<bind>
<StgValue><ssdm name="p_str119"/></StgValue>
</bind>
</comp>

<comp id="126" class="1001" name="const_126">
<pin_list>
<pin id="127" dir="1" index="0" bw="1" slack="2147483647"/>
</pin_list>
<bind>
<StgValue><ssdm name="p_str120"/></StgValue>
</bind>
</comp>

<comp id="128" class="1001" name="const_128">
<pin_list>
<pin id="129" dir="1" index="0" bw="1" slack="2147483647"/>
</pin_list>
<bind>
<StgValue><ssdm name="p_str121"/></StgValue>
</bind>
</comp>

<comp id="130" class="1001" name="const_130">
<pin_list>
<pin id="131" dir="1" index="0" bw="1" slack="2147483647"/>
</pin_list>
<bind>
<StgValue><ssdm name="p_str122"/></StgValue>
</bind>
</comp>

<comp id="132" class="1001" name="const_132">
<pin_list>
<pin id="133" dir="1" index="0" bw="1" slack="2147483647"/>
</pin_list>
<bind>
<StgValue><ssdm name="p_str123"/></StgValue>
</bind>
</comp>

<comp id="134" class="1001" name="const_134">
<pin_list>
<pin id="135" dir="1" index="0" bw="1" slack="2147483647"/>
</pin_list>
<bind>
<StgValue><ssdm name="img_1_OC_data_stream_1"/></StgValue>
</bind>
</comp>

<comp id="136" class="1001" name="const_136">
<pin_list>
<pin id="137" dir="1" index="0" bw="1" slack="2147483647"/>
</pin_list>
<bind>
<StgValue><ssdm name="p_str124"/></StgValue>
</bind>
</comp>

<comp id="138" class="1001" name="const_138">
<pin_list>
<pin id="139" dir="1" index="0" bw="1" slack="2147483647"/>
</pin_list>
<bind>
<StgValue><ssdm name="p_str125"/></StgValue>
</bind>
</comp>

<comp id="140" class="1001" name="const_140">
<pin_list>
<pin id="141" dir="1" index="0" bw="1" slack="2147483647"/>
</pin_list>
<bind>
<StgValue><ssdm name="p_str126"/></StgValue>
</bind>
</comp>

<comp id="142" class="1001" name="const_142">
<pin_list>
<pin id="143" dir="1" index="0" bw="1" slack="2147483647"/>
</pin_list>
<bind>
<StgValue><ssdm name="p_str127"/></StgValue>
</bind>
</comp>

<comp id="144" class="1001" name="const_144">
<pin_list>
<pin id="145" dir="1" index="0" bw="1" slack="2147483647"/>
</pin_list>
<bind>
<StgValue><ssdm name="p_str128"/></StgValue>
</bind>
</comp>

<comp id="146" class="1001" name="const_146">
<pin_list>
<pin id="147" dir="1" index="0" bw="1" slack="2147483647"/>
</pin_list>
<bind>
<StgValue><ssdm name="p_str129"/></StgValue>
</bind>
</comp>

<comp id="148" class="1001" name="const_148">
<pin_list>
<pin id="149" dir="1" index="0" bw="1" slack="2147483647"/>
</pin_list>
<bind>
<StgValue><ssdm name="p_str130"/></StgValue>
</bind>
</comp>

<comp id="150" class="1001" name="const_150">
<pin_list>
<pin id="151" dir="1" index="0" bw="1" slack="2147483647"/>
</pin_list>
<bind>
<StgValue><ssdm name="img_1_OC_data_stream"/></StgValue>
</bind>
</comp>

<comp id="152" class="1001" name="const_152">
<pin_list>
<pin id="153" dir="1" index="0" bw="1" slack="2147483647"/>
</pin_list>
<bind>
<StgValue><ssdm name="p_str131"/></StgValue>
</bind>
</comp>

<comp id="154" class="1001" name="const_154">
<pin_list>
<pin id="155" dir="1" index="0" bw="1" slack="2147483647"/>
</pin_list>
<bind>
<StgValue><ssdm name="p_str132"/></StgValue>
</bind>
</comp>

<comp id="156" class="1001" name="const_156">
<pin_list>
<pin id="157" dir="1" index="0" bw="1" slack="2147483647"/>
</pin_list>
<bind>
<StgValue><ssdm name="p_str133"/></StgValue>
</bind>
</comp>

<comp id="158" class="1001" name="const_158">
<pin_list>
<pin id="159" dir="1" index="0" bw="1" slack="2147483647"/>
</pin_list>
<bind>
<StgValue><ssdm name="p_str134"/></StgValue>
</bind>
</comp>

<comp id="160" class="1001" name="const_160">
<pin_list>
<pin id="161" dir="1" index="0" bw="1" slack="2147483647"/>
</pin_list>
<bind>
<StgValue><ssdm name="p_str135"/></StgValue>
</bind>
</comp>

<comp id="162" class="1001" name="const_162">
<pin_list>
<pin id="163" dir="1" index="0" bw="1" slack="2147483647"/>
</pin_list>
<bind>
<StgValue><ssdm name="p_str136"/></StgValue>
</bind>
</comp>

<comp id="164" class="1001" name="const_164">
<pin_list>
<pin id="165" dir="1" index="0" bw="1" slack="2147483647"/>
</pin_list>
<bind>
<StgValue><ssdm name="p_str137"/></StgValue>
</bind>
</comp>

<comp id="166" class="1001" name="const_166">
<pin_list>
<pin id="167" dir="1" index="0" bw="1" slack="2147483647"/>
</pin_list>
<bind>
<StgValue><ssdm name="img_2_OC_data_stream"/></StgValue>
</bind>
</comp>

<comp id="168" class="1001" name="const_168">
<pin_list>
<pin id="169" dir="1" index="0" bw="1" slack="2147483647"/>
</pin_list>
<bind>
<StgValue><ssdm name="p_str138"/></StgValue>
</bind>
</comp>

<comp id="170" class="1001" name="const_170">
<pin_list>
<pin id="171" dir="1" index="0" bw="1" slack="2147483647"/>
</pin_list>
<bind>
<StgValue><ssdm name="p_str139"/></StgValue>
</bind>
</comp>

<comp id="172" class="1001" name="const_172">
<pin_list>
<pin id="173" dir="1" index="0" bw="1" slack="2147483647"/>
</pin_list>
<bind>
<StgValue><ssdm name="p_str140"/></StgValue>
</bind>
</comp>

<comp id="174" class="1001" name="const_174">
<pin_list>
<pin id="175" dir="1" index="0" bw="1" slack="2147483647"/>
</pin_list>
<bind>
<StgValue><ssdm name="p_str141"/></StgValue>
</bind>
</comp>

<comp id="176" class="1001" name="const_176">
<pin_list>
<pin id="177" dir="1" index="0" bw="1" slack="2147483647"/>
</pin_list>
<bind>
<StgValue><ssdm name="p_str142"/></StgValue>
</bind>
</comp>

<comp id="178" class="1001" name="const_178">
<pin_list>
<pin id="179" dir="1" index="0" bw="1" slack="2147483647"/>
</pin_list>
<bind>
<StgValue><ssdm name="p_str143"/></StgValue>
</bind>
</comp>

<comp id="180" class="1001" name="const_180">
<pin_list>
<pin id="181" dir="1" index="0" bw="1" slack="2147483647"/>
</pin_list>
<bind>
<StgValue><ssdm name="p_str144"/></StgValue>
</bind>
</comp>

<comp id="182" class="1001" name="const_182">
<pin_list>
<pin id="183" dir="1" index="0" bw="1" slack="2147483647"/>
</pin_list>
<bind>
<StgValue><ssdm name="img_3_OC_data_stream_2"/></StgValue>
</bind>
</comp>

<comp id="184" class="1001" name="const_184">
<pin_list>
<pin id="185" dir="1" index="0" bw="1" slack="2147483647"/>
</pin_list>
<bind>
<StgValue><ssdm name="p_str145"/></StgValue>
</bind>
</comp>

<comp id="186" class="1001" name="const_186">
<pin_list>
<pin id="187" dir="1" index="0" bw="1" slack="2147483647"/>
</pin_list>
<bind>
<StgValue><ssdm name="p_str146"/></StgValue>
</bind>
</comp>

<comp id="188" class="1001" name="const_188">
<pin_list>
<pin id="189" dir="1" index="0" bw="1" slack="2147483647"/>
</pin_list>
<bind>
<StgValue><ssdm name="p_str147"/></StgValue>
</bind>
</comp>

<comp id="190" class="1001" name="const_190">
<pin_list>
<pin id="191" dir="1" index="0" bw="1" slack="2147483647"/>
</pin_list>
<bind>
<StgValue><ssdm name="p_str148"/></StgValue>
</bind>
</comp>

<comp id="192" class="1001" name="const_192">
<pin_list>
<pin id="193" dir="1" index="0" bw="1" slack="2147483647"/>
</pin_list>
<bind>
<StgValue><ssdm name="p_str149"/></StgValue>
</bind>
</comp>

<comp id="194" class="1001" name="const_194">
<pin_list>
<pin id="195" dir="1" index="0" bw="1" slack="2147483647"/>
</pin_list>
<bind>
<StgValue><ssdm name="p_str150"/></StgValue>
</bind>
</comp>

<comp id="196" class="1001" name="const_196">
<pin_list>
<pin id="197" dir="1" index="0" bw="1" slack="2147483647"/>
</pin_list>
<bind>
<StgValue><ssdm name="p_str151"/></StgValue>
</bind>
</comp>

<comp id="198" class="1001" name="const_198">
<pin_list>
<pin id="199" dir="1" index="0" bw="1" slack="2147483647"/>
</pin_list>
<bind>
<StgValue><ssdm name="img_3_OC_data_stream_1"/></StgValue>
</bind>
</comp>

<comp id="200" class="1001" name="const_200">
<pin_list>
<pin id="201" dir="1" index="0" bw="1" slack="2147483647"/>
</pin_list>
<bind>
<StgValue><ssdm name="p_str152"/></StgValue>
</bind>
</comp>

<comp id="202" class="1001" name="const_202">
<pin_list>
<pin id="203" dir="1" index="0" bw="1" slack="2147483647"/>
</pin_list>
<bind>
<StgValue><ssdm name="p_str153"/></StgValue>
</bind>
</comp>

<comp id="204" class="1001" name="const_204">
<pin_list>
<pin id="205" dir="1" index="0" bw="1" slack="2147483647"/>
</pin_list>
<bind>
<StgValue><ssdm name="p_str154"/></StgValue>
</bind>
</comp>

<comp id="206" class="1001" name="const_206">
<pin_list>
<pin id="207" dir="1" index="0" bw="1" slack="2147483647"/>
</pin_list>
<bind>
<StgValue><ssdm name="p_str155"/></StgValue>
</bind>
</comp>

<comp id="208" class="1001" name="const_208">
<pin_list>
<pin id="209" dir="1" index="0" bw="1" slack="2147483647"/>
</pin_list>
<bind>
<StgValue><ssdm name="p_str156"/></StgValue>
</bind>
</comp>

<comp id="210" class="1001" name="const_210">
<pin_list>
<pin id="211" dir="1" index="0" bw="1" slack="2147483647"/>
</pin_list>
<bind>
<StgValue><ssdm name="p_str157"/></StgValue>
</bind>
</comp>

<comp id="212" class="1001" name="const_212">
<pin_list>
<pin id="213" dir="1" index="0" bw="1" slack="2147483647"/>
</pin_list>
<bind>
<StgValue><ssdm name="p_str158"/></StgValue>
</bind>
</comp>

<comp id="214" class="1001" name="const_214">
<pin_list>
<pin id="215" dir="1" index="0" bw="1" slack="2147483647"/>
</pin_list>
<bind>
<StgValue><ssdm name="img_3_OC_data_stream"/></StgValue>
</bind>
</comp>

<comp id="216" class="1001" name="const_216">
<pin_list>
<pin id="217" dir="1" index="0" bw="1" slack="2147483647"/>
</pin_list>
<bind>
<StgValue><ssdm name="p_str159"/></StgValue>
</bind>
</comp>

<comp id="218" class="1001" name="const_218">
<pin_list>
<pin id="219" dir="1" index="0" bw="1" slack="2147483647"/>
</pin_list>
<bind>
<StgValue><ssdm name="p_str160"/></StgValue>
</bind>
</comp>

<comp id="220" class="1001" name="const_220">
<pin_list>
<pin id="221" dir="1" index="0" bw="1" slack="2147483647"/>
</pin_list>
<bind>
<StgValue><ssdm name="p_str161"/></StgValue>
</bind>
</comp>

<comp id="222" class="1001" name="const_222">
<pin_list>
<pin id="223" dir="1" index="0" bw="1" slack="2147483647"/>
</pin_list>
<bind>
<StgValue><ssdm name="p_str162"/></StgValue>
</bind>
</comp>

<comp id="224" class="1001" name="const_224">
<pin_list>
<pin id="225" dir="1" index="0" bw="1" slack="2147483647"/>
</pin_list>
<bind>
<StgValue><ssdm name="p_str163"/></StgValue>
</bind>
</comp>

<comp id="226" class="1001" name="const_226">
<pin_list>
<pin id="227" dir="1" index="0" bw="1" slack="2147483647"/>
</pin_list>
<bind>
<StgValue><ssdm name="p_str164"/></StgValue>
</bind>
</comp>

<comp id="228" class="1001" name="const_228">
<pin_list>
<pin id="229" dir="1" index="0" bw="1" slack="2147483647"/>
</pin_list>
<bind>
<StgValue><ssdm name="p_str165"/></StgValue>
</bind>
</comp>

<comp id="230" class="1001" name="const_230">
<pin_list>
<pin id="231" dir="1" index="0" bw="1" slack="2147483647"/>
</pin_list>
<bind>
<StgValue><ssdm name="mask_OC_data_stream_s"/></StgValue>
</bind>
</comp>

<comp id="232" class="1001" name="const_232">
<pin_list>
<pin id="233" dir="1" index="0" bw="1" slack="2147483647"/>
</pin_list>
<bind>
<StgValue><ssdm name="p_str166"/></StgValue>
</bind>
</comp>

<comp id="234" class="1001" name="const_234">
<pin_list>
<pin id="235" dir="1" index="0" bw="1" slack="2147483647"/>
</pin_list>
<bind>
<StgValue><ssdm name="p_str167"/></StgValue>
</bind>
</comp>

<comp id="236" class="1001" name="const_236">
<pin_list>
<pin id="237" dir="1" index="0" bw="1" slack="2147483647"/>
</pin_list>
<bind>
<StgValue><ssdm name="p_str168"/></StgValue>
</bind>
</comp>

<comp id="238" class="1001" name="const_238">
<pin_list>
<pin id="239" dir="1" index="0" bw="1" slack="2147483647"/>
</pin_list>
<bind>
<StgValue><ssdm name="p_str169"/></StgValue>
</bind>
</comp>

<comp id="240" class="1001" name="const_240">
<pin_list>
<pin id="241" dir="1" index="0" bw="1" slack="2147483647"/>
</pin_list>
<bind>
<StgValue><ssdm name="p_str170"/></StgValue>
</bind>
</comp>

<comp id="242" class="1001" name="const_242">
<pin_list>
<pin id="243" dir="1" index="0" bw="1" slack="2147483647"/>
</pin_list>
<bind>
<StgValue><ssdm name="p_str171"/></StgValue>
</bind>
</comp>

<comp id="244" class="1001" name="const_244">
<pin_list>
<pin id="245" dir="1" index="0" bw="1" slack="2147483647"/>
</pin_list>
<bind>
<StgValue><ssdm name="p_str172"/></StgValue>
</bind>
</comp>

<comp id="246" class="1001" name="const_246">
<pin_list>
<pin id="247" dir="1" index="0" bw="1" slack="2147483647"/>
</pin_list>
<bind>
<StgValue><ssdm name="dmask_OC_data_stream"/></StgValue>
</bind>
</comp>

<comp id="248" class="1001" name="const_248">
<pin_list>
<pin id="249" dir="1" index="0" bw="1" slack="2147483647"/>
</pin_list>
<bind>
<StgValue><ssdm name="p_str173"/></StgValue>
</bind>
</comp>

<comp id="250" class="1001" name="const_250">
<pin_list>
<pin id="251" dir="1" index="0" bw="1" slack="2147483647"/>
</pin_list>
<bind>
<StgValue><ssdm name="p_str174"/></StgValue>
</bind>
</comp>

<comp id="252" class="1001" name="const_252">
<pin_list>
<pin id="253" dir="1" index="0" bw="1" slack="2147483647"/>
</pin_list>
<bind>
<StgValue><ssdm name="p_str175"/></StgValue>
</bind>
</comp>

<comp id="254" class="1001" name="const_254">
<pin_list>
<pin id="255" dir="1" index="0" bw="1" slack="2147483647"/>
</pin_list>
<bind>
<StgValue><ssdm name="p_str176"/></StgValue>
</bind>
</comp>

<comp id="256" class="1001" name="const_256">
<pin_list>
<pin id="257" dir="1" index="0" bw="1" slack="2147483647"/>
</pin_list>
<bind>
<StgValue><ssdm name="p_str177"/></StgValue>
</bind>
</comp>

<comp id="258" class="1001" name="const_258">
<pin_list>
<pin id="259" dir="1" index="0" bw="1" slack="2147483647"/>
</pin_list>
<bind>
<StgValue><ssdm name="p_str178"/></StgValue>
</bind>
</comp>

<comp id="260" class="1001" name="const_260">
<pin_list>
<pin id="261" dir="1" index="0" bw="1" slack="2147483647"/>
</pin_list>
<bind>
<StgValue><ssdm name="p_str179"/></StgValue>
</bind>
</comp>

<comp id="262" class="1001" name="const_262">
<pin_list>
<pin id="263" dir="1" index="0" bw="1" slack="2147483647"/>
</pin_list>
<bind>
<StgValue><ssdm name="p_str"/></StgValue>
</bind>
</comp>

<comp id="264" class="1001" name="const_264">
<pin_list>
<pin id="265" dir="1" index="0" bw="1" slack="2147483647"/>
</pin_list>
<bind>
<StgValue><ssdm name="p_str1"/></StgValue>
</bind>
</comp>

<comp id="266" class="1001" name="const_266">
<pin_list>
<pin id="267" dir="1" index="0" bw="1" slack="2147483647"/>
</pin_list>
<bind>
<StgValue><ssdm name="p_str3"/></StgValue>
</bind>
</comp>

<comp id="268" class="1001" name="const_268">
<pin_list>
<pin id="269" dir="1" index="0" bw="1" slack="2147483647"/>
</pin_list>
<bind>
<StgValue><ssdm name="p_str4"/></StgValue>
</bind>
</comp>

<comp id="270" class="1004" name="img_0_data_stream_0_fu_270">
<pin_list>
<pin id="271" dir="0" index="0" bw="1" slack="0"/>
<pin id="272" dir="1" index="1" bw="8" slack="1"/>
</pin_list>
<bind>
<opcode="alloca(26) " fcode="alloca"/>
<opset="img_0_data_stream_0/1 "/>
</bind>
</comp>

<comp id="274" class="1004" name="img_0_data_stream_1_fu_274">
<pin_list>
<pin id="275" dir="0" index="0" bw="1" slack="0"/>
<pin id="276" dir="1" index="1" bw="8" slack="1"/>
</pin_list>
<bind>
<opcode="alloca(26) " fcode="alloca"/>
<opset="img_0_data_stream_1/1 "/>
</bind>
</comp>

<comp id="278" class="1004" name="img_0_data_stream_2_fu_278">
<pin_list>
<pin id="279" dir="0" index="0" bw="1" slack="0"/>
<pin id="280" dir="1" index="1" bw="8" slack="1"/>
</pin_list>
<bind>
<opcode="alloca(26) " fcode="alloca"/>
<opset="img_0_data_stream_2/1 "/>
</bind>
</comp>

<comp id="282" class="1004" name="img_1_data_stream_0_fu_282">
<pin_list>
<pin id="283" dir="0" index="0" bw="1" slack="0"/>
<pin id="284" dir="1" index="1" bw="8" slack="3"/>
</pin_list>
<bind>
<opcode="alloca(26) " fcode="alloca"/>
<opset="img_1_data_stream_0/1 "/>
</bind>
</comp>

<comp id="286" class="1004" name="img_1_data_stream_1_fu_286">
<pin_list>
<pin id="287" dir="0" index="0" bw="1" slack="0"/>
<pin id="288" dir="1" index="1" bw="8" slack="3"/>
</pin_list>
<bind>
<opcode="alloca(26) " fcode="alloca"/>
<opset="img_1_data_stream_1/1 "/>
</bind>
</comp>

<comp id="290" class="1004" name="img_1_data_stream_2_fu_290">
<pin_list>
<pin id="291" dir="0" index="0" bw="1" slack="0"/>
<pin id="292" dir="1" index="1" bw="8" slack="3"/>
</pin_list>
<bind>
<opcode="alloca(26) " fcode="alloca"/>
<opset="img_1_data_stream_2/1 "/>
</bind>
</comp>

<comp id="294" class="1004" name="img_2_data_stream_0_fu_294">
<pin_list>
<pin id="295" dir="0" index="0" bw="1" slack="0"/>
<pin id="296" dir="1" index="1" bw="8" slack="3"/>
</pin_list>
<bind>
<opcode="alloca(26) " fcode="alloca"/>
<opset="img_2_data_stream_0/1 "/>
</bind>
</comp>

<comp id="298" class="1004" name="img_3_data_stream_0_fu_298">
<pin_list>
<pin id="299" dir="0" index="0" bw="1" slack="0"/>
<pin id="300" dir="1" index="1" bw="8" slack="9"/>
</pin_list>
<bind>
<opcode="alloca(26) " fcode="alloca"/>
<opset="img_3_data_stream_0/1 "/>
</bind>
</comp>

<comp id="302" class="1004" name="img_3_data_stream_1_fu_302">
<pin_list>
<pin id="303" dir="0" index="0" bw="1" slack="0"/>
<pin id="304" dir="1" index="1" bw="8" slack="9"/>
</pin_list>
<bind>
<opcode="alloca(26) " fcode="alloca"/>
<opset="img_3_data_stream_1/1 "/>
</bind>
</comp>

<comp id="306" class="1004" name="img_3_data_stream_2_fu_306">
<pin_list>
<pin id="307" dir="0" index="0" bw="1" slack="0"/>
<pin id="308" dir="1" index="1" bw="8" slack="9"/>
</pin_list>
<bind>
<opcode="alloca(26) " fcode="alloca"/>
<opset="img_3_data_stream_2/1 "/>
</bind>
</comp>

<comp id="310" class="1004" name="mask_data_stream_0_s_fu_310">
<pin_list>
<pin id="311" dir="0" index="0" bw="1" slack="0"/>
<pin id="312" dir="1" index="1" bw="8" slack="5"/>
</pin_list>
<bind>
<opcode="alloca(26) " fcode="alloca"/>
<opset="mask_data_stream_0_s/1 "/>
</bind>
</comp>

<comp id="314" class="1004" name="dmask_data_stream_0_fu_314">
<pin_list>
<pin id="315" dir="0" index="0" bw="1" slack="0"/>
<pin id="316" dir="1" index="1" bw="8" slack="7"/>
</pin_list>
<bind>
<opcode="alloca(26) " fcode="alloca"/>
<opset="dmask_data_stream_0/1 "/>
</bind>
</comp>

<comp id="318" class="1004" name="grp_FAST_t_opr_fu_318">
<pin_list>
<pin id="319" dir="0" index="0" bw="0" slack="0"/>
<pin id="320" dir="0" index="1" bw="8" slack="5"/>
<pin id="321" dir="0" index="2" bw="8" slack="5"/>
<pin id="322" dir="1" index="3" bw="0" slack="2147483647"/>
</pin_list>
<bind>
<opcode="call(48) " fcode="call"/>
<opset="StgValue_31/6 "/>
</bind>
</comp>

<comp id="324" class="1004" name="grp_Dilate_fu_324">
<pin_list>
<pin id="325" dir="0" index="0" bw="0" slack="0"/>
<pin id="326" dir="0" index="1" bw="8" slack="7"/>
<pin id="327" dir="0" index="2" bw="8" slack="7"/>
<pin id="328" dir="1" index="3" bw="0" slack="2147483647"/>
</pin_list>
<bind>
<opcode="call(48) " fcode="call"/>
<opset="StgValue_33/8 "/>
</bind>
</comp>

<comp id="330" class="1004" name="grp_AXIvideo2Mat_fu_330">
<pin_list>
<pin id="331" dir="0" index="0" bw="0" slack="0"/>
<pin id="332" dir="0" index="1" bw="24" slack="0"/>
<pin id="333" dir="0" index="2" bw="3" slack="0"/>
<pin id="334" dir="0" index="3" bw="3" slack="0"/>
<pin id="335" dir="0" index="4" bw="1" slack="0"/>
<pin id="336" dir="0" index="5" bw="1" slack="0"/>
<pin id="337" dir="0" index="6" bw="1" slack="0"/>
<pin id="338" dir="0" index="7" bw="1" slack="0"/>
<pin id="339" dir="0" index="8" bw="8" slack="1"/>
<pin id="340" dir="0" index="9" bw="8" slack="1"/>
<pin id="341" dir="0" index="10" bw="8" slack="1"/>
<pin id="342" dir="1" index="11" bw="0" slack="2147483647"/>
</pin_list>
<bind>
<opcode="call(48) " fcode="call"/>
<opset="StgValue_27/2 "/>
</bind>
</comp>

<comp id="351" class="1004" name="grp_Mat2AXIvideo_fu_351">
<pin_list>
<pin id="352" dir="0" index="0" bw="0" slack="0"/>
<pin id="353" dir="0" index="1" bw="8" slack="11"/>
<pin id="354" dir="0" index="2" bw="8" slack="11"/>
<pin id="355" dir="0" index="3" bw="8" slack="11"/>
<pin id="356" dir="0" index="4" bw="24" slack="0"/>
<pin id="357" dir="0" index="5" bw="3" slack="0"/>
<pin id="358" dir="0" index="6" bw="3" slack="0"/>
<pin id="359" dir="0" index="7" bw="1" slack="0"/>
<pin id="360" dir="0" index="8" bw="1" slack="0"/>
<pin id="361" dir="0" index="9" bw="1" slack="0"/>
<pin id="362" dir="0" index="10" bw="1" slack="0"/>
<pin id="363" dir="1" index="11" bw="0" slack="2147483647"/>
</pin_list>
<bind>
<opcode="call(48) " fcode="call"/>
<opset="StgValue_37/12 "/>
</bind>
</comp>

<comp id="372" class="1004" name="grp_PaintMask_fu_372">
<pin_list>
<pin id="373" dir="0" index="0" bw="0" slack="0"/>
<pin id="374" dir="0" index="1" bw="8" slack="9"/>
<pin id="375" dir="0" index="2" bw="8" slack="9"/>
<pin id="376" dir="0" index="3" bw="8" slack="9"/>
<pin id="377" dir="0" index="4" bw="8" slack="9"/>
<pin id="378" dir="0" index="5" bw="8" slack="9"/>
<pin id="379" dir="0" index="6" bw="8" slack="9"/>
<pin id="380" dir="0" index="7" bw="8" slack="9"/>
<pin id="381" dir="1" index="8" bw="0" slack="2147483647"/>
</pin_list>
<bind>
<opcode="call(48) " fcode="call"/>
<opset="StgValue_35/10 "/>
</bind>
</comp>

<comp id="383" class="1004" name="grp_rgb2gray_fu_383">
<pin_list>
<pin id="384" dir="0" index="0" bw="0" slack="0"/>
<pin id="385" dir="0" index="1" bw="8" slack="3"/>
<pin id="386" dir="0" index="2" bw="8" slack="3"/>
<pin id="387" dir="0" index="3" bw="8" slack="3"/>
<pin id="388" dir="0" index="4" bw="8" slack="3"/>
<pin id="389" dir="0" index="5" bw="8" slack="3"/>
<pin id="390" dir="0" index="6" bw="8" slack="3"/>
<pin id="391" dir="0" index="7" bw="8" slack="3"/>
<pin id="392" dir="1" index="8" bw="0" slack="2147483647"/>
</pin_list>
<bind>
<opcode="call(48) " fcode="call"/>
<opset="StgValue_29/4 "/>
</bind>
</comp>

<comp id="394" class="1005" name="img_0_data_stream_0_reg_394">
<pin_list>
<pin id="395" dir="0" index="0" bw="8" slack="1"/>
<pin id="396" dir="1" index="1" bw="8" slack="1"/>
</pin_list>
<bind>
<opset="img_0_data_stream_0 "/>
</bind>
</comp>

<comp id="400" class="1005" name="img_0_data_stream_1_reg_400">
<pin_list>
<pin id="401" dir="0" index="0" bw="8" slack="1"/>
<pin id="402" dir="1" index="1" bw="8" slack="1"/>
</pin_list>
<bind>
<opset="img_0_data_stream_1 "/>
</bind>
</comp>

<comp id="406" class="1005" name="img_0_data_stream_2_reg_406">
<pin_list>
<pin id="407" dir="0" index="0" bw="8" slack="1"/>
<pin id="408" dir="1" index="1" bw="8" slack="1"/>
</pin_list>
<bind>
<opset="img_0_data_stream_2 "/>
</bind>
</comp>

<comp id="412" class="1005" name="img_1_data_stream_0_reg_412">
<pin_list>
<pin id="413" dir="0" index="0" bw="8" slack="3"/>
<pin id="414" dir="1" index="1" bw="8" slack="3"/>
</pin_list>
<bind>
<opset="img_1_data_stream_0 "/>
</bind>
</comp>

<comp id="418" class="1005" name="img_1_data_stream_1_reg_418">
<pin_list>
<pin id="419" dir="0" index="0" bw="8" slack="3"/>
<pin id="420" dir="1" index="1" bw="8" slack="3"/>
</pin_list>
<bind>
<opset="img_1_data_stream_1 "/>
</bind>
</comp>

<comp id="424" class="1005" name="img_1_data_stream_2_reg_424">
<pin_list>
<pin id="425" dir="0" index="0" bw="8" slack="3"/>
<pin id="426" dir="1" index="1" bw="8" slack="3"/>
</pin_list>
<bind>
<opset="img_1_data_stream_2 "/>
</bind>
</comp>

<comp id="430" class="1005" name="img_2_data_stream_0_reg_430">
<pin_list>
<pin id="431" dir="0" index="0" bw="8" slack="3"/>
<pin id="432" dir="1" index="1" bw="8" slack="3"/>
</pin_list>
<bind>
<opset="img_2_data_stream_0 "/>
</bind>
</comp>

<comp id="436" class="1005" name="img_3_data_stream_0_reg_436">
<pin_list>
<pin id="437" dir="0" index="0" bw="8" slack="9"/>
<pin id="438" dir="1" index="1" bw="8" slack="9"/>
</pin_list>
<bind>
<opset="img_3_data_stream_0 "/>
</bind>
</comp>

<comp id="442" class="1005" name="img_3_data_stream_1_reg_442">
<pin_list>
<pin id="443" dir="0" index="0" bw="8" slack="9"/>
<pin id="444" dir="1" index="1" bw="8" slack="9"/>
</pin_list>
<bind>
<opset="img_3_data_stream_1 "/>
</bind>
</comp>

<comp id="448" class="1005" name="img_3_data_stream_2_reg_448">
<pin_list>
<pin id="449" dir="0" index="0" bw="8" slack="9"/>
<pin id="450" dir="1" index="1" bw="8" slack="9"/>
</pin_list>
<bind>
<opset="img_3_data_stream_2 "/>
</bind>
</comp>

<comp id="454" class="1005" name="mask_data_stream_0_s_reg_454">
<pin_list>
<pin id="455" dir="0" index="0" bw="8" slack="5"/>
<pin id="456" dir="1" index="1" bw="8" slack="5"/>
</pin_list>
<bind>
<opset="mask_data_stream_0_s "/>
</bind>
</comp>

<comp id="460" class="1005" name="dmask_data_stream_0_reg_460">
<pin_list>
<pin id="461" dir="0" index="0" bw="8" slack="7"/>
<pin id="462" dir="1" index="1" bw="8" slack="7"/>
</pin_list>
<bind>
<opset="dmask_data_stream_0 "/>
</bind>
</comp>

</comp_list>

<net_list>
<net id="273"><net_src comp="28" pin="0"/><net_sink comp="270" pin=0"/></net>

<net id="277"><net_src comp="28" pin="0"/><net_sink comp="274" pin=0"/></net>

<net id="281"><net_src comp="28" pin="0"/><net_sink comp="278" pin=0"/></net>

<net id="285"><net_src comp="28" pin="0"/><net_sink comp="282" pin=0"/></net>

<net id="289"><net_src comp="28" pin="0"/><net_sink comp="286" pin=0"/></net>

<net id="293"><net_src comp="28" pin="0"/><net_sink comp="290" pin=0"/></net>

<net id="297"><net_src comp="28" pin="0"/><net_sink comp="294" pin=0"/></net>

<net id="301"><net_src comp="28" pin="0"/><net_sink comp="298" pin=0"/></net>

<net id="305"><net_src comp="28" pin="0"/><net_sink comp="302" pin=0"/></net>

<net id="309"><net_src comp="28" pin="0"/><net_sink comp="306" pin=0"/></net>

<net id="313"><net_src comp="28" pin="0"/><net_sink comp="310" pin=0"/></net>

<net id="317"><net_src comp="28" pin="0"/><net_sink comp="314" pin=0"/></net>

<net id="323"><net_src comp="34" pin="0"/><net_sink comp="318" pin=0"/></net>

<net id="329"><net_src comp="36" pin="0"/><net_sink comp="324" pin=0"/></net>

<net id="343"><net_src comp="30" pin="0"/><net_sink comp="330" pin=0"/></net>

<net id="344"><net_src comp="0" pin="0"/><net_sink comp="330" pin=1"/></net>

<net id="345"><net_src comp="2" pin="0"/><net_sink comp="330" pin=2"/></net>

<net id="346"><net_src comp="4" pin="0"/><net_sink comp="330" pin=3"/></net>

<net id="347"><net_src comp="6" pin="0"/><net_sink comp="330" pin=4"/></net>

<net id="348"><net_src comp="8" pin="0"/><net_sink comp="330" pin=5"/></net>

<net id="349"><net_src comp="10" pin="0"/><net_sink comp="330" pin=6"/></net>

<net id="350"><net_src comp="12" pin="0"/><net_sink comp="330" pin=7"/></net>

<net id="364"><net_src comp="40" pin="0"/><net_sink comp="351" pin=0"/></net>

<net id="365"><net_src comp="14" pin="0"/><net_sink comp="351" pin=4"/></net>

<net id="366"><net_src comp="16" pin="0"/><net_sink comp="351" pin=5"/></net>

<net id="367"><net_src comp="18" pin="0"/><net_sink comp="351" pin=6"/></net>

<net id="368"><net_src comp="20" pin="0"/><net_sink comp="351" pin=7"/></net>

<net id="369"><net_src comp="22" pin="0"/><net_sink comp="351" pin=8"/></net>

<net id="370"><net_src comp="24" pin="0"/><net_sink comp="351" pin=9"/></net>

<net id="371"><net_src comp="26" pin="0"/><net_sink comp="351" pin=10"/></net>

<net id="382"><net_src comp="38" pin="0"/><net_sink comp="372" pin=0"/></net>

<net id="393"><net_src comp="32" pin="0"/><net_sink comp="383" pin=0"/></net>

<net id="397"><net_src comp="270" pin="1"/><net_sink comp="394" pin=0"/></net>

<net id="398"><net_src comp="394" pin="1"/><net_sink comp="330" pin=8"/></net>

<net id="399"><net_src comp="394" pin="1"/><net_sink comp="383" pin=1"/></net>

<net id="403"><net_src comp="274" pin="1"/><net_sink comp="400" pin=0"/></net>

<net id="404"><net_src comp="400" pin="1"/><net_sink comp="330" pin=9"/></net>

<net id="405"><net_src comp="400" pin="1"/><net_sink comp="383" pin=2"/></net>

<net id="409"><net_src comp="278" pin="1"/><net_sink comp="406" pin=0"/></net>

<net id="410"><net_src comp="406" pin="1"/><net_sink comp="330" pin=10"/></net>

<net id="411"><net_src comp="406" pin="1"/><net_sink comp="383" pin=3"/></net>

<net id="415"><net_src comp="282" pin="1"/><net_sink comp="412" pin=0"/></net>

<net id="416"><net_src comp="412" pin="1"/><net_sink comp="383" pin=4"/></net>

<net id="417"><net_src comp="412" pin="1"/><net_sink comp="372" pin=1"/></net>

<net id="421"><net_src comp="286" pin="1"/><net_sink comp="418" pin=0"/></net>

<net id="422"><net_src comp="418" pin="1"/><net_sink comp="383" pin=5"/></net>

<net id="423"><net_src comp="418" pin="1"/><net_sink comp="372" pin=2"/></net>

<net id="427"><net_src comp="290" pin="1"/><net_sink comp="424" pin=0"/></net>

<net id="428"><net_src comp="424" pin="1"/><net_sink comp="383" pin=6"/></net>

<net id="429"><net_src comp="424" pin="1"/><net_sink comp="372" pin=3"/></net>

<net id="433"><net_src comp="294" pin="1"/><net_sink comp="430" pin=0"/></net>

<net id="434"><net_src comp="430" pin="1"/><net_sink comp="383" pin=7"/></net>

<net id="435"><net_src comp="430" pin="1"/><net_sink comp="318" pin=1"/></net>

<net id="439"><net_src comp="298" pin="1"/><net_sink comp="436" pin=0"/></net>

<net id="440"><net_src comp="436" pin="1"/><net_sink comp="372" pin=5"/></net>

<net id="441"><net_src comp="436" pin="1"/><net_sink comp="351" pin=1"/></net>

<net id="445"><net_src comp="302" pin="1"/><net_sink comp="442" pin=0"/></net>

<net id="446"><net_src comp="442" pin="1"/><net_sink comp="372" pin=6"/></net>

<net id="447"><net_src comp="442" pin="1"/><net_sink comp="351" pin=2"/></net>

<net id="451"><net_src comp="306" pin="1"/><net_sink comp="448" pin=0"/></net>

<net id="452"><net_src comp="448" pin="1"/><net_sink comp="372" pin=7"/></net>

<net id="453"><net_src comp="448" pin="1"/><net_sink comp="351" pin=3"/></net>

<net id="457"><net_src comp="310" pin="1"/><net_sink comp="454" pin=0"/></net>

<net id="458"><net_src comp="454" pin="1"/><net_sink comp="318" pin=2"/></net>

<net id="459"><net_src comp="454" pin="1"/><net_sink comp="324" pin=1"/></net>

<net id="463"><net_src comp="314" pin="1"/><net_sink comp="460" pin=0"/></net>

<net id="464"><net_src comp="460" pin="1"/><net_sink comp="324" pin=2"/></net>

<net id="465"><net_src comp="460" pin="1"/><net_sink comp="372" pin=4"/></net>

</net_list>

</model> 
---------------- Datapath Model END ------------------

* FSMD analyzer results:
  - Output states:
	Port: outStream_V_data_V | {12 13 }
	Port: outStream_V_keep_V | {12 13 }
	Port: outStream_V_strb_V | {12 13 }
	Port: outStream_V_user_V | {12 13 }
	Port: outStream_V_last_V | {12 13 }
	Port: outStream_V_id_V | {12 13 }
	Port: outStream_V_dest_V | {12 13 }
 - Input state : 
	Port: doCorner : inStream_V_data_V | {2 3 }
	Port: doCorner : inStream_V_keep_V | {2 3 }
	Port: doCorner : inStream_V_strb_V | {2 3 }
	Port: doCorner : inStream_V_user_V | {2 3 }
	Port: doCorner : inStream_V_last_V | {2 3 }
	Port: doCorner : inStream_V_id_V | {2 3 }
	Port: doCorner : inStream_V_dest_V | {2 3 }
  - Chain level:
	State 1
	State 2
	State 3
	State 4
	State 5
	State 6
	State 7
	State 8
	State 9
	State 10
	State 11
	State 12
	State 13
	State 14


============================================================
+ Verbose Summary: Datapath Resource usage 
============================================================

* Functional unit list:
|----------|-------------------------|---------|---------|---------|---------|---------|
| Operation|     Functional Unit     |   BRAM  |  DSP48E |  Delay  |    FF   |   LUT   |
|----------|-------------------------|---------|---------|---------|---------|---------|
|          |  grp_FAST_t_opr_fu_318  |    10   |    0    |  3.728  |   3664  |   5917  |
|          |    grp_Dilate_fu_324    |    3    |    0    |   2.33  |   177   |   324   |
|   call   | grp_AXIvideo2Mat_fu_330 |    0    |    0    |  0.466  |   222   |    35   |
|          | grp_Mat2AXIvideo_fu_351 |    0    |    0    |  0.932  |    71   |    42   |
|          |   grp_PaintMask_fu_372  |    0    |    0    |    0    |    44   |    59   |
|          |   grp_rgb2gray_fu_383   |    0    |    2    |  0.466  |    42   |    47   |
|----------|-------------------------|---------|---------|---------|---------|---------|
|   Total  |                         |    13   |    2    |  7.922  |   4220  |   6424  |
|----------|-------------------------|---------|---------|---------|---------|---------|

Memories:
N/A

* Register list:
+----------------------------+--------+
|                            |   FF   |
+----------------------------+--------+
| dmask_data_stream_0_reg_460|    8   |
| img_0_data_stream_0_reg_394|    8   |
| img_0_data_stream_1_reg_400|    8   |
| img_0_data_stream_2_reg_406|    8   |
| img_1_data_stream_0_reg_412|    8   |
| img_1_data_stream_1_reg_418|    8   |
| img_1_data_stream_2_reg_424|    8   |
| img_2_data_stream_0_reg_430|    8   |
| img_3_data_stream_0_reg_436|    8   |
| img_3_data_stream_1_reg_442|    8   |
| img_3_data_stream_2_reg_448|    8   |
|mask_data_stream_0_s_reg_454|    8   |
+----------------------------+--------+
|            Total           |   96   |
+----------------------------+--------+

* Multiplexer (MUX) list: 
|--------|------|------|------|--------|
|  Comp  |  Pin | Size |  BW  | S x BW |
|--------|------|------|------|--------|
|  Total |      |      |      |    0   |
|--------|------|------|------|--------|



* Summary:
+-----------+--------+--------+--------+--------+--------+
|           |  BRAM  | DSP48E |  Delay |   FF   |   LUT  |
+-----------+--------+--------+--------+--------+--------+
|  Function |   13   |    2   |    7   |  4220  |  6424  |
|   Memory  |    -   |    -   |    -   |    -   |    -   |
|Multiplexer|    -   |    -   |    -   |    -   |    -   |
|  Register |    -   |    -   |    -   |   96   |    -   |
+-----------+--------+--------+--------+--------+--------+
|   Total   |   13   |    2   |    7   |  4316  |  6424  |
+-----------+--------+--------+--------+--------+--------+
