

================================================================
== Vivado HLS Report for 'reg_int_s'
================================================================
* Date:           Wed May 13 10:16:47 2020

* Version:        2018.3 (Build 2405991 on Thu Dec 06 23:56:15 MST 2018)
* Project:        CornerDetect
* Solution:       solution1
* Product family: zynq
* Target device:  xc7z010clg400-2


================================================================
== Performance Estimates
================================================================
+ Timing (ns): 
    * Summary: 
    +--------+-------+----------+------------+
    |  Clock | Target| Estimated| Uncertainty|
    +--------+-------+----------+------------+
    |ap_clk  |  20.00|     0.000|        2.50|
    +--------+-------+----------+------------+

+ Latency (clock cycles): 
    * Summary: 
    +-----+-----+-----+-----+----------+
    |  Latency  |  Interval | Pipeline |
    | min | max | min | max |   Type   |
    +-----+-----+-----+-----+----------+
    |    1|    1|    1|    1| function |
    +-----+-----+-----+-----+----------+

    + Detail: 
        * Instance: 
        N/A

        * Loop: 
        N/A



================================================================
== Utilization Estimates
================================================================
* Summary: 
+-----------------+---------+-------+-------+-------+
|       Name      | BRAM_18K| DSP48E|   FF  |  LUT  |
+-----------------+---------+-------+-------+-------+
|DSP              |        -|      -|      -|      -|
|Expression       |        -|      -|      -|      -|
|FIFO             |        -|      -|      -|      -|
|Instance         |        -|      -|      -|      -|
|Memory           |        -|      -|      -|      -|
|Multiplexer      |        -|      -|      -|      3|
|Register         |        -|      -|     65|      -|
+-----------------+---------+-------+-------+-------+
|Total            |        0|      0|     65|      3|
+-----------------+---------+-------+-------+-------+
|Available        |      120|     80|  35200|  17600|
+-----------------+---------+-------+-------+-------+
|Utilization (%)  |        0|      0|   ~0  |   ~0  |
+-----------------+---------+-------+-------+-------+

+ Detail: 
    * Instance: 
    N/A

    * DSP48: 
    N/A

    * Memory: 
    N/A

    * FIFO: 
    N/A

    * Expression: 
    N/A

    * Multiplexer: 
    +-----------+----+-----------+-----+-----------+
    |    Name   | LUT| Input Size| Bits| Total Bits|
    +-----------+----+-----------+-----+-----------+
    |ap_return  |   3|          2|   32|         64|
    +-----------+----+-----------+-----+-----------+
    |Total      |   3|          2|   32|         64|
    +-----------+----+-----------+-----+-----------+

    * Register: 
    +-------------------+----+----+-----+-----------+
    |        Name       | FF | LUT| Bits| Const Bits|
    +-------------------+----+----+-----+-----------+
    |ap_ce_reg          |   1|   0|    1|          0|
    |ap_return_int      |  32|   0|   32|          0|
    |ap_return_int_reg  |  32|   0|   32|          0|
    +-------------------+----+----+-----+-----------+
    |Total              |  65|   0|   65|          0|
    +-------------------+----+----+-----+-----------+



================================================================
== Interface
================================================================
* Summary: 
+-----------+-----+-----+------------+--------------+--------------+
| RTL Ports | Dir | Bits|  Protocol  | Source Object|    C Type    |
+-----------+-----+-----+------------+--------------+--------------+
|ap_clk     |  in |    1| ap_ctrl_hs |   reg<int>   | return value |
|ap_rst     |  in |    1| ap_ctrl_hs |   reg<int>   | return value |
|ap_return  | out |   32| ap_ctrl_hs |   reg<int>   | return value |
|ap_ce      |  in |    1| ap_ctrl_hs |   reg<int>   | return value |
|in_r       |  in |   32|   ap_none  |     in_r     |    scalar    |
+-----------+-----+-----+------------+--------------+--------------+

============================================================
+ Verbose Summary: Synthesis Manager
============================================================
InlineROM: 1
ExposeGlobal: 0
============================================================
+ Verbose Summary: CDFG Model
============================================================
IsTopModel: 0
ResetActiveHigh: 1
IsCombinational: 2
IsDatapathOnly: 1
HasWiredReturn: 2
HasMFsm: 2
HasVarLatency: 0
IsPipeline: 1
IsRtlPipelined: 1
IsInstanceOverlapped: 1
IsDontTouch: 0
HasImplIP: 0
IsGatedGlobalClock: 0

+ Individual pipeline summary: 
  * Pipeline-0: initiation interval (II) = 1, depth = 2


============================================================
+ Verbose Summary: Schedule
============================================================
* Number of FSM states : 2
* Pipeline : 1
  Pipeline-0 : II = 1, D = 2, States = { 1 2 }
* Dataflow Pipeline: 0

* FSM state transitions: 
1 --> 
	2  / true
2 --> 

* FSM state operations: 

State 1 <SV = 0> <Delay = 0.00>
ST_1 : Operation 3 [1/1] (0.00ns)   --->   "%in_read = call i32 @_ssdm_op_Read.ap_auto.i32(i32 %in_r) nounwind" [C:/Xilinx/Vivado/2018.3/common/technology/autopilot\utils/x_hls_utils.h:242]   --->   Operation 3 'read' 'in_read' <Predicate = true> <Delay = 0.00>
ST_1 : Operation 4 [2/2] (0.00ns)   --->   "ret i32 %in_read" [C:/Xilinx/Vivado/2018.3/common/technology/autopilot\utils/x_hls_utils.h:248]   --->   Operation 4 'ret' <Predicate = true> <Delay = 0.00>

State 2 <SV = 1> <Delay = 0.00>
ST_2 : Operation 5 [1/1] (0.00ns)   --->   "call void (...)* @_ssdm_op_SpecInterface(i32 0, [8 x i8]* @p_str42, i32 1, i32 1, [1 x i8]* @p_str2, i32 0, i32 0, [1 x i8]* @p_str2, [1 x i8]* @p_str2, [1 x i8]* @p_str2, i32 0, i32 0, i32 0, i32 0, [1 x i8]* @p_str2, [1 x i8]* @p_str2) nounwind" [C:/Xilinx/Vivado/2018.3/common/technology/autopilot\utils/x_hls_utils.h:246]   --->   Operation 5 'specinterface' <Predicate = true> <Delay = 0.00>
ST_2 : Operation 6 [1/2] (0.00ns)   --->   "ret i32 %in_read" [C:/Xilinx/Vivado/2018.3/common/technology/autopilot\utils/x_hls_utils.h:248]   --->   Operation 6 'ret' <Predicate = true> <Delay = 0.00>


============================================================
+ Verbose Summary: Binding
============================================================
STG Binding: 
---------------- STG Properties BEGIN ----------------
- Is combinational: 0
- Is one-state seq: 0
- Is datapath-only: 1
- Is pipelined: 1
- Is top level: 0
Port [ Return ] is wired: 0; IO mode=ap_ctrl_hs:ce=0
Port [ in_r]:  wired=1; compound=0; hidden=0; nouse=0; global=0; static=0; extern=0; dir=0; type=0; pingpong=0; private_global=0; IO mode=ap_none:ce=0
---------------- STG Properties END ------------------

---------------- Datapath Model BEGIN ----------------

<LifeTime>
<method=bitvector/>
in_read    (read         ) [ 011]
StgValue_5 (specinterface) [ 000]
StgValue_6 (ret          ) [ 000]
</LifeTime>

<model>

<comp_list>
<comp id="0" class="1000" name="in_r">
<pin_list>
<pin id="1" dir="1" index="0" bw="1" slack="0"/>
</pin_list>
<bind>
<StgValue><ssdm name="in_r"/></StgValue>
</bind>
</comp>

<comp id="2" class="1001" name="const_2">
<pin_list>
<pin id="3" dir="1" index="0" bw="1" slack="0"/>
</pin_list>
<bind>
<StgValue><ssdm name="_ssdm_op_Read.ap_auto.i32"/></StgValue>
</bind>
</comp>

<comp id="4" class="1001" name="const_4">
<pin_list>
<pin id="5" dir="1" index="0" bw="1" slack="2147483647"/>
</pin_list>
<bind>
<StgValue><ssdm name="_ssdm_op_SpecInterface"/></StgValue>
</bind>
</comp>

<comp id="6" class="1001" name="const_6">
<pin_list>
<pin id="7" dir="1" index="0" bw="1" slack="2147483647"/>
</pin_list>
<bind>
<StgValue><ssdm name=""/></StgValue>
</bind>
</comp>

<comp id="8" class="1001" name="const_8">
<pin_list>
<pin id="9" dir="1" index="0" bw="1" slack="2147483647"/>
</pin_list>
<bind>
<StgValue><ssdm name="p_str42"/></StgValue>
</bind>
</comp>

<comp id="10" class="1001" name="const_10">
<pin_list>
<pin id="11" dir="1" index="0" bw="1" slack="2147483647"/>
</pin_list>
<bind>
<StgValue><ssdm name=""/></StgValue>
</bind>
</comp>

<comp id="12" class="1001" name="const_12">
<pin_list>
<pin id="13" dir="1" index="0" bw="1" slack="2147483647"/>
</pin_list>
<bind>
<StgValue><ssdm name="p_str2"/></StgValue>
</bind>
</comp>

<comp id="14" class="1004" name="in_read_read_fu_14">
<pin_list>
<pin id="15" dir="0" index="0" bw="32" slack="0"/>
<pin id="16" dir="0" index="1" bw="32" slack="0"/>
<pin id="17" dir="1" index="2" bw="32" slack="1"/>
</pin_list>
<bind>
<opcode="read(1150) " fcode="read"/>
<opset="in_read/1 "/>
</bind>
</comp>

<comp id="20" class="1005" name="in_read_reg_20">
<pin_list>
<pin id="21" dir="0" index="0" bw="32" slack="1"/>
<pin id="22" dir="1" index="1" bw="32" slack="2147483647"/>
</pin_list>
<bind>
<opset="in_read "/>
</bind>
</comp>

</comp_list>

<net_list>
<net id="18"><net_src comp="2" pin="0"/><net_sink comp="14" pin=0"/></net>

<net id="19"><net_src comp="0" pin="0"/><net_sink comp="14" pin=1"/></net>

<net id="23"><net_src comp="14" pin="2"/><net_sink comp="20" pin=0"/></net>

</net_list>

</model> 
---------------- Datapath Model END ------------------

* FSMD analyzer results:
  - Output states:
	Port: in_r | {}
 - Input state : 
	Port: reg<int> : in_r | {1 }
  - Chain level:
	State 1
	State 2


============================================================
+ Verbose Summary: Datapath Resource usage 
============================================================

* Functional unit list:
|----------|--------------------|
| Operation|   Functional Unit  |
|----------|--------------------|
|   read   | in_read_read_fu_14 |
|----------|--------------------|
|   Total  |                    |
|----------|--------------------|

Memories:
N/A

* Register list:
+--------------+--------+
|              |   FF   |
+--------------+--------+
|in_read_reg_20|   32   |
+--------------+--------+
|     Total    |   32   |
+--------------+--------+

* Multiplexer (MUX) list: 
|--------|------|------|------|--------|
|  Comp  |  Pin | Size |  BW  | S x BW |
|--------|------|------|------|--------|
|  Total |      |      |      |    0   |
|--------|------|------|------|--------|



* Summary:
+-----------+--------+
|           |   FF   |
+-----------+--------+
|  Function |    -   |
|   Memory  |    -   |
|Multiplexer|    -   |
|  Register |   32   |
+-----------+--------+
|   Total   |   32   |
+-----------+--------+
