Copyright 1986-2018 Xilinx, Inc. All Rights Reserved.
----------------------------------------------------------------------------------------------------------------------------------------------------------------------------------------------------
| Tool Version     : Vivado v.2018.3 (win64) Build 2405991 Thu Dec  6 23:38:27 MST 2018
| Date             : Tue Oct 19 00:03:40 2021
| Host             : DESKTOP-HMF772I running 64-bit major release  (build 9200)
| Command          : report_power -file ov5640_hdmi_design_wrapper_power_routed.rpt -pb ov5640_hdmi_design_wrapper_power_summary_routed.pb -rpx ov5640_hdmi_design_wrapper_power_routed.rpx
| Design           : ov5640_hdmi_design_wrapper
| Device           : xc7z020clg400-2
| Design State     : routed
| Grade            : commercial
| Process          : typical
| Characterization : Production
----------------------------------------------------------------------------------------------------------------------------------------------------------------------------------------------------

Power Report

Table of Contents
-----------------
1. Summary
1.1 On-Chip Components
1.2 Power Supply Summary
1.3 Confidence Level
2. Settings
2.1 Environment
2.2 Clock Constraints
3. Detailed Reports
3.1 By Hierarchy

1. Summary
----------

+--------------------------+--------------+
| Total On-Chip Power (W)  | 1.975        |
| Design Power Budget (W)  | Unspecified* |
| Power Budget Margin (W)  | NA           |
| Dynamic (W)              | 1.825        |
| Device Static (W)        | 0.150        |
| Effective TJA (C/W)      | 11.5         |
| Max Ambient (C)          | 62.2         |
| Junction Temperature (C) | 47.8         |
| Confidence Level         | Low          |
| Setting File             | ---          |
| Simulation Activity File | ---          |
| Design Nets Matched      | NA           |
+--------------------------+--------------+
* Specify Design Power Budget using, set_operating_conditions -design_power_budget <value in Watts>


1.1 On-Chip Components
----------------------

+--------------------------+-----------+----------+-----------+-----------------+
| On-Chip                  | Power (W) | Used     | Available | Utilization (%) |
+--------------------------+-----------+----------+-----------+-----------------+
| Clocks                   |     0.020 |        7 |       --- |             --- |
| Slice Logic              |     0.006 |    17260 |       --- |             --- |
|   LUT as Logic           |     0.005 |     5285 |     53200 |            9.93 |
|   Register               |    <0.001 |     8567 |    106400 |            8.05 |
|   CARRY4                 |    <0.001 |      200 |     13300 |            1.50 |
|   LUT as Distributed RAM |    <0.001 |      430 |     17400 |            2.47 |
|   BUFG                   |    <0.001 |        1 |        32 |            3.13 |
|   LUT as Shift Register  |    <0.001 |      246 |     17400 |            1.41 |
|   F7/F8 Muxes            |    <0.001 |        5 |     53200 |           <0.01 |
|   Others                 |     0.000 |      782 |       --- |             --- |
| Signals                  |     0.008 |    11857 |       --- |             --- |
| Block RAM                |     0.003 |        7 |       140 |            5.00 |
| MMCM                     |     0.121 |        1 |         4 |           25.00 |
| I/O                      |     0.137 |       23 |       125 |           18.40 |
| PS7                      |     1.531 |        1 |       --- |             --- |
| Static Power             |     0.150 |          |           |                 |
| Total                    |     1.975 |          |           |                 |
+--------------------------+-----------+----------+-----------+-----------------+


1.2 Power Supply Summary
------------------------

+-----------+-------------+-----------+-------------+------------+
| Source    | Voltage (V) | Total (A) | Dynamic (A) | Static (A) |
+-----------+-------------+-----------+-------------+------------+
| Vccint    |       1.000 |     0.056 |       0.038 |      0.017 |
| Vccaux    |       1.800 |     0.083 |       0.067 |      0.016 |
| Vcco33    |       3.300 |     0.042 |       0.041 |      0.001 |
| Vcco25    |       2.500 |     0.000 |       0.000 |      0.000 |
| Vcco18    |       1.800 |     0.000 |       0.000 |      0.000 |
| Vcco15    |       1.500 |     0.000 |       0.000 |      0.000 |
| Vcco135   |       1.350 |     0.000 |       0.000 |      0.000 |
| Vcco12    |       1.200 |     0.000 |       0.000 |      0.000 |
| Vccaux_io |       1.800 |     0.000 |       0.000 |      0.000 |
| Vccbram   |       1.000 |     0.002 |       0.000 |      0.002 |
| MGTAVcc   |       1.000 |     0.000 |       0.000 |      0.000 |
| MGTAVtt   |       1.200 |     0.000 |       0.000 |      0.000 |
| MGTVccaux |       1.800 |     0.000 |       0.000 |      0.000 |
| Vccpint   |       1.000 |     0.760 |       0.726 |      0.034 |
| Vccpaux   |       1.800 |     0.061 |       0.050 |      0.010 |
| Vccpll    |       1.800 |     0.019 |       0.016 |      0.003 |
| Vcco_ddr  |       1.500 |     0.459 |       0.457 |      0.002 |
| Vcco_mio0 |       1.800 |     0.000 |       0.000 |      0.000 |
| Vcco_mio1 |       1.800 |     0.001 |       0.000 |      0.001 |
| Vccadc    |       1.800 |     0.020 |       0.000 |      0.020 |
+-----------+-------------+-----------+-------------+------------+


1.3 Confidence Level
--------------------

+-----------------------------+------------+--------------------------------------------------------+------------------------------------------------------------------------------------------------------------+
| User Input Data             | Confidence | Details                                                | Action                                                                                                     |
+-----------------------------+------------+--------------------------------------------------------+------------------------------------------------------------------------------------------------------------+
| Design implementation state | High       | Design is routed                                       |                                                                                                            |
| Clock nodes activity        | High       | User specified more than 95% of clocks                 |                                                                                                            |
| I/O nodes activity          | Low        | More than 75% of inputs are missing user specification | Provide missing input activity with simulation results or by editing the "By Resource Type -> I/Os" view   |
| Internal nodes activity     | Medium     | User specified less than 25% of internal nodes         | Provide missing internal nodes activity with simulation results or by editing the "By Resource Type" views |
| Device models               | High       | Device models are Production                           |                                                                                                            |
|                             |            |                                                        |                                                                                                            |
| Overall confidence level    | Low        |                                                        |                                                                                                            |
+-----------------------------+------------+--------------------------------------------------------+------------------------------------------------------------------------------------------------------------+


2. Settings
-----------

2.1 Environment
---------------

+-----------------------+------------------------+
| Ambient Temp (C)      | 25.0                   |
| ThetaJA (C/W)         | 11.5                   |
| Airflow (LFM)         | 250                    |
| Heat Sink             | none                   |
| ThetaSA (C/W)         | 0.0                    |
| Board Selection       | medium (10"x10")       |
| # of Board Layers     | 8to11 (8 to 11 Layers) |
| Board Temperature (C) | 25.0                   |
+-----------------------+------------------------+


2.2 Clock Constraints
---------------------

+-----------------------------------------+-----------------------------------------------------------------------------+-----------------+
| Clock                                   | Domain                                                                      | Constraint (ns) |
+-----------------------------------------+-----------------------------------------------------------------------------+-----------------+
| clk_fpga_0                              | ov5640_hdmi_design_i/processing_system7_0/inst/FCLK_CLK0                    |            20.0 |
| clk_fpga_0                              | ov5640_hdmi_design_i/processing_system7_0/inst/FCLK_CLK_unbuffered[0]       |            20.0 |
| clk_out1_ov5640_hdmi_design_clk_wiz_0_0 | ov5640_hdmi_design_i/clk_wiz_0/inst/clk_out1_ov5640_hdmi_design_clk_wiz_0_0 |            15.4 |
| clk_out2_ov5640_hdmi_design_clk_wiz_0_0 | ov5640_hdmi_design_i/clk_wiz_0/inst/clk_out2_ov5640_hdmi_design_clk_wiz_0_0 |             3.1 |
| clkfbout_ov5640_hdmi_design_clk_wiz_0_0 | ov5640_hdmi_design_i/clk_wiz_0/inst/clkfbout_ov5640_hdmi_design_clk_wiz_0_0 |            20.0 |
+-----------------------------------------+-----------------------------------------------------------------------------+-----------------+


3. Detailed Reports
-------------------

3.1 By Hierarchy
----------------

+----------------------------+-----------+
| Name                       | Power (W) |
+----------------------------+-----------+
| ov5640_hdmi_design_wrapper |     1.825 |
|   emio_sccb_tri_iobuf_0    |     0.002 |
|   emio_sccb_tri_iobuf_1    |     0.002 |
|   ov5640_hdmi_design_i     |     1.819 |
|     axi_smc                |     0.012 |
|       inst                 |     0.012 |
|     axi_vdma_0             |     0.011 |
|       U0                   |     0.011 |
|     clk_wiz_0              |     0.122 |
|       inst                 |     0.122 |
|     hdmi_trans_0           |     0.135 |
|       inst                 |     0.135 |
|     processing_system7_0   |     1.531 |
|       inst                 |     1.531 |
|     ps7_0_axi_periph       |     0.002 |
|       s00_couplers         |     0.002 |
|     v_axi4s_vid_out_0      |     0.004 |
|       inst                 |     0.004 |
|     v_vid_in_axi4s_0       |     0.002 |
|       inst                 |     0.002 |
+----------------------------+-----------+


