21:57:04 INFO  : Registering command handlers for SDK TCF services
21:57:04 INFO  : Launching XSCT server: xsct.bat -interactive C:\Users\mi\Desktop\Programma\ZYNQ\XC7Z020_206_ES_key_interrupt_control_led_GPIO_MIO\XC7Z020_206_ES_key_interrupt_control_led_GPIO_MIO.sdk\temp_xsdb_launch_script.tcl
21:57:07 INFO  : XSCT server has started successfully.
21:57:08 INFO  : Successfully done setting XSCT server connection channel  
21:57:08 INFO  : Processing command line option -hwspec C:/Users/mi/Desktop/Programma/ZYNQ/XC7Z020_206_ES_key_interrupt_control_led_GPIO_MIO/XC7Z020_206_ES_key_interrupt_control_led_GPIO_MIO.sdk/ps_design_wrapper.hdf.
21:57:08 INFO  : Successfully done setting SDK workspace  
21:57:47 ERROR : (XSDB Server)ERROR: [Hsi 55-1433] Error boost::filesystem::copy_file: 系统找不到指定的路径。: "G:/Xilinx/SDK/2016.3/data\embeddedsw\lib\bsp\standalone_v6_0/src\arm\cortexa53\32bit\gcc\translation_table.S", "C:\Users\mi\Desktop\Programma\ZYNQ\XC7Z020_206_ES_key_interrupt_control_led_GPIO_MIO\XC7Z020_206_ES_key_interrupt_control_led_GPIO_MIO.sdk\key_interrupt_control_led_GPIO_MIO_bsp\ps7_cortexa9_0/libsrc/standalone_v6_0/src\arm\cortexa53\32bit\gcc\translation_table.S"

21:57:48 ERROR : Error generating bsp sources: Failed in generating sources
22:04:29 INFO  : Example project GPIO_MIO_INTERRUPT_bsp_xgpiops_intr_example_1 has been created successfully.
19:19:10 INFO  : Registering command handlers for SDK TCF services
19:19:10 INFO  : Launching XSCT server: xsct.bat -interactive C:\Users\mi\Desktop\Programma\ZYNQ\XC7Z020_206_ES_key_interrupt_control_led_GPIO_MIO\XC7Z020_206_ES_key_interrupt_control_led_GPIO_MIO.sdk\temp_xsdb_launch_script.tcl
19:19:15 INFO  : XSCT server has started successfully.
19:19:15 INFO  : Successfully done setting XSCT server connection channel  
19:19:17 INFO  : Successfully done setting SDK workspace  
19:19:17 INFO  : Processing command line option -hwspec C:/Users/mi/Desktop/Programma/ZYNQ/XC7Z020_206_ES_key_interrupt_control_led_GPIO_MIO/XC7Z020_206_ES_key_interrupt_control_led_GPIO_MIO.sdk/ps_design_wrapper.hdf.
19:19:17 INFO  : Checking for hwspec changes in the project ps_design_wrapper_hw_platform_0.
19:42:33 INFO  : Connected to target on host '127.0.0.1' and port '3121'.
19:42:33 INFO  : Jtag cable 'Digilent JTAG-HS2 201706300081' is selected.
19:42:33 INFO  : 'jtag frequency' command is executed.
19:42:33 INFO  : Sourcing of 'C:/Users/mi/Desktop/Programma/ZYNQ/XC7Z020_206_ES_key_interrupt_control_led_GPIO_MIO/XC7Z020_206_ES_key_interrupt_control_led_GPIO_MIO.sdk/ps_design_wrapper_hw_platform_0/ps7_init.tcl' is done.
19:42:34 INFO  : Context for 'APU' is selected.
19:42:34 INFO  : Hardware design information is loaded from 'C:/Users/mi/Desktop/Programma/ZYNQ/XC7Z020_206_ES_key_interrupt_control_led_GPIO_MIO/XC7Z020_206_ES_key_interrupt_control_led_GPIO_MIO.sdk/ps_design_wrapper_hw_platform_0/system.hdf'.
19:42:34 INFO  : Context for 'APU' is selected.
19:42:34 INFO  : 'stop' command is executed.
19:42:34 INFO  : 'ps7_init' command is executed.
19:42:34 INFO  : 'ps7_post_config' command is executed.
19:42:34 INFO  : Context for processor 'ps7_cortexa9_0' is selected.
19:42:34 INFO  : Processor reset is completed for 'ps7_cortexa9_0'.
19:42:34 INFO  : Context for processor 'ps7_cortexa9_0' is selected.
19:42:35 INFO  : The application 'C:/Users/mi/Desktop/Programma/ZYNQ/XC7Z020_206_ES_key_interrupt_control_led_GPIO_MIO/XC7Z020_206_ES_key_interrupt_control_led_GPIO_MIO.sdk/GPIO_MIO_INTERRUPT/Debug/GPIO_MIO_INTERRUPT.elf' is downloaded to processor 'ps7_cortexa9_0'.
19:42:35 INFO  : ----------------XSDB Script----------------
connect -url tcp:127.0.0.1:3121
source C:/Users/mi/Desktop/Programma/ZYNQ/XC7Z020_206_ES_key_interrupt_control_led_GPIO_MIO/XC7Z020_206_ES_key_interrupt_control_led_GPIO_MIO.sdk/ps_design_wrapper_hw_platform_0/ps7_init.tcl
targets -set -nocase -filter {name =~"APU*" && jtag_cable_name =~ "Digilent JTAG-HS2 201706300081"} -index 0
loadhw C:/Users/mi/Desktop/Programma/ZYNQ/XC7Z020_206_ES_key_interrupt_control_led_GPIO_MIO/XC7Z020_206_ES_key_interrupt_control_led_GPIO_MIO.sdk/ps_design_wrapper_hw_platform_0/system.hdf
targets -set -nocase -filter {name =~"APU*" && jtag_cable_name =~ "Digilent JTAG-HS2 201706300081"} -index 0
stop
ps7_init
ps7_post_config
targets -set -nocase -filter {name =~ "ARM*#0" && jtag_cable_name =~ "Digilent JTAG-HS2 201706300081"} -index 0
rst -processor
targets -set -nocase -filter {name =~ "ARM*#0" && jtag_cable_name =~ "Digilent JTAG-HS2 201706300081"} -index 0
dow C:/Users/mi/Desktop/Programma/ZYNQ/XC7Z020_206_ES_key_interrupt_control_led_GPIO_MIO/XC7Z020_206_ES_key_interrupt_control_led_GPIO_MIO.sdk/GPIO_MIO_INTERRUPT/Debug/GPIO_MIO_INTERRUPT.elf
----------------End of Script----------------

19:42:35 INFO  : Context for processor 'ps7_cortexa9_0' is selected.
19:42:35 INFO  : 'con' command is executed.
19:42:35 INFO  : ----------------XSDB Script (After Launch)----------------
targets -set -nocase -filter {name =~ "ARM*#0" && jtag_cable_name =~ "Digilent JTAG-HS2 201706300081"} -index 0
con
----------------End of Script----------------

19:42:35 INFO  : Launch script is exported to file 'C:\Users\mi\Desktop\Programma\ZYNQ\XC7Z020_206_ES_key_interrupt_control_led_GPIO_MIO\XC7Z020_206_ES_key_interrupt_control_led_GPIO_MIO.sdk\.sdk\launch_scripts\xilinx_c-c++_application_(system_debugger)\system_debugger_using_debug_gpio_mio_interrupt.elf_on_local.tcl'
19:46:07 INFO  : Disconnected from the channel tcfchan#1.
19:46:08 INFO  : Connected to target on host '127.0.0.1' and port '3121'.
19:46:09 INFO  : Jtag cable 'Digilent JTAG-HS2 201706300081' is selected.
19:46:09 INFO  : 'jtag frequency' command is executed.
19:46:09 INFO  : Sourcing of 'C:/Users/mi/Desktop/Programma/ZYNQ/XC7Z020_206_ES_key_interrupt_control_led_GPIO_MIO/XC7Z020_206_ES_key_interrupt_control_led_GPIO_MIO.sdk/ps_design_wrapper_hw_platform_0/ps7_init.tcl' is done.
19:46:09 INFO  : Context for 'APU' is selected.
19:46:11 INFO  : Hardware design information is loaded from 'C:/Users/mi/Desktop/Programma/ZYNQ/XC7Z020_206_ES_key_interrupt_control_led_GPIO_MIO/XC7Z020_206_ES_key_interrupt_control_led_GPIO_MIO.sdk/ps_design_wrapper_hw_platform_0/system.hdf'.
19:46:11 INFO  : Context for 'APU' is selected.
19:46:11 INFO  : 'stop' command is executed.
19:46:11 INFO  : 'ps7_init' command is executed.
19:46:11 INFO  : 'ps7_post_config' command is executed.
19:46:11 INFO  : Context for processor 'ps7_cortexa9_0' is selected.
19:46:11 INFO  : Processor reset is completed for 'ps7_cortexa9_0'.
19:46:12 INFO  : Context for processor 'ps7_cortexa9_0' is selected.
19:46:12 INFO  : The application 'C:/Users/mi/Desktop/Programma/ZYNQ/XC7Z020_206_ES_key_interrupt_control_led_GPIO_MIO/XC7Z020_206_ES_key_interrupt_control_led_GPIO_MIO.sdk/GPIO_MIO_INTERRUPT/Debug/GPIO_MIO_INTERRUPT.elf' is downloaded to processor 'ps7_cortexa9_0'.
19:46:12 INFO  : ----------------XSDB Script----------------
connect -url tcp:127.0.0.1:3121
source C:/Users/mi/Desktop/Programma/ZYNQ/XC7Z020_206_ES_key_interrupt_control_led_GPIO_MIO/XC7Z020_206_ES_key_interrupt_control_led_GPIO_MIO.sdk/ps_design_wrapper_hw_platform_0/ps7_init.tcl
targets -set -nocase -filter {name =~"APU*" && jtag_cable_name =~ "Digilent JTAG-HS2 201706300081"} -index 0
loadhw C:/Users/mi/Desktop/Programma/ZYNQ/XC7Z020_206_ES_key_interrupt_control_led_GPIO_MIO/XC7Z020_206_ES_key_interrupt_control_led_GPIO_MIO.sdk/ps_design_wrapper_hw_platform_0/system.hdf
targets -set -nocase -filter {name =~"APU*" && jtag_cable_name =~ "Digilent JTAG-HS2 201706300081"} -index 0
stop
ps7_init
ps7_post_config
targets -set -nocase -filter {name =~ "ARM*#0" && jtag_cable_name =~ "Digilent JTAG-HS2 201706300081"} -index 0
rst -processor
targets -set -nocase -filter {name =~ "ARM*#0" && jtag_cable_name =~ "Digilent JTAG-HS2 201706300081"} -index 0
dow C:/Users/mi/Desktop/Programma/ZYNQ/XC7Z020_206_ES_key_interrupt_control_led_GPIO_MIO/XC7Z020_206_ES_key_interrupt_control_led_GPIO_MIO.sdk/GPIO_MIO_INTERRUPT/Debug/GPIO_MIO_INTERRUPT.elf
----------------End of Script----------------

19:46:12 INFO  : Context for processor 'ps7_cortexa9_0' is selected.
19:46:12 INFO  : 'con' command is executed.
19:46:12 INFO  : ----------------XSDB Script (After Launch)----------------
targets -set -nocase -filter {name =~ "ARM*#0" && jtag_cable_name =~ "Digilent JTAG-HS2 201706300081"} -index 0
con
----------------End of Script----------------

19:46:12 INFO  : Launch script is exported to file 'C:\Users\mi\Desktop\Programma\ZYNQ\XC7Z020_206_ES_key_interrupt_control_led_GPIO_MIO\XC7Z020_206_ES_key_interrupt_control_led_GPIO_MIO.sdk\.sdk\launch_scripts\xilinx_c-c++_application_(system_debugger)\system_debugger_using_debug_gpio_mio_interrupt.elf_on_local.tcl'
19:46:21 INFO  : Disconnected from the channel tcfchan#2.
19:46:22 INFO  : Connected to target on host '127.0.0.1' and port '3121'.
19:46:23 INFO  : Jtag cable 'Digilent JTAG-HS2 201706300081' is selected.
19:46:23 INFO  : 'jtag frequency' command is executed.
19:46:23 INFO  : Sourcing of 'C:/Users/mi/Desktop/Programma/ZYNQ/XC7Z020_206_ES_key_interrupt_control_led_GPIO_MIO/XC7Z020_206_ES_key_interrupt_control_led_GPIO_MIO.sdk/ps_design_wrapper_hw_platform_0/ps7_init.tcl' is done.
19:46:23 INFO  : Context for 'APU' is selected.
19:46:25 INFO  : Hardware design information is loaded from 'C:/Users/mi/Desktop/Programma/ZYNQ/XC7Z020_206_ES_key_interrupt_control_led_GPIO_MIO/XC7Z020_206_ES_key_interrupt_control_led_GPIO_MIO.sdk/ps_design_wrapper_hw_platform_0/system.hdf'.
19:46:25 INFO  : Context for 'APU' is selected.
19:46:25 INFO  : 'stop' command is executed.
19:46:25 INFO  : 'ps7_init' command is executed.
19:46:25 INFO  : 'ps7_post_config' command is executed.
19:46:25 INFO  : Context for processor 'ps7_cortexa9_0' is selected.
19:46:25 INFO  : Processor reset is completed for 'ps7_cortexa9_0'.
19:46:25 INFO  : Context for processor 'ps7_cortexa9_0' is selected.
19:46:26 INFO  : The application 'C:/Users/mi/Desktop/Programma/ZYNQ/XC7Z020_206_ES_key_interrupt_control_led_GPIO_MIO/XC7Z020_206_ES_key_interrupt_control_led_GPIO_MIO.sdk/GPIO_MIO_INTERRUPT/Debug/GPIO_MIO_INTERRUPT.elf' is downloaded to processor 'ps7_cortexa9_0'.
19:46:26 INFO  : ----------------XSDB Script----------------
connect -url tcp:127.0.0.1:3121
source C:/Users/mi/Desktop/Programma/ZYNQ/XC7Z020_206_ES_key_interrupt_control_led_GPIO_MIO/XC7Z020_206_ES_key_interrupt_control_led_GPIO_MIO.sdk/ps_design_wrapper_hw_platform_0/ps7_init.tcl
targets -set -nocase -filter {name =~"APU*" && jtag_cable_name =~ "Digilent JTAG-HS2 201706300081"} -index 0
loadhw C:/Users/mi/Desktop/Programma/ZYNQ/XC7Z020_206_ES_key_interrupt_control_led_GPIO_MIO/XC7Z020_206_ES_key_interrupt_control_led_GPIO_MIO.sdk/ps_design_wrapper_hw_platform_0/system.hdf
targets -set -nocase -filter {name =~"APU*" && jtag_cable_name =~ "Digilent JTAG-HS2 201706300081"} -index 0
stop
ps7_init
ps7_post_config
targets -set -nocase -filter {name =~ "ARM*#0" && jtag_cable_name =~ "Digilent JTAG-HS2 201706300081"} -index 0
rst -processor
targets -set -nocase -filter {name =~ "ARM*#0" && jtag_cable_name =~ "Digilent JTAG-HS2 201706300081"} -index 0
dow C:/Users/mi/Desktop/Programma/ZYNQ/XC7Z020_206_ES_key_interrupt_control_led_GPIO_MIO/XC7Z020_206_ES_key_interrupt_control_led_GPIO_MIO.sdk/GPIO_MIO_INTERRUPT/Debug/GPIO_MIO_INTERRUPT.elf
----------------End of Script----------------

19:46:26 INFO  : Context for processor 'ps7_cortexa9_0' is selected.
19:46:26 INFO  : 'con' command is executed.
19:46:26 INFO  : ----------------XSDB Script (After Launch)----------------
targets -set -nocase -filter {name =~ "ARM*#0" && jtag_cable_name =~ "Digilent JTAG-HS2 201706300081"} -index 0
con
----------------End of Script----------------

19:46:26 INFO  : Launch script is exported to file 'C:\Users\mi\Desktop\Programma\ZYNQ\XC7Z020_206_ES_key_interrupt_control_led_GPIO_MIO\XC7Z020_206_ES_key_interrupt_control_led_GPIO_MIO.sdk\.sdk\launch_scripts\xilinx_c-c++_application_(system_debugger)\system_debugger_using_debug_gpio_mio_interrupt.elf_on_local.tcl'
19:55:01 INFO  : Disconnected from the channel tcfchan#3.
19:55:02 INFO  : Connected to target on host '127.0.0.1' and port '3121'.
19:55:03 INFO  : Jtag cable 'Digilent JTAG-HS2 201706300081' is selected.
19:55:03 INFO  : 'jtag frequency' command is executed.
19:55:03 INFO  : Sourcing of 'C:/Users/mi/Desktop/Programma/ZYNQ/XC7Z020_206_ES_key_interrupt_control_led_GPIO_MIO/XC7Z020_206_ES_key_interrupt_control_led_GPIO_MIO.sdk/ps_design_wrapper_hw_platform_0/ps7_init.tcl' is done.
19:55:03 INFO  : Context for 'APU' is selected.
19:55:04 INFO  : Hardware design information is loaded from 'C:/Users/mi/Desktop/Programma/ZYNQ/XC7Z020_206_ES_key_interrupt_control_led_GPIO_MIO/XC7Z020_206_ES_key_interrupt_control_led_GPIO_MIO.sdk/ps_design_wrapper_hw_platform_0/system.hdf'.
19:55:04 INFO  : Context for 'APU' is selected.
19:55:04 INFO  : 'stop' command is executed.
19:55:05 INFO  : 'ps7_init' command is executed.
19:55:05 INFO  : 'ps7_post_config' command is executed.
19:55:05 INFO  : Context for processor 'ps7_cortexa9_0' is selected.
19:55:05 INFO  : Processor reset is completed for 'ps7_cortexa9_0'.
19:55:05 INFO  : Context for processor 'ps7_cortexa9_0' is selected.
19:55:05 INFO  : The application 'C:/Users/mi/Desktop/Programma/ZYNQ/XC7Z020_206_ES_key_interrupt_control_led_GPIO_MIO/XC7Z020_206_ES_key_interrupt_control_led_GPIO_MIO.sdk/GPIO_MIO_INTERRUPT/Debug/GPIO_MIO_INTERRUPT.elf' is downloaded to processor 'ps7_cortexa9_0'.
19:55:05 INFO  : ----------------XSDB Script----------------
connect -url tcp:127.0.0.1:3121
source C:/Users/mi/Desktop/Programma/ZYNQ/XC7Z020_206_ES_key_interrupt_control_led_GPIO_MIO/XC7Z020_206_ES_key_interrupt_control_led_GPIO_MIO.sdk/ps_design_wrapper_hw_platform_0/ps7_init.tcl
targets -set -nocase -filter {name =~"APU*" && jtag_cable_name =~ "Digilent JTAG-HS2 201706300081"} -index 0
loadhw C:/Users/mi/Desktop/Programma/ZYNQ/XC7Z020_206_ES_key_interrupt_control_led_GPIO_MIO/XC7Z020_206_ES_key_interrupt_control_led_GPIO_MIO.sdk/ps_design_wrapper_hw_platform_0/system.hdf
targets -set -nocase -filter {name =~"APU*" && jtag_cable_name =~ "Digilent JTAG-HS2 201706300081"} -index 0
stop
ps7_init
ps7_post_config
targets -set -nocase -filter {name =~ "ARM*#0" && jtag_cable_name =~ "Digilent JTAG-HS2 201706300081"} -index 0
rst -processor
targets -set -nocase -filter {name =~ "ARM*#0" && jtag_cable_name =~ "Digilent JTAG-HS2 201706300081"} -index 0
dow C:/Users/mi/Desktop/Programma/ZYNQ/XC7Z020_206_ES_key_interrupt_control_led_GPIO_MIO/XC7Z020_206_ES_key_interrupt_control_led_GPIO_MIO.sdk/GPIO_MIO_INTERRUPT/Debug/GPIO_MIO_INTERRUPT.elf
----------------End of Script----------------

19:55:05 INFO  : Context for processor 'ps7_cortexa9_0' is selected.
19:55:05 INFO  : 'con' command is executed.
19:55:05 INFO  : ----------------XSDB Script (After Launch)----------------
targets -set -nocase -filter {name =~ "ARM*#0" && jtag_cable_name =~ "Digilent JTAG-HS2 201706300081"} -index 0
con
----------------End of Script----------------

19:55:05 INFO  : Launch script is exported to file 'C:\Users\mi\Desktop\Programma\ZYNQ\XC7Z020_206_ES_key_interrupt_control_led_GPIO_MIO\XC7Z020_206_ES_key_interrupt_control_led_GPIO_MIO.sdk\.sdk\launch_scripts\xilinx_c-c++_application_(system_debugger)\system_debugger_using_debug_gpio_mio_interrupt.elf_on_local.tcl'
19:57:34 INFO  : Disconnected from the channel tcfchan#4.
19:57:35 INFO  : Connected to target on host '127.0.0.1' and port '3121'.
19:57:35 INFO  : Jtag cable 'Digilent JTAG-HS2 201706300081' is selected.
19:57:35 INFO  : 'jtag frequency' command is executed.
19:57:35 INFO  : Sourcing of 'C:/Users/mi/Desktop/Programma/ZYNQ/XC7Z020_206_ES_key_interrupt_control_led_GPIO_MIO/XC7Z020_206_ES_key_interrupt_control_led_GPIO_MIO.sdk/ps_design_wrapper_hw_platform_0/ps7_init.tcl' is done.
19:57:35 INFO  : Context for 'APU' is selected.
19:57:37 INFO  : Hardware design information is loaded from 'C:/Users/mi/Desktop/Programma/ZYNQ/XC7Z020_206_ES_key_interrupt_control_led_GPIO_MIO/XC7Z020_206_ES_key_interrupt_control_led_GPIO_MIO.sdk/ps_design_wrapper_hw_platform_0/system.hdf'.
19:57:37 INFO  : Context for 'APU' is selected.
19:57:37 INFO  : 'stop' command is executed.
19:57:37 INFO  : 'ps7_init' command is executed.
19:57:37 INFO  : 'ps7_post_config' command is executed.
19:57:37 INFO  : Context for processor 'ps7_cortexa9_0' is selected.
19:57:37 INFO  : Processor reset is completed for 'ps7_cortexa9_0'.
19:57:37 INFO  : Context for processor 'ps7_cortexa9_0' is selected.
19:57:38 INFO  : The application 'C:/Users/mi/Desktop/Programma/ZYNQ/XC7Z020_206_ES_key_interrupt_control_led_GPIO_MIO/XC7Z020_206_ES_key_interrupt_control_led_GPIO_MIO.sdk/GPIO_MIO_INTERRUPT/Debug/GPIO_MIO_INTERRUPT.elf' is downloaded to processor 'ps7_cortexa9_0'.
19:57:38 INFO  : ----------------XSDB Script----------------
connect -url tcp:127.0.0.1:3121
source C:/Users/mi/Desktop/Programma/ZYNQ/XC7Z020_206_ES_key_interrupt_control_led_GPIO_MIO/XC7Z020_206_ES_key_interrupt_control_led_GPIO_MIO.sdk/ps_design_wrapper_hw_platform_0/ps7_init.tcl
targets -set -nocase -filter {name =~"APU*" && jtag_cable_name =~ "Digilent JTAG-HS2 201706300081"} -index 0
loadhw C:/Users/mi/Desktop/Programma/ZYNQ/XC7Z020_206_ES_key_interrupt_control_led_GPIO_MIO/XC7Z020_206_ES_key_interrupt_control_led_GPIO_MIO.sdk/ps_design_wrapper_hw_platform_0/system.hdf
targets -set -nocase -filter {name =~"APU*" && jtag_cable_name =~ "Digilent JTAG-HS2 201706300081"} -index 0
stop
ps7_init
ps7_post_config
targets -set -nocase -filter {name =~ "ARM*#0" && jtag_cable_name =~ "Digilent JTAG-HS2 201706300081"} -index 0
rst -processor
targets -set -nocase -filter {name =~ "ARM*#0" && jtag_cable_name =~ "Digilent JTAG-HS2 201706300081"} -index 0
dow C:/Users/mi/Desktop/Programma/ZYNQ/XC7Z020_206_ES_key_interrupt_control_led_GPIO_MIO/XC7Z020_206_ES_key_interrupt_control_led_GPIO_MIO.sdk/GPIO_MIO_INTERRUPT/Debug/GPIO_MIO_INTERRUPT.elf
----------------End of Script----------------

19:57:38 INFO  : Context for processor 'ps7_cortexa9_0' is selected.
19:57:38 INFO  : 'con' command is executed.
19:57:38 INFO  : ----------------XSDB Script (After Launch)----------------
targets -set -nocase -filter {name =~ "ARM*#0" && jtag_cable_name =~ "Digilent JTAG-HS2 201706300081"} -index 0
con
----------------End of Script----------------

19:57:38 INFO  : Launch script is exported to file 'C:\Users\mi\Desktop\Programma\ZYNQ\XC7Z020_206_ES_key_interrupt_control_led_GPIO_MIO\XC7Z020_206_ES_key_interrupt_control_led_GPIO_MIO.sdk\.sdk\launch_scripts\xilinx_c-c++_application_(system_debugger)\system_debugger_using_debug_gpio_mio_interrupt.elf_on_local.tcl'
19:58:25 INFO  : Disconnected from the channel tcfchan#5.
19:58:26 INFO  : Connected to target on host '127.0.0.1' and port '3121'.
19:58:26 INFO  : Jtag cable 'Digilent JTAG-HS2 201706300081' is selected.
19:58:26 INFO  : 'jtag frequency' command is executed.
19:58:26 INFO  : Sourcing of 'C:/Users/mi/Desktop/Programma/ZYNQ/XC7Z020_206_ES_key_interrupt_control_led_GPIO_MIO/XC7Z020_206_ES_key_interrupt_control_led_GPIO_MIO.sdk/ps_design_wrapper_hw_platform_0/ps7_init.tcl' is done.
19:58:26 INFO  : Context for 'APU' is selected.
19:58:28 INFO  : Hardware design information is loaded from 'C:/Users/mi/Desktop/Programma/ZYNQ/XC7Z020_206_ES_key_interrupt_control_led_GPIO_MIO/XC7Z020_206_ES_key_interrupt_control_led_GPIO_MIO.sdk/ps_design_wrapper_hw_platform_0/system.hdf'.
19:58:28 INFO  : Context for 'APU' is selected.
19:58:28 INFO  : 'stop' command is executed.
19:58:28 INFO  : 'ps7_init' command is executed.
19:58:28 INFO  : 'ps7_post_config' command is executed.
19:58:28 INFO  : Context for processor 'ps7_cortexa9_0' is selected.
19:58:28 INFO  : Processor reset is completed for 'ps7_cortexa9_0'.
19:58:28 INFO  : Context for processor 'ps7_cortexa9_0' is selected.
19:58:29 INFO  : The application 'C:/Users/mi/Desktop/Programma/ZYNQ/XC7Z020_206_ES_key_interrupt_control_led_GPIO_MIO/XC7Z020_206_ES_key_interrupt_control_led_GPIO_MIO.sdk/GPIO_MIO_INTERRUPT/Debug/GPIO_MIO_INTERRUPT.elf' is downloaded to processor 'ps7_cortexa9_0'.
19:58:29 INFO  : ----------------XSDB Script----------------
connect -url tcp:127.0.0.1:3121
source C:/Users/mi/Desktop/Programma/ZYNQ/XC7Z020_206_ES_key_interrupt_control_led_GPIO_MIO/XC7Z020_206_ES_key_interrupt_control_led_GPIO_MIO.sdk/ps_design_wrapper_hw_platform_0/ps7_init.tcl
targets -set -nocase -filter {name =~"APU*" && jtag_cable_name =~ "Digilent JTAG-HS2 201706300081"} -index 0
loadhw C:/Users/mi/Desktop/Programma/ZYNQ/XC7Z020_206_ES_key_interrupt_control_led_GPIO_MIO/XC7Z020_206_ES_key_interrupt_control_led_GPIO_MIO.sdk/ps_design_wrapper_hw_platform_0/system.hdf
targets -set -nocase -filter {name =~"APU*" && jtag_cable_name =~ "Digilent JTAG-HS2 201706300081"} -index 0
stop
ps7_init
ps7_post_config
targets -set -nocase -filter {name =~ "ARM*#0" && jtag_cable_name =~ "Digilent JTAG-HS2 201706300081"} -index 0
rst -processor
targets -set -nocase -filter {name =~ "ARM*#0" && jtag_cable_name =~ "Digilent JTAG-HS2 201706300081"} -index 0
dow C:/Users/mi/Desktop/Programma/ZYNQ/XC7Z020_206_ES_key_interrupt_control_led_GPIO_MIO/XC7Z020_206_ES_key_interrupt_control_led_GPIO_MIO.sdk/GPIO_MIO_INTERRUPT/Debug/GPIO_MIO_INTERRUPT.elf
----------------End of Script----------------

19:58:29 INFO  : Context for processor 'ps7_cortexa9_0' is selected.
19:58:29 INFO  : 'con' command is executed.
19:58:29 INFO  : ----------------XSDB Script (After Launch)----------------
targets -set -nocase -filter {name =~ "ARM*#0" && jtag_cable_name =~ "Digilent JTAG-HS2 201706300081"} -index 0
con
----------------End of Script----------------

19:58:29 INFO  : Launch script is exported to file 'C:\Users\mi\Desktop\Programma\ZYNQ\XC7Z020_206_ES_key_interrupt_control_led_GPIO_MIO\XC7Z020_206_ES_key_interrupt_control_led_GPIO_MIO.sdk\.sdk\launch_scripts\xilinx_c-c++_application_(system_debugger)\system_debugger_using_debug_gpio_mio_interrupt.elf_on_local.tcl'
19:59:35 INFO  : Disconnected from the channel tcfchan#6.
19:59:36 INFO  : Connected to target on host '127.0.0.1' and port '3121'.
19:59:37 INFO  : Jtag cable 'Digilent JTAG-HS2 201706300081' is selected.
19:59:37 INFO  : 'jtag frequency' command is executed.
19:59:37 INFO  : Sourcing of 'C:/Users/mi/Desktop/Programma/ZYNQ/XC7Z020_206_ES_key_interrupt_control_led_GPIO_MIO/XC7Z020_206_ES_key_interrupt_control_led_GPIO_MIO.sdk/ps_design_wrapper_hw_platform_0/ps7_init.tcl' is done.
19:59:37 INFO  : Context for 'APU' is selected.
19:59:38 INFO  : Hardware design information is loaded from 'C:/Users/mi/Desktop/Programma/ZYNQ/XC7Z020_206_ES_key_interrupt_control_led_GPIO_MIO/XC7Z020_206_ES_key_interrupt_control_led_GPIO_MIO.sdk/ps_design_wrapper_hw_platform_0/system.hdf'.
19:59:38 INFO  : Context for 'APU' is selected.
19:59:38 INFO  : 'stop' command is executed.
19:59:39 INFO  : 'ps7_init' command is executed.
19:59:39 INFO  : 'ps7_post_config' command is executed.
19:59:39 INFO  : Context for processor 'ps7_cortexa9_0' is selected.
19:59:39 INFO  : Processor reset is completed for 'ps7_cortexa9_0'.
19:59:39 INFO  : Context for processor 'ps7_cortexa9_0' is selected.
19:59:39 INFO  : The application 'C:/Users/mi/Desktop/Programma/ZYNQ/XC7Z020_206_ES_key_interrupt_control_led_GPIO_MIO/XC7Z020_206_ES_key_interrupt_control_led_GPIO_MIO.sdk/GPIO_MIO_INTERRUPT/Debug/GPIO_MIO_INTERRUPT.elf' is downloaded to processor 'ps7_cortexa9_0'.
19:59:39 INFO  : ----------------XSDB Script----------------
connect -url tcp:127.0.0.1:3121
source C:/Users/mi/Desktop/Programma/ZYNQ/XC7Z020_206_ES_key_interrupt_control_led_GPIO_MIO/XC7Z020_206_ES_key_interrupt_control_led_GPIO_MIO.sdk/ps_design_wrapper_hw_platform_0/ps7_init.tcl
targets -set -nocase -filter {name =~"APU*" && jtag_cable_name =~ "Digilent JTAG-HS2 201706300081"} -index 0
loadhw C:/Users/mi/Desktop/Programma/ZYNQ/XC7Z020_206_ES_key_interrupt_control_led_GPIO_MIO/XC7Z020_206_ES_key_interrupt_control_led_GPIO_MIO.sdk/ps_design_wrapper_hw_platform_0/system.hdf
targets -set -nocase -filter {name =~"APU*" && jtag_cable_name =~ "Digilent JTAG-HS2 201706300081"} -index 0
stop
ps7_init
ps7_post_config
targets -set -nocase -filter {name =~ "ARM*#0" && jtag_cable_name =~ "Digilent JTAG-HS2 201706300081"} -index 0
rst -processor
targets -set -nocase -filter {name =~ "ARM*#0" && jtag_cable_name =~ "Digilent JTAG-HS2 201706300081"} -index 0
dow C:/Users/mi/Desktop/Programma/ZYNQ/XC7Z020_206_ES_key_interrupt_control_led_GPIO_MIO/XC7Z020_206_ES_key_interrupt_control_led_GPIO_MIO.sdk/GPIO_MIO_INTERRUPT/Debug/GPIO_MIO_INTERRUPT.elf
----------------End of Script----------------

19:59:39 INFO  : Context for processor 'ps7_cortexa9_0' is selected.
19:59:39 INFO  : 'con' command is executed.
19:59:39 INFO  : ----------------XSDB Script (After Launch)----------------
targets -set -nocase -filter {name =~ "ARM*#0" && jtag_cable_name =~ "Digilent JTAG-HS2 201706300081"} -index 0
con
----------------End of Script----------------

19:59:39 INFO  : Launch script is exported to file 'C:\Users\mi\Desktop\Programma\ZYNQ\XC7Z020_206_ES_key_interrupt_control_led_GPIO_MIO\XC7Z020_206_ES_key_interrupt_control_led_GPIO_MIO.sdk\.sdk\launch_scripts\xilinx_c-c++_application_(system_debugger)\system_debugger_using_debug_gpio_mio_interrupt.elf_on_local.tcl'
20:03:36 INFO  : Disconnected from the channel tcfchan#7.
20:03:37 INFO  : Connected to target on host '127.0.0.1' and port '3121'.
20:03:38 INFO  : Jtag cable 'Digilent JTAG-HS2 201706300081' is selected.
20:03:38 INFO  : 'jtag frequency' command is executed.
20:03:38 INFO  : Sourcing of 'C:/Users/mi/Desktop/Programma/ZYNQ/XC7Z020_206_ES_key_interrupt_control_led_GPIO_MIO/XC7Z020_206_ES_key_interrupt_control_led_GPIO_MIO.sdk/ps_design_wrapper_hw_platform_0/ps7_init.tcl' is done.
20:03:38 INFO  : Context for 'APU' is selected.
20:03:39 INFO  : Hardware design information is loaded from 'C:/Users/mi/Desktop/Programma/ZYNQ/XC7Z020_206_ES_key_interrupt_control_led_GPIO_MIO/XC7Z020_206_ES_key_interrupt_control_led_GPIO_MIO.sdk/ps_design_wrapper_hw_platform_0/system.hdf'.
20:03:39 INFO  : Context for 'APU' is selected.
20:03:40 INFO  : 'stop' command is executed.
20:03:40 INFO  : 'ps7_init' command is executed.
20:03:40 INFO  : 'ps7_post_config' command is executed.
20:03:40 INFO  : Context for processor 'ps7_cortexa9_0' is selected.
20:03:40 INFO  : Processor reset is completed for 'ps7_cortexa9_0'.
20:03:40 INFO  : Context for processor 'ps7_cortexa9_0' is selected.
20:03:41 INFO  : The application 'C:/Users/mi/Desktop/Programma/ZYNQ/XC7Z020_206_ES_key_interrupt_control_led_GPIO_MIO/XC7Z020_206_ES_key_interrupt_control_led_GPIO_MIO.sdk/GPIO_MIO_INTERRUPT/Debug/GPIO_MIO_INTERRUPT.elf' is downloaded to processor 'ps7_cortexa9_0'.
20:03:41 INFO  : ----------------XSDB Script----------------
connect -url tcp:127.0.0.1:3121
source C:/Users/mi/Desktop/Programma/ZYNQ/XC7Z020_206_ES_key_interrupt_control_led_GPIO_MIO/XC7Z020_206_ES_key_interrupt_control_led_GPIO_MIO.sdk/ps_design_wrapper_hw_platform_0/ps7_init.tcl
targets -set -nocase -filter {name =~"APU*" && jtag_cable_name =~ "Digilent JTAG-HS2 201706300081"} -index 0
loadhw C:/Users/mi/Desktop/Programma/ZYNQ/XC7Z020_206_ES_key_interrupt_control_led_GPIO_MIO/XC7Z020_206_ES_key_interrupt_control_led_GPIO_MIO.sdk/ps_design_wrapper_hw_platform_0/system.hdf
targets -set -nocase -filter {name =~"APU*" && jtag_cable_name =~ "Digilent JTAG-HS2 201706300081"} -index 0
stop
ps7_init
ps7_post_config
targets -set -nocase -filter {name =~ "ARM*#0" && jtag_cable_name =~ "Digilent JTAG-HS2 201706300081"} -index 0
rst -processor
targets -set -nocase -filter {name =~ "ARM*#0" && jtag_cable_name =~ "Digilent JTAG-HS2 201706300081"} -index 0
dow C:/Users/mi/Desktop/Programma/ZYNQ/XC7Z020_206_ES_key_interrupt_control_led_GPIO_MIO/XC7Z020_206_ES_key_interrupt_control_led_GPIO_MIO.sdk/GPIO_MIO_INTERRUPT/Debug/GPIO_MIO_INTERRUPT.elf
----------------End of Script----------------

20:03:41 INFO  : Context for processor 'ps7_cortexa9_0' is selected.
20:03:41 INFO  : 'con' command is executed.
20:03:41 INFO  : ----------------XSDB Script (After Launch)----------------
targets -set -nocase -filter {name =~ "ARM*#0" && jtag_cable_name =~ "Digilent JTAG-HS2 201706300081"} -index 0
con
----------------End of Script----------------

20:03:41 INFO  : Launch script is exported to file 'C:\Users\mi\Desktop\Programma\ZYNQ\XC7Z020_206_ES_key_interrupt_control_led_GPIO_MIO\XC7Z020_206_ES_key_interrupt_control_led_GPIO_MIO.sdk\.sdk\launch_scripts\xilinx_c-c++_application_(system_debugger)\system_debugger_using_debug_gpio_mio_interrupt.elf_on_local.tcl'
20:12:54 INFO  : Disconnected from the channel tcfchan#8.
20:12:55 INFO  : Connected to target on host '127.0.0.1' and port '3121'.
20:12:55 INFO  : Jtag cable 'Digilent JTAG-HS2 201706300081' is selected.
20:12:55 INFO  : 'jtag frequency' command is executed.
20:12:55 INFO  : Sourcing of 'C:/Users/mi/Desktop/Programma/ZYNQ/XC7Z020_206_ES_key_interrupt_control_led_GPIO_MIO/XC7Z020_206_ES_key_interrupt_control_led_GPIO_MIO.sdk/ps_design_wrapper_hw_platform_0/ps7_init.tcl' is done.
20:12:55 INFO  : Context for 'APU' is selected.
20:12:57 INFO  : Hardware design information is loaded from 'C:/Users/mi/Desktop/Programma/ZYNQ/XC7Z020_206_ES_key_interrupt_control_led_GPIO_MIO/XC7Z020_206_ES_key_interrupt_control_led_GPIO_MIO.sdk/ps_design_wrapper_hw_platform_0/system.hdf'.
20:12:57 INFO  : Context for 'APU' is selected.
20:12:57 INFO  : 'stop' command is executed.
20:12:57 INFO  : 'ps7_init' command is executed.
20:12:58 INFO  : 'ps7_post_config' command is executed.
20:12:58 INFO  : Context for processor 'ps7_cortexa9_0' is selected.
20:12:58 INFO  : Processor reset is completed for 'ps7_cortexa9_0'.
20:12:58 INFO  : Context for processor 'ps7_cortexa9_0' is selected.
20:12:58 INFO  : The application 'C:/Users/mi/Desktop/Programma/ZYNQ/XC7Z020_206_ES_key_interrupt_control_led_GPIO_MIO/XC7Z020_206_ES_key_interrupt_control_led_GPIO_MIO.sdk/GPIO_MIO_INTERRUPT/Debug/GPIO_MIO_INTERRUPT.elf' is downloaded to processor 'ps7_cortexa9_0'.
20:12:58 INFO  : ----------------XSDB Script----------------
connect -url tcp:127.0.0.1:3121
source C:/Users/mi/Desktop/Programma/ZYNQ/XC7Z020_206_ES_key_interrupt_control_led_GPIO_MIO/XC7Z020_206_ES_key_interrupt_control_led_GPIO_MIO.sdk/ps_design_wrapper_hw_platform_0/ps7_init.tcl
targets -set -nocase -filter {name =~"APU*" && jtag_cable_name =~ "Digilent JTAG-HS2 201706300081"} -index 0
loadhw C:/Users/mi/Desktop/Programma/ZYNQ/XC7Z020_206_ES_key_interrupt_control_led_GPIO_MIO/XC7Z020_206_ES_key_interrupt_control_led_GPIO_MIO.sdk/ps_design_wrapper_hw_platform_0/system.hdf
targets -set -nocase -filter {name =~"APU*" && jtag_cable_name =~ "Digilent JTAG-HS2 201706300081"} -index 0
stop
ps7_init
ps7_post_config
targets -set -nocase -filter {name =~ "ARM*#0" && jtag_cable_name =~ "Digilent JTAG-HS2 201706300081"} -index 0
rst -processor
targets -set -nocase -filter {name =~ "ARM*#0" && jtag_cable_name =~ "Digilent JTAG-HS2 201706300081"} -index 0
dow C:/Users/mi/Desktop/Programma/ZYNQ/XC7Z020_206_ES_key_interrupt_control_led_GPIO_MIO/XC7Z020_206_ES_key_interrupt_control_led_GPIO_MIO.sdk/GPIO_MIO_INTERRUPT/Debug/GPIO_MIO_INTERRUPT.elf
----------------End of Script----------------

20:12:58 INFO  : Context for processor 'ps7_cortexa9_0' is selected.
20:12:58 INFO  : 'con' command is executed.
20:12:58 INFO  : ----------------XSDB Script (After Launch)----------------
targets -set -nocase -filter {name =~ "ARM*#0" && jtag_cable_name =~ "Digilent JTAG-HS2 201706300081"} -index 0
con
----------------End of Script----------------

20:12:58 INFO  : Launch script is exported to file 'C:\Users\mi\Desktop\Programma\ZYNQ\XC7Z020_206_ES_key_interrupt_control_led_GPIO_MIO\XC7Z020_206_ES_key_interrupt_control_led_GPIO_MIO.sdk\.sdk\launch_scripts\xilinx_c-c++_application_(system_debugger)\system_debugger_using_debug_gpio_mio_interrupt.elf_on_local.tcl'
20:15:49 INFO  : Disconnected from the channel tcfchan#9.
