#-----------------------------------------------------------
# Vivado v2016.3 (64-bit)
# SW Build 1682563 on Mon Oct 10 19:07:27 MDT 2016
# IP Build 1681267 on Mon Oct 10 21:28:31 MDT 2016
# Start of session at: Fri Oct 08 14:23:20 2021
# Process ID: 157596
# Current directory: C:/Users/mi/Desktop/Programma/ZYNQ/XC7Z020_240_ES_AXI_CDMA
# Command line: vivado.exe -gui_launcher_event rodinguilauncherevent156028 C:\Users\mi\Desktop\Programma\ZYNQ\XC7Z020_240_ES_AXI_CDMA\XC7Z020_240_ES_AXI_CDMA.xpr
# Log file: C:/Users/mi/Desktop/Programma/ZYNQ/XC7Z020_240_ES_AXI_CDMA/vivado.log
# Journal file: C:/Users/mi/Desktop/Programma/ZYNQ/XC7Z020_240_ES_AXI_CDMA\vivado.jou
#-----------------------------------------------------------
start_gui
open_project C:/Users/mi/Desktop/Programma/ZYNQ/XC7Z020_240_ES_AXI_CDMA/XC7Z020_240_ES_AXI_CDMA.xpr
Scanning sources...
Finished scanning sources
WARNING: [filemgmt 56-3] IP Output Repository Path: Could not find the directory 'C:/Users/mi/Desktop/Programma/ZYNQ/XC7Z020_240_ES_AXI_CDMA/XC7Z020_240_ES_AXI_CDMA.cache/ip'.
INFO: [IP_Flow 19-234] Refreshing IP repositories
INFO: [IP_Flow 19-1704] No user IP repositories specified
INFO: [IP_Flow 19-2313] Loaded Vivado IP repository 'G:/Xilinx/Vivado/2016.3/data/ip'.
open_project: Time (s): cpu = 00:00:17 ; elapsed = 00:00:12 . Memory (MB): peak = 891.969 ; gain = 173.867
launch_sdk -workspace C:/Users/mi/Desktop/Programma/ZYNQ/XC7Z020_240_ES_AXI_CDMA/XC7Z020_240_ES_AXI_CDMA.sdk -hwspec C:/Users/mi/Desktop/Programma/ZYNQ/XC7Z020_240_ES_AXI_CDMA/XC7Z020_240_ES_AXI_CDMA.sdk/design_axi_cdma_wrapper.hdf
INFO: [Vivado 12-393] Launching SDK...
INFO: [Vivado 12-417] Running xsdk -workspace C:/Users/mi/Desktop/Programma/ZYNQ/XC7Z020_240_ES_AXI_CDMA/XC7Z020_240_ES_AXI_CDMA.sdk -hwspec C:/Users/mi/Desktop/Programma/ZYNQ/XC7Z020_240_ES_AXI_CDMA/XC7Z020_240_ES_AXI_CDMA.sdk/design_axi_cdma_wrapper.hdf
INFO: [Vivado 12-3157] SDK launch initiated. Please check console for any further messages.
exit
INFO: [Common 17-206] Exiting Vivado at Fri Oct 08 15:25:18 2021...
