#-----------------------------------------------------------
# Vivado v2018.3 (64-bit)
# SW Build 2405991 on Thu Dec  6 23:38:27 MST 2018
# IP Build 2404404 on Fri Dec  7 01:43:56 MST 2018
# Start of session at: Sat Oct 30 11:38:42 2021
# Process ID: 269732
# Current directory: C:/Users/mi/Desktop/Programma/ZYNQ/XC7Z020_316_ES_ConerDetect
# Command line: vivado.exe -gui_launcher_event rodinguilauncherevent269804 C:\Users\mi\Desktop\Programma\ZYNQ\XC7Z020_316_ES_ConerDetect\XC7Z020_316_ES_ConerDetect.xpr
# Log file: C:/Users/mi/Desktop/Programma/ZYNQ/XC7Z020_316_ES_ConerDetect/vivado.log
# Journal file: C:/Users/mi/Desktop/Programma/ZYNQ/XC7Z020_316_ES_ConerDetect\vivado.jou
#-----------------------------------------------------------
start_gui
open_project C:/Users/mi/Desktop/Programma/ZYNQ/XC7Z020_316_ES_ConerDetect/XC7Z020_316_ES_ConerDetect.xpr
Scanning sources...
Finished scanning sources
INFO: [IP_Flow 19-234] Refreshing IP repositories
INFO: [IP_Flow 19-1700] Loaded user IP repository 'c:/Users/mi/Desktop/Programma/ZYNQ/XC7Z020_305_ES_OV5640_HDMI/ip_repo'.
INFO: [IP_Flow 19-2313] Loaded Vivado IP repository 'G:/Xilinx/Vivado/2018.3/data/ip'.
open_project: Time (s): cpu = 00:00:24 ; elapsed = 00:00:19 . Memory (MB): peak = 827.109 ; gain = 202.414
update_compile_order -fileset sources_1
open_bd_design {C:/Users/mi/Desktop/Programma/ZYNQ/XC7Z020_316_ES_ConerDetect/XC7Z020_316_ES_ConerDetect.srcs/sources_1/bd/ov5640_hdmi_design/ov5640_hdmi_design.bd}
Adding cell -- xilinx.com:ip:processing_system7:5.5 - processing_system7_0
Adding cell -- xilinx.com:user:ddr3_hdmi_ov5640:1.0 - ddr3_hdmi_ov5640_0
Adding cell -- xilinx.com:ip:v_vid_in_axi4s:4.0 - v_vid_in_axi4s_0
Adding cell -- xilinx.com:ip:clk_wiz:6.0 - clk_wiz_0
Adding cell -- xilinx.com:ip:util_vector_logic:2.0 - util_vector_logic_0
Adding cell -- xilinx.com:ip:axi_vdma:6.3 - axi_vdma_1
Adding cell -- xilinx.com:ip:v_tc:6.1 - v_tc_0
Adding cell -- xilinx.com:ip:v_axi4s_vid_out:4.0 - v_axi4s_vid_out_0
Adding cell -- xilinx.com:ip:util_vector_logic:2.0 - util_vector_logic_1
Adding cell -- xilinx.com:user:hdmi_trans:1.0 - hdmi_trans_0
Adding cell -- xilinx.com:ip:xlconstant:1.1 - xlconstant_0
Adding cell -- xilinx.com:ip:smartconnect:1.0 - axi_smc
Adding cell -- xilinx.com:ip:proc_sys_reset:5.0 - rst_ps7_0_50M
Adding cell -- xilinx.com:ip:axi_interconnect:2.1 - ps7_0_axi_periph
Adding cell -- xilinx.com:ip:axi_crossbar:2.1 - xbar
Adding cell -- xilinx.com:ip:axi_protocol_converter:2.1 - auto_pc
Adding cell -- xilinx.com:hls:image_filter:1.0 - image_filter_0
Adding cell -- xilinx.com:ip:axi_vdma:6.3 - axi_vdma_0
WARNING: [BD 41-1731] Type mismatch between connected pins: /ddr3_hdmi_ov5640_0/pclk(undef) and /v_vid_in_axi4s_0/vid_io_in_clk(clk)
WARNING: [BD 41-1731] Type mismatch between connected pins: /ddr3_hdmi_ov5640_0/cmos_clk_en(undef) and /v_vid_in_axi4s_0/vid_io_in_ce(ce)
WARNING: [BD 41-1731] Type mismatch between connected pins: /clk_wiz_0/clk_out1(clk) and /hdmi_trans_0/clk1x(undef)
WARNING: [BD 41-1731] Type mismatch between connected pins: /clk_wiz_0/locked(undef) and /v_tc_0/clken(ce)
WARNING: [BD 41-1731] Type mismatch between connected pins: /clk_wiz_0/locked(undef) and /v_tc_0/resetn(rst)
WARNING: [BD 41-1731] Type mismatch between connected pins: /clk_wiz_0/locked(undef) and /v_axi4s_vid_out_0/aclken(ce)
WARNING: [BD 41-1731] Type mismatch between connected pins: /clk_wiz_0/locked(undef) and /v_axi4s_vid_out_0/aresetn(rst)
WARNING: [BD 41-1731] Type mismatch between connected pins: /clk_wiz_0/locked(undef) and /v_axi4s_vid_out_0/vid_io_out_ce(ce)
WARNING: [BD 41-1731] Type mismatch between connected pins: /clk_wiz_0/clk_out2(clk) and /hdmi_trans_0/clk5x(undef)
Successfully read diagram <ov5640_hdmi_design> from BD file <C:/Users/mi/Desktop/Programma/ZYNQ/XC7Z020_316_ES_ConerDetect/XC7Z020_316_ES_ConerDetect.srcs/sources_1/bd/ov5640_hdmi_design/ov5640_hdmi_design.bd>
open_bd_design: Time (s): cpu = 00:00:09 ; elapsed = 00:00:06 . Memory (MB): peak = 992.414 ; gain = 28.895
exit
INFO: [Common 17-206] Exiting Vivado at Sat Oct 30 12:47:22 2021...
