
*** Running vivado
    with args -log ps_design_processing_system7_0_0.vds -m64 -product Vivado -mode batch -messageDb vivado.pb -notrace -source ps_design_processing_system7_0_0.tcl


****** Vivado v2016.3 (64-bit)
  **** SW Build 1682563 on Mon Oct 10 19:07:27 MDT 2016
  **** IP Build 1681267 on Mon Oct 10 21:28:31 MDT 2016
    ** Copyright 1986-2016 Xilinx, Inc. All Rights Reserved.

source ps_design_processing_system7_0_0.tcl -notrace
Starting RTL Elaboration : Time (s): cpu = 00:00:10 ; elapsed = 00:00:16 . Memory (MB): peak = 347.633 ; gain = 138.035
INFO: [Synth 8-638] synthesizing module 'ps_design_processing_system7_0_0' [c:/Users/mi/Desktop/Programma/ZYNQ/XC7Z020_208_ES_key_control_led_GPIO_EMIO/XC7Z020_208_ES_key_control_led_GPIO_EMIO.srcs/sources_1/bd/ps_design/ip/ps_design_processing_system7_0_0/synth/ps_design_processing_system7_0_0.v:60]
INFO: [Synth 8-638] synthesizing module 'processing_system7_v5_5_processing_system7' [c:/Users/mi/Desktop/Programma/ZYNQ/XC7Z020_208_ES_key_control_led_GPIO_EMIO/XC7Z020_208_ES_key_control_led_GPIO_EMIO.srcs/sources_1/bd/ps_design/ip/ps_design_processing_system7_0_0/hdl/verilog/processing_system7_v5_5_processing_system7.v:161]
INFO: [Synth 8-638] synthesizing module 'BIBUF' [G:/Xilinx/Vivado/2016.3/scripts/rt/data/unisim_comp.v:268]
INFO: [Synth 8-256] done synthesizing module 'BIBUF' (1#1) [G:/Xilinx/Vivado/2016.3/scripts/rt/data/unisim_comp.v:268]
INFO: [Synth 8-638] synthesizing module 'PS7' [G:/Xilinx/Vivado/2016.3/scripts/rt/data/unisim_comp.v:33182]
INFO: [Synth 8-256] done synthesizing module 'PS7' (2#1) [G:/Xilinx/Vivado/2016.3/scripts/rt/data/unisim_comp.v:33182]
INFO: [Synth 8-256] done synthesizing module 'processing_system7_v5_5_processing_system7' (3#1) [c:/Users/mi/Desktop/Programma/ZYNQ/XC7Z020_208_ES_key_control_led_GPIO_EMIO/XC7Z020_208_ES_key_control_led_GPIO_EMIO.srcs/sources_1/bd/ps_design/ip/ps_design_processing_system7_0_0/hdl/verilog/processing_system7_v5_5_processing_system7.v:161]
INFO: [Synth 8-256] done synthesizing module 'ps_design_processing_system7_0_0' (4#1) [c:/Users/mi/Desktop/Programma/ZYNQ/XC7Z020_208_ES_key_control_led_GPIO_EMIO/XC7Z020_208_ES_key_control_led_GPIO_EMIO.srcs/sources_1/bd/ps_design/ip/ps_design_processing_system7_0_0/synth/ps_design_processing_system7_0_0.v:60]
Finished RTL Elaboration : Time (s): cpu = 00:00:11 ; elapsed = 00:00:18 . Memory (MB): peak = 384.906 ; gain = 175.309
Finished RTL Optimization Phase 1 : Time (s): cpu = 00:00:11 ; elapsed = 00:00:18 . Memory (MB): peak = 384.906 ; gain = 175.309
INFO: [Device 21-403] Loading part xc7z020clg400-2
Constraint Validation Runtime : Time (s): cpu = 00:00:00 ; elapsed = 00:00:00.056 . Memory (MB): peak = 620.977 ; gain = 0.000
Finished Constraint Validation : Time (s): cpu = 00:00:22 ; elapsed = 00:00:31 . Memory (MB): peak = 620.977 ; gain = 411.379
Finished Loading Part and Timing Information : Time (s): cpu = 00:00:22 ; elapsed = 00:00:31 . Memory (MB): peak = 620.977 ; gain = 411.379
Finished applying 'set_property' XDC Constraints : Time (s): cpu = 00:00:23 ; elapsed = 00:00:32 . Memory (MB): peak = 620.977 ; gain = 411.379
Finished RTL Optimization Phase 2 : Time (s): cpu = 00:00:23 ; elapsed = 00:00:33 . Memory (MB): peak = 620.977 ; gain = 411.379
Finished Cross Boundary and Area Optimization : Time (s): cpu = 00:00:24 ; elapsed = 00:00:34 . Memory (MB): peak = 620.977 ; gain = 411.379
Finished Applying XDC Timing Constraints : Time (s): cpu = 00:00:35 ; elapsed = 00:00:45 . Memory (MB): peak = 830.281 ; gain = 620.684
Finished Timing Optimization : Time (s): cpu = 00:00:35 ; elapsed = 00:00:45 . Memory (MB): peak = 831.297 ; gain = 621.699
Finished Technology Mapping : Time (s): cpu = 00:00:37 ; elapsed = 00:00:47 . Memory (MB): peak = 843.645 ; gain = 634.047
Finished IO Insertion : Time (s): cpu = 00:00:38 ; elapsed = 00:00:48 . Memory (MB): peak = 843.645 ; gain = 634.047
Finished Renaming Generated Instances : Time (s): cpu = 00:00:38 ; elapsed = 00:00:48 . Memory (MB): peak = 843.645 ; gain = 634.047
Finished Rebuilding User Hierarchy : Time (s): cpu = 00:00:38 ; elapsed = 00:00:48 . Memory (MB): peak = 843.645 ; gain = 634.047
Finished Renaming Generated Ports : Time (s): cpu = 00:00:38 ; elapsed = 00:00:48 . Memory (MB): peak = 843.645 ; gain = 634.047
Finished Handling Custom Attributes : Time (s): cpu = 00:00:38 ; elapsed = 00:00:48 . Memory (MB): peak = 843.645 ; gain = 634.047
Finished Renaming Generated Nets : Time (s): cpu = 00:00:38 ; elapsed = 00:00:48 . Memory (MB): peak = 843.645 ; gain = 634.047

Report Cell Usage: 
+------+------+------+
|      |Cell  |Count |
+------+------+------+
|1     |BIBUF |   130|
|2     |LUT1  |    49|
|3     |PS7   |     1|
+------+------+------+
Finished Writing Synthesis Report : Time (s): cpu = 00:00:38 ; elapsed = 00:00:48 . Memory (MB): peak = 843.645 ; gain = 634.047
synth_design: Time (s): cpu = 00:00:35 ; elapsed = 00:00:40 . Memory (MB): peak = 856.902 ; gain = 588.887
