19:18:53 INFO  : Registering command handlers for SDK TCF services
19:18:53 INFO  : Launching XSCT server: xsct.bat -interactive C:\Users\mi\Desktop\Programma\ZYNQ\XC7Z020_225_ES_timer_intr_led\XC7Z020_225_ES_timer_intr_led.sdk\temp_xsdb_launch_script.tcl
19:18:59 INFO  : XSCT server has started successfully.
19:19:00 INFO  : Successfully done setting XSCT server connection channel  
19:19:00 INFO  : Processing command line option -hwspec C:/Users/mi/Desktop/Programma/ZYNQ/XC7Z020_225_ES_timer_intr_led/XC7Z020_225_ES_timer_intr_led.sdk/ps_design_wrapper.hdf.
19:19:00 INFO  : Successfully done setting SDK workspace  
19:22:03 INFO  : Example project timer_intr_led_bsp_xscutimer_intr_example_1 has been created successfully.
20:27:54 INFO  : Connected to target on host '127.0.0.1' and port '3121'.
20:27:55 INFO  : Jtag cable 'Digilent JTAG-HS2 201706300081' is selected.
20:27:55 INFO  : 'jtag frequency' command is executed.
20:27:55 INFO  : Sourcing of 'C:/Users/mi/Desktop/Programma/ZYNQ/XC7Z020_225_ES_timer_intr_led/XC7Z020_225_ES_timer_intr_led.sdk/ps_design_wrapper_hw_platform_0/ps7_init.tcl' is done.
20:27:55 INFO  : Context for 'APU' is selected.
20:27:55 INFO  : Hardware design information is loaded from 'C:/Users/mi/Desktop/Programma/ZYNQ/XC7Z020_225_ES_timer_intr_led/XC7Z020_225_ES_timer_intr_led.sdk/ps_design_wrapper_hw_platform_0/system.hdf'.
20:27:55 INFO  : Context for 'APU' is selected.
20:27:55 INFO  : 'stop' command is executed.
20:27:56 INFO  : 'ps7_init' command is executed.
20:27:56 INFO  : 'ps7_post_config' command is executed.
20:27:56 INFO  : Context for processor 'ps7_cortexa9_0' is selected.
20:27:56 INFO  : Processor reset is completed for 'ps7_cortexa9_0'.
20:27:56 INFO  : Context for processor 'ps7_cortexa9_0' is selected.
20:27:56 INFO  : The application 'C:/Users/mi/Desktop/Programma/ZYNQ/XC7Z020_225_ES_timer_intr_led/XC7Z020_225_ES_timer_intr_led.sdk/timer_intr_led/Debug/timer_intr_led.elf' is downloaded to processor 'ps7_cortexa9_0'.
20:27:56 INFO  : ----------------XSDB Script----------------
connect -url tcp:127.0.0.1:3121
source C:/Users/mi/Desktop/Programma/ZYNQ/XC7Z020_225_ES_timer_intr_led/XC7Z020_225_ES_timer_intr_led.sdk/ps_design_wrapper_hw_platform_0/ps7_init.tcl
targets -set -nocase -filter {name =~"APU*" && jtag_cable_name =~ "Digilent JTAG-HS2 201706300081"} -index 0
loadhw C:/Users/mi/Desktop/Programma/ZYNQ/XC7Z020_225_ES_timer_intr_led/XC7Z020_225_ES_timer_intr_led.sdk/ps_design_wrapper_hw_platform_0/system.hdf
targets -set -nocase -filter {name =~"APU*" && jtag_cable_name =~ "Digilent JTAG-HS2 201706300081"} -index 0
stop
ps7_init
ps7_post_config
targets -set -nocase -filter {name =~ "ARM*#0" && jtag_cable_name =~ "Digilent JTAG-HS2 201706300081"} -index 0
rst -processor
targets -set -nocase -filter {name =~ "ARM*#0" && jtag_cable_name =~ "Digilent JTAG-HS2 201706300081"} -index 0
dow C:/Users/mi/Desktop/Programma/ZYNQ/XC7Z020_225_ES_timer_intr_led/XC7Z020_225_ES_timer_intr_led.sdk/timer_intr_led/Debug/timer_intr_led.elf
----------------End of Script----------------

20:27:56 INFO  : Context for processor 'ps7_cortexa9_0' is selected.
20:27:56 INFO  : 'con' command is executed.
20:27:56 INFO  : ----------------XSDB Script (After Launch)----------------
targets -set -nocase -filter {name =~ "ARM*#0" && jtag_cable_name =~ "Digilent JTAG-HS2 201706300081"} -index 0
con
----------------End of Script----------------

20:27:56 INFO  : Launch script is exported to file 'C:\Users\mi\Desktop\Programma\ZYNQ\XC7Z020_225_ES_timer_intr_led\XC7Z020_225_ES_timer_intr_led.sdk\.sdk\launch_scripts\xilinx_c-c++_application_(system_debugger)\system_debugger_using_debug_timer_intr_led.elf_on_local.tcl'
20:33:44 INFO  : Disconnected from the channel tcfchan#1.
20:33:45 INFO  : Connected to target on host '127.0.0.1' and port '3121'.
20:33:46 INFO  : Jtag cable 'Digilent JTAG-HS2 201706300081' is selected.
20:33:46 INFO  : 'jtag frequency' command is executed.
20:33:46 INFO  : Sourcing of 'C:/Users/mi/Desktop/Programma/ZYNQ/XC7Z020_225_ES_timer_intr_led/XC7Z020_225_ES_timer_intr_led.sdk/ps_design_wrapper_hw_platform_0/ps7_init.tcl' is done.
20:33:46 INFO  : Context for 'APU' is selected.
20:33:47 INFO  : Hardware design information is loaded from 'C:/Users/mi/Desktop/Programma/ZYNQ/XC7Z020_225_ES_timer_intr_led/XC7Z020_225_ES_timer_intr_led.sdk/ps_design_wrapper_hw_platform_0/system.hdf'.
20:33:47 INFO  : Context for 'APU' is selected.
20:33:47 INFO  : 'stop' command is executed.
20:33:48 INFO  : 'ps7_init' command is executed.
20:33:48 INFO  : 'ps7_post_config' command is executed.
20:33:48 INFO  : Context for processor 'ps7_cortexa9_0' is selected.
20:33:48 INFO  : Processor reset is completed for 'ps7_cortexa9_0'.
20:33:48 INFO  : Context for processor 'ps7_cortexa9_0' is selected.
20:33:48 INFO  : The application 'C:/Users/mi/Desktop/Programma/ZYNQ/XC7Z020_225_ES_timer_intr_led/XC7Z020_225_ES_timer_intr_led.sdk/timer_intr_led/Debug/timer_intr_led.elf' is downloaded to processor 'ps7_cortexa9_0'.
20:33:48 INFO  : ----------------XSDB Script----------------
connect -url tcp:127.0.0.1:3121
source C:/Users/mi/Desktop/Programma/ZYNQ/XC7Z020_225_ES_timer_intr_led/XC7Z020_225_ES_timer_intr_led.sdk/ps_design_wrapper_hw_platform_0/ps7_init.tcl
targets -set -nocase -filter {name =~"APU*" && jtag_cable_name =~ "Digilent JTAG-HS2 201706300081"} -index 0
loadhw C:/Users/mi/Desktop/Programma/ZYNQ/XC7Z020_225_ES_timer_intr_led/XC7Z020_225_ES_timer_intr_led.sdk/ps_design_wrapper_hw_platform_0/system.hdf
targets -set -nocase -filter {name =~"APU*" && jtag_cable_name =~ "Digilent JTAG-HS2 201706300081"} -index 0
stop
ps7_init
ps7_post_config
targets -set -nocase -filter {name =~ "ARM*#0" && jtag_cable_name =~ "Digilent JTAG-HS2 201706300081"} -index 0
rst -processor
targets -set -nocase -filter {name =~ "ARM*#0" && jtag_cable_name =~ "Digilent JTAG-HS2 201706300081"} -index 0
dow C:/Users/mi/Desktop/Programma/ZYNQ/XC7Z020_225_ES_timer_intr_led/XC7Z020_225_ES_timer_intr_led.sdk/timer_intr_led/Debug/timer_intr_led.elf
----------------End of Script----------------

20:33:48 INFO  : Context for processor 'ps7_cortexa9_0' is selected.
20:33:48 INFO  : 'con' command is executed.
20:33:48 INFO  : ----------------XSDB Script (After Launch)----------------
targets -set -nocase -filter {name =~ "ARM*#0" && jtag_cable_name =~ "Digilent JTAG-HS2 201706300081"} -index 0
con
----------------End of Script----------------

20:33:48 INFO  : Launch script is exported to file 'C:\Users\mi\Desktop\Programma\ZYNQ\XC7Z020_225_ES_timer_intr_led\XC7Z020_225_ES_timer_intr_led.sdk\.sdk\launch_scripts\xilinx_c-c++_application_(system_debugger)\system_debugger_using_debug_timer_intr_led.elf_on_local.tcl'
20:36:40 INFO  : Disconnected from the channel tcfchan#2.
20:36:41 INFO  : Connected to target on host '127.0.0.1' and port '3121'.
20:36:41 INFO  : Jtag cable 'Digilent JTAG-HS2 201706300081' is selected.
20:36:41 INFO  : 'jtag frequency' command is executed.
20:36:41 INFO  : Sourcing of 'C:/Users/mi/Desktop/Programma/ZYNQ/XC7Z020_225_ES_timer_intr_led/XC7Z020_225_ES_timer_intr_led.sdk/ps_design_wrapper_hw_platform_0/ps7_init.tcl' is done.
20:36:41 INFO  : Context for 'APU' is selected.
20:36:43 INFO  : Hardware design information is loaded from 'C:/Users/mi/Desktop/Programma/ZYNQ/XC7Z020_225_ES_timer_intr_led/XC7Z020_225_ES_timer_intr_led.sdk/ps_design_wrapper_hw_platform_0/system.hdf'.
20:36:43 INFO  : Context for 'APU' is selected.
20:36:43 INFO  : 'stop' command is executed.
20:36:43 INFO  : 'ps7_init' command is executed.
20:36:43 INFO  : 'ps7_post_config' command is executed.
20:36:43 INFO  : Context for processor 'ps7_cortexa9_0' is selected.
20:36:43 INFO  : Processor reset is completed for 'ps7_cortexa9_0'.
20:36:43 INFO  : Context for processor 'ps7_cortexa9_0' is selected.
20:36:44 INFO  : The application 'C:/Users/mi/Desktop/Programma/ZYNQ/XC7Z020_225_ES_timer_intr_led/XC7Z020_225_ES_timer_intr_led.sdk/timer_intr_led/Debug/timer_intr_led.elf' is downloaded to processor 'ps7_cortexa9_0'.
20:36:44 INFO  : ----------------XSDB Script----------------
connect -url tcp:127.0.0.1:3121
source C:/Users/mi/Desktop/Programma/ZYNQ/XC7Z020_225_ES_timer_intr_led/XC7Z020_225_ES_timer_intr_led.sdk/ps_design_wrapper_hw_platform_0/ps7_init.tcl
targets -set -nocase -filter {name =~"APU*" && jtag_cable_name =~ "Digilent JTAG-HS2 201706300081"} -index 0
loadhw C:/Users/mi/Desktop/Programma/ZYNQ/XC7Z020_225_ES_timer_intr_led/XC7Z020_225_ES_timer_intr_led.sdk/ps_design_wrapper_hw_platform_0/system.hdf
targets -set -nocase -filter {name =~"APU*" && jtag_cable_name =~ "Digilent JTAG-HS2 201706300081"} -index 0
stop
ps7_init
ps7_post_config
targets -set -nocase -filter {name =~ "ARM*#0" && jtag_cable_name =~ "Digilent JTAG-HS2 201706300081"} -index 0
rst -processor
targets -set -nocase -filter {name =~ "ARM*#0" && jtag_cable_name =~ "Digilent JTAG-HS2 201706300081"} -index 0
dow C:/Users/mi/Desktop/Programma/ZYNQ/XC7Z020_225_ES_timer_intr_led/XC7Z020_225_ES_timer_intr_led.sdk/timer_intr_led/Debug/timer_intr_led.elf
----------------End of Script----------------

20:36:44 INFO  : Context for processor 'ps7_cortexa9_0' is selected.
20:36:44 INFO  : 'con' command is executed.
20:36:44 INFO  : ----------------XSDB Script (After Launch)----------------
targets -set -nocase -filter {name =~ "ARM*#0" && jtag_cable_name =~ "Digilent JTAG-HS2 201706300081"} -index 0
con
----------------End of Script----------------

20:36:44 INFO  : Launch script is exported to file 'C:\Users\mi\Desktop\Programma\ZYNQ\XC7Z020_225_ES_timer_intr_led\XC7Z020_225_ES_timer_intr_led.sdk\.sdk\launch_scripts\xilinx_c-c++_application_(system_debugger)\system_debugger_using_debug_timer_intr_led.elf_on_local.tcl'
20:52:32 INFO  : Disconnected from the channel tcfchan#3.
20:52:33 INFO  : Connected to target on host '127.0.0.1' and port '3121'.
20:52:33 INFO  : Jtag cable 'Digilent JTAG-HS2 201706300081' is selected.
20:52:33 INFO  : 'jtag frequency' command is executed.
20:52:33 INFO  : Sourcing of 'C:/Users/mi/Desktop/Programma/ZYNQ/XC7Z020_225_ES_timer_intr_led/XC7Z020_225_ES_timer_intr_led.sdk/ps_design_wrapper_hw_platform_0/ps7_init.tcl' is done.
20:52:33 INFO  : Context for 'APU' is selected.
20:52:35 INFO  : Hardware design information is loaded from 'C:/Users/mi/Desktop/Programma/ZYNQ/XC7Z020_225_ES_timer_intr_led/XC7Z020_225_ES_timer_intr_led.sdk/ps_design_wrapper_hw_platform_0/system.hdf'.
20:52:35 INFO  : Context for 'APU' is selected.
20:52:35 INFO  : 'stop' command is executed.
20:52:36 INFO  : 'ps7_init' command is executed.
20:52:36 INFO  : 'ps7_post_config' command is executed.
20:52:36 INFO  : Context for processor 'ps7_cortexa9_0' is selected.
20:52:36 INFO  : Processor reset is completed for 'ps7_cortexa9_0'.
20:52:36 INFO  : Context for processor 'ps7_cortexa9_0' is selected.
20:52:36 INFO  : The application 'C:/Users/mi/Desktop/Programma/ZYNQ/XC7Z020_225_ES_timer_intr_led/XC7Z020_225_ES_timer_intr_led.sdk/timer_intr_led/Debug/timer_intr_led.elf' is downloaded to processor 'ps7_cortexa9_0'.
20:52:36 INFO  : ----------------XSDB Script----------------
connect -url tcp:127.0.0.1:3121
source C:/Users/mi/Desktop/Programma/ZYNQ/XC7Z020_225_ES_timer_intr_led/XC7Z020_225_ES_timer_intr_led.sdk/ps_design_wrapper_hw_platform_0/ps7_init.tcl
targets -set -nocase -filter {name =~"APU*" && jtag_cable_name =~ "Digilent JTAG-HS2 201706300081"} -index 0
loadhw C:/Users/mi/Desktop/Programma/ZYNQ/XC7Z020_225_ES_timer_intr_led/XC7Z020_225_ES_timer_intr_led.sdk/ps_design_wrapper_hw_platform_0/system.hdf
targets -set -nocase -filter {name =~"APU*" && jtag_cable_name =~ "Digilent JTAG-HS2 201706300081"} -index 0
stop
ps7_init
ps7_post_config
targets -set -nocase -filter {name =~ "ARM*#0" && jtag_cable_name =~ "Digilent JTAG-HS2 201706300081"} -index 0
rst -processor
targets -set -nocase -filter {name =~ "ARM*#0" && jtag_cable_name =~ "Digilent JTAG-HS2 201706300081"} -index 0
dow C:/Users/mi/Desktop/Programma/ZYNQ/XC7Z020_225_ES_timer_intr_led/XC7Z020_225_ES_timer_intr_led.sdk/timer_intr_led/Debug/timer_intr_led.elf
----------------End of Script----------------

20:52:36 INFO  : Context for processor 'ps7_cortexa9_0' is selected.
20:52:36 INFO  : 'con' command is executed.
20:52:36 INFO  : ----------------XSDB Script (After Launch)----------------
targets -set -nocase -filter {name =~ "ARM*#0" && jtag_cable_name =~ "Digilent JTAG-HS2 201706300081"} -index 0
con
----------------End of Script----------------

20:52:36 INFO  : Launch script is exported to file 'C:\Users\mi\Desktop\Programma\ZYNQ\XC7Z020_225_ES_timer_intr_led\XC7Z020_225_ES_timer_intr_led.sdk\.sdk\launch_scripts\xilinx_c-c++_application_(system_debugger)\system_debugger_using_debug_timer_intr_led.elf_on_local.tcl'
21:01:10 INFO  : Disconnected from the channel tcfchan#4.
21:01:11 INFO  : Connected to target on host '127.0.0.1' and port '3121'.
21:01:11 INFO  : Jtag cable 'Digilent JTAG-HS2 201706300081' is selected.
21:01:11 INFO  : 'jtag frequency' command is executed.
21:01:11 INFO  : Sourcing of 'C:/Users/mi/Desktop/Programma/ZYNQ/XC7Z020_225_ES_timer_intr_led/XC7Z020_225_ES_timer_intr_led.sdk/ps_design_wrapper_hw_platform_0/ps7_init.tcl' is done.
21:01:11 INFO  : Context for 'APU' is selected.
21:01:12 INFO  : Hardware design information is loaded from 'C:/Users/mi/Desktop/Programma/ZYNQ/XC7Z020_225_ES_timer_intr_led/XC7Z020_225_ES_timer_intr_led.sdk/ps_design_wrapper_hw_platform_0/system.hdf'.
21:01:12 INFO  : Context for 'APU' is selected.
21:01:12 INFO  : 'stop' command is executed.
21:01:13 INFO  : 'ps7_init' command is executed.
21:01:13 INFO  : 'ps7_post_config' command is executed.
21:01:13 INFO  : Context for processor 'ps7_cortexa9_0' is selected.
21:01:13 INFO  : Processor reset is completed for 'ps7_cortexa9_0'.
21:01:13 INFO  : Context for processor 'ps7_cortexa9_0' is selected.
21:01:14 INFO  : The application 'C:/Users/mi/Desktop/Programma/ZYNQ/XC7Z020_225_ES_timer_intr_led/XC7Z020_225_ES_timer_intr_led.sdk/timer_intr_led/Debug/timer_intr_led.elf' is downloaded to processor 'ps7_cortexa9_0'.
21:01:14 INFO  : ----------------XSDB Script----------------
connect -url tcp:127.0.0.1:3121
source C:/Users/mi/Desktop/Programma/ZYNQ/XC7Z020_225_ES_timer_intr_led/XC7Z020_225_ES_timer_intr_led.sdk/ps_design_wrapper_hw_platform_0/ps7_init.tcl
targets -set -nocase -filter {name =~"APU*" && jtag_cable_name =~ "Digilent JTAG-HS2 201706300081"} -index 0
loadhw C:/Users/mi/Desktop/Programma/ZYNQ/XC7Z020_225_ES_timer_intr_led/XC7Z020_225_ES_timer_intr_led.sdk/ps_design_wrapper_hw_platform_0/system.hdf
targets -set -nocase -filter {name =~"APU*" && jtag_cable_name =~ "Digilent JTAG-HS2 201706300081"} -index 0
stop
ps7_init
ps7_post_config
targets -set -nocase -filter {name =~ "ARM*#0" && jtag_cable_name =~ "Digilent JTAG-HS2 201706300081"} -index 0
rst -processor
targets -set -nocase -filter {name =~ "ARM*#0" && jtag_cable_name =~ "Digilent JTAG-HS2 201706300081"} -index 0
dow C:/Users/mi/Desktop/Programma/ZYNQ/XC7Z020_225_ES_timer_intr_led/XC7Z020_225_ES_timer_intr_led.sdk/timer_intr_led/Debug/timer_intr_led.elf
----------------End of Script----------------

21:01:14 INFO  : Context for processor 'ps7_cortexa9_0' is selected.
21:01:14 INFO  : 'con' command is executed.
21:01:14 INFO  : ----------------XSDB Script (After Launch)----------------
targets -set -nocase -filter {name =~ "ARM*#0" && jtag_cable_name =~ "Digilent JTAG-HS2 201706300081"} -index 0
con
----------------End of Script----------------

21:01:14 INFO  : Launch script is exported to file 'C:\Users\mi\Desktop\Programma\ZYNQ\XC7Z020_225_ES_timer_intr_led\XC7Z020_225_ES_timer_intr_led.sdk\.sdk\launch_scripts\xilinx_c-c++_application_(system_debugger)\system_debugger_using_debug_timer_intr_led.elf_on_local.tcl'
21:02:11 INFO  : Disconnected from the channel tcfchan#5.
21:02:12 INFO  : Connected to target on host '127.0.0.1' and port '3121'.
21:02:13 INFO  : Jtag cable 'Digilent JTAG-HS2 201706300081' is selected.
21:02:13 INFO  : 'jtag frequency' command is executed.
21:02:13 INFO  : Sourcing of 'C:/Users/mi/Desktop/Programma/ZYNQ/XC7Z020_225_ES_timer_intr_led/XC7Z020_225_ES_timer_intr_led.sdk/ps_design_wrapper_hw_platform_0/ps7_init.tcl' is done.
21:02:13 INFO  : Context for 'APU' is selected.
21:02:15 INFO  : Hardware design information is loaded from 'C:/Users/mi/Desktop/Programma/ZYNQ/XC7Z020_225_ES_timer_intr_led/XC7Z020_225_ES_timer_intr_led.sdk/ps_design_wrapper_hw_platform_0/system.hdf'.
21:02:15 INFO  : Context for 'APU' is selected.
21:02:15 INFO  : 'stop' command is executed.
21:02:15 INFO  : 'ps7_init' command is executed.
21:02:15 INFO  : 'ps7_post_config' command is executed.
21:02:15 INFO  : Context for processor 'ps7_cortexa9_0' is selected.
21:02:15 INFO  : Processor reset is completed for 'ps7_cortexa9_0'.
21:02:15 INFO  : Context for processor 'ps7_cortexa9_0' is selected.
21:02:16 INFO  : The application 'C:/Users/mi/Desktop/Programma/ZYNQ/XC7Z020_225_ES_timer_intr_led/XC7Z020_225_ES_timer_intr_led.sdk/timer_intr_led/Debug/timer_intr_led.elf' is downloaded to processor 'ps7_cortexa9_0'.
21:02:16 INFO  : ----------------XSDB Script----------------
connect -url tcp:127.0.0.1:3121
source C:/Users/mi/Desktop/Programma/ZYNQ/XC7Z020_225_ES_timer_intr_led/XC7Z020_225_ES_timer_intr_led.sdk/ps_design_wrapper_hw_platform_0/ps7_init.tcl
targets -set -nocase -filter {name =~"APU*" && jtag_cable_name =~ "Digilent JTAG-HS2 201706300081"} -index 0
loadhw C:/Users/mi/Desktop/Programma/ZYNQ/XC7Z020_225_ES_timer_intr_led/XC7Z020_225_ES_timer_intr_led.sdk/ps_design_wrapper_hw_platform_0/system.hdf
targets -set -nocase -filter {name =~"APU*" && jtag_cable_name =~ "Digilent JTAG-HS2 201706300081"} -index 0
stop
ps7_init
ps7_post_config
targets -set -nocase -filter {name =~ "ARM*#0" && jtag_cable_name =~ "Digilent JTAG-HS2 201706300081"} -index 0
rst -processor
targets -set -nocase -filter {name =~ "ARM*#0" && jtag_cable_name =~ "Digilent JTAG-HS2 201706300081"} -index 0
dow C:/Users/mi/Desktop/Programma/ZYNQ/XC7Z020_225_ES_timer_intr_led/XC7Z020_225_ES_timer_intr_led.sdk/timer_intr_led/Debug/timer_intr_led.elf
----------------End of Script----------------

21:02:16 INFO  : Context for processor 'ps7_cortexa9_0' is selected.
21:02:16 INFO  : 'con' command is executed.
21:02:16 INFO  : ----------------XSDB Script (After Launch)----------------
targets -set -nocase -filter {name =~ "ARM*#0" && jtag_cable_name =~ "Digilent JTAG-HS2 201706300081"} -index 0
con
----------------End of Script----------------

21:02:16 INFO  : Launch script is exported to file 'C:\Users\mi\Desktop\Programma\ZYNQ\XC7Z020_225_ES_timer_intr_led\XC7Z020_225_ES_timer_intr_led.sdk\.sdk\launch_scripts\xilinx_c-c++_application_(system_debugger)\system_debugger_using_debug_timer_intr_led.elf_on_local.tcl'
21:02:51 INFO  : Disconnected from the channel tcfchan#6.
21:02:52 INFO  : Connected to target on host '127.0.0.1' and port '3121'.
21:02:52 INFO  : Jtag cable 'Digilent JTAG-HS2 201706300081' is selected.
21:02:52 INFO  : 'jtag frequency' command is executed.
21:02:52 INFO  : Sourcing of 'C:/Users/mi/Desktop/Programma/ZYNQ/XC7Z020_225_ES_timer_intr_led/XC7Z020_225_ES_timer_intr_led.sdk/ps_design_wrapper_hw_platform_0/ps7_init.tcl' is done.
21:02:53 INFO  : Context for 'APU' is selected.
21:02:54 INFO  : Hardware design information is loaded from 'C:/Users/mi/Desktop/Programma/ZYNQ/XC7Z020_225_ES_timer_intr_led/XC7Z020_225_ES_timer_intr_led.sdk/ps_design_wrapper_hw_platform_0/system.hdf'.
21:02:54 INFO  : Context for 'APU' is selected.
21:02:54 INFO  : 'stop' command is executed.
21:02:55 INFO  : 'ps7_init' command is executed.
21:02:55 INFO  : 'ps7_post_config' command is executed.
21:02:55 INFO  : Context for processor 'ps7_cortexa9_0' is selected.
21:02:55 INFO  : Processor reset is completed for 'ps7_cortexa9_0'.
21:02:55 INFO  : Context for processor 'ps7_cortexa9_0' is selected.
21:02:55 INFO  : The application 'C:/Users/mi/Desktop/Programma/ZYNQ/XC7Z020_225_ES_timer_intr_led/XC7Z020_225_ES_timer_intr_led.sdk/timer_intr_led/Debug/timer_intr_led.elf' is downloaded to processor 'ps7_cortexa9_0'.
21:02:55 INFO  : ----------------XSDB Script----------------
connect -url tcp:127.0.0.1:3121
source C:/Users/mi/Desktop/Programma/ZYNQ/XC7Z020_225_ES_timer_intr_led/XC7Z020_225_ES_timer_intr_led.sdk/ps_design_wrapper_hw_platform_0/ps7_init.tcl
targets -set -nocase -filter {name =~"APU*" && jtag_cable_name =~ "Digilent JTAG-HS2 201706300081"} -index 0
loadhw C:/Users/mi/Desktop/Programma/ZYNQ/XC7Z020_225_ES_timer_intr_led/XC7Z020_225_ES_timer_intr_led.sdk/ps_design_wrapper_hw_platform_0/system.hdf
targets -set -nocase -filter {name =~"APU*" && jtag_cable_name =~ "Digilent JTAG-HS2 201706300081"} -index 0
stop
ps7_init
ps7_post_config
targets -set -nocase -filter {name =~ "ARM*#0" && jtag_cable_name =~ "Digilent JTAG-HS2 201706300081"} -index 0
rst -processor
targets -set -nocase -filter {name =~ "ARM*#0" && jtag_cable_name =~ "Digilent JTAG-HS2 201706300081"} -index 0
dow C:/Users/mi/Desktop/Programma/ZYNQ/XC7Z020_225_ES_timer_intr_led/XC7Z020_225_ES_timer_intr_led.sdk/timer_intr_led/Debug/timer_intr_led.elf
----------------End of Script----------------

21:02:55 INFO  : Context for processor 'ps7_cortexa9_0' is selected.
21:02:56 INFO  : 'con' command is executed.
21:02:56 INFO  : ----------------XSDB Script (After Launch)----------------
targets -set -nocase -filter {name =~ "ARM*#0" && jtag_cable_name =~ "Digilent JTAG-HS2 201706300081"} -index 0
con
----------------End of Script----------------

21:02:56 INFO  : Launch script is exported to file 'C:\Users\mi\Desktop\Programma\ZYNQ\XC7Z020_225_ES_timer_intr_led\XC7Z020_225_ES_timer_intr_led.sdk\.sdk\launch_scripts\xilinx_c-c++_application_(system_debugger)\system_debugger_using_debug_timer_intr_led.elf_on_local.tcl'
21:03:33 INFO  : Disconnected from the channel tcfchan#7.
