15:10:07 INFO  : Registering command handlers for SDK TCF services
15:10:07 INFO  : Launching XSCT server: xsct.bat -interactive C:\Users\mi\Desktop\Programma\ZYNQ\XC7Z020_205_ES_key_control_led_GPIO_MIO\XC7Z020_205_ES_key_control_led_GPIO_MIO.sdk\temp_xsdb_launch_script.tcl
15:10:10 INFO  : XSCT server has started successfully.
15:10:11 INFO  : Successfully done setting XSCT server connection channel  
15:10:11 INFO  : Processing command line option -hwspec C:/Users/mi/Desktop/Programma/ZYNQ/XC7Z020_205_ES_key_control_led_GPIO_MIO/XC7Z020_205_ES_key_control_led_GPIO_MIO.sdk/ps_design_wrapper.hdf.
15:10:11 INFO  : Successfully done setting SDK workspace  
15:33:45 INFO  : Connected to target on host '127.0.0.1' and port '3121'.
15:33:45 INFO  : Jtag cable 'Digilent JTAG-HS2 201706300081' is selected.
15:33:45 INFO  : 'jtag frequency' command is executed.
15:33:45 INFO  : Sourcing of 'C:/Users/mi/Desktop/Programma/ZYNQ/XC7Z020_205_ES_key_control_led_GPIO_MIO/XC7Z020_205_ES_key_control_led_GPIO_MIO.sdk/ps_design_wrapper_hw_platform_0/ps7_init.tcl' is done.
15:33:45 INFO  : Context for 'APU' is selected.
15:33:45 INFO  : Hardware design information is loaded from 'C:/Users/mi/Desktop/Programma/ZYNQ/XC7Z020_205_ES_key_control_led_GPIO_MIO/XC7Z020_205_ES_key_control_led_GPIO_MIO.sdk/ps_design_wrapper_hw_platform_0/system.hdf'.
15:33:45 INFO  : Context for 'APU' is selected.
15:33:45 INFO  : 'stop' command is executed.
15:33:46 INFO  : 'ps7_init' command is executed.
15:33:46 INFO  : 'ps7_post_config' command is executed.
15:33:46 INFO  : Context for processor 'ps7_cortexa9_0' is selected.
15:33:46 INFO  : Processor reset is completed for 'ps7_cortexa9_0'.
15:33:46 INFO  : Context for processor 'ps7_cortexa9_0' is selected.
15:33:47 INFO  : The application 'C:/Users/mi/Desktop/Programma/ZYNQ/XC7Z020_205_ES_key_control_led_GPIO_MIO/XC7Z020_205_ES_key_control_led_GPIO_MIO.sdk/key_control_led_GPIO_EMIO/Debug/key_control_led_GPIO_EMIO.elf' is downloaded to processor 'ps7_cortexa9_0'.
15:33:47 INFO  : ----------------XSDB Script----------------
connect -url tcp:127.0.0.1:3121
source C:/Users/mi/Desktop/Programma/ZYNQ/XC7Z020_205_ES_key_control_led_GPIO_MIO/XC7Z020_205_ES_key_control_led_GPIO_MIO.sdk/ps_design_wrapper_hw_platform_0/ps7_init.tcl
targets -set -nocase -filter {name =~"APU*" && jtag_cable_name =~ "Digilent JTAG-HS2 201706300081"} -index 0
loadhw C:/Users/mi/Desktop/Programma/ZYNQ/XC7Z020_205_ES_key_control_led_GPIO_MIO/XC7Z020_205_ES_key_control_led_GPIO_MIO.sdk/ps_design_wrapper_hw_platform_0/system.hdf
targets -set -nocase -filter {name =~"APU*" && jtag_cable_name =~ "Digilent JTAG-HS2 201706300081"} -index 0
stop
ps7_init
ps7_post_config
targets -set -nocase -filter {name =~ "ARM*#0" && jtag_cable_name =~ "Digilent JTAG-HS2 201706300081"} -index 0
rst -processor
targets -set -nocase -filter {name =~ "ARM*#0" && jtag_cable_name =~ "Digilent JTAG-HS2 201706300081"} -index 0
dow C:/Users/mi/Desktop/Programma/ZYNQ/XC7Z020_205_ES_key_control_led_GPIO_MIO/XC7Z020_205_ES_key_control_led_GPIO_MIO.sdk/key_control_led_GPIO_EMIO/Debug/key_control_led_GPIO_EMIO.elf
----------------End of Script----------------

15:33:47 INFO  : Context for processor 'ps7_cortexa9_0' is selected.
15:33:47 INFO  : 'con' command is executed.
15:33:47 INFO  : ----------------XSDB Script (After Launch)----------------
targets -set -nocase -filter {name =~ "ARM*#0" && jtag_cable_name =~ "Digilent JTAG-HS2 201706300081"} -index 0
con
----------------End of Script----------------

15:33:47 INFO  : Launch script is exported to file 'C:\Users\mi\Desktop\Programma\ZYNQ\XC7Z020_205_ES_key_control_led_GPIO_MIO\XC7Z020_205_ES_key_control_led_GPIO_MIO.sdk\.sdk\launch_scripts\xilinx_c-c++_application_(system_debugger)\system_debugger_using_debug_key_control_led_gpio_emio.elf_on_local.tcl'
15:36:45 INFO  : Disconnected from the channel tcfchan#1.
15:36:46 INFO  : Connected to target on host '127.0.0.1' and port '3121'.
15:36:46 INFO  : Jtag cable 'Digilent JTAG-HS2 201706300081' is selected.
15:36:46 INFO  : 'jtag frequency' command is executed.
15:36:46 INFO  : Sourcing of 'C:/Users/mi/Desktop/Programma/ZYNQ/XC7Z020_205_ES_key_control_led_GPIO_MIO/XC7Z020_205_ES_key_control_led_GPIO_MIO.sdk/ps_design_wrapper_hw_platform_0/ps7_init.tcl' is done.
15:36:46 INFO  : Context for 'APU' is selected.
15:36:47 INFO  : Hardware design information is loaded from 'C:/Users/mi/Desktop/Programma/ZYNQ/XC7Z020_205_ES_key_control_led_GPIO_MIO/XC7Z020_205_ES_key_control_led_GPIO_MIO.sdk/ps_design_wrapper_hw_platform_0/system.hdf'.
15:36:47 INFO  : Context for 'APU' is selected.
15:36:47 INFO  : 'stop' command is executed.
15:36:48 INFO  : 'ps7_init' command is executed.
15:36:48 INFO  : 'ps7_post_config' command is executed.
15:36:48 INFO  : Context for processor 'ps7_cortexa9_0' is selected.
15:36:48 INFO  : Processor reset is completed for 'ps7_cortexa9_0'.
15:36:48 INFO  : Context for processor 'ps7_cortexa9_0' is selected.
15:36:48 INFO  : The application 'C:/Users/mi/Desktop/Programma/ZYNQ/XC7Z020_205_ES_key_control_led_GPIO_MIO/XC7Z020_205_ES_key_control_led_GPIO_MIO.sdk/key_control_led_GPIO_EMIO/Debug/key_control_led_GPIO_EMIO.elf' is downloaded to processor 'ps7_cortexa9_0'.
15:36:48 INFO  : ----------------XSDB Script----------------
connect -url tcp:127.0.0.1:3121
source C:/Users/mi/Desktop/Programma/ZYNQ/XC7Z020_205_ES_key_control_led_GPIO_MIO/XC7Z020_205_ES_key_control_led_GPIO_MIO.sdk/ps_design_wrapper_hw_platform_0/ps7_init.tcl
targets -set -nocase -filter {name =~"APU*" && jtag_cable_name =~ "Digilent JTAG-HS2 201706300081"} -index 0
loadhw C:/Users/mi/Desktop/Programma/ZYNQ/XC7Z020_205_ES_key_control_led_GPIO_MIO/XC7Z020_205_ES_key_control_led_GPIO_MIO.sdk/ps_design_wrapper_hw_platform_0/system.hdf
targets -set -nocase -filter {name =~"APU*" && jtag_cable_name =~ "Digilent JTAG-HS2 201706300081"} -index 0
stop
ps7_init
ps7_post_config
targets -set -nocase -filter {name =~ "ARM*#0" && jtag_cable_name =~ "Digilent JTAG-HS2 201706300081"} -index 0
rst -processor
targets -set -nocase -filter {name =~ "ARM*#0" && jtag_cable_name =~ "Digilent JTAG-HS2 201706300081"} -index 0
dow C:/Users/mi/Desktop/Programma/ZYNQ/XC7Z020_205_ES_key_control_led_GPIO_MIO/XC7Z020_205_ES_key_control_led_GPIO_MIO.sdk/key_control_led_GPIO_EMIO/Debug/key_control_led_GPIO_EMIO.elf
----------------End of Script----------------

15:36:48 INFO  : Context for processor 'ps7_cortexa9_0' is selected.
15:36:48 INFO  : 'con' command is executed.
15:36:48 INFO  : ----------------XSDB Script (After Launch)----------------
targets -set -nocase -filter {name =~ "ARM*#0" && jtag_cable_name =~ "Digilent JTAG-HS2 201706300081"} -index 0
con
----------------End of Script----------------

15:36:48 INFO  : Launch script is exported to file 'C:\Users\mi\Desktop\Programma\ZYNQ\XC7Z020_205_ES_key_control_led_GPIO_MIO\XC7Z020_205_ES_key_control_led_GPIO_MIO.sdk\.sdk\launch_scripts\xilinx_c-c++_application_(system_debugger)\system_debugger_using_debug_key_control_led_gpio_emio.elf_on_local.tcl'
15:44:33 INFO  : Disconnected from the channel tcfchan#2.
15:44:35 INFO  : Connected to target on host '127.0.0.1' and port '3121'.
15:44:35 INFO  : Jtag cable 'Digilent JTAG-HS2 201706300081' is selected.
15:44:35 INFO  : 'jtag frequency' command is executed.
15:44:35 INFO  : Sourcing of 'C:/Users/mi/Desktop/Programma/ZYNQ/XC7Z020_205_ES_key_control_led_GPIO_MIO/XC7Z020_205_ES_key_control_led_GPIO_MIO.sdk/ps_design_wrapper_hw_platform_0/ps7_init.tcl' is done.
15:44:35 INFO  : Context for 'APU' is selected.
15:44:37 INFO  : Hardware design information is loaded from 'C:/Users/mi/Desktop/Programma/ZYNQ/XC7Z020_205_ES_key_control_led_GPIO_MIO/XC7Z020_205_ES_key_control_led_GPIO_MIO.sdk/ps_design_wrapper_hw_platform_0/system.hdf'.
15:44:37 INFO  : Context for 'APU' is selected.
15:44:37 INFO  : 'stop' command is executed.
15:44:37 INFO  : 'ps7_init' command is executed.
15:44:37 INFO  : 'ps7_post_config' command is executed.
15:44:37 INFO  : Context for processor 'ps7_cortexa9_0' is selected.
15:44:37 INFO  : Processor reset is completed for 'ps7_cortexa9_0'.
15:44:37 INFO  : Context for processor 'ps7_cortexa9_0' is selected.
15:44:38 INFO  : The application 'C:/Users/mi/Desktop/Programma/ZYNQ/XC7Z020_205_ES_key_control_led_GPIO_MIO/XC7Z020_205_ES_key_control_led_GPIO_MIO.sdk/key_control_led_GPIO_EMIO/Debug/key_control_led_GPIO_EMIO.elf' is downloaded to processor 'ps7_cortexa9_0'.
15:44:38 INFO  : ----------------XSDB Script----------------
connect -url tcp:127.0.0.1:3121
source C:/Users/mi/Desktop/Programma/ZYNQ/XC7Z020_205_ES_key_control_led_GPIO_MIO/XC7Z020_205_ES_key_control_led_GPIO_MIO.sdk/ps_design_wrapper_hw_platform_0/ps7_init.tcl
targets -set -nocase -filter {name =~"APU*" && jtag_cable_name =~ "Digilent JTAG-HS2 201706300081"} -index 0
loadhw C:/Users/mi/Desktop/Programma/ZYNQ/XC7Z020_205_ES_key_control_led_GPIO_MIO/XC7Z020_205_ES_key_control_led_GPIO_MIO.sdk/ps_design_wrapper_hw_platform_0/system.hdf
targets -set -nocase -filter {name =~"APU*" && jtag_cable_name =~ "Digilent JTAG-HS2 201706300081"} -index 0
stop
ps7_init
ps7_post_config
targets -set -nocase -filter {name =~ "ARM*#0" && jtag_cable_name =~ "Digilent JTAG-HS2 201706300081"} -index 0
rst -processor
targets -set -nocase -filter {name =~ "ARM*#0" && jtag_cable_name =~ "Digilent JTAG-HS2 201706300081"} -index 0
dow C:/Users/mi/Desktop/Programma/ZYNQ/XC7Z020_205_ES_key_control_led_GPIO_MIO/XC7Z020_205_ES_key_control_led_GPIO_MIO.sdk/key_control_led_GPIO_EMIO/Debug/key_control_led_GPIO_EMIO.elf
----------------End of Script----------------

15:44:38 INFO  : Context for processor 'ps7_cortexa9_0' is selected.
15:44:38 INFO  : 'con' command is executed.
15:44:38 INFO  : ----------------XSDB Script (After Launch)----------------
targets -set -nocase -filter {name =~ "ARM*#0" && jtag_cable_name =~ "Digilent JTAG-HS2 201706300081"} -index 0
con
----------------End of Script----------------

15:44:38 INFO  : Launch script is exported to file 'C:\Users\mi\Desktop\Programma\ZYNQ\XC7Z020_205_ES_key_control_led_GPIO_MIO\XC7Z020_205_ES_key_control_led_GPIO_MIO.sdk\.sdk\launch_scripts\xilinx_c-c++_application_(system_debugger)\system_debugger_using_debug_key_control_led_gpio_emio.elf_on_local.tcl'
15:46:50 INFO  : Disconnected from the channel tcfchan#3.
