Copyright 1986-2018 Xilinx, Inc. All Rights Reserved.
------------------------------------------------------------------------------------------------
| Tool Version : Vivado v.2018.3 (win64) Build 2405991 Thu Dec  6 23:38:27 MST 2018
| Date         : Wed Oct 20 23:15:55 2021
| Host         : DESKTOP-HMF772I running 64-bit major release  (build 9200)
| Command      : report_control_sets -verbose -file gpio_design_wrapper_control_sets_placed.rpt
| Design       : gpio_design_wrapper
| Device       : xc7z020
------------------------------------------------------------------------------------------------

Control Set Information

Table of Contents
-----------------
1. Summary
2. Histogram
3. Flip-Flop Distribution
4. Detailed Control Set Information

1. Summary
----------

+----------------------------------------------------------+-------+
|                          Status                          | Count |
+----------------------------------------------------------+-------+
| Number of unique control sets                            |    47 |
| Unused register locations in slices containing registers |   141 |
+----------------------------------------------------------+-------+


2. Histogram
------------

+--------+--------------+
| Fanout | Control Sets |
+--------+--------------+
|      1 |            1 |
|      2 |            1 |
|      4 |           12 |
|      5 |            5 |
|      6 |            1 |
|      8 |            2 |
|     10 |            1 |
|     11 |            1 |
|     12 |            4 |
|     13 |            1 |
|     14 |            2 |
|     15 |            1 |
|    16+ |           15 |
+--------+--------------+


3. Flip-Flop Distribution
-------------------------

+--------------+-----------------------+------------------------+-----------------+--------------+
| Clock Enable | Synchronous Set/Reset | Asynchronous Set/Reset | Total Registers | Total Slices |
+--------------+-----------------------+------------------------+-----------------+--------------+
| No           | No                    | No                     |             169 |           59 |
| No           | No                    | Yes                    |               0 |            0 |
| No           | Yes                   | No                     |              89 |           36 |
| Yes          | No                    | No                     |             458 |          104 |
| Yes          | No                    | Yes                    |               0 |            0 |
| Yes          | Yes                   | No                     |              87 |           25 |
+--------------+-----------------------+------------------------+-----------------+--------------+


4. Detailed Control Set Information
-----------------------------------

+----------------------------------------------------+-------------------------------------------------------------------------------------------------------------------------------------------------------------------+----------------------------------------------------------------------------------------------------------------------------------------------------------+------------------+----------------+
|                    Clock Signal                    |                                                                           Enable Signal                                                                           |                                                                     Set/Reset Signal                                                                     | Slice Load Count | Bel Load Count |
+----------------------------------------------------+-------------------------------------------------------------------------------------------------------------------------------------------------------------------+----------------------------------------------------------------------------------------------------------------------------------------------------------+------------------+----------------+
|  gpio_design_i/processing_system7_0/inst/FCLK_CLK0 | gpio_design_i/ps7_0_axi_periph/s00_couplers/auto_pc/inst/gen_axilite.gen_b2s_conv.axilite_b2s/WR.aw_channel_0/aw_cmd_fsm_0/state_reg[0]_1                         | gpio_design_i/ps7_0_axi_periph/s00_couplers/auto_pc/inst/gen_axilite.gen_b2s_conv.axilite_b2s/WR.aw_channel_0/aw_cmd_fsm_0/state_reg[0]_0                |                1 |              1 |
|  gpio_design_i/processing_system7_0/inst/FCLK_CLK0 | gpio_design_i/ps7_0_axi_periph/s00_couplers/auto_pc/inst/gen_axilite.gen_b2s_conv.axilite_b2s/WR.b_channel_0/bid_fifo_0/sel                                       |                                                                                                                                                          |                1 |              2 |
|  gpio_design_i/processing_system7_0/inst/FCLK_CLK0 |                                                                                                                                                                   | gpio_design_i/led/U0/AXI_LITE_IPIF_I/I_SLAVE_ATTACHMENT/clear                                                                                            |                1 |              4 |
|  gpio_design_i/processing_system7_0/inst/FCLK_CLK0 |                                                                                                                                                                   | gpio_design_i/key/U0/AXI_LITE_IPIF_I/I_SLAVE_ATTACHMENT/I_DECODER/bus2ip_rnw_i_reg_0                                                                     |                1 |              4 |
|  gpio_design_i/processing_system7_0/inst/FCLK_CLK0 |                                                                                                                                                                   | gpio_design_i/key/U0/AXI_LITE_IPIF_I/I_SLAVE_ATTACHMENT/clear                                                                                            |                1 |              4 |
|  gpio_design_i/processing_system7_0/inst/FCLK_CLK0 |                                                                                                                                                                   | gpio_design_i/led/U0/gpio_core_1/Read_Reg_Rst__0                                                                                                         |                1 |              4 |
|  gpio_design_i/processing_system7_0/inst/FCLK_CLK0 | gpio_design_i/key/U0/AXI_LITE_IPIF_I/I_SLAVE_ATTACHMENT/start2                                                                                                    | gpio_design_i/key/U0/AXI_LITE_IPIF_I/I_SLAVE_ATTACHMENT/I_DECODER/cs_ce_clr                                                                              |                1 |              4 |
|  gpio_design_i/processing_system7_0/inst/FCLK_CLK0 |                                                                                                                                                                   | gpio_design_i/ps7_0_axi_periph/s00_couplers/auto_pc/inst/gen_axilite.gen_b2s_conv.axilite_b2s/SI_REG/ar.ar_pipe/aresetn_d_reg[1]_inv_0                   |                2 |              4 |
|  gpio_design_i/processing_system7_0/inst/FCLK_CLK0 |                                                                                                                                                                   | gpio_design_i/ps7_0_axi_periph/s00_couplers/auto_pc/inst/gen_axilite.gen_b2s_conv.axilite_b2s/SI_REG/aw.aw_pipe/aresetn_d_reg[0]_0                       |                2 |              4 |
|  gpio_design_i/processing_system7_0/inst/FCLK_CLK0 | gpio_design_i/key/U0/AXI_LITE_IPIF_I/I_SLAVE_ATTACHMENT/bus2ip_addr_i[8]_i_1_n_0                                                                                  | gpio_design_i/key/U0/AXI_LITE_IPIF_I/I_SLAVE_ATTACHMENT/SR[0]                                                                                            |                1 |              4 |
|  gpio_design_i/processing_system7_0/inst/FCLK_CLK0 |                                                                                                                                                                   | gpio_design_i/rst_ps7_0_50M/U0/EXT_LPF/lpf_int                                                                                                           |                3 |              4 |
|  gpio_design_i/processing_system7_0/inst/FCLK_CLK0 | gpio_design_i/led/U0/AXI_LITE_IPIF_I/I_SLAVE_ATTACHMENT/bus2ip_addr_i[8]_i_1_n_0                                                                                  | gpio_design_i/led/U0/AXI_LITE_IPIF_I/I_SLAVE_ATTACHMENT/SR[0]                                                                                            |                1 |              4 |
|  gpio_design_i/processing_system7_0/inst/FCLK_CLK0 | gpio_design_i/led/U0/AXI_LITE_IPIF_I/I_SLAVE_ATTACHMENT/start2                                                                                                    | gpio_design_i/led/U0/AXI_LITE_IPIF_I/I_SLAVE_ATTACHMENT/I_DECODER/cs_ce_clr                                                                              |                1 |              4 |
|  gpio_design_i/processing_system7_0/inst/FCLK_CLK0 | gpio_design_i/key/U0/AXI_LITE_IPIF_I/I_SLAVE_ATTACHMENT/I_DECODER/bus2ip_rnw_i_reg[0]                                                                             | gpio_design_i/key/U0/AXI_LITE_IPIF_I/I_SLAVE_ATTACHMENT/SR[0]                                                                                            |                1 |              4 |
|  gpio_design_i/processing_system7_0/inst/FCLK_CLK0 | gpio_design_i/key/U0/AXI_LITE_IPIF_I/I_SLAVE_ATTACHMENT/s_axi_rresp_i                                                                                             | gpio_design_i/key/U0/AXI_LITE_IPIF_I/I_SLAVE_ATTACHMENT/SR[0]                                                                                            |                2 |              5 |
|  gpio_design_i/processing_system7_0/inst/FCLK_CLK0 | gpio_design_i/ps7_0_axi_periph/s00_couplers/auto_pc/inst/gen_axilite.gen_b2s_conv.axilite_b2s/RD.ar_channel_0/ar_cmd_fsm_0/m_valid_i_reg                          | gpio_design_i/ps7_0_axi_periph/s00_couplers/auto_pc/inst/gen_axilite.gen_b2s_conv.axilite_b2s/RD.ar_channel_0/ar_cmd_fsm_0/FSM_sequential_state_reg[0]_0 |                2 |              5 |
|  gpio_design_i/processing_system7_0/inst/FCLK_CLK0 | gpio_design_i/led/U0/AXI_LITE_IPIF_I/I_SLAVE_ATTACHMENT/s_axi_rresp_i                                                                                             | gpio_design_i/led/U0/AXI_LITE_IPIF_I/I_SLAVE_ATTACHMENT/SR[0]                                                                                            |                1 |              5 |
|  gpio_design_i/processing_system7_0/inst/FCLK_CLK0 | gpio_design_i/ps7_0_axi_periph/s00_couplers/auto_pc/inst/gen_axilite.gen_b2s_conv.axilite_b2s/RD.r_channel_0/rd_data_fifo_0/cnt_read[4]_i_1_n_0                   | gpio_design_i/ps7_0_axi_periph/s00_couplers/auto_pc/inst/gen_axilite.gen_b2s_conv.axilite_b2s/areset_d1                                                  |                1 |              5 |
|  gpio_design_i/processing_system7_0/inst/FCLK_CLK0 | gpio_design_i/ps7_0_axi_periph/s00_couplers/auto_pc/inst/gen_axilite.gen_b2s_conv.axilite_b2s/RD.r_channel_0/rd_data_fifo_0/E[0]                                  | gpio_design_i/ps7_0_axi_periph/s00_couplers/auto_pc/inst/gen_axilite.gen_b2s_conv.axilite_b2s/areset_d1                                                  |                2 |              5 |
|  gpio_design_i/processing_system7_0/inst/FCLK_CLK0 | gpio_design_i/rst_ps7_0_50M/U0/SEQ/seq_cnt_en                                                                                                                     | gpio_design_i/rst_ps7_0_50M/U0/SEQ/SEQ_COUNTER/clear                                                                                                     |                1 |              6 |
|  gpio_design_i/processing_system7_0/inst/FCLK_CLK0 | gpio_design_i/led/U0/AXI_LITE_IPIF_I/I_SLAVE_ATTACHMENT/I_DECODER/E[0]                                                                                            | gpio_design_i/led/U0/AXI_LITE_IPIF_I/I_SLAVE_ATTACHMENT/SR[0]                                                                                            |                1 |              8 |
|  gpio_design_i/processing_system7_0/inst/FCLK_CLK0 | gpio_design_i/ps7_0_axi_periph/s00_couplers/auto_pc/inst/gen_axilite.gen_b2s_conv.axilite_b2s/WR.b_channel_0/mhandshake_r                                         | gpio_design_i/ps7_0_axi_periph/s00_couplers/auto_pc/inst/gen_axilite.gen_b2s_conv.axilite_b2s/WR.b_channel_0/bid_fifo_0/SR[0]                            |                3 |              8 |
|  gpio_design_i/processing_system7_0/inst/FCLK_CLK0 |                                                                                                                                                                   | gpio_design_i/ps7_0_axi_periph/s00_couplers/auto_pc/inst/gen_axilite.gen_b2s_conv.axilite_b2s/areset_d1                                                  |                5 |             10 |
|  gpio_design_i/processing_system7_0/inst/FCLK_CLK0 |                                                                                                                                                                   | gpio_design_i/ps7_0_axi_periph/xbar/inst/gen_sasd.crossbar_sasd_0/addr_arbiter_inst/SR[0]                                                                |                5 |             11 |
|  gpio_design_i/processing_system7_0/inst/FCLK_CLK0 | gpio_design_i/ps7_0_axi_periph/s00_couplers/auto_pc/inst/gen_axilite.gen_b2s_conv.axilite_b2s/WR.aw_channel_0/aw_cmd_fsm_0/E[0]                                   |                                                                                                                                                          |                5 |             12 |
|  gpio_design_i/processing_system7_0/inst/FCLK_CLK0 | gpio_design_i/ps7_0_axi_periph/s00_couplers/auto_pc/inst/gen_axilite.gen_b2s_conv.axilite_b2s/RD.ar_channel_0/ar_cmd_fsm_0/E[0]                                   |                                                                                                                                                          |                7 |             12 |
|  gpio_design_i/processing_system7_0/inst/FCLK_CLK0 | gpio_design_i/ps7_0_axi_periph/s00_couplers/auto_pc/inst/gen_axilite.gen_b2s_conv.axilite_b2s/WR.aw_channel_0/cmd_translator_0/incr_cmd_0/axaddr_incr[11]_i_1_n_0 |                                                                                                                                                          |                2 |             12 |
|  gpio_design_i/processing_system7_0/inst/FCLK_CLK0 | gpio_design_i/ps7_0_axi_periph/s00_couplers/auto_pc/inst/gen_axilite.gen_b2s_conv.axilite_b2s/RD.ar_channel_0/ar_cmd_fsm_0/sel_first_reg_1[0]                     |                                                                                                                                                          |                2 |             12 |
|  gpio_design_i/processing_system7_0/inst/FCLK_CLK0 | gpio_design_i/ps7_0_axi_periph/s00_couplers/auto_pc/inst/gen_axilite.gen_b2s_conv.axilite_b2s/RD.r_channel_0/r_push_r                                             |                                                                                                                                                          |                4 |             13 |
|  gpio_design_i/processing_system7_0/inst/FCLK_CLK0 | gpio_design_i/ps7_0_axi_periph/s00_couplers/auto_pc/inst/gen_axilite.gen_b2s_conv.axilite_b2s/SI_REG/b.b_pipe/p_1_in                                              |                                                                                                                                                          |                2 |             14 |
|  gpio_design_i/processing_system7_0/inst/FCLK_CLK0 | gpio_design_i/ps7_0_axi_periph/s00_couplers/auto_pc/inst/gen_axilite.gen_b2s_conv.axilite_b2s/SI_REG/b.b_pipe/s_ready_i_reg_0                                     |                                                                                                                                                          |                2 |             14 |
|  gpio_design_i/processing_system7_0/inst/FCLK_CLK0 | gpio_design_i/ps7_0_axi_periph/xbar/inst/gen_sasd.crossbar_sasd_0/reg_slice_r/aa_rready                                                                           |                                                                                                                                                          |                8 |             15 |
|  gpio_design_i/processing_system7_0/inst/FCLK_CLK0 | gpio_design_i/ps7_0_axi_periph/s00_couplers/auto_pc/inst/gen_axilite.gen_b2s_conv.axilite_b2s/WR.aw_channel_0/aw_cmd_fsm_0/b_push                                 |                                                                                                                                                          |                3 |             16 |
|  gpio_design_i/processing_system7_0/inst/FCLK_CLK0 | gpio_design_i/ps7_0_axi_periph/xbar/inst/gen_sasd.crossbar_sasd_0/addr_arbiter_inst/p_0_in1_in                                                                    | gpio_design_i/ps7_0_axi_periph/xbar/inst/gen_sasd.crossbar_sasd_0/addr_arbiter_inst/SR[0]                                                                |                6 |             19 |
|  gpio_design_i/processing_system7_0/inst/FCLK_CLK0 |                                                                                                                                                                   | gpio_design_i/led/U0/AXI_LITE_IPIF_I/I_SLAVE_ATTACHMENT/SR[0]                                                                                            |                8 |             20 |
|  gpio_design_i/processing_system7_0/inst/FCLK_CLK0 |                                                                                                                                                                   | gpio_design_i/key/U0/AXI_LITE_IPIF_I/I_SLAVE_ATTACHMENT/SR[0]                                                                                            |                7 |             20 |
|  gpio_design_i/processing_system7_0/inst/FCLK_CLK0 | gpio_design_i/ps7_0_axi_periph/s00_couplers/auto_pc/inst/gen_axilite.gen_b2s_conv.axilite_b2s/RD.ar_channel_0/ar_cmd_fsm_0/m_valid_i_reg                          |                                                                                                                                                          |                6 |             21 |
|  gpio_design_i/processing_system7_0/inst/FCLK_CLK0 | gpio_design_i/ps7_0_axi_periph/s00_couplers/auto_pc/inst/gen_axilite.gen_b2s_conv.axilite_b2s/WR.aw_channel_0/aw_cmd_fsm_0/state_reg[0]_1                         |                                                                                                                                                          |               10 |             25 |
|  gpio_design_i/processing_system7_0/inst/FCLK_CLK0 | gpio_design_i/ps7_0_axi_periph/s00_couplers/auto_pc/inst/gen_axilite.gen_b2s_conv.axilite_b2s/RD.r_channel_0/rd_data_fifo_0/wr_en0                                |                                                                                                                                                          |                9 |             34 |
|  gpio_design_i/processing_system7_0/inst/FCLK_CLK0 | gpio_design_i/ps7_0_axi_periph/xbar/inst/gen_sasd.crossbar_sasd_0/addr_arbiter_inst/E[0]                                                                          |                                                                                                                                                          |               12 |             35 |
|  gpio_design_i/processing_system7_0/inst/FCLK_CLK0 | gpio_design_i/ps7_0_axi_periph/s00_couplers/auto_pc/inst/gen_axilite.gen_b2s_conv.axilite_b2s/SI_REG/r.r_pipe/s_ready_i_reg_0                                     |                                                                                                                                                          |                7 |             47 |
|  gpio_design_i/processing_system7_0/inst/FCLK_CLK0 | gpio_design_i/ps7_0_axi_periph/s00_couplers/auto_pc/inst/gen_axilite.gen_b2s_conv.axilite_b2s/SI_REG/r.r_pipe/p_1_in                                              |                                                                                                                                                          |                7 |             47 |
|  gpio_design_i/processing_system7_0/inst/FCLK_CLK0 | gpio_design_i/ps7_0_axi_periph/s00_couplers/auto_pc/inst/gen_axilite.gen_b2s_conv.axilite_b2s/WR.aw_channel_0/aw_cmd_fsm_0/m_valid_i_reg[0]                       |                                                                                                                                                          |                7 |             48 |
|  gpio_design_i/processing_system7_0/inst/FCLK_CLK0 | gpio_design_i/ps7_0_axi_periph/s00_couplers/auto_pc/inst/gen_axilite.gen_b2s_conv.axilite_b2s/SI_REG/ar.ar_pipe/s_ready_i_reg_0                                   |                                                                                                                                                          |                8 |             48 |
|  gpio_design_i/processing_system7_0/inst/FCLK_CLK0 | gpio_design_i/ps7_0_axi_periph/s00_couplers/auto_pc/inst/gen_axilite.gen_b2s_conv.axilite_b2s/RD.ar_channel_0/ar_cmd_fsm_0/FSM_sequential_state_reg[1]_0[0]       |                                                                                                                                                          |               11 |             48 |
|  gpio_design_i/processing_system7_0/inst/FCLK_CLK0 | gpio_design_i/ps7_0_axi_periph/s00_couplers/auto_pc/inst/gen_axilite.gen_b2s_conv.axilite_b2s/SI_REG/aw.aw_pipe/s_ready_i_reg_0                                   |                                                                                                                                                          |                8 |             48 |
|  gpio_design_i/processing_system7_0/inst/FCLK_CLK0 |                                                                                                                                                                   |                                                                                                                                                          |               60 |            170 |
+----------------------------------------------------+-------------------------------------------------------------------------------------------------------------------------------------------------------------------+----------------------------------------------------------------------------------------------------------------------------------------------------------+------------------+----------------+


