Copyright 1986-2018 Xilinx, Inc. All Rights Reserved.
-------------------------------------------------------------------------------------------------------------------------------------------------------------------------
| Tool Version     : Vivado v.2018.3 (win64) Build 2405991 Thu Dec  6 23:38:27 MST 2018
| Date             : Fri Oct 15 13:19:49 2021
| Host             : DESKTOP-HMF772I running 64-bit major release  (build 9200)
| Command          : report_power -file ip_design_wrapper_power_routed.rpt -pb ip_design_wrapper_power_summary_routed.pb -rpx ip_design_wrapper_power_routed.rpx
| Design           : ip_design_wrapper
| Device           : xc7z020clg400-2
| Design State     : routed
| Grade            : commercial
| Process          : typical
| Characterization : Production
-------------------------------------------------------------------------------------------------------------------------------------------------------------------------

Power Report

Table of Contents
-----------------
1. Summary
1.1 On-Chip Components
1.2 Power Supply Summary
1.3 Confidence Level
2. Settings
2.1 Environment
2.2 Clock Constraints
3. Detailed Reports
3.1 By Hierarchy

1. Summary
----------

+--------------------------+--------------+
| Total On-Chip Power (W)  | 1.850        |
| Design Power Budget (W)  | Unspecified* |
| Power Budget Margin (W)  | NA           |
| Dynamic (W)              | 1.701        |
| Device Static (W)        | 0.149        |
| Effective TJA (C/W)      | 11.5         |
| Max Ambient (C)          | 63.7         |
| Junction Temperature (C) | 46.3         |
| Confidence Level         | Low          |
| Setting File             | ---          |
| Simulation Activity File | ---          |
| Design Nets Matched      | NA           |
+--------------------------+--------------+
* Specify Design Power Budget using, set_operating_conditions -design_power_budget <value in Watts>


1.1 On-Chip Components
----------------------

+--------------------------+-----------+----------+-----------+-----------------+
| On-Chip                  | Power (W) | Used     | Available | Utilization (%) |
+--------------------------+-----------+----------+-----------+-----------------+
| Clocks                   |     0.024 |        6 |       --- |             --- |
| Slice Logic              |     0.006 |    11700 |       --- |             --- |
|   LUT as Logic           |     0.005 |     3425 |     53200 |            6.44 |
|   Register               |    <0.001 |     6519 |    106400 |            6.13 |
|   CARRY4                 |    <0.001 |      146 |     13300 |            1.10 |
|   LUT as Distributed RAM |    <0.001 |      100 |     17400 |            0.57 |
|   F7/F8 Muxes            |    <0.001 |      155 |     53200 |            0.29 |
|   LUT as Shift Register  |    <0.001 |      143 |     17400 |            0.82 |
|   Others                 |     0.000 |      459 |       --- |             --- |
| Signals                  |     0.010 |     8526 |       --- |             --- |
| Block RAM                |     0.001 |        5 |       140 |            3.57 |
| MMCM                     |     0.107 |        1 |         4 |           25.00 |
| I/O                      |     0.019 |       33 |       125 |           26.40 |
| PS7                      |     1.534 |        1 |       --- |             --- |
| Static Power             |     0.149 |          |           |                 |
| Total                    |     1.850 |          |           |                 |
+--------------------------+-----------+----------+-----------+-----------------+


1.2 Power Supply Summary
------------------------

+-----------+-------------+-----------+-------------+------------+
| Source    | Voltage (V) | Total (A) | Dynamic (A) | Static (A) |
+-----------+-------------+-----------+-------------+------------+
| Vccint    |       1.000 |     0.058 |       0.042 |      0.016 |
| Vccaux    |       1.800 |     0.075 |       0.060 |      0.016 |
| Vcco33    |       3.300 |     0.006 |       0.005 |      0.001 |
| Vcco25    |       2.500 |     0.000 |       0.000 |      0.000 |
| Vcco18    |       1.800 |     0.000 |       0.000 |      0.000 |
| Vcco15    |       1.500 |     0.000 |       0.000 |      0.000 |
| Vcco135   |       1.350 |     0.000 |       0.000 |      0.000 |
| Vcco12    |       1.200 |     0.000 |       0.000 |      0.000 |
| Vccaux_io |       1.800 |     0.000 |       0.000 |      0.000 |
| Vccbram   |       1.000 |     0.001 |       0.000 |      0.001 |
| MGTAVcc   |       1.000 |     0.000 |       0.000 |      0.000 |
| MGTAVtt   |       1.200 |     0.000 |       0.000 |      0.000 |
| MGTVccaux |       1.800 |     0.000 |       0.000 |      0.000 |
| Vccpint   |       1.000 |     0.754 |       0.722 |      0.032 |
| Vccpaux   |       1.800 |     0.061 |       0.051 |      0.010 |
| Vccpll    |       1.800 |     0.017 |       0.014 |      0.003 |
| Vcco_ddr  |       1.500 |     0.459 |       0.457 |      0.002 |
| Vcco_mio0 |       3.300 |     0.003 |       0.002 |      0.001 |
| Vcco_mio1 |       1.800 |     0.003 |       0.002 |      0.001 |
| Vccadc    |       1.800 |     0.020 |       0.000 |      0.020 |
+-----------+-------------+-----------+-------------+------------+


1.3 Confidence Level
--------------------

+-----------------------------+------------+--------------------------------------------------------+------------------------------------------------------------------------------------------------------------+
| User Input Data             | Confidence | Details                                                | Action                                                                                                     |
+-----------------------------+------------+--------------------------------------------------------+------------------------------------------------------------------------------------------------------------+
| Design implementation state | High       | Design is routed                                       |                                                                                                            |
| Clock nodes activity        | High       | User specified more than 95% of clocks                 |                                                                                                            |
| I/O nodes activity          | Low        | More than 75% of inputs are missing user specification | Provide missing input activity with simulation results or by editing the "By Resource Type -> I/Os" view   |
| Internal nodes activity     | Medium     | User specified less than 25% of internal nodes         | Provide missing internal nodes activity with simulation results or by editing the "By Resource Type" views |
| Device models               | High       | Device models are Production                           |                                                                                                            |
|                             |            |                                                        |                                                                                                            |
| Overall confidence level    | Low        |                                                        |                                                                                                            |
+-----------------------------+------------+--------------------------------------------------------+------------------------------------------------------------------------------------------------------------+


2. Settings
-----------

2.1 Environment
---------------

+-----------------------+------------------------+
| Ambient Temp (C)      | 25.0                   |
| ThetaJA (C/W)         | 11.5                   |
| Airflow (LFM)         | 250                    |
| Heat Sink             | none                   |
| ThetaSA (C/W)         | 0.0                    |
| Board Selection       | medium (10"x10")       |
| # of Board Layers     | 8to11 (8 to 11 Layers) |
| Board Temperature (C) | 25.0                   |
+-----------------------+------------------------+


2.2 Clock Constraints
---------------------

+------------------------+--------------------------------------------------------------+-----------------+
| Clock                  | Domain                                                       | Constraint (ns) |
+------------------------+--------------------------------------------------------------+-----------------+
| I                      | ip_design_i/axi_dynclk_0/U0/Inst_mmcme2_drp/I                |             2.0 |
| axi_dynclk_0_PXL_CLK_O | ip_design_i/axi_dynclk_0/U0/PXL_CLK_O                        |            10.0 |
| clk_fpga_0             | ip_design_i/processing_system7_0/inst/FCLK_CLK_unbuffered[0] |            10.0 |
| mmcm_fbclk_out         | ip_design_i/axi_dynclk_0/U0/Inst_mmcme2_drp/mmcm_fbclk_out   |            10.0 |
+------------------------+--------------------------------------------------------------+-----------------+


3. Detailed Reports
-------------------

3.1 By Hierarchy
----------------

+--------------------------+-----------+
| Name                     | Power (W) |
+--------------------------+-----------+
| ip_design_wrapper        |     1.701 |
|   EMIO_GPIO_tri_iobuf_0  |     0.004 |
|   EMIO_GPIO_tri_iobuf_1  |     0.004 |
|   ip_design_i            |     1.681 |
|     axi_dynclk_0         |     0.110 |
|       U0                 |     0.110 |
|     axi_smc              |     0.007 |
|       inst               |     0.007 |
|     axi_vdma_0           |     0.008 |
|       U0                 |     0.008 |
|     processing_system7_0 |     1.535 |
|       inst               |     1.535 |
|     ps7_0_axi_periph     |     0.005 |
|       s00_couplers       |     0.004 |
|       xbar               |     0.001 |
|     v_axi4s_vid_out_0    |     0.004 |
|       inst               |     0.004 |
|     v_tc_0               |     0.012 |
|       U0                 |     0.012 |
+--------------------------+-----------+


