#-----------------------------------------------------------
# Webtalk v2016.3 (64-bit)
# SW Build 1682563 on Mon Oct 10 19:07:27 MDT 2016
# 
# Start of session at: Mon Sep 06 21:27:18 2021
# Process ID: 37124
# Current directory: C:/Users/mi/Desktop/Programma/ZYNQ/001_lab1_hello/001_lab1_hello.sdk/webtalk
# Command line: wbtcv.exe -mode batch -source sdk_webtalk.tcl
# Log file: C:/Users/mi/Desktop/Programma/ZYNQ/001_lab1_hello/001_lab1_hello.sdk/webtalk/webtalk.log
# Journal file: C:/Users/mi/Desktop/Programma/ZYNQ/001_lab1_hello/001_lab1_hello.sdk/webtalk\webtalk.jou
#-----------------------------------------------------------
source sdk_webtalk.tcl
# webtalk_init -webtalk_dir C:\\Users\\mi\\Desktop\\Programma\\ZYNQ\\001_lab1_hello\\001_lab1_hello.sdk\\webtalk
# webtalk_register_client -client project
# webtalk_add_data -client project -key date_generated -value "2021-09-06 21:27:16" -context "software_version_and_target_device"
# webtalk_add_data -client project -key product_version -value "SDK v2016.3" -context "software_version_and_target_device"
# webtalk_add_data -client project -key build_version -value "2016.3" -context "software_version_and_target_device"
# webtalk_add_data -client project -key os_platform -value "amd64" -context "software_version_and_target_device"
# webtalk_add_data -client project -key registration_id -value "212279151_0_0_300" -context "software_version_and_target_device"
# webtalk_add_data -client project -key tool_flow -value "SDK" -context "software_version_and_target_device"
# webtalk_add_data -client project -key beta -value "false" -context "software_version_and_target_device"
# webtalk_add_data -client project -key route_design -value "NA" -context "software_version_and_target_device"
# webtalk_add_data -client project -key target_family -value "NA" -context "software_version_and_target_device"
# webtalk_add_data -client project -key target_device -value "NA" -context "software_version_and_target_device"
# webtalk_add_data -client project -key target_package -value "NA" -context "software_version_and_target_device"
# webtalk_add_data -client project -key target_speed -value "NA" -context "software_version_and_target_device"
# webtalk_add_data -client project -key random_id -value "md1e4hhva4h4h2hglpk7chtgli" -context "software_version_and_target_device"
# webtalk_add_data -client project -key project_id -value "2016.3_1" -context "software_version_and_target_device"
# webtalk_add_data -client project -key project_iteration -value "1" -context "software_version_and_target_device"
# webtalk_add_data -client project -key os_name -value "Microsoft Windows 8 or later , 64-bit" -context "user_environment"
# webtalk_add_data -client project -key os_release -value "major release  (build 9200)" -context "user_environment"
# webtalk_add_data -client project -key cpu_name -value "Intel(R) Core(TM) i7-7700HQ CPU @ 2.80GHz" -context "user_environment"
# webtalk_add_data -client project -key cpu_speed -value "2808 MHz" -context "user_environment"
# webtalk_add_data -client project -key total_processors -value "1" -context "user_environment"
# webtalk_add_data -client project -key system_ram -value "17.000 GB" -context "user_environment"
# webtalk_register_client -client sdk
# webtalk_add_data -client sdk -key uid -value "1630940991108" -context "sdk\\\\hardware/1630940991108"
# webtalk_add_data -client sdk -key isZynq -value "true" -context "sdk\\\\hardware/1630940991108"
# webtalk_add_data -client sdk -key isZynqMP -value "false" -context "sdk\\\\hardware/1630940991108"
# webtalk_add_data -client sdk -key Processors -value "2" -context "sdk\\\\hardware/1630940991108"
# webtalk_add_data -client sdk -key VivadoVersion -value "2016.3" -context "sdk\\\\hardware/1630940991108"
# webtalk_add_data -client sdk -key Arch -value "zynq" -context "sdk\\\\hardware/1630940991108"
# webtalk_add_data -client sdk -key Device -value "7z020" -context "sdk\\\\hardware/1630940991108"
# webtalk_add_data -client sdk -key IsHandoff -value "true" -context "sdk\\\\hardware/1630940991108"
# webtalk_add_data -client sdk -key os -value "NA" -context "sdk\\\\hardware/1630940991108"
# webtalk_add_data -client sdk -key apptemplate -value "NA" -context "sdk\\\\hardware/1630940991108"
# webtalk_add_data -client sdk -key RecordType -value "HWCreation" -context "sdk\\\\hardware/1630940991108"
# webtalk_add_data -client sdk -key uid -value "1630942554523" -context "sdk\\\\bsp/1630942554523"
# webtalk_add_data -client sdk -key hwid -value "1630940991108" -context "sdk\\\\bsp/1630942554523"
# webtalk_add_data -client sdk -key os -value "standalone" -context "sdk\\\\bsp/1630942554523"
# webtalk_add_data -client sdk -key apptemplate -value "hello_world" -context "sdk\\\\bsp/1630942554523"
# webtalk_add_data -client sdk -key RecordType -value "BSPCreation" -context "sdk\\\\bsp/1630942554523"
# webtalk_add_data -client sdk -key uid -value "1630942558028" -context "sdk\\\\application/1630942558028"
# webtalk_add_data -client sdk -key hwid -value "1630940991108" -context "sdk\\\\application/1630942558028"
# webtalk_add_data -client sdk -key bspid -value "1630942554523" -context "sdk\\\\application/1630942558028"
# webtalk_add_data -client sdk -key newbsp -value "true" -context "sdk\\\\application/1630942558028"
# webtalk_add_data -client sdk -key os -value "standalone" -context "sdk\\\\application/1630942558028"
# webtalk_add_data -client sdk -key apptemplate -value "hello_world" -context "sdk\\\\application/1630942558028"
# webtalk_add_data -client sdk -key RecordType -value "APPCreation" -context "sdk\\\\application/1630942558028"
# webtalk_add_data -client sdk -key LangUsed -value "C" -context "sdk\\\\application/1630942558028"
# webtalk_add_data -client sdk -key Procused -value "ps7_cortexa9" -context "sdk\\\\application/1630942558028"
# webtalk_add_data -client sdk -key projSize -value "689.265625" -context "sdk\\\\application/1630942558028"
# webtalk_add_data -client sdk -key uid -value "NA" -context "sdk\\\\bsp/1630952836561"
# webtalk_add_data -client sdk -key RecordType -value "ToolUsage" -context "sdk\\\\bsp/1630952836561"
# webtalk_add_data -client sdk -key BootgenCount -value "0" -context "sdk\\\\bsp/1630952836561"
# webtalk_add_data -client sdk -key DebugCount -value "3" -context "sdk\\\\bsp/1630952836561"
# webtalk_add_data -client sdk -key PerfCount -value "0" -context "sdk\\\\bsp/1630952836561"
# webtalk_add_data -client sdk -key FlashCount -value "0" -context "sdk\\\\bsp/1630952836561"
# webtalk_add_data -client sdk -key CrossTriggCount -value "0" -context "sdk\\\\bsp/1630952836561"
# webtalk_add_data -client sdk -key QemuDebugCount -value "0" -context "sdk\\\\bsp/1630952836561"
# webtalk_transmit -clientid 1428329616 -regid "212279151_0_0_300" -xml C:\\Users\\mi\\Desktop\\Programma\\ZYNQ\\001_lab1_hello\\001_lab1_hello.sdk\\webtalk\\usage_statistics_ext_sdk.xml -html C:\\Users\\mi\\Desktop\\Programma\\ZYNQ\\001_lab1_hello\\001_lab1_hello.sdk\\webtalk\\usage_statistics_ext_sdk.html -wdm C:\\Users\\mi\\Desktop\\Programma\\ZYNQ\\001_lab1_hello\\001_lab1_hello.sdk\\webtalk\\sdk_webtalk.wdm -intro "<H3>SDK Usage Report</H3><BR>"
# webtalk_terminate
INFO: [Common 17-206] Exiting Webtalk at Mon Sep 06 21:27:24 2021...
