Copyright 1986-2016 Xilinx, Inc. All Rights Reserved.
----------------------------------------------------------------------------------------------
| Tool Version : Vivado v.2016.3 (win64) Build 1682563 Mon Oct 10 19:07:27 MDT 2016
| Date         : Mon Sep 06 23:33:26 2021
| Host         : DESKTOP-HMF772I running 64-bit major release  (build 9200)
| Command      : report_control_sets -verbose -file PS_system_wrapper_control_sets_placed.rpt
| Design       : PS_system_wrapper
| Device       : xc7z020
----------------------------------------------------------------------------------------------

Control Set Information

Table of Contents
-----------------
1. Summary
2. Flip-Flop Distribution
3. Detailed Control Set Information

1. Summary
----------

+----------------------------------------------------------+-------+
|                          Status                          | Count |
+----------------------------------------------------------+-------+
| Number of unique control sets                            |    50 |
| Unused register locations in slices containing registers |   125 |
+----------------------------------------------------------+-------+


2. Flip-Flop Distribution
-------------------------

+--------------+-----------------------+------------------------+-----------------+--------------+
| Clock Enable | Synchronous Set/Reset | Asynchronous Set/Reset | Total Registers | Total Slices |
+--------------+-----------------------+------------------------+-----------------+--------------+
| No           | No                    | No                     |             135 |           45 |
| No           | No                    | Yes                    |               0 |            0 |
| No           | Yes                   | No                     |             120 |           43 |
| Yes          | No                    | No                     |             469 |          109 |
| Yes          | No                    | Yes                    |               0 |            0 |
| Yes          | Yes                   | No                     |             239 |           91 |
+--------------+-----------------------+------------------------+-----------------+--------------+


3. Detailed Control Set Information
-----------------------------------

+--------------------------------------------------+----------------------------------------------------------------------------------------------------------------------------------------------------------------+-------------------------------------------------------------------------------------------------------------------------------------------+------------------+----------------+
|                   Clock Signal                   |                                                                          Enable Signal                                                                         |                                                              Set/Reset Signal                                                             | Slice Load Count | Bel Load Count |
+--------------------------------------------------+----------------------------------------------------------------------------------------------------------------------------------------------------------------+-------------------------------------------------------------------------------------------------------------------------------------------+------------------+----------------+
|  PS_system_i/processing_system7_0/inst/FCLK_CLK0 |                                                                                                                                                                | PS_system_i/axi_timer_0/U0/AXI4_LITE_I/I_SLAVE_ATTACHMENT/I_DECODER/TCSR0_GENERATE[23].TCSR0_FF_I                                         |                1 |              1 |
|  PS_system_i/processing_system7_0/inst/FCLK_CLK0 |                                                                                                                                                                | PS_system_i/axi_timer_0/U0/AXI4_LITE_I/I_SLAVE_ATTACHMENT/I_DECODER/TCSR1_GENERATE[23].TCSR1_FF_I                                         |                1 |              1 |
|  PS_system_i/processing_system7_0/inst/FCLK_CLK0 | PS_system_i/axi_gpio_0/U0/AXI_LITE_IPIF_I/I_SLAVE_ATTACHMENT/I_DECODER/p_2_out12_out                                                                           | PS_system_i/axi_gpio_0/U0/AXI_LITE_IPIF_I/I_SLAVE_ATTACHMENT/SR                                                                           |                1 |              1 |
|  PS_system_i/processing_system7_0/inst/FCLK_CLK0 | PS_system_i/ps7_0_axi_periph/s00_couplers/auto_pc/inst/gen_axilite.gen_b2s_conv.axilite_b2s/WR.b_channel_0/bid_fifo_0/bresp_push                               |                                                                                                                                           |                1 |              2 |
|  PS_system_i/processing_system7_0/inst/FCLK_CLK0 |                                                                                                                                                                | PS_system_i/axi_gpio_0/U0/AXI_LITE_IPIF_I/I_SLAVE_ATTACHMENT/clear                                                                        |                1 |              4 |
|  PS_system_i/processing_system7_0/inst/FCLK_CLK0 |                                                                                                                                                                | PS_system_i/ps7_0_axi_periph/s00_couplers/auto_pc/inst/gen_axilite.gen_b2s_conv.axilite_b2s/SI_REG/ar_pipe/m_valid_i_reg_0                |                2 |              4 |
|  PS_system_i/processing_system7_0/inst/FCLK_CLK0 |                                                                                                                                                                | PS_system_i/ps7_0_axi_periph/s00_couplers/auto_pc/inst/gen_axilite.gen_b2s_conv.axilite_b2s/SI_REG/aw_pipe/s_ready_i_reg_0                |                2 |              4 |
|  PS_system_i/processing_system7_0/inst/FCLK_CLK0 | PS_system_i/ps7_0_axi_periph/s00_couplers/auto_pc/inst/gen_axilite.gen_b2s_conv.axilite_b2s/WR.aw_channel_0/aw_cmd_fsm_0/axaddr_wrap_reg[0]                    | PS_system_i/ps7_0_axi_periph/s00_couplers/auto_pc/inst/gen_axilite.gen_b2s_conv.axilite_b2s/WR.aw_channel_0/aw_cmd_fsm_0/axlen_cnt_reg[7] |                1 |              4 |
|  PS_system_i/processing_system7_0/inst/FCLK_CLK0 | PS_system_i/ps7_0_axi_periph/s00_couplers/auto_pc/inst/gen_axilite.gen_b2s_conv.axilite_b2s/RD.ar_channel_0/ar_cmd_fsm_0/axlen_cnt_reg[3][0]                   | PS_system_i/ps7_0_axi_periph/s00_couplers/auto_pc/inst/gen_axilite.gen_b2s_conv.axilite_b2s/RD.ar_channel_0/ar_cmd_fsm_0/axlen_cnt_reg[7] |                2 |              4 |
|  PS_system_i/processing_system7_0/inst/FCLK_CLK0 | PS_system_i/axi_timer_0/U0/AXI4_LITE_I/I_SLAVE_ATTACHMENT/bus2ip_addr_i[4]_i_1_n_0                                                                             | PS_system_i/axi_timer_0/U0/AXI4_LITE_I/I_SLAVE_ATTACHMENT/rst                                                                             |                2 |              4 |
|  PS_system_i/processing_system7_0/inst/FCLK_CLK0 | PS_system_i/axi_timer_0/U0/AXI4_LITE_I/I_SLAVE_ATTACHMENT/I_DECODER/pair0_Select                                                                               | PS_system_i/axi_timer_0/U0/TC_CORE_I/GEN_SECOND_TIMER.COUNTER_1_I/COUNTER_I/SR[0]                                                         |                2 |              4 |
|  PS_system_i/processing_system7_0/inst/FCLK_CLK0 | PS_system_i/axi_gpio_0/U0/AXI_LITE_IPIF_I/I_SLAVE_ATTACHMENT/bus2ip_addr_i[8]_i_1_n_0                                                                          | PS_system_i/axi_gpio_0/U0/AXI_LITE_IPIF_I/I_SLAVE_ATTACHMENT/SR                                                                           |                1 |              4 |
|  PS_system_i/processing_system7_0/inst/FCLK_CLK0 |                                                                                                                                                                | PS_system_i/rst_ps7_0_50M/U0/EXT_LPF/lpf_int                                                                                              |                3 |              5 |
|  PS_system_i/processing_system7_0/inst/FCLK_CLK0 |                                                                                                                                                                | PS_system_i/axi_timer_0/U0/TC_CORE_I/GEN_SECOND_TIMER.COUNTER_1_I/COUNTER_I/SR[0]                                                         |                2 |              5 |
|  PS_system_i/processing_system7_0/inst/FCLK_CLK0 |                                                                                                                                                                | PS_system_i/axi_timer_0/U0/AXI4_LITE_I/I_SLAVE_ATTACHMENT/clear                                                                           |                2 |              6 |
|  PS_system_i/processing_system7_0/inst/FCLK_CLK0 | PS_system_i/rst_ps7_0_50M/U0/SEQ/seq_cnt_en                                                                                                                    | PS_system_i/rst_ps7_0_50M/U0/SEQ/SEQ_COUNTER/clear                                                                                        |                1 |              6 |
|  PS_system_i/processing_system7_0/inst/FCLK_CLK0 |                                                                                                                                                                | PS_system_i/axi_timer_0/U0/AXI4_LITE_I/I_SLAVE_ATTACHMENT/rst                                                                             |                4 |              7 |
|  PS_system_i/processing_system7_0/inst/FCLK_CLK0 | PS_system_i/axi_timer_0/U0/AXI4_LITE_I/I_SLAVE_ATTACHMENT/start2                                                                                               | PS_system_i/axi_timer_0/U0/AXI4_LITE_I/I_SLAVE_ATTACHMENT/I_DECODER/cs_ce_clr                                                             |                2 |              7 |
|  PS_system_i/processing_system7_0/inst/FCLK_CLK0 | PS_system_i/ps7_0_axi_periph/s00_couplers/auto_pc/inst/gen_axilite.gen_b2s_conv.axilite_b2s/WR.b_channel_0/mhandshake_r                                        | PS_system_i/ps7_0_axi_periph/s00_couplers/auto_pc/inst/gen_axilite.gen_b2s_conv.axilite_b2s/WR.b_channel_0/bid_fifo_0/SR[0]               |                2 |              8 |
|  PS_system_i/processing_system7_0/inst/FCLK_CLK0 | PS_system_i/axi_timer_0/U0/AXI4_LITE_I/I_SLAVE_ATTACHMENT/I_DECODER/bus2ip_wrce[0]                                                                             | PS_system_i/axi_timer_0/U0/TC_CORE_I/GEN_SECOND_TIMER.COUNTER_1_I/COUNTER_I/SR[0]                                                         |                3 |              8 |
|  PS_system_i/processing_system7_0/inst/FCLK_CLK0 | PS_system_i/axi_timer_0/U0/AXI4_LITE_I/I_SLAVE_ATTACHMENT/I_DECODER/bus2ip_wrce[1]                                                                             | PS_system_i/axi_timer_0/U0/TC_CORE_I/GEN_SECOND_TIMER.COUNTER_1_I/COUNTER_I/SR[0]                                                         |                4 |              9 |
|  PS_system_i/processing_system7_0/inst/FCLK_CLK0 |                                                                                                                                                                | PS_system_i/ps7_0_axi_periph/xbar/inst/gen_sasd.crossbar_sasd_0/addr_arbiter_inst/SR[0]                                                   |                6 |             11 |
|  PS_system_i/processing_system7_0/inst/FCLK_CLK0 | PS_system_i/ps7_0_axi_periph/s00_couplers/auto_pc/inst/gen_axilite.gen_b2s_conv.axilite_b2s/WR.aw_channel_0/aw_cmd_fsm_0/wrap_boundary_axaddr_r_reg[11][0]     |                                                                                                                                           |                4 |             12 |
|  PS_system_i/processing_system7_0/inst/FCLK_CLK0 | PS_system_i/ps7_0_axi_periph/s00_couplers/auto_pc/inst/gen_axilite.gen_b2s_conv.axilite_b2s/RD.ar_channel_0/ar_cmd_fsm_0/E[0]                                  |                                                                                                                                           |                7 |             12 |
|  PS_system_i/processing_system7_0/inst/FCLK_CLK0 | PS_system_i/ps7_0_axi_periph/s00_couplers/auto_pc/inst/gen_axilite.gen_b2s_conv.axilite_b2s/RD.ar_channel_0/ar_cmd_fsm_0/axaddr_incr_reg[0]                    |                                                                                                                                           |                3 |             12 |
|  PS_system_i/processing_system7_0/inst/FCLK_CLK0 | PS_system_i/ps7_0_axi_periph/s00_couplers/auto_pc/inst/gen_axilite.gen_b2s_conv.axilite_b2s/WR.aw_channel_0/cmd_translator_0/incr_cmd_0/axaddr_incr[0]_i_1_n_0 |                                                                                                                                           |                3 |             12 |
|  PS_system_i/processing_system7_0/inst/FCLK_CLK0 | PS_system_i/ps7_0_axi_periph/s00_couplers/auto_pc/inst/gen_axilite.gen_b2s_conv.axilite_b2s/RD.r_channel_0/r_push_r                                            |                                                                                                                                           |                4 |             13 |
|  PS_system_i/processing_system7_0/inst/FCLK_CLK0 | PS_system_i/ps7_0_axi_periph/s00_couplers/auto_pc/inst/gen_axilite.gen_b2s_conv.axilite_b2s/SI_REG/b_pipe/p_1_in                                               |                                                                                                                                           |                3 |             14 |
|  PS_system_i/processing_system7_0/inst/FCLK_CLK0 |                                                                                                                                                                | PS_system_i/axi_gpio_0/U0/AXI_LITE_IPIF_I/I_SLAVE_ATTACHMENT/SR                                                                           |                6 |             14 |
|  PS_system_i/processing_system7_0/inst/FCLK_CLK0 | PS_system_i/ps7_0_axi_periph/s00_couplers/auto_pc/inst/gen_axilite.gen_b2s_conv.axilite_b2s/SI_REG/b_pipe/skid_buffer_reg[0]_0                                 |                                                                                                                                           |                3 |             14 |
|  PS_system_i/processing_system7_0/inst/FCLK_CLK0 | PS_system_i/ps7_0_axi_periph/s00_couplers/auto_pc/inst/gen_axilite.gen_b2s_conv.axilite_b2s/RD.ar_channel_0/ar_cmd_fsm_0/axlen_cnt_reg[3][0]                   |                                                                                                                                           |               10 |             20 |
|  PS_system_i/processing_system7_0/inst/FCLK_CLK0 | PS_system_i/ps7_0_axi_periph/s00_couplers/auto_pc/inst/gen_axilite.gen_b2s_conv.axilite_b2s/WR.aw_channel_0/aw_cmd_fsm_0/axaddr_wrap_reg[0]                    |                                                                                                                                           |                7 |             20 |
|  PS_system_i/processing_system7_0/inst/FCLK_CLK0 | PS_system_i/ps7_0_axi_periph/s00_couplers/auto_pc/inst/gen_axilite.gen_b2s_conv.axilite_b2s/WR.aw_channel_0/aw_cmd_fsm_0/b_push                                |                                                                                                                                           |                5 |             20 |
|  PS_system_i/processing_system7_0/inst/FCLK_CLK0 | PS_system_i/ps7_0_axi_periph/xbar/inst/gen_sasd.crossbar_sasd_0/addr_arbiter_inst/p_0_in1_in                                                                   | PS_system_i/ps7_0_axi_periph/xbar/inst/gen_sasd.crossbar_sasd_0/addr_arbiter_inst/SR[0]                                                   |                7 |             20 |
|  PS_system_i/processing_system7_0/inst/FCLK_CLK0 | PS_system_i/ps7_0_axi_periph/xbar/inst/gen_sasd.crossbar_sasd_0/reg_slice_r/aa_rready                                                                          |                                                                                                                                           |                8 |             32 |
|  PS_system_i/processing_system7_0/inst/FCLK_CLK0 | PS_system_i/axi_timer_0/U0/AXI4_LITE_I/I_SLAVE_ATTACHMENT/s_axi_rdata_i                                                                                        | PS_system_i/axi_timer_0/U0/AXI4_LITE_I/I_SLAVE_ATTACHMENT/rst                                                                             |               32 |             32 |
|  PS_system_i/processing_system7_0/inst/FCLK_CLK0 | PS_system_i/axi_timer_0/U0/TC_CORE_I/TIMER_CONTROL_I/INPUT_DOUBLE_REGS3/INFERRED_GEN.icount_out_reg[0][0]                                                      | PS_system_i/axi_timer_0/U0/TC_CORE_I/GEN_SECOND_TIMER.COUNTER_1_I/COUNTER_I/SR[0]                                                         |                5 |             32 |
|  PS_system_i/processing_system7_0/inst/FCLK_CLK0 | PS_system_i/axi_timer_0/U0/TC_CORE_I/TIMER_CONTROL_I/INPUT_DOUBLE_REGS3/E[0]                                                                                   | PS_system_i/axi_timer_0/U0/TC_CORE_I/GEN_SECOND_TIMER.COUNTER_1_I/COUNTER_I/SR[0]                                                         |                5 |             32 |
|  PS_system_i/processing_system7_0/inst/FCLK_CLK0 | PS_system_i/axi_timer_0/U0/TC_CORE_I/TIMER_CONTROL_I/CE_0                                                                                                      | PS_system_i/axi_timer_0/U0/TC_CORE_I/GEN_SECOND_TIMER.COUNTER_1_I/COUNTER_I/SR[0]                                                         |               11 |             32 |
|  PS_system_i/processing_system7_0/inst/FCLK_CLK0 | PS_system_i/axi_timer_0/U0/TC_CORE_I/TIMER_CONTROL_I/CE                                                                                                        | PS_system_i/axi_timer_0/U0/TC_CORE_I/GEN_SECOND_TIMER.COUNTER_1_I/COUNTER_I/SR[0]                                                         |               10 |             32 |
|  PS_system_i/processing_system7_0/inst/FCLK_CLK0 | PS_system_i/ps7_0_axi_periph/s00_couplers/auto_pc/inst/gen_axilite.gen_b2s_conv.axilite_b2s/RD.r_channel_0/rd_data_fifo_0/wr_en0                               |                                                                                                                                           |                9 |             34 |
|  PS_system_i/processing_system7_0/inst/FCLK_CLK0 | PS_system_i/ps7_0_axi_periph/xbar/inst/gen_sasd.crossbar_sasd_0/addr_arbiter_inst/E[0]                                                                         |                                                                                                                                           |                9 |             35 |
|  PS_system_i/processing_system7_0/inst/FCLK_CLK0 | PS_system_i/ps7_0_axi_periph/s00_couplers/auto_pc/inst/gen_axilite.gen_b2s_conv.axilite_b2s/SI_REG/r_pipe/p_1_in                                               |                                                                                                                                           |                7 |             47 |
|  PS_system_i/processing_system7_0/inst/FCLK_CLK0 | PS_system_i/ps7_0_axi_periph/s00_couplers/auto_pc/inst/gen_axilite.gen_b2s_conv.axilite_b2s/SI_REG/r_pipe/skid_buffer_reg[0]_0                                 |                                                                                                                                           |                8 |             47 |
|  PS_system_i/processing_system7_0/inst/FCLK_CLK0 | PS_system_i/ps7_0_axi_periph/s00_couplers/auto_pc/inst/gen_axilite.gen_b2s_conv.axilite_b2s/RD.ar_channel_0/ar_cmd_fsm_0/m_payload_i_reg[0]_1[0]               |                                                                                                                                           |               10 |             48 |
|  PS_system_i/processing_system7_0/inst/FCLK_CLK0 | PS_system_i/ps7_0_axi_periph/s00_couplers/auto_pc/inst/gen_axilite.gen_b2s_conv.axilite_b2s/WR.aw_channel_0/aw_cmd_fsm_0/E[0]                                  |                                                                                                                                           |               10 |             48 |
|  PS_system_i/processing_system7_0/inst/FCLK_CLK0 | PS_system_i/ps7_0_axi_periph/s00_couplers/auto_pc/inst/gen_axilite.gen_b2s_conv.axilite_b2s/SI_REG/ar_pipe/skid_buffer_reg[0]_0                                |                                                                                                                                           |               10 |             48 |
|  PS_system_i/processing_system7_0/inst/FCLK_CLK0 | PS_system_i/ps7_0_axi_periph/s00_couplers/auto_pc/inst/gen_axilite.gen_b2s_conv.axilite_b2s/SI_REG/aw_pipe/skid_buffer_reg[0]_0                                |                                                                                                                                           |                7 |             48 |
|  PS_system_i/processing_system7_0/inst/FCLK_CLK0 |                                                                                                                                                                | PS_system_i/ps7_0_axi_periph/s00_couplers/auto_pc/inst/gen_axilite.gen_b2s_conv.axilite_b2s/areset_d1                                     |               13 |             58 |
|  PS_system_i/processing_system7_0/inst/FCLK_CLK0 |                                                                                                                                                                |                                                                                                                                           |               46 |            136 |
+--------------------------------------------------+----------------------------------------------------------------------------------------------------------------------------------------------------------------+-------------------------------------------------------------------------------------------------------------------------------------------+------------------+----------------+


+--------+-----------------------+
| Fanout | Number of ControlSets |
+--------+-----------------------+
| 1      |                     3 |
| 2      |                     1 |
| 4      |                     8 |
| 5      |                     2 |
| 6      |                     2 |
| 7      |                     2 |
| 8      |                     2 |
| 9      |                     1 |
| 11     |                     1 |
| 12     |                     4 |
| 13     |                     1 |
| 14     |                     3 |
| 16+    |                    20 |
+--------+-----------------------+


