15:45:06 INFO  : Registering command handlers for SDK TCF services
15:45:07 INFO  : Launching XSCT server: xsct.bat -interactive C:\Users\mi\Desktop\Programma\ZYNQ\XC7Z020_217_ES_use_custom_ip_LED\XC7Z020_217_ES_use_custom_ip_LED.sdk\temp_xsdb_launch_script.tcl
15:45:12 INFO  : XSCT server has started successfully.
15:45:16 INFO  : Successfully done setting XSCT server connection channel  
15:45:16 INFO  : Successfully done setting SDK workspace  
15:45:16 INFO  : Processing command line option -hwspec C:/Users/mi/Desktop/Programma/ZYNQ/XC7Z020_217_ES_use_custom_ip_LED/XC7Z020_217_ES_use_custom_ip_LED.sdk/ip_design_wrapper.hdf.
15:51:40 INFO  : Connected to target on host '127.0.0.1' and port '3121'.
15:51:41 INFO  : 'targets -set -filter {jtag_cable_name =~ "Digilent JTAG-HS2 201706300081" && level==0} -index 1' command is executed.
15:51:44 INFO  : FPGA configured successfully with bitstream "C:/Users/mi/Desktop/Programma/ZYNQ/XC7Z020_217_ES_use_custom_ip_LED/XC7Z020_217_ES_use_custom_ip_LED.sdk/ip_design_wrapper_hw_platform_0/ip_design_wrapper.bit"
15:51:56 INFO  : 'targets -set -filter {jtag_cable_name =~ "Digilent JTAG-HS2 201706300081" && level==0} -index 1' command is executed.
15:51:56 INFO  : 'fpga -state' command is executed.
15:51:56 INFO  : Connected to target on host '127.0.0.1' and port '3121'.
15:51:56 INFO  : Jtag cable 'Digilent JTAG-HS2 201706300081' is selected.
15:51:56 INFO  : 'jtag frequency' command is executed.
15:51:56 INFO  : Sourcing of 'C:/Users/mi/Desktop/Programma/ZYNQ/XC7Z020_217_ES_use_custom_ip_LED/XC7Z020_217_ES_use_custom_ip_LED.sdk/ip_design_wrapper_hw_platform_0/ps7_init.tcl' is done.
15:51:56 INFO  : Context for 'APU' is selected.
15:51:56 INFO  : Hardware design information is loaded from 'C:/Users/mi/Desktop/Programma/ZYNQ/XC7Z020_217_ES_use_custom_ip_LED/XC7Z020_217_ES_use_custom_ip_LED.sdk/ip_design_wrapper_hw_platform_0/system.hdf'.
15:51:56 INFO  : 'configparams force-mem-access 1' command is executed.
15:51:56 INFO  : Context for 'APU' is selected.
15:51:56 INFO  : 'stop' command is executed.
15:51:57 INFO  : 'ps7_init' command is executed.
15:51:57 INFO  : 'ps7_post_config' command is executed.
15:51:57 INFO  : Context for processor 'ps7_cortexa9_0' is selected.
15:51:57 INFO  : Processor reset is completed for 'ps7_cortexa9_0'.
15:51:57 INFO  : Context for processor 'ps7_cortexa9_0' is selected.
15:51:57 INFO  : The application 'C:/Users/mi/Desktop/Programma/ZYNQ/XC7Z020_217_ES_use_custom_ip_LED/XC7Z020_217_ES_use_custom_ip_LED.sdk/pwm_led/Debug/pwm_led.elf' is downloaded to processor 'ps7_cortexa9_0'.
15:51:57 INFO  : 'configparams force-mem-access 0' command is executed.
15:51:57 INFO  : ----------------XSDB Script----------------
connect -url tcp:127.0.0.1:3121
source C:/Users/mi/Desktop/Programma/ZYNQ/XC7Z020_217_ES_use_custom_ip_LED/XC7Z020_217_ES_use_custom_ip_LED.sdk/ip_design_wrapper_hw_platform_0/ps7_init.tcl
targets -set -nocase -filter {name =~"APU*" && jtag_cable_name =~ "Digilent JTAG-HS2 201706300081"} -index 0
loadhw -hw C:/Users/mi/Desktop/Programma/ZYNQ/XC7Z020_217_ES_use_custom_ip_LED/XC7Z020_217_ES_use_custom_ip_LED.sdk/ip_design_wrapper_hw_platform_0/system.hdf -mem-ranges [list {0x40000000 0xbfffffff}]
configparams force-mem-access 1
targets -set -nocase -filter {name =~"APU*" && jtag_cable_name =~ "Digilent JTAG-HS2 201706300081"} -index 0
stop
ps7_init
ps7_post_config
targets -set -nocase -filter {name =~ "ARM*#0" && jtag_cable_name =~ "Digilent JTAG-HS2 201706300081"} -index 0
rst -processor
targets -set -nocase -filter {name =~ "ARM*#0" && jtag_cable_name =~ "Digilent JTAG-HS2 201706300081"} -index 0
dow C:/Users/mi/Desktop/Programma/ZYNQ/XC7Z020_217_ES_use_custom_ip_LED/XC7Z020_217_ES_use_custom_ip_LED.sdk/pwm_led/Debug/pwm_led.elf
configparams force-mem-access 0
----------------End of Script----------------

15:51:58 INFO  : Memory regions updated for context APU
15:51:58 INFO  : Context for processor 'ps7_cortexa9_0' is selected.
15:51:58 INFO  : 'con' command is executed.
15:51:58 INFO  : ----------------XSDB Script (After Launch)----------------
targets -set -nocase -filter {name =~ "ARM*#0" && jtag_cable_name =~ "Digilent JTAG-HS2 201706300081"} -index 0
con
----------------End of Script----------------

15:51:58 INFO  : Launch script is exported to file 'C:\Users\mi\Desktop\Programma\ZYNQ\XC7Z020_217_ES_use_custom_ip_LED\XC7Z020_217_ES_use_custom_ip_LED.sdk\.sdk\launch_scripts\xilinx_c-c++_application_(system_debugger)\system_debugger_using_debug_pwm_led.elf_on_local.tcl'
