#-----------------------------------------------------------
# Vivado v2016.3 (64-bit)
# SW Build 1682563 on Mon Oct 10 19:07:27 MDT 2016
# IP Build 1681267 on Mon Oct 10 21:28:31 MDT 2016
# Start of session at: Wed Oct 06 18:32:22 2021
# Process ID: 104700
# Current directory: C:/Users/mi/Desktop/Programma/ZYNQ/XC7Z020_410_Linux_usb
# Command line: vivado.exe -gui_launcher_event rodinguilauncherevent92964 C:\Users\mi\Desktop\Programma\ZYNQ\XC7Z020_410_Linux_usb\XC7Z020_410_Linux_usb.xpr
# Log file: C:/Users/mi/Desktop/Programma/ZYNQ/XC7Z020_410_Linux_usb/vivado.log
# Journal file: C:/Users/mi/Desktop/Programma/ZYNQ/XC7Z020_410_Linux_usb\vivado.jou
#-----------------------------------------------------------
start_gui
open_project C:/Users/mi/Desktop/Programma/ZYNQ/XC7Z020_410_Linux_usb/XC7Z020_410_Linux_usb.xpr
Scanning sources...
Finished scanning sources
WARNING: [filemgmt 56-3] IP Output Repository Path: Could not find the directory 'C:/Users/mi/Desktop/Programma/ZYNQ/XC7Z020_410_Linux_usb/XC7Z020_410_Linux_usb.cache/ip'.
INFO: [IP_Flow 19-234] Refreshing IP repositories
INFO: [IP_Flow 19-1704] No user IP repositories specified
INFO: [IP_Flow 19-2313] Loaded Vivado IP repository 'G:/Xilinx/Vivado/2016.3/data/ip'.
open_project: Time (s): cpu = 00:00:08 ; elapsed = 00:00:07 . Memory (MB): peak = 815.355 ; gain = 105.027
open_bd_design {C:/Users/mi/Desktop/Programma/ZYNQ/XC7Z020_410_Linux_usb/XC7Z020_410_Linux_usb.srcs/sources_1/bd/linux_usb_design/linux_usb_design.bd}
Adding cell -- xilinx.com:ip:processing_system7:5.5 - processing_system7_0
Successfully read diagram <linux_usb_design> from BD file <C:/Users/mi/Desktop/Programma/ZYNQ/XC7Z020_410_Linux_usb/XC7Z020_410_Linux_usb.srcs/sources_1/bd/linux_usb_design/linux_usb_design.bd>
open_bd_design: Time (s): cpu = 00:00:05 ; elapsed = 00:00:06 . Memory (MB): peak = 864.754 ; gain = 0.000
exit
INFO: [Common 17-206] Exiting Vivado at Wed Oct 06 21:41:57 2021...
