Copyright 1986-2016 Xilinx, Inc. All Rights Reserved.
-------------------------------------------------------------------------------------------------------------------------------------------------------------------------
| Tool Version     : Vivado v.2016.3 (win64) Build 1682563 Mon Oct 10 19:07:27 MDT 2016
| Date             : Wed Sep 15 16:11:01 2021
| Host             : DESKTOP-HMF772I running 64-bit major release  (build 9200)
| Command          : report_power -file ps_design_wrapper_power_routed.rpt -pb ps_design_wrapper_power_summary_routed.pb -rpx ps_design_wrapper_power_routed.rpx
| Design           : ps_design_wrapper
| Device           : xc7z020clg400-2
| Design State     : routed
| Grade            : commercial
| Process          : typical
| Characterization : Production
-------------------------------------------------------------------------------------------------------------------------------------------------------------------------

Power Report

Table of Contents
-----------------
1. Summary
1.1 On-Chip Components
1.2 Power Supply Summary
1.3 Confidence Level
2. Settings
2.1 Environment
2.2 Clock Constraints
3. Detailed Reports
3.1 By Hierarchy

1. Summary
----------

+--------------------------+-------+
| Total On-Chip Power (W)  | 2.491 |
| Dynamic (W)              | 2.312 |
| Device Static (W)        | 0.179 |
| Effective TJA (C/W)      | 11.5  |
| Max Ambient (C)          | 56.3  |
| Junction Temperature (C) | 53.7  |
| Confidence Level         | Low   |
| Setting File             | ---   |
| Simulation Activity File | ---   |
| Design Nets Matched      | NA    |
+--------------------------+-------+


1.1 On-Chip Components
----------------------

+----------------+-----------+----------+-----------+-----------------+
| On-Chip        | Power (W) | Used     | Available | Utilization (%) |
+----------------+-----------+----------+-----------+-----------------+
| Slice Logic    |     0.001 |      134 |       --- |             --- |
|   LUT as Logic |     0.001 |        1 |     53200 |           <0.01 |
|   Others       |     0.000 |      133 |       --- |             --- |
| Signals        |     0.037 |        4 |       --- |             --- |
| I/O            |     0.733 |        1 |       125 |            0.80 |
| PS7            |     1.528 |        1 |       --- |             --- |
| Static Power   |     0.179 |          |           |                 |
| Total          |     2.478 |          |           |                 |
+----------------+-----------+----------+-----------+-----------------+


1.2 Power Supply Summary
------------------------

+-----------+-------------+-----------+-------------+------------+
| Source    | Voltage (V) | Total (A) | Dynamic (A) | Static (A) |
+-----------+-------------+-----------+-------------+------------+
| Vccint    |       1.000 |     0.077 |       0.055 |      0.022 |
| Vccaux    |       1.800 |     0.049 |       0.027 |      0.022 |
| Vcco33    |       3.300 |     0.207 |       0.206 |      0.001 |
| Vcco25    |       2.500 |     0.000 |       0.000 |      0.000 |
| Vcco18    |       1.800 |     0.001 |       0.000 |      0.001 |
| Vcco15    |       1.500 |     0.001 |       0.000 |      0.001 |
| Vcco135   |       1.350 |     0.000 |       0.000 |      0.000 |
| Vcco12    |       1.200 |     0.000 |       0.000 |      0.000 |
| Vccaux_io |       1.800 |     0.000 |       0.000 |      0.000 |
| Vccbram   |       1.000 |     0.001 |       0.000 |      0.001 |
| MGTAVcc   |       1.000 |     0.000 |       0.000 |      0.000 |
| MGTAVtt   |       1.200 |     0.000 |       0.000 |      0.000 |
| MGTVccaux |       1.800 |     0.000 |       0.000 |      0.000 |
| Vccpint   |       1.000 |     0.764 |       0.723 |      0.041 |
| Vccpaux   |       1.800 |     0.061 |       0.050 |      0.010 |
| Vccpll    |       1.800 |     0.019 |       0.016 |      0.003 |
| Vcco_ddr  |       1.500 |     0.459 |       0.457 |      0.002 |
| Vcco_mio0 |       3.300 |     0.001 |       0.000 |      0.001 |
| Vcco_mio1 |       1.800 |     0.001 |       0.000 |      0.001 |
| Vccadc    |       1.800 |     0.020 |       0.000 |      0.020 |
+-----------+-------------+-----------+-------------+------------+


1.3 Confidence Level
--------------------

+-----------------------------+------------+--------------------------------------------------------+----------------------------------------------------------------------------------------------------------+
| User Input Data             | Confidence | Details                                                | Action                                                                                                   |
+-----------------------------+------------+--------------------------------------------------------+----------------------------------------------------------------------------------------------------------+
| Design implementation state | High       | Design is routed                                       |                                                                                                          |
| Clock nodes activity        | High       | User specified more than 95% of clocks                 |                                                                                                          |
| I/O nodes activity          | Low        | More than 75% of inputs are missing user specification | Provide missing input activity with simulation results or by editing the "By Resource Type -> I/Os" view |
| Internal nodes activity     | High       | User specified more than 25% of internal nodes         |                                                                                                          |
| Device models               | High       | Device models are Production                           |                                                                                                          |
|                             |            |                                                        |                                                                                                          |
| Overall confidence level    | Low        |                                                        |                                                                                                          |
+-----------------------------+------------+--------------------------------------------------------+----------------------------------------------------------------------------------------------------------+


2. Settings
-----------

2.1 Environment
---------------

+-----------------------+------------------------+
| Ambient Temp (C)      | 25.0                   |
| ThetaJA (C/W)         | 11.5                   |
| Airflow (LFM)         | 250                    |
| Heat Sink             | none                   |
| ThetaSA (C/W)         | 0.0                    |
| Board Selection       | medium (10"x10")       |
| # of Board Layers     | 8to11 (8 to 11 Layers) |
| Board Temperature (C) | 25.0                   |
+-----------------------+------------------------+


2.2 Clock Constraints
---------------------

+-------+--------+-----------------+
| Clock | Domain | Constraint (ns) |
+-------+--------+-----------------+


3. Detailed Reports
-------------------

3.1 By Hierarchy
----------------

+-----------------------------+-----------+
| Name                        | Power (W) |
+-----------------------------+-----------+
| ps_design_wrapper           |     2.299 |
|   gpio_emio_key_tri_iobuf_0 |     0.744 |
|   ps_design_i               |     1.554 |
|     processing_system7_0    |     1.554 |
|       inst                  |     1.554 |
+-----------------------------+-----------+


