20:49:23 INFO  : Registering command handlers for SDK TCF services
20:49:23 INFO  : Launching XSCT server: xsct.bat -interactive D:\ZYNQ_Mizar\SDK_Demo\7_custom_ip\pwm_led\pwm_led.sdk\temp_xsdb_launch_script.tcl
20:49:25 INFO  : XSCT server has started successfully.
20:49:25 INFO  : Successfully done setting XSCT server connection channel  
20:49:27 INFO  : Successfully done setting SDK workspace  
20:49:27 INFO  : Processing command line option -hwspec D:/ZYNQ_Mizar/SDK_Demo/7_custom_ip/pwm_led/pwm_led.sdk/pwm_led_wrapper.hdf.
20:50:33 INFO  : Connected to target on host '127.0.0.1' and port '3121'.
20:50:34 INFO  : Jtag cable 'Digilent JTAG-HS2 201706300081' is selected.
20:50:34 INFO  : 'jtag frequency' command is executed.
20:50:34 INFO  : Sourcing of 'D:/ZYNQ_Mizar/SDK_Demo/7_custom_ip/pwm_led/pwm_led.sdk/pwm_led_wrapper_hw_platform_0/ps7_init.tcl' is done.
20:50:34 INFO  : Context for 'APU' is selected.
20:50:34 INFO  : System reset is completed.
20:50:37 INFO  : 'after 3000' command is executed.
20:50:37 INFO  : 'targets -set -filter {jtag_cable_name =~ "Digilent JTAG-HS2 201706300081" && level==0} -index 1' command is executed.
20:50:40 INFO  : FPGA configured successfully with bitstream "D:/ZYNQ_Mizar/SDK_Demo/7_custom_ip/pwm_led/pwm_led.sdk/pwm_led_wrapper_hw_platform_0/pwm_led_wrapper.bit"
20:50:40 INFO  : Context for 'APU' is selected.
20:50:40 INFO  : Hardware design information is loaded from 'D:/ZYNQ_Mizar/SDK_Demo/7_custom_ip/pwm_led/pwm_led.sdk/pwm_led_wrapper_hw_platform_0/system.hdf'.
20:50:40 INFO  : 'configparams force-mem-access 1' command is executed.
20:50:40 INFO  : Context for 'APU' is selected.
20:50:41 INFO  : 'ps7_init' command is executed.
20:50:41 INFO  : 'ps7_post_config' command is executed.
20:50:41 INFO  : Context for processor 'ps7_cortexa9_0' is selected.
20:50:41 INFO  : The application 'D:/ZYNQ_Mizar/SDK_Demo/7_custom_ip/pwm_led/pwm_led.sdk/pwm_led/Debug/pwm_led.elf' is downloaded to processor 'ps7_cortexa9_0'.
20:50:41 INFO  : 'configparams force-mem-access 0' command is executed.
20:50:41 INFO  : ----------------XSDB Script----------------
connect -url tcp:127.0.0.1:3121
source D:/ZYNQ_Mizar/SDK_Demo/7_custom_ip/pwm_led/pwm_led.sdk/pwm_led_wrapper_hw_platform_0/ps7_init.tcl
targets -set -nocase -filter {name =~"APU*" && jtag_cable_name =~ "Digilent JTAG-HS2 201706300081"} -index 0
rst -system
after 3000
targets -set -filter {jtag_cable_name =~ "Digilent JTAG-HS2 201706300081" && level==0} -index 1
fpga -file D:/ZYNQ_Mizar/SDK_Demo/7_custom_ip/pwm_led/pwm_led.sdk/pwm_led_wrapper_hw_platform_0/pwm_led_wrapper.bit
targets -set -nocase -filter {name =~"APU*" && jtag_cable_name =~ "Digilent JTAG-HS2 201706300081"} -index 0
loadhw -hw D:/ZYNQ_Mizar/SDK_Demo/7_custom_ip/pwm_led/pwm_led.sdk/pwm_led_wrapper_hw_platform_0/system.hdf -mem-ranges [list {0x40000000 0xbfffffff}]
configparams force-mem-access 1
targets -set -nocase -filter {name =~"APU*" && jtag_cable_name =~ "Digilent JTAG-HS2 201706300081"} -index 0
ps7_init
ps7_post_config
targets -set -nocase -filter {name =~ "ARM*#0" && jtag_cable_name =~ "Digilent JTAG-HS2 201706300081"} -index 0
dow D:/ZYNQ_Mizar/SDK_Demo/7_custom_ip/pwm_led/pwm_led.sdk/pwm_led/Debug/pwm_led.elf
configparams force-mem-access 0
----------------End of Script----------------

20:50:41 INFO  : Memory regions updated for context APU
20:50:41 INFO  : Context for processor 'ps7_cortexa9_0' is selected.
20:50:41 INFO  : 'con' command is executed.
20:50:41 INFO  : ----------------XSDB Script (After Launch)----------------
targets -set -nocase -filter {name =~ "ARM*#0" && jtag_cable_name =~ "Digilent JTAG-HS2 201706300081"} -index 0
con
----------------End of Script----------------

20:50:41 INFO  : Launch script is exported to file 'D:\ZYNQ_Mizar\SDK_Demo\7_custom_ip\pwm_led\pwm_led.sdk\.sdk\launch_scripts\xilinx_c-c++_application_(system_debugger)\system_debugger_on_local.tcl'
20:51:07 INFO  : Disconnected from the channel tcfchan#1.
20:51:08 INFO  : Connected to target on host '127.0.0.1' and port '3121'.
20:51:08 INFO  : Jtag cable 'Digilent JTAG-HS2 201706300081' is selected.
20:51:08 INFO  : 'jtag frequency' command is executed.
20:51:08 INFO  : Sourcing of 'D:/ZYNQ_Mizar/SDK_Demo/7_custom_ip/pwm_led/pwm_led.sdk/pwm_led_wrapper_hw_platform_0/ps7_init.tcl' is done.
20:51:08 INFO  : Context for 'APU' is selected.
20:51:08 INFO  : System reset is completed.
20:51:11 INFO  : 'after 3000' command is executed.
20:51:11 INFO  : 'targets -set -filter {jtag_cable_name =~ "Digilent JTAG-HS2 201706300081" && level==0} -index 1' command is executed.
20:51:15 INFO  : FPGA configured successfully with bitstream "D:/ZYNQ_Mizar/SDK_Demo/7_custom_ip/pwm_led/pwm_led.sdk/pwm_led_wrapper_hw_platform_0/pwm_led_wrapper.bit"
20:51:15 INFO  : Context for 'APU' is selected.
20:51:16 INFO  : Hardware design information is loaded from 'D:/ZYNQ_Mizar/SDK_Demo/7_custom_ip/pwm_led/pwm_led.sdk/pwm_led_wrapper_hw_platform_0/system.hdf'.
20:51:16 INFO  : 'configparams force-mem-access 1' command is executed.
20:51:16 INFO  : Context for 'APU' is selected.
20:51:16 INFO  : 'ps7_init' command is executed.
20:51:16 INFO  : 'ps7_post_config' command is executed.
20:51:16 INFO  : Context for processor 'ps7_cortexa9_0' is selected.
20:51:16 INFO  : The application 'D:/ZYNQ_Mizar/SDK_Demo/7_custom_ip/pwm_led/pwm_led.sdk/pwm_led/Debug/pwm_led.elf' is downloaded to processor 'ps7_cortexa9_0'.
20:51:16 INFO  : 'configparams force-mem-access 0' command is executed.
20:51:16 INFO  : ----------------XSDB Script----------------
connect -url tcp:127.0.0.1:3121
source D:/ZYNQ_Mizar/SDK_Demo/7_custom_ip/pwm_led/pwm_led.sdk/pwm_led_wrapper_hw_platform_0/ps7_init.tcl
targets -set -nocase -filter {name =~"APU*" && jtag_cable_name =~ "Digilent JTAG-HS2 201706300081"} -index 0
rst -system
after 3000
targets -set -filter {jtag_cable_name =~ "Digilent JTAG-HS2 201706300081" && level==0} -index 1
fpga -file D:/ZYNQ_Mizar/SDK_Demo/7_custom_ip/pwm_led/pwm_led.sdk/pwm_led_wrapper_hw_platform_0/pwm_led_wrapper.bit
targets -set -nocase -filter {name =~"APU*" && jtag_cable_name =~ "Digilent JTAG-HS2 201706300081"} -index 0
loadhw -hw D:/ZYNQ_Mizar/SDK_Demo/7_custom_ip/pwm_led/pwm_led.sdk/pwm_led_wrapper_hw_platform_0/system.hdf -mem-ranges [list {0x40000000 0xbfffffff}]
configparams force-mem-access 1
targets -set -nocase -filter {name =~"APU*" && jtag_cable_name =~ "Digilent JTAG-HS2 201706300081"} -index 0
ps7_init
ps7_post_config
targets -set -nocase -filter {name =~ "ARM*#0" && jtag_cable_name =~ "Digilent JTAG-HS2 201706300081"} -index 0
dow D:/ZYNQ_Mizar/SDK_Demo/7_custom_ip/pwm_led/pwm_led.sdk/pwm_led/Debug/pwm_led.elf
configparams force-mem-access 0
----------------End of Script----------------

20:51:16 INFO  : Memory regions updated for context APU
20:51:16 INFO  : Context for processor 'ps7_cortexa9_0' is selected.
20:51:16 INFO  : 'con' command is executed.
20:51:16 INFO  : ----------------XSDB Script (After Launch)----------------
targets -set -nocase -filter {name =~ "ARM*#0" && jtag_cable_name =~ "Digilent JTAG-HS2 201706300081"} -index 0
con
----------------End of Script----------------

20:51:16 INFO  : Launch script is exported to file 'D:\ZYNQ_Mizar\SDK_Demo\7_custom_ip\pwm_led\pwm_led.sdk\.sdk\launch_scripts\xilinx_c-c++_application_(system_debugger)\system_debugger_on_local.tcl'
20:53:00 INFO  : Disconnected from the channel tcfchan#2.
09:28:03 INFO  : Registering command handlers for SDK TCF services
09:28:04 INFO  : Launching XSCT server: xsct.bat -interactive D:\ZYNQ_Mizar\SDK_Demo\7_custom_ip\pwm_led\pwm_led.sdk\temp_xsdb_launch_script.tcl
09:28:07 INFO  : XSCT server has started successfully.
09:28:07 INFO  : Successfully done setting XSCT server connection channel  
09:28:09 INFO  : Processing command line option -hwspec D:/ZYNQ_Mizar/SDK_Demo/7_custom_ip/pwm_led/pwm_led.sdk/pwm_led_wrapper.hdf.
09:28:09 INFO  : Successfully done setting SDK workspace  
09:28:09 INFO  : Checking for hwspec changes in the project pwm_led_wrapper_hw_platform_0.
09:54:44 INFO  : Connected to target on host '127.0.0.1' and port '3121'.
09:54:45 INFO  : Jtag cable 'Digilent JTAG-HS2 201706300081' is selected.
09:54:45 INFO  : 'jtag frequency' command is executed.
09:54:45 INFO  : Sourcing of 'D:/ZYNQ_Mizar/SDK_Demo/7_custom_ip/pwm_led/pwm_led.sdk/pwm_led_wrapper_hw_platform_0/ps7_init.tcl' is done.
09:54:45 INFO  : Context for 'APU' is selected.
09:54:45 INFO  : System reset is completed.
09:54:48 INFO  : 'after 3000' command is executed.
09:54:48 INFO  : 'targets -set -filter {jtag_cable_name =~ "Digilent JTAG-HS2 201706300081" && level==0} -index 1' command is executed.
09:54:51 INFO  : FPGA configured successfully with bitstream "D:/ZYNQ_Mizar/SDK_Demo/7_custom_ip/pwm_led/pwm_led.sdk/pwm_led_wrapper_hw_platform_0/pwm_led_wrapper.bit"
09:54:51 INFO  : Context for 'APU' is selected.
09:54:51 INFO  : Hardware design information is loaded from 'D:/ZYNQ_Mizar/SDK_Demo/7_custom_ip/pwm_led/pwm_led.sdk/pwm_led_wrapper_hw_platform_0/system.hdf'.
09:54:51 INFO  : 'configparams force-mem-access 1' command is executed.
09:54:51 INFO  : Context for 'APU' is selected.
09:54:52 INFO  : 'ps7_init' command is executed.
09:54:52 INFO  : 'ps7_post_config' command is executed.
09:54:52 INFO  : Context for processor 'ps7_cortexa9_0' is selected.
09:54:52 INFO  : The application 'D:/ZYNQ_Mizar/SDK_Demo/7_custom_ip/pwm_led/pwm_led.sdk/pwm_led/Debug/pwm_led.elf' is downloaded to processor 'ps7_cortexa9_0'.
09:54:52 INFO  : 'configparams force-mem-access 0' command is executed.
09:54:52 INFO  : ----------------XSDB Script----------------
connect -url tcp:127.0.0.1:3121
source D:/ZYNQ_Mizar/SDK_Demo/7_custom_ip/pwm_led/pwm_led.sdk/pwm_led_wrapper_hw_platform_0/ps7_init.tcl
targets -set -nocase -filter {name =~"APU*" && jtag_cable_name =~ "Digilent JTAG-HS2 201706300081"} -index 0
rst -system
after 3000
targets -set -filter {jtag_cable_name =~ "Digilent JTAG-HS2 201706300081" && level==0} -index 1
fpga -file D:/ZYNQ_Mizar/SDK_Demo/7_custom_ip/pwm_led/pwm_led.sdk/pwm_led_wrapper_hw_platform_0/pwm_led_wrapper.bit
targets -set -nocase -filter {name =~"APU*" && jtag_cable_name =~ "Digilent JTAG-HS2 201706300081"} -index 0
loadhw -hw D:/ZYNQ_Mizar/SDK_Demo/7_custom_ip/pwm_led/pwm_led.sdk/pwm_led_wrapper_hw_platform_0/system.hdf -mem-ranges [list {0x40000000 0xbfffffff}]
configparams force-mem-access 1
targets -set -nocase -filter {name =~"APU*" && jtag_cable_name =~ "Digilent JTAG-HS2 201706300081"} -index 0
ps7_init
ps7_post_config
targets -set -nocase -filter {name =~ "ARM*#0" && jtag_cable_name =~ "Digilent JTAG-HS2 201706300081"} -index 0
dow D:/ZYNQ_Mizar/SDK_Demo/7_custom_ip/pwm_led/pwm_led.sdk/pwm_led/Debug/pwm_led.elf
configparams force-mem-access 0
----------------End of Script----------------

09:54:52 INFO  : Memory regions updated for context APU
09:54:52 INFO  : Context for processor 'ps7_cortexa9_0' is selected.
09:54:52 INFO  : 'con' command is executed.
09:54:52 INFO  : ----------------XSDB Script (After Launch)----------------
targets -set -nocase -filter {name =~ "ARM*#0" && jtag_cable_name =~ "Digilent JTAG-HS2 201706300081"} -index 0
con
----------------End of Script----------------

09:54:52 INFO  : Launch script is exported to file 'D:\ZYNQ_Mizar\SDK_Demo\7_custom_ip\pwm_led\pwm_led.sdk\.sdk\launch_scripts\xilinx_c-c++_application_(system_debugger)\system_debugger_on_local.tcl'
10:24:11 INFO  : Disconnected from the channel tcfchan#1.
