#-----------------------------------------------------------
# Vivado v2018.3 (64-bit)
# SW Build 2405991 on Thu Dec  6 23:38:27 MST 2018
# IP Build 2404404 on Fri Dec  7 01:43:56 MST 2018
# Start of session at: Sun Oct 24 14:35:36 2021
# Process ID: 110800
# Current directory: C:/Users/mi/Desktop/Programma/ZYNQ/XC7Z020_305_ES_OV5640_HDMI
# Command line: vivado.exe -gui_launcher_event rodinguilauncherevent110516 C:\Users\mi\Desktop\Programma\ZYNQ\XC7Z020_305_ES_OV5640_HDMI\XC7Z020_305_ES_OV5640_HDMI.xpr
# Log file: C:/Users/mi/Desktop/Programma/ZYNQ/XC7Z020_305_ES_OV5640_HDMI/vivado.log
# Journal file: C:/Users/mi/Desktop/Programma/ZYNQ/XC7Z020_305_ES_OV5640_HDMI\vivado.jou
#-----------------------------------------------------------
start_gui
open_project C:/Users/mi/Desktop/Programma/ZYNQ/XC7Z020_305_ES_OV5640_HDMI/XC7Z020_305_ES_OV5640_HDMI.xpr
Scanning sources...
Finished scanning sources
INFO: [IP_Flow 19-234] Refreshing IP repositories
INFO: [IP_Flow 19-1700] Loaded user IP repository 'c:/Users/mi/Desktop/Programma/ZYNQ/XC7Z020_305_ES_OV5640_HDMI/ip_repo'.
INFO: [IP_Flow 19-2313] Loaded Vivado IP repository 'G:/Xilinx/Vivado/2018.3/data/ip'.
open_project: Time (s): cpu = 00:00:22 ; elapsed = 00:00:13 . Memory (MB): peak = 820.492 ; gain = 203.828
update_compile_order -fileset sources_1
launch_sdk -workspace C:/Users/mi/Desktop/Programma/ZYNQ/XC7Z020_305_ES_OV5640_HDMI/XC7Z020_305_ES_OV5640_HDMI.sdk -hwspec C:/Users/mi/Desktop/Programma/ZYNQ/XC7Z020_305_ES_OV5640_HDMI/XC7Z020_305_ES_OV5640_HDMI.sdk/ov5640_hdmi_design_wrapper.hdf
INFO: [Vivado 12-393] Launching SDK...
INFO: [Vivado 12-417] Running xsdk -workspace C:/Users/mi/Desktop/Programma/ZYNQ/XC7Z020_305_ES_OV5640_HDMI/XC7Z020_305_ES_OV5640_HDMI.sdk -hwspec C:/Users/mi/Desktop/Programma/ZYNQ/XC7Z020_305_ES_OV5640_HDMI/XC7Z020_305_ES_OV5640_HDMI.sdk/ov5640_hdmi_design_wrapper.hdf
INFO: [Vivado 12-3157] SDK launch initiated. Please check console for any further messages.
exit
INFO: [Common 17-206] Exiting Vivado at Sun Oct 24 14:36:26 2021...
