#-----------------------------------------------------------
# Vivado v2016.3 (64-bit)
# SW Build 1682563 on Mon Oct 10 19:07:27 MDT 2016
# IP Build 1681267 on Mon Oct 10 21:28:31 MDT 2016
# Start of session at: Tue Oct 12 17:37:48 2021
# Process ID: 24088
# Current directory: C:/Users/mi/Desktop/Programma/ZYNQ/XC7Z020_425_Linux_HDMI
# Command line: vivado.exe -gui_launcher_event rodinguilauncherevent11100 C:\Users\mi\Desktop\Programma\ZYNQ\XC7Z020_425_Linux_HDMI\XC7Z020_425_Linux_HDMI.xpr
# Log file: C:/Users/mi/Desktop/Programma/ZYNQ/XC7Z020_425_Linux_HDMI/vivado.log
# Journal file: C:/Users/mi/Desktop/Programma/ZYNQ/XC7Z020_425_Linux_HDMI\vivado.jou
#-----------------------------------------------------------
start_gui
open_project C:/Users/mi/Desktop/Programma/ZYNQ/XC7Z020_425_Linux_HDMI/XC7Z020_425_Linux_HDMI.xpr
Scanning sources...
Finished scanning sources
WARNING: [filemgmt 56-3] IP Output Repository Path: Could not find the directory 'C:/Users/mi/Desktop/Programma/ZYNQ/XC7Z020_425_Linux_HDMI/XC7Z020_425_Linux_HDMI.cache/ip'.
INFO: [IP_Flow 19-234] Refreshing IP repositories
INFO: [IP_Flow 19-1704] No user IP repositories specified
INFO: [IP_Flow 19-2313] Loaded Vivado IP repository 'G:/Xilinx/Vivado/2016.3/data/ip'.
open_bd_design {C:/Users/mi/Desktop/Programma/ZYNQ/XC7Z020_425_Linux_HDMI/XC7Z020_425_Linux_HDMI.srcs/sources_1/bd/hdmi_design/hdmi_design.bd}
Adding cell -- xilinx.com:ip:processing_system7:5.5 - processing_system7_0
Successfully read diagram <hdmi_design> from BD file <C:/Users/mi/Desktop/Programma/ZYNQ/XC7Z020_425_Linux_HDMI/XC7Z020_425_Linux_HDMI.srcs/sources_1/bd/hdmi_design/hdmi_design.bd>
open_bd_design: Time (s): cpu = 00:00:06 ; elapsed = 00:00:06 . Memory (MB): peak = 850.398 ; gain = 30.805
set_property location {0.5 -129 134} [get_bd_cells processing_system7_0]
exit
INFO: [Common 17-206] Exiting Vivado at Tue Oct 12 17:39:31 2021...
