#-----------------------------------------------------------
# Vivado v2018.3 (64-bit)
# SW Build 2405991 on Thu Dec  6 23:38:27 MST 2018
# IP Build 2404404 on Fri Dec  7 01:43:56 MST 2018
# Start of session at: Thu Oct 21 17:25:35 2021
# Process ID: 28676
# Current directory: C:/Users/mi/Desktop/Programma/ZYNQ/XC7Z020_425_Linux_HDMI
# Command line: vivado.exe -gui_launcher_event rodinguilauncherevent33416 C:\Users\mi\Desktop\Programma\ZYNQ\XC7Z020_425_Linux_HDMI\XC7Z020_425_Linux_HDMI.xpr
# Log file: C:/Users/mi/Desktop/Programma/ZYNQ/XC7Z020_425_Linux_HDMI/vivado.log
# Journal file: C:/Users/mi/Desktop/Programma/ZYNQ/XC7Z020_425_Linux_HDMI\vivado.jou
#-----------------------------------------------------------
start_gui
open_project -read_only C:/Users/mi/Desktop/Programma/ZYNQ/XC7Z020_425_Linux_HDMI/XC7Z020_425_Linux_HDMI.xpr
Scanning sources...
Finished scanning sources
INFO: [IP_Flow 19-234] Refreshing IP repositories
INFO: [IP_Flow 19-1704] No user IP repositories specified
INFO: [IP_Flow 19-2313] Loaded Vivado IP repository 'G:/Xilinx/Vivado/2018.3/data/ip'.
WARNING: [BD 41-1663] The design 'hdmi_design.bd' cannot be modified due to following reason(s):
* Project is read-only. Please run 'save_project_as' before making any change to the bd-design. 

WARNING: [BD 41-1661] One or more IPs have been locked in the design 'hdmi_design.bd'. Please run report_ip_status for more details and recommendations on how to fix this issue.
List of locked IPs:
hdmi_design_processing_system7_0_0

WARNING: [Project 1-229] Project 'XC7Z020_425_Linux_HDMI.xpr' is read-only and therefore could not be upgraded for this version of Vivado.  Use 'File | Save Project As...' if you wish to save an upgraded copy.
open_project: Time (s): cpu = 00:00:13 ; elapsed = 00:00:07 . Memory (MB): peak = 722.934 ; gain = 89.805
update_compile_order -fileset sources_1
open_bd_design {C:/Users/mi/Desktop/Programma/ZYNQ/XC7Z020_425_Linux_HDMI/XC7Z020_425_Linux_HDMI.srcs/sources_1/bd/hdmi_design/hdmi_design.bd}
Adding cell -- xilinx.com:ip:processing_system7:5.5 - processing_system7_0
Successfully read diagram <hdmi_design> from BD file <C:/Users/mi/Desktop/Programma/ZYNQ/XC7Z020_425_Linux_HDMI/XC7Z020_425_Linux_HDMI.srcs/sources_1/bd/hdmi_design/hdmi_design.bd>
exit
INFO: [Common 17-206] Exiting Vivado at Thu Oct 21 17:26:32 2021...
