#-----------------------------------------------------------
# Vivado v2018.3 (64-bit)
# SW Build 2405991 on Thu Dec  6 23:38:27 MST 2018
# IP Build 2404404 on Fri Dec  7 01:43:56 MST 2018
# Start of session at: Thu Oct 14 18:51:01 2021
# Process ID: 4016
# Current directory: C:/Users/mi/Desktop/Programma/ZYNQ/XC7Z020_422_Linux_custom_ip
# Command line: vivado.exe -gui_launcher_event rodinguilauncherevent8672 C:\Users\mi\Desktop\Programma\ZYNQ\XC7Z020_422_Linux_custom_ip\XC7Z020_422_Linux_custom_ip.xpr
# Log file: C:/Users/mi/Desktop/Programma/ZYNQ/XC7Z020_422_Linux_custom_ip/vivado.log
# Journal file: C:/Users/mi/Desktop/Programma/ZYNQ/XC7Z020_422_Linux_custom_ip\vivado.jou
#-----------------------------------------------------------
start_gui
open_project C:/Users/mi/Desktop/Programma/ZYNQ/XC7Z020_422_Linux_custom_ip/XC7Z020_422_Linux_custom_ip.xpr
Scanning sources...
Finished scanning sources
INFO: [IP_Flow 19-234] Refreshing IP repositories
INFO: [IP_Flow 19-1700] Loaded user IP repository 'c:/Users/mi/Desktop/Programma/ZYNQ/XC7Z020_216_ES_custom_ip_LED/ip_repo/pwm_ip_1.0'.
INFO: [IP_Flow 19-2313] Loaded Vivado IP repository 'G:/Xilinx/Vivado/2018.3/data/ip'.
open_project: Time (s): cpu = 00:00:19 ; elapsed = 00:00:11 . Memory (MB): peak = 700.406 ; gain = 108.637
update_compile_order -fileset sources_1
launch_sdk -workspace C:/Users/mi/Desktop/Programma/ZYNQ/XC7Z020_422_Linux_custom_ip/XC7Z020_422_Linux_custom_ip.sdk -hwspec C:/Users/mi/Desktop/Programma/ZYNQ/XC7Z020_422_Linux_custom_ip/XC7Z020_422_Linux_custom_ip.sdk/sys_design_wrapper.hdf
INFO: [Vivado 12-393] Launching SDK...
INFO: [Vivado 12-417] Running xsdk -workspace C:/Users/mi/Desktop/Programma/ZYNQ/XC7Z020_422_Linux_custom_ip/XC7Z020_422_Linux_custom_ip.sdk -hwspec C:/Users/mi/Desktop/Programma/ZYNQ/XC7Z020_422_Linux_custom_ip/XC7Z020_422_Linux_custom_ip.sdk/sys_design_wrapper.hdf
INFO: [Vivado 12-3157] SDK launch initiated. Please check console for any further messages.
open_bd_design {C:/Users/mi/Desktop/Programma/ZYNQ/XC7Z020_422_Linux_custom_ip/XC7Z020_422_Linux_custom_ip.srcs/sources_1/bd/sys_design/sys_design.bd}
Adding cell -- xilinx.com:ip:processing_system7:5.5 - processing_system7_0
Adding cell -- xilinx.com:user:pwm_ip:1.0 - pwm_ip_0
Adding cell -- xilinx.com:ip:axi_interconnect:2.1 - ps7_0_axi_periph
Adding cell -- xilinx.com:ip:axi_protocol_converter:2.1 - auto_pc
Adding cell -- xilinx.com:ip:proc_sys_reset:5.0 - rst_ps7_0_50M
Successfully read diagram <sys_design> from BD file <C:/Users/mi/Desktop/Programma/ZYNQ/XC7Z020_422_Linux_custom_ip/XC7Z020_422_Linux_custom_ip.srcs/sources_1/bd/sys_design/sys_design.bd>
WARNING: [IP_Flow 19-474] Invalid Parameter 'Component_Name'
startgroup
set_property -dict [list CONFIG.PCW_ENET0_GRP_MDIO_ENABLE {1} CONFIG.PCW_ENET0_GRP_MDIO_IO {MIO 52 .. 53}] [get_bd_cells processing_system7_0]
endgroup
save_bd_design
Wrote  : <C:\Users\mi\Desktop\Programma\ZYNQ\XC7Z020_422_Linux_custom_ip\XC7Z020_422_Linux_custom_ip.srcs\sources_1\bd\sys_design\sys_design.bd> 
Wrote  : <C:/Users/mi/Desktop/Programma/ZYNQ/XC7Z020_422_Linux_custom_ip/XC7Z020_422_Linux_custom_ip.srcs/sources_1/bd/sys_design/ui/bd_5476b2b0.ui> 
generate_target all [get_files  C:/Users/mi/Desktop/Programma/ZYNQ/XC7Z020_422_Linux_custom_ip/XC7Z020_422_Linux_custom_ip.srcs/sources_1/bd/sys_design/sys_design.bd]
Wrote  : <C:\Users\mi\Desktop\Programma\ZYNQ\XC7Z020_422_Linux_custom_ip\XC7Z020_422_Linux_custom_ip.srcs\sources_1\bd\sys_design\sys_design.bd> 
VHDL Output written to : C:/Users/mi/Desktop/Programma/ZYNQ/XC7Z020_422_Linux_custom_ip/XC7Z020_422_Linux_custom_ip.srcs/sources_1/bd/sys_design/synth/sys_design.v
VHDL Output written to : C:/Users/mi/Desktop/Programma/ZYNQ/XC7Z020_422_Linux_custom_ip/XC7Z020_422_Linux_custom_ip.srcs/sources_1/bd/sys_design/sim/sys_design.v
VHDL Output written to : C:/Users/mi/Desktop/Programma/ZYNQ/XC7Z020_422_Linux_custom_ip/XC7Z020_422_Linux_custom_ip.srcs/sources_1/bd/sys_design/hdl/sys_design_wrapper.v
INFO: [BD 41-1029] Generation completed for the IP Integrator block processing_system7_0 .
INFO: [BD 41-1029] Generation completed for the IP Integrator block pwm_ip_0 .
INFO: [BD 41-1029] Generation completed for the IP Integrator block rst_ps7_0_50M .
WARNING: [IP_Flow 19-4994] Overwriting existing constraint file 'c:/Users/mi/Desktop/Programma/ZYNQ/XC7Z020_422_Linux_custom_ip/XC7Z020_422_Linux_custom_ip.srcs/sources_1/bd/sys_design/ip/sys_design_auto_pc_0/sys_design_auto_pc_0_ooc.xdc'
INFO: [BD 41-1029] Generation completed for the IP Integrator block ps7_0_axi_periph/s00_couplers/auto_pc .
Exporting to file C:/Users/mi/Desktop/Programma/ZYNQ/XC7Z020_422_Linux_custom_ip/XC7Z020_422_Linux_custom_ip.srcs/sources_1/bd/sys_design/hw_handoff/sys_design.hwh
Generated Block Design Tcl file C:/Users/mi/Desktop/Programma/ZYNQ/XC7Z020_422_Linux_custom_ip/XC7Z020_422_Linux_custom_ip.srcs/sources_1/bd/sys_design/hw_handoff/sys_design_bd.tcl
Generated Hardware Definition File C:/Users/mi/Desktop/Programma/ZYNQ/XC7Z020_422_Linux_custom_ip/XC7Z020_422_Linux_custom_ip.srcs/sources_1/bd/sys_design/synth/sys_design.hwdef
generate_target: Time (s): cpu = 00:00:30 ; elapsed = 00:00:30 . Memory (MB): peak = 969.930 ; gain = 94.426
export_ip_user_files -of_objects [get_files C:/Users/mi/Desktop/Programma/ZYNQ/XC7Z020_422_Linux_custom_ip/XC7Z020_422_Linux_custom_ip.srcs/sources_1/bd/sys_design/sys_design.bd] -no_script -sync -force -quiet
export_simulation -of_objects [get_files C:/Users/mi/Desktop/Programma/ZYNQ/XC7Z020_422_Linux_custom_ip/XC7Z020_422_Linux_custom_ip.srcs/sources_1/bd/sys_design/sys_design.bd] -directory C:/Users/mi/Desktop/Programma/ZYNQ/XC7Z020_422_Linux_custom_ip/XC7Z020_422_Linux_custom_ip.ip_user_files/sim_scripts -ip_user_files_dir C:/Users/mi/Desktop/Programma/ZYNQ/XC7Z020_422_Linux_custom_ip/XC7Z020_422_Linux_custom_ip.ip_user_files -ipstatic_source_dir C:/Users/mi/Desktop/Programma/ZYNQ/XC7Z020_422_Linux_custom_ip/XC7Z020_422_Linux_custom_ip.ip_user_files/ipstatic -lib_map_path [list {modelsim=C:/Users/mi/Desktop/Programma/ZYNQ/XC7Z020_422_Linux_custom_ip/XC7Z020_422_Linux_custom_ip.cache/compile_simlib/modelsim} {questa=C:/Users/mi/Desktop/Programma/ZYNQ/XC7Z020_422_Linux_custom_ip/XC7Z020_422_Linux_custom_ip.cache/compile_simlib/questa} {riviera=C:/Users/mi/Desktop/Programma/ZYNQ/XC7Z020_422_Linux_custom_ip/XC7Z020_422_Linux_custom_ip.cache/compile_simlib/riviera} {activehdl=C:/Users/mi/Desktop/Programma/ZYNQ/XC7Z020_422_Linux_custom_ip/XC7Z020_422_Linux_custom_ip.cache/compile_simlib/activehdl}] -use_ip_compiled_libs -force -quiet
WARNING: [IP_Flow 19-474] Invalid Parameter 'Component_Name'
make_wrapper -files [get_files C:/Users/mi/Desktop/Programma/ZYNQ/XC7Z020_422_Linux_custom_ip/XC7Z020_422_Linux_custom_ip.srcs/sources_1/bd/sys_design/sys_design.bd] -top
reset_run synth_1
launch_runs impl_1 -to_step write_bitstream -jobs 8
[Thu Oct 14 20:04:56 2021] Launched synth_1...
Run output will be captured here: C:/Users/mi/Desktop/Programma/ZYNQ/XC7Z020_422_Linux_custom_ip/XC7Z020_422_Linux_custom_ip.runs/synth_1/runme.log
[Thu Oct 14 20:04:56 2021] Launched impl_1...
Run output will be captured here: C:/Users/mi/Desktop/Programma/ZYNQ/XC7Z020_422_Linux_custom_ip/XC7Z020_422_Linux_custom_ip.runs/impl_1/runme.log
file mkdir C:/Users/mi/Desktop/Programma/ZYNQ/XC7Z020_422_Linux_custom_ip/XC7Z020_422_Linux_custom_ip.sdk
file copy -force C:/Users/mi/Desktop/Programma/ZYNQ/XC7Z020_422_Linux_custom_ip/XC7Z020_422_Linux_custom_ip.runs/impl_1/sys_design_wrapper.sysdef C:/Users/mi/Desktop/Programma/ZYNQ/XC7Z020_422_Linux_custom_ip/XC7Z020_422_Linux_custom_ip.sdk/sys_design_wrapper.hdf

launch_sdk -workspace C:/Users/mi/Desktop/Programma/ZYNQ/XC7Z020_422_Linux_custom_ip/XC7Z020_422_Linux_custom_ip.sdk -hwspec C:/Users/mi/Desktop/Programma/ZYNQ/XC7Z020_422_Linux_custom_ip/XC7Z020_422_Linux_custom_ip.sdk/sys_design_wrapper.hdf
INFO: [Vivado 12-393] Launching SDK...
INFO: [Vivado 12-417] Running xsdk -workspace C:/Users/mi/Desktop/Programma/ZYNQ/XC7Z020_422_Linux_custom_ip/XC7Z020_422_Linux_custom_ip.sdk -hwspec C:/Users/mi/Desktop/Programma/ZYNQ/XC7Z020_422_Linux_custom_ip/XC7Z020_422_Linux_custom_ip.sdk/sys_design_wrapper.hdf
INFO: [Vivado 12-3157] SDK launch initiated. Please check console for any further messages.
exit
INFO: [Common 17-206] Exiting Vivado at Thu Oct 14 20:41:54 2021...
