Copyright 1986-2018 Xilinx, Inc. All Rights Reserved.
----------------------------------------------------------------------------------------------
| Tool Version : Vivado v.2018.3 (win64) Build 2405991 Thu Dec  6 23:38:27 MST 2018
| Date         : Thu Oct 14 15:41:46 2021
| Host         : DESKTOP-HMF772I running 64-bit major release  (build 9200)
| Command      : report_control_sets -verbose -file ip_design_wrapper_control_sets_placed.rpt
| Design       : ip_design_wrapper
| Device       : xc7z020
----------------------------------------------------------------------------------------------

Control Set Information

Table of Contents
-----------------
1. Summary
2. Histogram
3. Flip-Flop Distribution
4. Detailed Control Set Information

1. Summary
----------

+----------------------------------------------------------+-------+
|                          Status                          | Count |
+----------------------------------------------------------+-------+
| Number of unique control sets                            |    48 |
| Unused register locations in slices containing registers |   100 |
+----------------------------------------------------------+-------+


2. Histogram
------------

+--------+--------------+
| Fanout | Control Sets |
+--------+--------------+
|      1 |            1 |
|      2 |            1 |
|      4 |            7 |
|      5 |            3 |
|      6 |            1 |
|      8 |           17 |
|     10 |            1 |
|     13 |            2 |
|     14 |            2 |
|    16+ |           13 |
+--------+--------------+


3. Flip-Flop Distribution
-------------------------

+--------------+-----------------------+------------------------+-----------------+--------------+
| Clock Enable | Synchronous Set/Reset | Asynchronous Set/Reset | Total Registers | Total Slices |
+--------------+-----------------------+------------------------+-----------------+--------------+
| No           | No                    | No                     |             109 |           31 |
| No           | No                    | Yes                    |               0 |            0 |
| No           | Yes                   | No                     |              49 |           18 |
| Yes          | No                    | No                     |             272 |           59 |
| Yes          | No                    | Yes                    |               0 |            0 |
| Yes          | Yes                   | No                     |             206 |           49 |
+--------------+-----------------------+------------------------+-----------------+--------------+


4. Detailed Control Set Information
-----------------------------------

+--------------------------------------------------+-----------------------------------------------------------------------------------------------------------------------------------------------------------------+--------------------------------------------------------------------------------------------------------------------------------------------------------+------------------+----------------+
|                   Clock Signal                   |                                                                          Enable Signal                                                                          |                                                                    Set/Reset Signal                                                                    | Slice Load Count | Bel Load Count |
+--------------------------------------------------+-----------------------------------------------------------------------------------------------------------------------------------------------------------------+--------------------------------------------------------------------------------------------------------------------------------------------------------+------------------+----------------+
|  ip_design_i/processing_system7_0/inst/FCLK_CLK0 | ip_design_i/ps7_0_axi_periph/s00_couplers/auto_pc/inst/gen_axilite.gen_b2s_conv.axilite_b2s/WR.aw_channel_0/aw_cmd_fsm_0/axi_awready_reg_0                      | ip_design_i/ps7_0_axi_periph/s00_couplers/auto_pc/inst/gen_axilite.gen_b2s_conv.axilite_b2s/WR.aw_channel_0/aw_cmd_fsm_0/axi_awready_reg               |                1 |              1 |
|  ip_design_i/processing_system7_0/inst/FCLK_CLK0 | ip_design_i/ps7_0_axi_periph/s00_couplers/auto_pc/inst/gen_axilite.gen_b2s_conv.axilite_b2s/WR.b_channel_0/bid_fifo_0/sel                                       |                                                                                                                                                        |                1 |              2 |
|  ip_design_i/processing_system7_0/inst/FCLK_CLK0 | ip_design_i/ps7_0_axi_periph/s00_couplers/auto_pc/inst/gen_axilite.gen_b2s_conv.axilite_b2s/RD.ar_channel_0/ar_cmd_fsm_0/E[0]                                   |                                                                                                                                                        |                3 |              4 |
|  ip_design_i/processing_system7_0/inst/FCLK_CLK0 |                                                                                                                                                                 | ip_design_i/ps7_0_axi_periph/s00_couplers/auto_pc/inst/gen_axilite.gen_b2s_conv.axilite_b2s/SI_REG/ar.ar_pipe/aresetn_d_reg[1]_inv_0                   |                2 |              4 |
|  ip_design_i/processing_system7_0/inst/FCLK_CLK0 |                                                                                                                                                                 | ip_design_i/ps7_0_axi_periph/s00_couplers/auto_pc/inst/gen_axilite.gen_b2s_conv.axilite_b2s/SI_REG/aw.aw_pipe/aresetn_d_reg[0]_0                       |                2 |              4 |
|  ip_design_i/processing_system7_0/inst/FCLK_CLK0 |                                                                                                                                                                 | ip_design_i/rst_ps7_0_50M/U0/EXT_LPF/lpf_int                                                                                                           |                1 |              4 |
|  ip_design_i/processing_system7_0/inst/FCLK_CLK0 | ip_design_i/ps7_0_axi_periph/s00_couplers/auto_pc/inst/gen_axilite.gen_b2s_conv.axilite_b2s/WR.aw_channel_0/aw_cmd_fsm_0/E[0]                                   |                                                                                                                                                        |                3 |              4 |
|  ip_design_i/processing_system7_0/inst/FCLK_CLK0 | ip_design_i/ps7_0_axi_periph/s00_couplers/auto_pc/inst/gen_axilite.gen_b2s_conv.axilite_b2s/RD.ar_channel_0/ar_cmd_fsm_0/sel_first_reg[0]                       |                                                                                                                                                        |                2 |              4 |
|  ip_design_i/processing_system7_0/inst/FCLK_CLK0 | ip_design_i/ps7_0_axi_periph/s00_couplers/auto_pc/inst/gen_axilite.gen_b2s_conv.axilite_b2s/WR.aw_channel_0/cmd_translator_0/incr_cmd_0/axaddr_incr[11]_i_1_n_0 |                                                                                                                                                        |                1 |              4 |
|  ip_design_i/processing_system7_0/inst/FCLK_CLK0 | ip_design_i/ps7_0_axi_periph/s00_couplers/auto_pc/inst/gen_axilite.gen_b2s_conv.axilite_b2s/RD.r_channel_0/rd_data_fifo_0/cnt_read[4]_i_1_n_0                   | ip_design_i/ps7_0_axi_periph/s00_couplers/auto_pc/inst/gen_axilite.gen_b2s_conv.axilite_b2s/areset_d1                                                  |                1 |              5 |
|  ip_design_i/processing_system7_0/inst/FCLK_CLK0 | ip_design_i/ps7_0_axi_periph/s00_couplers/auto_pc/inst/gen_axilite.gen_b2s_conv.axilite_b2s/RD.ar_channel_0/ar_cmd_fsm_0/m_valid_i_reg                          | ip_design_i/ps7_0_axi_periph/s00_couplers/auto_pc/inst/gen_axilite.gen_b2s_conv.axilite_b2s/RD.ar_channel_0/ar_cmd_fsm_0/FSM_sequential_state_reg[0]_0 |                2 |              5 |
|  ip_design_i/processing_system7_0/inst/FCLK_CLK0 | ip_design_i/ps7_0_axi_periph/s00_couplers/auto_pc/inst/gen_axilite.gen_b2s_conv.axilite_b2s/RD.r_channel_0/rd_data_fifo_0/E[0]                                  | ip_design_i/ps7_0_axi_periph/s00_couplers/auto_pc/inst/gen_axilite.gen_b2s_conv.axilite_b2s/areset_d1                                                  |                3 |              5 |
|  ip_design_i/processing_system7_0/inst/FCLK_CLK0 | ip_design_i/rst_ps7_0_50M/U0/SEQ/seq_cnt_en                                                                                                                     | ip_design_i/rst_ps7_0_50M/U0/SEQ/SEQ_COUNTER/clear                                                                                                     |                1 |              6 |
|  ip_design_i/processing_system7_0/inst/FCLK_CLK0 | ip_design_i/pwm_ip_0/inst/pwm_ip_v1_0_S00_AXI_inst/p_1_in[31]                                                                                                   | ip_design_i/pwm_ip_0/inst/pwm_ip_v1_0_S00_AXI_inst/u_pwm_ip/clear                                                                                      |                1 |              8 |
|  ip_design_i/processing_system7_0/inst/FCLK_CLK0 | ip_design_i/pwm_ip_0/inst/pwm_ip_v1_0_S00_AXI_inst/slv_reg0[15]_i_1_n_0                                                                                         | ip_design_i/pwm_ip_0/inst/pwm_ip_v1_0_S00_AXI_inst/u_pwm_ip/clear                                                                                      |                3 |              8 |
|  ip_design_i/processing_system7_0/inst/FCLK_CLK0 | ip_design_i/pwm_ip_0/inst/pwm_ip_v1_0_S00_AXI_inst/p_1_in[7]                                                                                                    | ip_design_i/pwm_ip_0/inst/pwm_ip_v1_0_S00_AXI_inst/u_pwm_ip/clear                                                                                      |                2 |              8 |
|  ip_design_i/processing_system7_0/inst/FCLK_CLK0 | ip_design_i/pwm_ip_0/inst/pwm_ip_v1_0_S00_AXI_inst/slv_reg1[23]_i_1_n_0                                                                                         | ip_design_i/pwm_ip_0/inst/pwm_ip_v1_0_S00_AXI_inst/u_pwm_ip/clear                                                                                      |                1 |              8 |
|  ip_design_i/processing_system7_0/inst/FCLK_CLK0 | ip_design_i/pwm_ip_0/inst/pwm_ip_v1_0_S00_AXI_inst/slv_reg0[31]_i_1_n_0                                                                                         | ip_design_i/pwm_ip_0/inst/pwm_ip_v1_0_S00_AXI_inst/u_pwm_ip/clear                                                                                      |                1 |              8 |
|  ip_design_i/processing_system7_0/inst/FCLK_CLK0 | ip_design_i/pwm_ip_0/inst/pwm_ip_v1_0_S00_AXI_inst/p_1_in[15]                                                                                                   | ip_design_i/pwm_ip_0/inst/pwm_ip_v1_0_S00_AXI_inst/u_pwm_ip/clear                                                                                      |                1 |              8 |
|  ip_design_i/processing_system7_0/inst/FCLK_CLK0 | ip_design_i/pwm_ip_0/inst/pwm_ip_v1_0_S00_AXI_inst/slv_reg2[15]_i_1_n_0                                                                                         | ip_design_i/pwm_ip_0/inst/pwm_ip_v1_0_S00_AXI_inst/u_pwm_ip/clear                                                                                      |                1 |              8 |
|  ip_design_i/processing_system7_0/inst/FCLK_CLK0 | ip_design_i/pwm_ip_0/inst/pwm_ip_v1_0_S00_AXI_inst/slv_reg1[31]_i_1_n_0                                                                                         | ip_design_i/pwm_ip_0/inst/pwm_ip_v1_0_S00_AXI_inst/u_pwm_ip/clear                                                                                      |                1 |              8 |
|  ip_design_i/processing_system7_0/inst/FCLK_CLK0 | ip_design_i/ps7_0_axi_periph/s00_couplers/auto_pc/inst/gen_axilite.gen_b2s_conv.axilite_b2s/WR.b_channel_0/mhandshake_r                                         | ip_design_i/ps7_0_axi_periph/s00_couplers/auto_pc/inst/gen_axilite.gen_b2s_conv.axilite_b2s/WR.b_channel_0/bid_fifo_0/SR[0]                            |                4 |              8 |
|  ip_design_i/processing_system7_0/inst/FCLK_CLK0 | ip_design_i/pwm_ip_0/inst/pwm_ip_v1_0_S00_AXI_inst/slv_reg2[7]_i_1_n_0                                                                                          | ip_design_i/pwm_ip_0/inst/pwm_ip_v1_0_S00_AXI_inst/u_pwm_ip/clear                                                                                      |                2 |              8 |
|  ip_design_i/processing_system7_0/inst/FCLK_CLK0 | ip_design_i/pwm_ip_0/inst/pwm_ip_v1_0_S00_AXI_inst/slv_reg1[7]_i_1_n_0                                                                                          | ip_design_i/pwm_ip_0/inst/pwm_ip_v1_0_S00_AXI_inst/u_pwm_ip/clear                                                                                      |                2 |              8 |
|  ip_design_i/processing_system7_0/inst/FCLK_CLK0 | ip_design_i/pwm_ip_0/inst/pwm_ip_v1_0_S00_AXI_inst/slv_reg1[15]_i_1_n_0                                                                                         | ip_design_i/pwm_ip_0/inst/pwm_ip_v1_0_S00_AXI_inst/u_pwm_ip/clear                                                                                      |                3 |              8 |
|  ip_design_i/processing_system7_0/inst/FCLK_CLK0 | ip_design_i/pwm_ip_0/inst/pwm_ip_v1_0_S00_AXI_inst/slv_reg2[31]_i_1_n_0                                                                                         | ip_design_i/pwm_ip_0/inst/pwm_ip_v1_0_S00_AXI_inst/u_pwm_ip/clear                                                                                      |                1 |              8 |
|  ip_design_i/processing_system7_0/inst/FCLK_CLK0 | ip_design_i/pwm_ip_0/inst/pwm_ip_v1_0_S00_AXI_inst/slv_reg0[23]_i_1_n_0                                                                                         | ip_design_i/pwm_ip_0/inst/pwm_ip_v1_0_S00_AXI_inst/u_pwm_ip/clear                                                                                      |                1 |              8 |
|  ip_design_i/processing_system7_0/inst/FCLK_CLK0 | ip_design_i/pwm_ip_0/inst/pwm_ip_v1_0_S00_AXI_inst/p_1_in[23]                                                                                                   | ip_design_i/pwm_ip_0/inst/pwm_ip_v1_0_S00_AXI_inst/u_pwm_ip/clear                                                                                      |                1 |              8 |
|  ip_design_i/processing_system7_0/inst/FCLK_CLK0 | ip_design_i/pwm_ip_0/inst/pwm_ip_v1_0_S00_AXI_inst/slv_reg0[7]_i_1_n_0                                                                                          | ip_design_i/pwm_ip_0/inst/pwm_ip_v1_0_S00_AXI_inst/u_pwm_ip/clear                                                                                      |                2 |              8 |
|  ip_design_i/processing_system7_0/inst/FCLK_CLK0 | ip_design_i/pwm_ip_0/inst/pwm_ip_v1_0_S00_AXI_inst/slv_reg2[23]_i_1_n_0                                                                                         | ip_design_i/pwm_ip_0/inst/pwm_ip_v1_0_S00_AXI_inst/u_pwm_ip/clear                                                                                      |                1 |              8 |
|  ip_design_i/processing_system7_0/inst/FCLK_CLK0 |                                                                                                                                                                 | ip_design_i/ps7_0_axi_periph/s00_couplers/auto_pc/inst/gen_axilite.gen_b2s_conv.axilite_b2s/areset_d1                                                  |                3 |             10 |
|  ip_design_i/processing_system7_0/inst/FCLK_CLK0 | ip_design_i/ps7_0_axi_periph/s00_couplers/auto_pc/inst/gen_axilite.gen_b2s_conv.axilite_b2s/RD.ar_channel_0/ar_cmd_fsm_0/m_valid_i_reg                          |                                                                                                                                                        |                5 |             13 |
|  ip_design_i/processing_system7_0/inst/FCLK_CLK0 | ip_design_i/ps7_0_axi_periph/s00_couplers/auto_pc/inst/gen_axilite.gen_b2s_conv.axilite_b2s/RD.r_channel_0/r_push_r                                             |                                                                                                                                                        |                4 |             13 |
|  ip_design_i/processing_system7_0/inst/FCLK_CLK0 | ip_design_i/ps7_0_axi_periph/s00_couplers/auto_pc/inst/gen_axilite.gen_b2s_conv.axilite_b2s/SI_REG/b.b_pipe/p_1_in                                              |                                                                                                                                                        |                2 |             14 |
|  ip_design_i/processing_system7_0/inst/FCLK_CLK0 | ip_design_i/ps7_0_axi_periph/s00_couplers/auto_pc/inst/gen_axilite.gen_b2s_conv.axilite_b2s/SI_REG/b.b_pipe/s_ready_i_reg_0                                     |                                                                                                                                                        |                3 |             14 |
|  ip_design_i/processing_system7_0/inst/FCLK_CLK0 | ip_design_i/ps7_0_axi_periph/s00_couplers/auto_pc/inst/gen_axilite.gen_b2s_conv.axilite_b2s/WR.aw_channel_0/aw_cmd_fsm_0/b_push                                 |                                                                                                                                                        |                3 |             16 |
|  ip_design_i/processing_system7_0/inst/FCLK_CLK0 | ip_design_i/pwm_ip_0/inst/pwm_ip_v1_0_S00_AXI_inst/u_pwm_ip/duty_cycle                                                                                          | ip_design_i/pwm_ip_0/inst/pwm_ip_v1_0_S00_AXI_inst/u_pwm_ip/clear                                                                                      |                4 |             16 |
|  ip_design_i/processing_system7_0/inst/FCLK_CLK0 | ip_design_i/ps7_0_axi_periph/s00_couplers/auto_pc/inst/gen_axilite.gen_b2s_conv.axilite_b2s/WR.aw_channel_0/aw_cmd_fsm_0/axi_awready_reg_0                      |                                                                                                                                                        |                6 |             17 |
|  ip_design_i/processing_system7_0/inst/FCLK_CLK0 |                                                                                                                                                                 | ip_design_i/pwm_ip_0/inst/pwm_ip_v1_0_S00_AXI_inst/u_pwm_ip/clear                                                                                      |               10 |             27 |
|  ip_design_i/processing_system7_0/inst/FCLK_CLK0 | ip_design_i/ps7_0_axi_periph/s00_couplers/auto_pc/inst/gen_axilite.gen_b2s_conv.axilite_b2s/WR.aw_channel_0/aw_cmd_fsm_0/m_valid_i_reg[0]                       |                                                                                                                                                        |                6 |             27 |
|  ip_design_i/processing_system7_0/inst/FCLK_CLK0 | ip_design_i/ps7_0_axi_periph/s00_couplers/auto_pc/inst/gen_axilite.gen_b2s_conv.axilite_b2s/RD.ar_channel_0/ar_cmd_fsm_0/FSM_sequential_state_reg[1]_0[0]       |                                                                                                                                                        |                5 |             27 |
|  ip_design_i/processing_system7_0/inst/FCLK_CLK0 | ip_design_i/ps7_0_axi_periph/s00_couplers/auto_pc/inst/gen_axilite.gen_b2s_conv.axilite_b2s/SI_REG/ar.ar_pipe/s_ready_i_reg_0                                   |                                                                                                                                                        |                4 |             27 |
|  ip_design_i/processing_system7_0/inst/FCLK_CLK0 | ip_design_i/ps7_0_axi_periph/s00_couplers/auto_pc/inst/gen_axilite.gen_b2s_conv.axilite_b2s/SI_REG/aw.aw_pipe/s_ready_i_reg_0                                   |                                                                                                                                                        |                4 |             27 |
|  ip_design_i/processing_system7_0/inst/FCLK_CLK0 | ip_design_i/ps7_0_axi_periph/s00_couplers/auto_pc/inst/gen_axilite.gen_b2s_conv.axilite_b2s/RD.r_channel_0/rd_data_fifo_0/wr_en0                                |                                                                                                                                                        |                8 |             32 |
|  ip_design_i/processing_system7_0/inst/FCLK_CLK0 | ip_design_i/pwm_ip_0/inst/pwm_ip_v1_0_S00_AXI_inst/slv_reg_rden__0                                                                                              | ip_design_i/pwm_ip_0/inst/pwm_ip_v1_0_S00_AXI_inst/u_pwm_ip/clear                                                                                      |                9 |             32 |
|  ip_design_i/processing_system7_0/inst/FCLK_CLK0 | ip_design_i/ps7_0_axi_periph/s00_couplers/auto_pc/inst/gen_axilite.gen_b2s_conv.axilite_b2s/SI_REG/r.r_pipe/s_ready_i_reg_0                                     |                                                                                                                                                        |                7 |             45 |
|  ip_design_i/processing_system7_0/inst/FCLK_CLK0 | ip_design_i/ps7_0_axi_periph/s00_couplers/auto_pc/inst/gen_axilite.gen_b2s_conv.axilite_b2s/SI_REG/r.r_pipe/p_1_in                                              |                                                                                                                                                        |                8 |             45 |
|  ip_design_i/processing_system7_0/inst/FCLK_CLK0 |                                                                                                                                                                 |                                                                                                                                                        |               32 |            110 |
+--------------------------------------------------+-----------------------------------------------------------------------------------------------------------------------------------------------------------------+--------------------------------------------------------------------------------------------------------------------------------------------------------+------------------+----------------+


