

================================================================
== Vivado HLS Report for 'FAST_t_opr'
================================================================
* Date:           Wed May 13 10:16:48 2020

* Version:        2018.3 (Build 2405991 on Thu Dec 06 23:56:15 MST 2018)
* Project:        CornerDetect
* Solution:       solution1
* Product family: zynq
* Target device:  xc7z010clg400-2


================================================================
== Performance Estimates
================================================================
+ Timing (ns): 
    * Summary: 
    +--------+-------+----------+------------+
    |  Clock | Target| Estimated| Uncertainty|
    +--------+-------+----------+------------+
    |ap_clk  |  20.00|    17.108|        2.50|
    +--------+-------+----------+------------+

+ Latency (clock cycles): 
    * Summary: 
    +--------+--------+--------+--------+---------+
    |     Latency     |     Interval    | Pipeline|
    |   min  |   max  |   min  |   max  |   Type  |
    +--------+--------+--------+--------+---------+
    |  802109|  802109|  802109|  802109|   none  |
    +--------+--------+--------+--------+---------+

    + Detail: 
        * Instance: 
        +-----------------------------+-----------+-----+-----+-----+-----+----------+
        |                             |           |  Latency  |  Interval | Pipeline |
        |           Instance          |   Module  | min | max | min | max |   Type   |
        +-----------------------------+-----------+-----+-----+-----+-----+----------+
        |tmp_76_1_min_int_s_fu_581    |min_int_s  |    0|    0|    1|    1| function |
        |tmp_76_3_min_int_s_fu_587    |min_int_s  |    0|    0|    1|    1| function |
        |tmp_76_5_min_int_s_fu_593    |min_int_s  |    0|    0|    1|    1| function |
        |tmp_76_7_min_int_s_fu_599    |min_int_s  |    0|    0|    1|    1| function |
        |tmp_76_9_min_int_s_fu_605    |min_int_s  |    0|    0|    1|    1| function |
        |tmp_76_s_min_int_s_fu_611    |min_int_s  |    0|    0|    1|    1| function |
        |tmp_76_2_min_int_s_fu_617    |min_int_s  |    0|    0|    1|    1| function |
        |tmp_76_4_min_int_s_fu_623    |min_int_s  |    0|    0|    1|    1| function |
        |tmp_83_1_min_int_s_fu_629    |min_int_s  |    0|    0|    1|    1| function |
        |tmp_83_3_min_int_s_fu_635    |min_int_s  |    0|    0|    1|    1| function |
        |tmp_83_5_min_int_s_fu_641    |min_int_s  |    0|    0|    1|    1| function |
        |tmp_83_7_min_int_s_fu_647    |min_int_s  |    0|    0|    1|    1| function |
        |tmp_83_9_min_int_s_fu_653    |min_int_s  |    0|    0|    1|    1| function |
        |tmp_83_s_min_int_s_fu_659    |min_int_s  |    0|    0|    1|    1| function |
        |tmp_83_2_min_int_s_fu_665    |min_int_s  |    0|    0|    1|    1| function |
        |tmp_83_4_min_int_s_fu_671    |min_int_s  |    0|    0|    1|    1| function |
        |tmp_90_1_min_int_s_fu_677    |min_int_s  |    0|    0|    1|    1| function |
        |tmp_90_3_min_int_s_fu_683    |min_int_s  |    0|    0|    1|    1| function |
        |tmp_90_5_min_int_s_fu_689    |min_int_s  |    0|    0|    1|    1| function |
        |tmp_90_7_min_int_s_fu_695    |min_int_s  |    0|    0|    1|    1| function |
        |tmp_90_9_min_int_s_fu_701    |min_int_s  |    0|    0|    1|    1| function |
        |tmp_90_s_min_int_s_fu_707    |min_int_s  |    0|    0|    1|    1| function |
        |tmp_90_2_min_int_s_fu_713    |min_int_s  |    0|    0|    1|    1| function |
        |tmp_90_4_min_int_s_fu_719    |min_int_s  |    0|    0|    1|    1| function |
        |tmp_27_min_int_s_fu_725      |min_int_s  |    0|    0|    1|    1| function |
        |tmp_29_min_int_s_fu_731      |min_int_s  |    0|    0|    1|    1| function |
        |tmp_98_1_min_int_s_fu_737    |min_int_s  |    0|    0|    1|    1| function |
        |tmp_101_1_min_int_s_fu_743   |min_int_s  |    0|    0|    1|    1| function |
        |tmp_98_2_min_int_s_fu_749    |min_int_s  |    0|    0|    1|    1| function |
        |tmp_101_2_min_int_s_fu_755   |min_int_s  |    0|    0|    1|    1| function |
        |b0_min_int_s_fu_761          |min_int_s  |    0|    0|    1|    1| function |
        |b0_1_min_int_s_fu_768        |min_int_s  |    0|    0|    1|    1| function |
        |b0_s_min_int_s_fu_775        |min_int_s  |    0|    0|    1|    1| function |
        |b0_1_1_min_int_s_fu_782      |min_int_s  |    0|    0|    1|    1| function |
        |b0_2_min_int_s_fu_789        |min_int_s  |    0|    0|    1|    1| function |
        |tmp_98_3_min_int_s_fu_796    |min_int_s  |    0|    0|    1|    1| function |
        |tmp_101_3_min_int_s_fu_802   |min_int_s  |    0|    0|    1|    1| function |
        |tmp_98_4_min_int_s_fu_808    |min_int_s  |    0|    0|    1|    1| function |
        |tmp_101_4_min_int_s_fu_814   |min_int_s  |    0|    0|    1|    1| function |
        |tmp_98_5_min_int_s_fu_820    |min_int_s  |    0|    0|    1|    1| function |
        |tmp_101_5_min_int_s_fu_826   |min_int_s  |    0|    0|    1|    1| function |
        |b0_1_2_min_int_s_fu_832      |min_int_s  |    0|    0|    1|    1| function |
        |b0_3_min_int_s_fu_838        |min_int_s  |    0|    0|    1|    1| function |
        |b0_1_3_min_int_s_fu_845      |min_int_s  |    0|    0|    1|    1| function |
        |b0_4_min_int_s_fu_852        |min_int_s  |    0|    0|    1|    1| function |
        |b0_1_4_min_int_s_fu_859      |min_int_s  |    0|    0|    1|    1| function |
        |b0_5_min_int_s_fu_866        |min_int_s  |    0|    0|    1|    1| function |
        |tmp_98_6_min_int_s_fu_873    |min_int_s  |    0|    0|    1|    1| function |
        |tmp_101_6_min_int_s_fu_879   |min_int_s  |    0|    0|    1|    1| function |
        |tmp_98_7_min_int_s_fu_885    |min_int_s  |    0|    0|    1|    1| function |
        |tmp_101_7_min_int_s_fu_891   |min_int_s  |    0|    0|    1|    1| function |
        |b0_1_5_min_int_s_fu_897      |min_int_s  |    0|    0|    1|    1| function |
        |b0_6_min_int_s_fu_903        |min_int_s  |    0|    0|    1|    1| function |
        |b0_1_6_min_int_s_fu_910      |min_int_s  |    0|    0|    1|    1| function |
        |b0_7_min_int_s_fu_917        |min_int_s  |    0|    0|    1|    1| function |
        |b0_1_7_min_int_s_fu_924      |min_int_s  |    0|    0|    1|    1| function |
        |tmp_78_1_max_int_s_fu_931    |max_int_s  |    0|    0|    1|    1| function |
        |tmp_78_3_max_int_s_fu_937    |max_int_s  |    0|    0|    1|    1| function |
        |tmp_78_5_max_int_s_fu_943    |max_int_s  |    0|    0|    1|    1| function |
        |tmp_78_7_max_int_s_fu_949    |max_int_s  |    0|    0|    1|    1| function |
        |tmp_78_9_max_int_s_fu_955    |max_int_s  |    0|    0|    1|    1| function |
        |tmp_78_s_max_int_s_fu_961    |max_int_s  |    0|    0|    1|    1| function |
        |tmp_78_2_max_int_s_fu_967    |max_int_s  |    0|    0|    1|    1| function |
        |tmp_78_4_max_int_s_fu_973    |max_int_s  |    0|    0|    1|    1| function |
        |tmp_85_1_max_int_s_fu_979    |max_int_s  |    0|    0|    1|    1| function |
        |tmp_85_3_max_int_s_fu_985    |max_int_s  |    0|    0|    1|    1| function |
        |tmp_85_5_max_int_s_fu_991    |max_int_s  |    0|    0|    1|    1| function |
        |tmp_85_7_max_int_s_fu_997    |max_int_s  |    0|    0|    1|    1| function |
        |tmp_85_9_max_int_s_fu_1003   |max_int_s  |    0|    0|    1|    1| function |
        |tmp_85_s_max_int_s_fu_1009   |max_int_s  |    0|    0|    1|    1| function |
        |tmp_85_2_max_int_s_fu_1015   |max_int_s  |    0|    0|    1|    1| function |
        |tmp_85_4_max_int_s_fu_1021   |max_int_s  |    0|    0|    1|    1| function |
        |tmp_92_1_max_int_s_fu_1027   |max_int_s  |    0|    0|    1|    1| function |
        |tmp_92_3_max_int_s_fu_1033   |max_int_s  |    0|    0|    1|    1| function |
        |tmp_92_5_max_int_s_fu_1039   |max_int_s  |    0|    0|    1|    1| function |
        |tmp_92_7_max_int_s_fu_1045   |max_int_s  |    0|    0|    1|    1| function |
        |tmp_92_9_max_int_s_fu_1051   |max_int_s  |    0|    0|    1|    1| function |
        |tmp_92_s_max_int_s_fu_1057   |max_int_s  |    0|    0|    1|    1| function |
        |tmp_92_2_max_int_s_fu_1063   |max_int_s  |    0|    0|    1|    1| function |
        |tmp_92_4_max_int_s_fu_1069   |max_int_s  |    0|    0|    1|    1| function |
        |a0_max_int_s_fu_1075         |max_int_s  |    0|    0|    1|    1| function |
        |a0_1_max_int_s_fu_1083       |max_int_s  |    0|    0|    1|    1| function |
        |a0_s_max_int_s_fu_1091       |max_int_s  |    0|    0|    1|    1| function |
        |a0_1_1_max_int_s_fu_1099     |max_int_s  |    0|    0|    1|    1| function |
        |a0_2_max_int_s_fu_1107       |max_int_s  |    0|    0|    1|    1| function |
        |tmp_30_max_int_s_fu_1115     |max_int_s  |    0|    0|    1|    1| function |
        |tmp_31_max_int_s_fu_1122     |max_int_s  |    0|    0|    1|    1| function |
        |tmp_106_1_max_int_s_fu_1129  |max_int_s  |    0|    0|    1|    1| function |
        |tmp_109_1_max_int_s_fu_1136  |max_int_s  |    0|    0|    1|    1| function |
        |tmp_106_2_max_int_s_fu_1143  |max_int_s  |    0|    0|    1|    1| function |
        |tmp_109_2_max_int_s_fu_1150  |max_int_s  |    0|    0|    1|    1| function |
        |a0_1_2_max_int_s_fu_1156     |max_int_s  |    0|    0|    1|    1| function |
        |a0_3_max_int_s_fu_1162       |max_int_s  |    0|    0|    1|    1| function |
        |a0_1_3_max_int_s_fu_1170     |max_int_s  |    0|    0|    1|    1| function |
        |a0_4_max_int_s_fu_1178       |max_int_s  |    0|    0|    1|    1| function |
        |a0_1_4_max_int_s_fu_1186     |max_int_s  |    0|    0|    1|    1| function |
        |a0_5_max_int_s_fu_1194       |max_int_s  |    0|    0|    1|    1| function |
        |tmp_106_3_max_int_s_fu_1202  |max_int_s  |    0|    0|    1|    1| function |
        |tmp_109_3_max_int_s_fu_1209  |max_int_s  |    0|    0|    1|    1| function |
        |tmp_106_4_max_int_s_fu_1216  |max_int_s  |    0|    0|    1|    1| function |
        |tmp_109_4_max_int_s_fu_1223  |max_int_s  |    0|    0|    1|    1| function |
        |tmp_106_5_max_int_s_fu_1230  |max_int_s  |    0|    0|    1|    1| function |
        |tmp_109_5_max_int_s_fu_1237  |max_int_s  |    0|    0|    1|    1| function |
        |a0_1_5_max_int_s_fu_1243     |max_int_s  |    0|    0|    1|    1| function |
        |a0_6_max_int_s_fu_1249       |max_int_s  |    0|    0|    1|    1| function |
        |a0_1_6_max_int_s_fu_1257     |max_int_s  |    0|    0|    1|    1| function |
        |a0_7_max_int_s_fu_1265       |max_int_s  |    0|    0|    1|    1| function |
        |a0_1_7_max_int_s_fu_1273     |max_int_s  |    0|    0|    1|    1| function |
        |tmp_106_6_max_int_s_fu_1281  |max_int_s  |    0|    0|    1|    1| function |
        |tmp_109_6_max_int_s_fu_1288  |max_int_s  |    0|    0|    1|    1| function |
        |tmp_106_7_max_int_s_fu_1295  |max_int_s  |    0|    0|    1|    1| function |
        |tmp_109_7_max_int_s_fu_1302  |max_int_s  |    0|    0|    1|    1| function |
        |tmp_10_max_int_s_fu_1309     |max_int_s  |    0|    0|    1|    1| function |
        |grp_reg_int_s_fu_3701        |reg_int_s  |    1|    1|    1|    1| function |
        |grp_reg_int_s_fu_3708        |reg_int_s  |    1|    1|    1|    1| function |
        |grp_reg_int_s_fu_3715        |reg_int_s  |    1|    1|    1|    1| function |
        |grp_reg_int_s_fu_3723        |reg_int_s  |    1|    1|    1|    1| function |
        |grp_reg_int_s_fu_3731        |reg_int_s  |    1|    1|    1|    1| function |
        |grp_reg_int_s_fu_3739        |reg_int_s  |    1|    1|    1|    1| function |
        |grp_reg_int_s_fu_3747        |reg_int_s  |    1|    1|    1|    1| function |
        |grp_reg_int_s_fu_3755        |reg_int_s  |    1|    1|    1|    1| function |
        |grp_reg_int_s_fu_3763        |reg_int_s  |    1|    1|    1|    1| function |
        |grp_reg_int_s_fu_3771        |reg_int_s  |    1|    1|    1|    1| function |
        |grp_reg_int_s_fu_3779        |reg_int_s  |    1|    1|    1|    1| function |
        |grp_reg_int_s_fu_3786        |reg_int_s  |    1|    1|    1|    1| function |
        |grp_reg_int_s_fu_3813        |reg_int_s  |    1|    1|    1|    1| function |
        |grp_reg_int_s_fu_3821        |reg_int_s  |    1|    1|    1|    1| function |
        |grp_reg_int_s_fu_3829        |reg_int_s  |    1|    1|    1|    1| function |
        |grp_reg_int_s_fu_3837        |reg_int_s  |    1|    1|    1|    1| function |
        |grp_reg_int_s_fu_3845        |reg_int_s  |    1|    1|    1|    1| function |
        |grp_reg_int_s_fu_3852        |reg_int_s  |    1|    1|    1|    1| function |
        |grp_reg_int_s_fu_3859        |reg_int_s  |    1|    1|    1|    1| function |
        |grp_reg_int_s_fu_3866        |reg_int_s  |    1|    1|    1|    1| function |
        |grp_reg_int_s_fu_3873        |reg_int_s  |    1|    1|    1|    1| function |
        |grp_reg_int_s_fu_3881        |reg_int_s  |    1|    1|    1|    1| function |
        |grp_reg_int_s_fu_3889        |reg_int_s  |    1|    1|    1|    1| function |
        |grp_reg_int_s_fu_3896        |reg_int_s  |    1|    1|    1|    1| function |
        |grp_reg_int_s_fu_3903        |reg_int_s  |    1|    1|    1|    1| function |
        |grp_reg_int_s_fu_3910        |reg_int_s  |    1|    1|    1|    1| function |
        |grp_reg_int_s_fu_3917        |reg_int_s  |    1|    1|    1|    1| function |
        |grp_reg_int_s_fu_3925        |reg_int_s  |    1|    1|    1|    1| function |
        |grp_reg_int_s_fu_3933        |reg_int_s  |    1|    1|    1|    1| function |
        |grp_reg_int_s_fu_3941        |reg_int_s  |    1|    1|    1|    1| function |
        |grp_reg_int_s_fu_3949        |reg_int_s  |    1|    1|    1|    1| function |
        |grp_reg_int_s_fu_3957        |reg_int_s  |    1|    1|    1|    1| function |
        |grp_reg_int_s_fu_3965        |reg_int_s  |    1|    1|    1|    1| function |
        |grp_reg_int_s_fu_3973        |reg_int_s  |    1|    1|    1|    1| function |
        |grp_reg_int_s_fu_3981        |reg_int_s  |    1|    1|    1|    1| function |
        |grp_reg_int_s_fu_3989        |reg_int_s  |    1|    1|    1|    1| function |
        |grp_reg_int_s_fu_3997        |reg_int_s  |    1|    1|    1|    1| function |
        |grp_reg_int_s_fu_4005        |reg_int_s  |    1|    1|    1|    1| function |
        |grp_reg_int_s_fu_4013        |reg_int_s  |    1|    1|    1|    1| function |
        |grp_reg_int_s_fu_4021        |reg_int_s  |    1|    1|    1|    1| function |
        |grp_reg_int_s_fu_4029        |reg_int_s  |    1|    1|    1|    1| function |
        |grp_reg_int_s_fu_4037        |reg_int_s  |    1|    1|    1|    1| function |
        |grp_reg_int_s_fu_4045        |reg_int_s  |    1|    1|    1|    1| function |
        |grp_reg_int_s_fu_4053        |reg_int_s  |    1|    1|    1|    1| function |
        |grp_reg_int_s_fu_4061        |reg_int_s  |    1|    1|    1|    1| function |
        |grp_reg_int_s_fu_4068        |reg_int_s  |    1|    1|    1|    1| function |
        |grp_reg_int_s_fu_4075        |reg_int_s  |    1|    1|    1|    1| function |
        |grp_reg_int_s_fu_4082        |reg_int_s  |    1|    1|    1|    1| function |
        +-----------------------------+-----------+-----+-----+-----+-----+----------+

        * Loop: 
        +---------------+--------+--------+----------+-----------+-----------+------+----------+
        |               |     Latency     | Iteration|  Initiation Interval  | Trip |          |
        |   Loop Name   |   min  |   max  |  Latency |  achieved |   target  | Count| Pipelined|
        +---------------+--------+--------+----------+-----------+-----------+------+----------+
        |- loop_height  |  802108|  802108|      1039|          -|          -|   772|    no    |
        | + loop_width  |    1036|    1036|        10|          1|          1|  1028|    yes   |
        +---------------+--------+--------+----------+-----------+-----------+------+----------+



================================================================
== Utilization Estimates
================================================================
* Summary: 
+-----------------+---------+-------+-------+-------+
|       Name      | BRAM_18K| DSP48E|   FF  |  LUT  |
+-----------------+---------+-------+-------+-------+
|DSP              |        -|      -|      -|      -|
|Expression       |        -|      -|      0|    983|
|FIFO             |        -|      -|      -|      -|
|Instance         |        -|      -|   3120|   5116|
|Memory           |       10|      -|      0|      0|
|Multiplexer      |        -|      -|      -|     37|
|Register         |        0|      -|   3960|    800|
+-----------------+---------+-------+-------+-------+
|Total            |       10|      0|   7080|   6936|
+-----------------+---------+-------+-------+-------+
|Available        |      120|     80|  35200|  17600|
+-----------------+---------+-------+-------+-------+
|Utilization (%)  |        8|      0|     20|     39|
+-----------------+---------+-------+-------+-------+

+ Detail: 
    * Instance: 
    +-----------------------------+-----------+---------+-------+----+----+
    |           Instance          |   Module  | BRAM_18K| DSP48E| FF | LUT|
    +-----------------------------+-----------+---------+-------+----+----+
    |tmp_78_1_max_int_s_fu_931    |max_int_s  |        0|      0|   0|  44|
    |tmp_78_3_max_int_s_fu_937    |max_int_s  |        0|      0|   0|  44|
    |tmp_78_5_max_int_s_fu_943    |max_int_s  |        0|      0|   0|  44|
    |tmp_78_7_max_int_s_fu_949    |max_int_s  |        0|      0|   0|  44|
    |tmp_78_9_max_int_s_fu_955    |max_int_s  |        0|      0|   0|  44|
    |tmp_78_s_max_int_s_fu_961    |max_int_s  |        0|      0|   0|  44|
    |tmp_78_2_max_int_s_fu_967    |max_int_s  |        0|      0|   0|  44|
    |tmp_78_4_max_int_s_fu_973    |max_int_s  |        0|      0|   0|  44|
    |tmp_85_1_max_int_s_fu_979    |max_int_s  |        0|      0|   0|  44|
    |tmp_85_3_max_int_s_fu_985    |max_int_s  |        0|      0|   0|  44|
    |tmp_85_5_max_int_s_fu_991    |max_int_s  |        0|      0|   0|  44|
    |tmp_85_7_max_int_s_fu_997    |max_int_s  |        0|      0|   0|  44|
    |tmp_85_9_max_int_s_fu_1003   |max_int_s  |        0|      0|   0|  44|
    |tmp_85_s_max_int_s_fu_1009   |max_int_s  |        0|      0|   0|  44|
    |tmp_85_2_max_int_s_fu_1015   |max_int_s  |        0|      0|   0|  44|
    |tmp_85_4_max_int_s_fu_1021   |max_int_s  |        0|      0|   0|  44|
    |tmp_92_1_max_int_s_fu_1027   |max_int_s  |        0|      0|   0|  44|
    |tmp_92_3_max_int_s_fu_1033   |max_int_s  |        0|      0|   0|  44|
    |tmp_92_5_max_int_s_fu_1039   |max_int_s  |        0|      0|   0|  44|
    |tmp_92_7_max_int_s_fu_1045   |max_int_s  |        0|      0|   0|  44|
    |tmp_92_9_max_int_s_fu_1051   |max_int_s  |        0|      0|   0|  44|
    |tmp_92_s_max_int_s_fu_1057   |max_int_s  |        0|      0|   0|  44|
    |tmp_92_2_max_int_s_fu_1063   |max_int_s  |        0|      0|   0|  44|
    |tmp_92_4_max_int_s_fu_1069   |max_int_s  |        0|      0|   0|  44|
    |a0_max_int_s_fu_1075         |max_int_s  |        0|      0|   0|  44|
    |a0_1_max_int_s_fu_1083       |max_int_s  |        0|      0|   0|  44|
    |a0_s_max_int_s_fu_1091       |max_int_s  |        0|      0|   0|  44|
    |a0_1_1_max_int_s_fu_1099     |max_int_s  |        0|      0|   0|  44|
    |a0_2_max_int_s_fu_1107       |max_int_s  |        0|      0|   0|  44|
    |tmp_30_max_int_s_fu_1115     |max_int_s  |        0|      0|   0|  44|
    |tmp_31_max_int_s_fu_1122     |max_int_s  |        0|      0|   0|  44|
    |tmp_106_1_max_int_s_fu_1129  |max_int_s  |        0|      0|   0|  44|
    |tmp_109_1_max_int_s_fu_1136  |max_int_s  |        0|      0|   0|  44|
    |tmp_106_2_max_int_s_fu_1143  |max_int_s  |        0|      0|   0|  44|
    |tmp_109_2_max_int_s_fu_1150  |max_int_s  |        0|      0|   0|  44|
    |a0_1_2_max_int_s_fu_1156     |max_int_s  |        0|      0|   0|  44|
    |a0_3_max_int_s_fu_1162       |max_int_s  |        0|      0|   0|  44|
    |a0_1_3_max_int_s_fu_1170     |max_int_s  |        0|      0|   0|  44|
    |a0_4_max_int_s_fu_1178       |max_int_s  |        0|      0|   0|  44|
    |a0_1_4_max_int_s_fu_1186     |max_int_s  |        0|      0|   0|  44|
    |a0_5_max_int_s_fu_1194       |max_int_s  |        0|      0|   0|  44|
    |tmp_106_3_max_int_s_fu_1202  |max_int_s  |        0|      0|   0|  44|
    |tmp_109_3_max_int_s_fu_1209  |max_int_s  |        0|      0|   0|  44|
    |tmp_106_4_max_int_s_fu_1216  |max_int_s  |        0|      0|   0|  44|
    |tmp_109_4_max_int_s_fu_1223  |max_int_s  |        0|      0|   0|  44|
    |tmp_106_5_max_int_s_fu_1230  |max_int_s  |        0|      0|   0|  44|
    |tmp_109_5_max_int_s_fu_1237  |max_int_s  |        0|      0|   0|  44|
    |a0_1_5_max_int_s_fu_1243     |max_int_s  |        0|      0|   0|  44|
    |a0_6_max_int_s_fu_1249       |max_int_s  |        0|      0|   0|  44|
    |a0_1_6_max_int_s_fu_1257     |max_int_s  |        0|      0|   0|  44|
    |a0_7_max_int_s_fu_1265       |max_int_s  |        0|      0|   0|  44|
    |a0_1_7_max_int_s_fu_1273     |max_int_s  |        0|      0|   0|  44|
    |tmp_106_6_max_int_s_fu_1281  |max_int_s  |        0|      0|   0|  44|
    |tmp_109_6_max_int_s_fu_1288  |max_int_s  |        0|      0|   0|  44|
    |tmp_106_7_max_int_s_fu_1295  |max_int_s  |        0|      0|   0|  44|
    |tmp_109_7_max_int_s_fu_1302  |max_int_s  |        0|      0|   0|  44|
    |tmp_10_max_int_s_fu_1309     |max_int_s  |        0|      0|   0|  44|
    |tmp_76_1_min_int_s_fu_581    |min_int_s  |        0|      0|   0|  44|
    |tmp_76_3_min_int_s_fu_587    |min_int_s  |        0|      0|   0|  44|
    |tmp_76_5_min_int_s_fu_593    |min_int_s  |        0|      0|   0|  44|
    |tmp_76_7_min_int_s_fu_599    |min_int_s  |        0|      0|   0|  44|
    |tmp_76_9_min_int_s_fu_605    |min_int_s  |        0|      0|   0|  44|
    |tmp_76_s_min_int_s_fu_611    |min_int_s  |        0|      0|   0|  44|
    |tmp_76_2_min_int_s_fu_617    |min_int_s  |        0|      0|   0|  44|
    |tmp_76_4_min_int_s_fu_623    |min_int_s  |        0|      0|   0|  44|
    |tmp_83_1_min_int_s_fu_629    |min_int_s  |        0|      0|   0|  44|
    |tmp_83_3_min_int_s_fu_635    |min_int_s  |        0|      0|   0|  44|
    |tmp_83_5_min_int_s_fu_641    |min_int_s  |        0|      0|   0|  44|
    |tmp_83_7_min_int_s_fu_647    |min_int_s  |        0|      0|   0|  44|
    |tmp_83_9_min_int_s_fu_653    |min_int_s  |        0|      0|   0|  44|
    |tmp_83_s_min_int_s_fu_659    |min_int_s  |        0|      0|   0|  44|
    |tmp_83_2_min_int_s_fu_665    |min_int_s  |        0|      0|   0|  44|
    |tmp_83_4_min_int_s_fu_671    |min_int_s  |        0|      0|   0|  44|
    |tmp_90_1_min_int_s_fu_677    |min_int_s  |        0|      0|   0|  44|
    |tmp_90_3_min_int_s_fu_683    |min_int_s  |        0|      0|   0|  44|
    |tmp_90_5_min_int_s_fu_689    |min_int_s  |        0|      0|   0|  44|
    |tmp_90_7_min_int_s_fu_695    |min_int_s  |        0|      0|   0|  44|
    |tmp_90_9_min_int_s_fu_701    |min_int_s  |        0|      0|   0|  44|
    |tmp_90_s_min_int_s_fu_707    |min_int_s  |        0|      0|   0|  44|
    |tmp_90_2_min_int_s_fu_713    |min_int_s  |        0|      0|   0|  44|
    |tmp_90_4_min_int_s_fu_719    |min_int_s  |        0|      0|   0|  44|
    |tmp_27_min_int_s_fu_725      |min_int_s  |        0|      0|   0|  44|
    |tmp_29_min_int_s_fu_731      |min_int_s  |        0|      0|   0|  44|
    |tmp_98_1_min_int_s_fu_737    |min_int_s  |        0|      0|   0|  44|
    |tmp_101_1_min_int_s_fu_743   |min_int_s  |        0|      0|   0|  44|
    |tmp_98_2_min_int_s_fu_749    |min_int_s  |        0|      0|   0|  44|
    |tmp_101_2_min_int_s_fu_755   |min_int_s  |        0|      0|   0|  44|
    |b0_min_int_s_fu_761          |min_int_s  |        0|      0|   0|  44|
    |b0_1_min_int_s_fu_768        |min_int_s  |        0|      0|   0|  44|
    |b0_s_min_int_s_fu_775        |min_int_s  |        0|      0|   0|  44|
    |b0_1_1_min_int_s_fu_782      |min_int_s  |        0|      0|   0|  44|
    |b0_2_min_int_s_fu_789        |min_int_s  |        0|      0|   0|  44|
    |tmp_98_3_min_int_s_fu_796    |min_int_s  |        0|      0|   0|  44|
    |tmp_101_3_min_int_s_fu_802   |min_int_s  |        0|      0|   0|  44|
    |tmp_98_4_min_int_s_fu_808    |min_int_s  |        0|      0|   0|  44|
    |tmp_101_4_min_int_s_fu_814   |min_int_s  |        0|      0|   0|  44|
    |tmp_98_5_min_int_s_fu_820    |min_int_s  |        0|      0|   0|  44|
    |tmp_101_5_min_int_s_fu_826   |min_int_s  |        0|      0|   0|  44|
    |b0_1_2_min_int_s_fu_832      |min_int_s  |        0|      0|   0|  44|
    |b0_3_min_int_s_fu_838        |min_int_s  |        0|      0|   0|  44|
    |b0_1_3_min_int_s_fu_845      |min_int_s  |        0|      0|   0|  44|
    |b0_4_min_int_s_fu_852        |min_int_s  |        0|      0|   0|  44|
    |b0_1_4_min_int_s_fu_859      |min_int_s  |        0|      0|   0|  44|
    |b0_5_min_int_s_fu_866        |min_int_s  |        0|      0|   0|  44|
    |tmp_98_6_min_int_s_fu_873    |min_int_s  |        0|      0|   0|  44|
    |tmp_101_6_min_int_s_fu_879   |min_int_s  |        0|      0|   0|  44|
    |tmp_98_7_min_int_s_fu_885    |min_int_s  |        0|      0|   0|  44|
    |tmp_101_7_min_int_s_fu_891   |min_int_s  |        0|      0|   0|  44|
    |b0_1_5_min_int_s_fu_897      |min_int_s  |        0|      0|   0|  44|
    |b0_6_min_int_s_fu_903        |min_int_s  |        0|      0|   0|  44|
    |b0_1_6_min_int_s_fu_910      |min_int_s  |        0|      0|   0|  44|
    |b0_7_min_int_s_fu_917        |min_int_s  |        0|      0|   0|  44|
    |b0_1_7_min_int_s_fu_924      |min_int_s  |        0|      0|   0|  44|
    |grp_reg_int_s_fu_3701        |reg_int_s  |        0|      0|  65|   3|
    |grp_reg_int_s_fu_3708        |reg_int_s  |        0|      0|  65|   3|
    |grp_reg_int_s_fu_3715        |reg_int_s  |        0|      0|  65|   3|
    |grp_reg_int_s_fu_3723        |reg_int_s  |        0|      0|  65|   3|
    |grp_reg_int_s_fu_3731        |reg_int_s  |        0|      0|  65|   3|
    |grp_reg_int_s_fu_3739        |reg_int_s  |        0|      0|  65|   3|
    |grp_reg_int_s_fu_3747        |reg_int_s  |        0|      0|  65|   3|
    |grp_reg_int_s_fu_3755        |reg_int_s  |        0|      0|  65|   3|
    |grp_reg_int_s_fu_3763        |reg_int_s  |        0|      0|  65|   3|
    |grp_reg_int_s_fu_3771        |reg_int_s  |        0|      0|  65|   3|
    |grp_reg_int_s_fu_3779        |reg_int_s  |        0|      0|  65|   3|
    |grp_reg_int_s_fu_3786        |reg_int_s  |        0|      0|  65|   3|
    |grp_reg_int_s_fu_3813        |reg_int_s  |        0|      0|  65|   3|
    |grp_reg_int_s_fu_3821        |reg_int_s  |        0|      0|  65|   3|
    |grp_reg_int_s_fu_3829        |reg_int_s  |        0|      0|  65|   3|
    |grp_reg_int_s_fu_3837        |reg_int_s  |        0|      0|  65|   3|
    |grp_reg_int_s_fu_3845        |reg_int_s  |        0|      0|  65|   3|
    |grp_reg_int_s_fu_3852        |reg_int_s  |        0|      0|  65|   3|
    |grp_reg_int_s_fu_3859        |reg_int_s  |        0|      0|  65|   3|
    |grp_reg_int_s_fu_3866        |reg_int_s  |        0|      0|  65|   3|
    |grp_reg_int_s_fu_3873        |reg_int_s  |        0|      0|  65|   3|
    |grp_reg_int_s_fu_3881        |reg_int_s  |        0|      0|  65|   3|
    |grp_reg_int_s_fu_3889        |reg_int_s  |        0|      0|  65|   3|
    |grp_reg_int_s_fu_3896        |reg_int_s  |        0|      0|  65|   3|
    |grp_reg_int_s_fu_3903        |reg_int_s  |        0|      0|  65|   3|
    |grp_reg_int_s_fu_3910        |reg_int_s  |        0|      0|  65|   3|
    |grp_reg_int_s_fu_3917        |reg_int_s  |        0|      0|  65|   3|
    |grp_reg_int_s_fu_3925        |reg_int_s  |        0|      0|  65|   3|
    |grp_reg_int_s_fu_3933        |reg_int_s  |        0|      0|  65|   3|
    |grp_reg_int_s_fu_3941        |reg_int_s  |        0|      0|  65|   3|
    |grp_reg_int_s_fu_3949        |reg_int_s  |        0|      0|  65|   3|
    |grp_reg_int_s_fu_3957        |reg_int_s  |        0|      0|  65|   3|
    |grp_reg_int_s_fu_3965        |reg_int_s  |        0|      0|  65|   3|
    |grp_reg_int_s_fu_3973        |reg_int_s  |        0|      0|  65|   3|
    |grp_reg_int_s_fu_3981        |reg_int_s  |        0|      0|  65|   3|
    |grp_reg_int_s_fu_3989        |reg_int_s  |        0|      0|  65|   3|
    |grp_reg_int_s_fu_3997        |reg_int_s  |        0|      0|  65|   3|
    |grp_reg_int_s_fu_4005        |reg_int_s  |        0|      0|  65|   3|
    |grp_reg_int_s_fu_4013        |reg_int_s  |        0|      0|  65|   3|
    |grp_reg_int_s_fu_4021        |reg_int_s  |        0|      0|  65|   3|
    |grp_reg_int_s_fu_4029        |reg_int_s  |        0|      0|  65|   3|
    |grp_reg_int_s_fu_4037        |reg_int_s  |        0|      0|  65|   3|
    |grp_reg_int_s_fu_4045        |reg_int_s  |        0|      0|  65|   3|
    |grp_reg_int_s_fu_4053        |reg_int_s  |        0|      0|  65|   3|
    |grp_reg_int_s_fu_4061        |reg_int_s  |        0|      0|  65|   3|
    |grp_reg_int_s_fu_4068        |reg_int_s  |        0|      0|  65|   3|
    |grp_reg_int_s_fu_4075        |reg_int_s  |        0|      0|  65|   3|
    |grp_reg_int_s_fu_4082        |reg_int_s  |        0|      0|  65|   3|
    +-----------------------------+-----------+---------+-------+----+----+
    |Total                        |           |        0|      0|3120|5116|
    +-----------------------------+-----------+---------+-------+----+----+

    * DSP48: 
    N/A

    * Memory: 
    +--------------------+----------------------+---------+---+----+------+-----+------+-------------+
    |       Memory       |        Module        | BRAM_18K| FF| LUT| Words| Bits| Banks| W*Bits*Banks|
    +--------------------+----------------------+---------+---+----+------+-----+------+-------------+
    |core_buf_val_0_V_U  |FAST_t_opr_core_bjbC  |        2|  0|   0|  1031|   16|     1|        16496|
    |core_buf_val_1_V_U  |FAST_t_opr_core_bjbC  |        2|  0|   0|  1031|   16|     1|        16496|
    |k_buf_val_0_V_U     |FAST_t_opr_k_buf_dEe  |        1|  0|   0|  1024|    8|     1|         8192|
    |k_buf_val_1_V_U     |FAST_t_opr_k_buf_dEe  |        1|  0|   0|  1024|    8|     1|         8192|
    |k_buf_val_2_V_U     |FAST_t_opr_k_buf_dEe  |        1|  0|   0|  1024|    8|     1|         8192|
    |k_buf_val_3_V_U     |FAST_t_opr_k_buf_dEe  |        1|  0|   0|  1024|    8|     1|         8192|
    |k_buf_val_4_V_U     |FAST_t_opr_k_buf_dEe  |        1|  0|   0|  1024|    8|     1|         8192|
    |k_buf_val_5_V_U     |FAST_t_opr_k_buf_dEe  |        1|  0|   0|  1024|    8|     1|         8192|
    +--------------------+----------------------+---------+---+----+------+-----+------+-------------+
    |Total               |                      |       10|  0|   0|  8206|   80|     8|        82144|
    +--------------------+----------------------+---------+---+----+------+-----+------+-------------+

    * FIFO: 
    N/A

    * Expression: 
    +------------------------------------+----------+-------+---+----+------------+------------+
    |            Variable Name           | Operation| DSP48E| FF| LUT| Bitwidth P0| Bitwidth P1|
    +------------------------------------+----------+-------+---+----+------------+------------+
    |count_1_fu_3105_p2                  |     +    |      0|  0|   6|           4|           1|
    |count_2_fu_3321_p2                  |     +    |      0|  0|   7|           5|           1|
    |count_3_fu_3387_p2                  |     +    |      0|  0|   7|           5|           1|
    |count_4_fu_3452_p2                  |     +    |      0|  0|   7|           5|           1|
    |count_5_fu_3522_p2                  |     +    |      0|  0|   7|           5|           1|
    |count_6_fu_3592_p2                  |     +    |      0|  0|   7|           5|           1|
    |count_8_fu_2887_p2                  |     +    |      0|  0|   6|           4|           1|
    |count_s_fu_2993_p2                  |     +    |      0|  0|   6|           4|           1|
    |i_V_fu_1321_p2                      |     +    |      0|  0|  10|          10|           1|
    |j_V_fu_1373_p2                      |     +    |      0|  0|  11|          11|           1|
    |phitmp2_fu_2899_p2                  |     +    |      0|  0|   6|           4|           2|
    |phitmp3_fu_3005_p2                  |     +    |      0|  0|   6|           4|           2|
    |phitmp4_fu_3117_p2                  |     +    |      0|  0|   6|           4|           2|
    |phitmp5_fu_3333_p2                  |     +    |      0|  0|   7|           5|           2|
    |phitmp6_fu_3399_p2                  |     +    |      0|  0|   7|           5|           2|
    |phitmp7_fu_3464_p2                  |     +    |      0|  0|   7|           5|           2|
    |phitmp8_fu_3534_p2                  |     +    |      0|  0|   7|           5|           2|
    |phitmp9_fu_3604_p2                  |     +    |      0|  0|   7|           5|           2|
    |phitmp_fu_4099_p2                   |     +    |      0|  0|  16|           2|          16|
    |ret_V_1_1_fu_2029_p2                |     -    |      0|  0|   9|           9|           9|
    |ret_V_1_2_fu_2117_p2                |     -    |      0|  0|   9|           9|           9|
    |ret_V_1_3_fu_2205_p2                |     -    |      0|  0|   9|           9|           9|
    |ret_V_1_4_fu_2293_p2                |     -    |      0|  0|   9|           9|           9|
    |ret_V_1_5_fu_2381_p2                |     -    |      0|  0|   9|           9|           9|
    |ret_V_1_6_fu_2469_p2                |     -    |      0|  0|   9|           9|           9|
    |ret_V_1_7_fu_2557_p2                |     -    |      0|  0|   9|           9|           9|
    |ret_V_1_fu_1941_p2                  |     -    |      0|  0|   9|           9|           9|
    |ret_V_2_fu_2107_p2                  |     -    |      0|  0|   9|           9|           9|
    |ret_V_3_fu_2195_p2                  |     -    |      0|  0|   9|           9|           9|
    |ret_V_4_fu_2283_p2                  |     -    |      0|  0|   9|           9|           9|
    |ret_V_5_fu_2371_p2                  |     -    |      0|  0|   9|           9|           9|
    |ret_V_6_fu_2459_p2                  |     -    |      0|  0|   9|           9|           9|
    |ret_V_7_fu_2547_p2                  |     -    |      0|  0|   9|           9|           9|
    |ret_V_fu_1931_p2                    |     -    |      0|  0|   9|           9|           9|
    |ret_V_s_fu_2019_p2                  |     -    |      0|  0|   9|           9|           9|
    |tmp_10_max_int_s_fu_1309_y          |     -    |      0|  0|  32|           1|          32|
    |ap_block_state12_pp0_stage0_iter9   |    and   |      0|  0|   1|           1|           1|
    |ap_block_state4_pp0_stage0_iter1    |    and   |      0|  0|   1|           1|           1|
    |ap_condition_2362                   |    and   |      0|  0|   1|           1|           1|
    |ap_predicate_op181_read_state4      |    and   |      0|  0|   1|           1|           1|
    |ap_predicate_op562_call_state6      |    and   |      0|  0|   1|           1|           1|
    |ap_predicate_op602_call_state7      |    and   |      0|  0|   1|           1|           1|
    |ap_predicate_op644_call_state8      |    and   |      0|  0|   1|           1|           1|
    |ap_predicate_op680_call_state9      |    and   |      0|  0|   1|           1|           1|
    |ap_predicate_op723_call_state10     |    and   |      0|  0|   1|           1|           1|
    |iscorner_2_i_7_fu_2861_p2           |    and   |      0|  0|   1|           1|           1|
    |or_cond1_fu_1339_p2                 |    and   |      0|  0|   1|           1|           1|
    |or_cond_fu_1393_p2                  |    and   |      0|  0|   1|           1|           1|
    |p_iscorner_0_i_10_fu_3480_p2        |    and   |      0|  0|   1|           1|           1|
    |p_iscorner_0_i_11_fu_3509_p2        |    and   |      0|  0|   1|           1|           1|
    |p_iscorner_0_i_12_fu_3550_p2        |    and   |      0|  0|   1|           1|           1|
    |p_iscorner_0_i_13_fu_3579_p2        |    and   |      0|  0|   1|           1|           1|
    |p_iscorner_0_i_14_fu_3610_p2        |    and   |      0|  0|   1|           1|           1|
    |p_iscorner_0_i_15_fu_3625_p2        |    and   |      0|  0|   1|           1|           1|
    |p_iscorner_0_i_1_fu_3073_p2         |    and   |      0|  0|   1|           1|           1|
    |p_iscorner_0_i_2_fu_3135_p2         |    and   |      0|  0|   1|           1|           1|
    |p_iscorner_0_i_3_fu_3300_p2         |    and   |      0|  0|   1|           1|           1|
    |p_iscorner_0_i_4_fu_3349_p2         |    and   |      0|  0|   1|           1|           1|
    |p_iscorner_0_i_5_fu_3374_p2         |    and   |      0|  0|   1|           1|           1|
    |p_iscorner_0_i_6_fu_3410_p2         |    and   |      0|  0|   1|           1|           1|
    |p_iscorner_0_i_7_fu_3439_p2         |    and   |      0|  0|   1|           1|           1|
    |p_iscorner_0_i_8_fu_2911_p2         |    and   |      0|  0|   1|           1|           1|
    |p_iscorner_0_i_9_fu_2961_p2         |    and   |      0|  0|   1|           1|           1|
    |p_iscorner_0_i_s_fu_3023_p2         |    and   |      0|  0|   1|           1|           1|
    |tmp20_fu_1840_p2                    |    and   |      0|  0|   1|           1|           1|
    |tmp21_fu_1824_p2                    |    and   |      0|  0|   1|           1|           1|
    |tmp22_fu_1835_p2                    |    and   |      0|  0|   1|           1|           1|
    |tmp23_fu_1829_p2                    |    and   |      0|  0|   1|           1|           1|
    |tmp24_fu_4156_p2                    |    and   |      0|  0|   1|           1|           1|
    |tmp25_fu_4141_p2                    |    and   |      0|  0|   1|           1|           1|
    |tmp26_fu_4135_p2                    |    and   |      0|  0|   1|           1|           1|
    |tmp27_fu_4150_p2                    |    and   |      0|  0|   1|           1|           1|
    |tmp28_fu_4146_p2                    |    and   |      0|  0|   1|           1|           1|
    |tmp4_fu_3621_p2                     |    and   |      0|  0|   1|           1|           1|
    |tmp_36_fu_4162_p2                   |    and   |      0|  0|   1|           1|           1|
    |tmp_8_fu_1420_p2                    |    and   |      0|  0|   1|           1|           1|
    |exitcond3_fu_1315_p2                |   icmp   |      0|  0|   5|          10|           9|
    |exitcond4_fu_1367_p2                |   icmp   |      0|  0|   5|          11|          11|
    |icmp1_fu_1442_p2                    |   icmp   |      0|  0|   5|           9|           1|
    |icmp_fu_1361_p2                     |   icmp   |      0|  0|   4|           8|           1|
    |tmp_115_1_fu_1800_p2                |   icmp   |      0|  0|   7|          16|          16|
    |tmp_115_2_fu_1806_p2                |   icmp   |      0|  0|   7|          16|          16|
    |tmp_118_1_fu_4125_p2                |   icmp   |      0|  0|   7|          16|          16|
    |tmp_118_2_fu_4130_p2                |   icmp   |      0|  0|   7|          16|          16|
    |tmp_11_fu_1788_p2                   |   icmp   |      0|  0|   7|          16|           1|
    |tmp_12_fu_1426_p2                   |   icmp   |      0|  0|   5|          11|           3|
    |tmp_13_fu_1812_p2                   |   icmp   |      0|  0|   7|          16|          16|
    |tmp_14_fu_1818_p2                   |   icmp   |      0|  0|   7|          16|          16|
    |tmp_15_fu_1947_p2                   |   icmp   |      0|  0|   5|           9|           5|
    |tmp_16_fu_1953_p2                   |   icmp   |      0|  0|   5|           9|           6|
    |tmp_18_fu_1981_p2                   |   icmp   |      0|  0|   5|           9|           5|
    |tmp_19_fu_1987_p2                   |   icmp   |      0|  0|   5|           9|           6|
    |tmp_1_fu_1333_p2                    |   icmp   |      0|  0|   5|          10|           3|
    |tmp_23_fu_2637_p2                   |   icmp   |      0|  0|   1|           2|           1|
    |tmp_2_fu_1345_p2                    |   icmp   |      0|  0|   5|          10|           3|
    |tmp_33_fu_1794_p2                   |   icmp   |      0|  0|   7|          16|          16|
    |tmp_34_fu_4120_p2                   |   icmp   |      0|  0|   7|          16|          16|
    |tmp_64_1_fu_2035_p2                 |   icmp   |      0|  0|   5|           9|           5|
    |tmp_64_2_fu_2123_p2                 |   icmp   |      0|  0|   5|           9|           5|
    |tmp_64_3_fu_2211_p2                 |   icmp   |      0|  0|   5|           9|           5|
    |tmp_64_4_fu_2299_p2                 |   icmp   |      0|  0|   5|           9|           5|
    |tmp_64_5_fu_2387_p2                 |   icmp   |      0|  0|   5|           9|           5|
    |tmp_64_6_fu_2475_p2                 |   icmp   |      0|  0|   5|           9|           5|
    |tmp_64_7_fu_2563_p2                 |   icmp   |      0|  0|   5|           9|           5|
    |tmp_65_1_fu_2041_p2                 |   icmp   |      0|  0|   5|           9|           6|
    |tmp_65_2_fu_2129_p2                 |   icmp   |      0|  0|   5|           9|           6|
    |tmp_65_3_fu_2217_p2                 |   icmp   |      0|  0|   5|           9|           6|
    |tmp_65_4_fu_2305_p2                 |   icmp   |      0|  0|   5|           9|           6|
    |tmp_65_5_fu_2393_p2                 |   icmp   |      0|  0|   5|           9|           6|
    |tmp_65_6_fu_2481_p2                 |   icmp   |      0|  0|   5|           9|           6|
    |tmp_65_7_fu_2569_p2                 |   icmp   |      0|  0|   5|           9|           6|
    |tmp_69_0_not_fu_2631_p2             |   icmp   |      0|  0|   1|           2|           2|
    |tmp_69_1_fu_3037_p2                 |   icmp   |      0|  0|   1|           2|           2|
    |tmp_69_1_not_fu_2649_p2             |   icmp   |      0|  0|   1|           2|           2|
    |tmp_69_2_fu_3087_p2                 |   icmp   |      0|  0|   1|           2|           2|
    |tmp_69_2_not_fu_2667_p2             |   icmp   |      0|  0|   1|           2|           2|
    |tmp_69_3_fu_3149_p2                 |   icmp   |      0|  0|   1|           2|           2|
    |tmp_69_3_not_fu_2685_p2             |   icmp   |      0|  0|   1|           2|           2|
    |tmp_69_4_fu_3161_p2                 |   icmp   |      0|  0|   1|           2|           2|
    |tmp_69_4_not_fu_2703_p2             |   icmp   |      0|  0|   1|           2|           2|
    |tmp_69_5_fu_3173_p2                 |   icmp   |      0|  0|   1|           2|           2|
    |tmp_69_5_not_fu_2721_p2             |   icmp   |      0|  0|   1|           2|           2|
    |tmp_69_6_not_fu_2739_p2             |   icmp   |      0|  0|   1|           2|           2|
    |tmp_69_7_not_fu_2831_p2             |   icmp   |      0|  0|   1|           2|           2|
    |tmp_69_8_fu_2875_p2                 |   icmp   |      0|  0|   1|           2|           2|
    |tmp_69_9_fu_2925_p2                 |   icmp   |      0|  0|   1|           2|           2|
    |tmp_69_s_fu_2975_p2                 |   icmp   |      0|  0|   1|           2|           2|
    |tmp_70_1_fu_2069_p2                 |   icmp   |      0|  0|   5|           9|           5|
    |tmp_70_2_fu_2157_p2                 |   icmp   |      0|  0|   5|           9|           5|
    |tmp_70_3_fu_2245_p2                 |   icmp   |      0|  0|   5|           9|           5|
    |tmp_70_4_fu_2333_p2                 |   icmp   |      0|  0|   5|           9|           5|
    |tmp_70_5_fu_2421_p2                 |   icmp   |      0|  0|   5|           9|           5|
    |tmp_70_6_fu_2509_p2                 |   icmp   |      0|  0|   5|           9|           5|
    |tmp_70_7_fu_2597_p2                 |   icmp   |      0|  0|   5|           9|           5|
    |tmp_71_10_fu_3093_p2                |   icmp   |      0|  0|   1|           2|           1|
    |tmp_71_11_fu_3155_p2                |   icmp   |      0|  0|   1|           2|           1|
    |tmp_71_12_fu_3167_p2                |   icmp   |      0|  0|   1|           2|           1|
    |tmp_71_1_fu_2655_p2                 |   icmp   |      0|  0|   1|           2|           1|
    |tmp_71_2_fu_2673_p2                 |   icmp   |      0|  0|   1|           2|           1|
    |tmp_71_3_fu_2691_p2                 |   icmp   |      0|  0|   1|           2|           1|
    |tmp_71_4_fu_2709_p2                 |   icmp   |      0|  0|   1|           2|           1|
    |tmp_71_5_fu_2727_p2                 |   icmp   |      0|  0|   1|           2|           1|
    |tmp_71_6_fu_2745_p2                 |   icmp   |      0|  0|   1|           2|           1|
    |tmp_71_7_fu_2837_p2                 |   icmp   |      0|  0|   1|           2|           1|
    |tmp_71_8_fu_3043_p2                 |   icmp   |      0|  0|   1|           2|           1|
    |tmp_71_9_fu_2931_p2                 |   icmp   |      0|  0|   1|           2|           1|
    |tmp_71_s_fu_2981_p2                 |   icmp   |      0|  0|   1|           2|           1|
    |tmp_72_1_fu_2075_p2                 |   icmp   |      0|  0|   5|           9|           6|
    |tmp_72_2_fu_2163_p2                 |   icmp   |      0|  0|   5|           9|           6|
    |tmp_72_3_fu_2251_p2                 |   icmp   |      0|  0|   5|           9|           6|
    |tmp_72_4_fu_2339_p2                 |   icmp   |      0|  0|   5|           9|           6|
    |tmp_72_5_fu_2427_p2                 |   icmp   |      0|  0|   5|           9|           6|
    |tmp_72_6_fu_2515_p2                 |   icmp   |      0|  0|   5|           9|           6|
    |tmp_72_7_fu_2603_p2                 |   icmp   |      0|  0|   5|           9|           6|
    |tmp_73_10_fu_3423_p2                |   icmp   |      0|  0|   2|           5|           4|
    |tmp_73_11_fu_3458_p2                |   icmp   |      0|  0|   2|           5|           4|
    |tmp_73_12_fu_3493_p2                |   icmp   |      0|  0|   2|           5|           4|
    |tmp_73_13_fu_3528_p2                |   icmp   |      0|  0|   2|           5|           4|
    |tmp_73_14_fu_3563_p2                |   icmp   |      0|  0|   2|           5|           4|
    |tmp_73_15_fu_3598_p2                |   icmp   |      0|  0|   2|           5|           4|
    |tmp_73_16_fu_3615_p2                |   icmp   |      0|  0|   2|           5|           4|
    |tmp_73_1_fu_3055_p2                 |   icmp   |      0|  0|   2|           4|           5|
    |tmp_73_2_fu_3111_p2                 |   icmp   |      0|  0|   2|           4|           5|
    |tmp_73_3_fu_3285_p2                 |   icmp   |      0|  0|   2|           4|           5|
    |tmp_73_4_fu_3327_p2                 |   icmp   |      0|  0|   2|           5|           4|
    |tmp_73_5_fu_3363_p2                 |   icmp   |      0|  0|   2|           5|           4|
    |tmp_73_6_fu_3393_p2                 |   icmp   |      0|  0|   2|           5|           4|
    |tmp_73_7_fu_2849_p2                 |   icmp   |      0|  0|   2|           4|           5|
    |tmp_73_8_fu_2893_p2                 |   icmp   |      0|  0|   2|           4|           5|
    |tmp_73_9_fu_2943_p2                 |   icmp   |      0|  0|   2|           4|           5|
    |tmp_73_s_fu_2999_p2                 |   icmp   |      0|  0|   2|           4|           5|
    |tmp_7_fu_1414_p2                    |   icmp   |      0|  0|   5|          11|           3|
    |tmp_s_fu_1327_p2                    |   icmp   |      0|  0|   5|          10|          10|
    |ap_block_pp0_stage0_01001           |    or    |      0|  0|   1|           1|           1|
    |ap_block_state1                     |    or    |      0|  0|   1|           1|           1|
    |iscorner_2_i_s_fu_3695_p2           |    or    |      0|  0|   1|           1|           1|
    |not_or_cond10_demorg_fu_3569_p2     |    or    |      0|  0|   1|           1|           1|
    |not_or_cond11_demorg_fu_3185_p2     |    or    |      0|  0|   1|           1|           1|
    |not_or_cond12_demorg_fu_3123_p2     |    or    |      0|  0|   1|           1|           1|
    |not_or_cond13_demorg_fu_3290_p2     |    or    |      0|  0|   1|           1|           1|
    |not_or_cond14_demorg_fu_3339_p2     |    or    |      0|  0|   1|           1|           1|
    |not_or_cond2_demorga_fu_2949_p2     |    or    |      0|  0|   1|           1|           1|
    |not_or_cond3_demorga_fu_3011_p2     |    or    |      0|  0|   1|           1|           1|
    |not_or_cond4_demorga_fu_3061_p2     |    or    |      0|  0|   1|           1|           1|
    |not_or_cond6_demorga_fu_3429_p2     |    or    |      0|  0|   1|           1|           1|
    |not_or_cond7_demorga_fu_3470_p2     |    or    |      0|  0|   1|           1|           1|
    |not_or_cond8_demorga_fu_3499_p2     |    or    |      0|  0|   1|           1|           1|
    |not_or_cond9_demorga_fu_3540_p2     |    or    |      0|  0|   1|           1|           1|
    |or_cond10_fu_2843_p2                |    or    |      0|  0|   1|           1|           1|
    |or_cond11_fu_2881_p2                |    or    |      0|  0|   1|           1|           1|
    |or_cond12_fu_2937_p2                |    or    |      0|  0|   1|           1|           1|
    |or_cond13_fu_2987_p2                |    or    |      0|  0|   1|           1|           1|
    |or_cond14_fu_3049_p2                |    or    |      0|  0|   1|           1|           1|
    |or_cond15_fu_3099_p2                |    or    |      0|  0|   1|           1|           1|
    |or_cond16_fu_3281_p2                |    or    |      0|  0|   1|           1|           1|
    |or_cond17_fu_3317_p2                |    or    |      0|  0|   1|           1|           1|
    |or_cond18_fu_3179_p2                |    or    |      0|  0|   1|           1|           1|
    |or_cond2_fu_2733_p2                 |    or    |      0|  0|   1|           1|           1|
    |or_cond3_fu_2751_p2                 |    or    |      0|  0|   1|           1|           1|
    |or_cond4_fu_1448_p2                 |    or    |      0|  0|   1|           1|           1|
    |or_cond5_fu_2643_p2                 |    or    |      0|  0|   1|           1|           1|
    |or_cond6_fu_2661_p2                 |    or    |      0|  0|   1|           1|           1|
    |or_cond7_fu_2679_p2                 |    or    |      0|  0|   1|           1|           1|
    |or_cond8_fu_2697_p2                 |    or    |      0|  0|   1|           1|           1|
    |or_cond9_fu_2715_p2                 |    or    |      0|  0|   1|           1|           1|
    |tmp10_fu_3215_p2                    |    or    |      0|  0|   1|           1|           1|
    |tmp11_fu_3631_p2                    |    or    |      0|  0|   1|           1|           1|
    |tmp12_fu_3689_p2                    |    or    |      0|  0|   1|           1|           1|
    |tmp13_fu_3659_p2                    |    or    |      0|  0|   1|           1|           1|
    |tmp14_fu_3647_p2                    |    or    |      0|  0|   1|           1|           1|
    |tmp15_fu_3653_p2                    |    or    |      0|  0|   1|           1|           1|
    |tmp16_fu_3683_p2                    |    or    |      0|  0|   1|           1|           1|
    |tmp17_fu_3665_p2                    |    or    |      0|  0|   1|           1|           1|
    |tmp18_fu_3677_p2                    |    or    |      0|  0|   1|           1|           1|
    |tmp19_fu_3671_p2                    |    or    |      0|  0|   1|           1|           1|
    |tmp5_fu_3642_p2                     |    or    |      0|  0|   1|           1|           1|
    |tmp6_fu_3209_p2                     |    or    |      0|  0|   1|           1|           1|
    |tmp7_fu_3197_p2                     |    or    |      0|  0|   1|           1|           1|
    |tmp8_fu_3203_p2                     |    or    |      0|  0|   1|           1|           1|
    |tmp9_fu_3637_p2                     |    or    |      0|  0|   1|           1|           1|
    |tmp_17_fu_1967_p2                   |    or    |      0|  0|   1|           1|           1|
    |tmp_20_fu_2001_p2                   |    or    |      0|  0|   1|           1|           1|
    |tmp_21_fu_2055_p2                   |    or    |      0|  0|   1|           1|           1|
    |tmp_22_fu_2089_p2                   |    or    |      0|  0|   1|           1|           1|
    |tmp_24_fu_2773_p2                   |    or    |      0|  0|   1|           1|           1|
    |tmp_25_fu_2795_p2                   |    or    |      0|  0|   1|           1|           1|
    |tmp_26_fu_2817_p2                   |    or    |      0|  0|   1|           1|           1|
    |tmp_37_fu_2143_p2                   |    or    |      0|  0|   1|           1|           1|
    |tmp_38_fu_2177_p2                   |    or    |      0|  0|   1|           1|           1|
    |tmp_39_fu_2231_p2                   |    or    |      0|  0|   1|           1|           1|
    |tmp_40_fu_2265_p2                   |    or    |      0|  0|   1|           1|           1|
    |tmp_41_fu_2319_p2                   |    or    |      0|  0|   1|           1|           1|
    |tmp_42_fu_2353_p2                   |    or    |      0|  0|   1|           1|           1|
    |tmp_43_fu_2407_p2                   |    or    |      0|  0|   1|           1|           1|
    |tmp_44_fu_2441_p2                   |    or    |      0|  0|   1|           1|           1|
    |tmp_45_fu_2495_p2                   |    or    |      0|  0|   1|           1|           1|
    |tmp_46_fu_2529_p2                   |    or    |      0|  0|   1|           1|           1|
    |tmp_47_fu_2583_p2                   |    or    |      0|  0|   1|           1|           1|
    |tmp_48_fu_2617_p2                   |    or    |      0|  0|   1|           1|           1|
    |core_win_val_2_V_2_fu_4112_p3       |  select  |      0|  0|  16|           1|          16|
    |count_1_i_0_op_op_fu_2757_p3        |  select  |      0|  0|   5|           1|           5|
    |count_1_i_10_fu_3416_p3             |  select  |      0|  0|   5|           1|           2|
    |count_1_i_11_fu_3445_p3             |  select  |      0|  0|   5|           1|           1|
    |count_1_i_12_fu_3486_p3             |  select  |      0|  0|   5|           1|           2|
    |count_1_i_13_fu_3515_p3             |  select  |      0|  0|   5|           1|           1|
    |count_1_i_14_fu_3556_p3             |  select  |      0|  0|   5|           1|           2|
    |count_1_i_15_fu_3585_p3             |  select  |      0|  0|   5|           1|           1|
    |count_1_i_1_fu_3079_p3              |  select  |      0|  0|   4|           1|           1|
    |count_1_i_2_fu_3141_p3              |  select  |      0|  0|   4|           1|           2|
    |count_1_i_2_op_op_fu_2779_p3        |  select  |      0|  0|   4|           1|           4|
    |count_1_i_3_fu_3306_p3              |  select  |      0|  0|   4|           1|           1|
    |count_1_i_4_fu_3355_p3              |  select  |      0|  0|   5|           1|           2|
    |count_1_i_4_op_fu_2801_p3           |  select  |      0|  0|   4|           1|           4|
    |count_1_i_5_fu_3380_p3              |  select  |      0|  0|   5|           1|           1|
    |count_1_i_6_fu_2823_p3              |  select  |      0|  0|   4|           1|           4|
    |count_1_i_7_fu_2867_p3              |  select  |      0|  0|   4|           1|           1|
    |count_1_i_8_fu_2917_p3              |  select  |      0|  0|   4|           1|           2|
    |count_1_i_9_fu_2967_p3              |  select  |      0|  0|   4|           1|           1|
    |count_1_i_s_fu_3029_p3              |  select  |      0|  0|   4|           1|           2|
    |flag_val_V_assign_lo_10_fu_2447_p3  |  select  |      0|  0|   2|           1|           2|
    |flag_val_V_assign_lo_11_fu_2501_p3  |  select  |      0|  0|   2|           1|           2|
    |flag_val_V_assign_lo_12_fu_2535_p3  |  select  |      0|  0|   2|           1|           2|
    |flag_val_V_assign_lo_13_fu_2589_p3  |  select  |      0|  0|   2|           1|           2|
    |flag_val_V_assign_lo_14_fu_2623_p3  |  select  |      0|  0|   2|           1|           2|
    |flag_val_V_assign_lo_15_fu_2413_p3  |  select  |      0|  0|   2|           1|           2|
    |flag_val_V_assign_lo_1_fu_2007_p3   |  select  |      0|  0|   2|           1|           2|
    |flag_val_V_assign_lo_2_fu_2061_p3   |  select  |      0|  0|   2|           1|           2|
    |flag_val_V_assign_lo_3_fu_2095_p3   |  select  |      0|  0|   2|           1|           2|
    |flag_val_V_assign_lo_4_fu_2149_p3   |  select  |      0|  0|   2|           1|           2|
    |flag_val_V_assign_lo_5_fu_2183_p3   |  select  |      0|  0|   2|           1|           2|
    |flag_val_V_assign_lo_6_fu_2237_p3   |  select  |      0|  0|   2|           1|           2|
    |flag_val_V_assign_lo_7_fu_2271_p3   |  select  |      0|  0|   2|           1|           2|
    |flag_val_V_assign_lo_8_fu_2325_p3   |  select  |      0|  0|   2|           1|           2|
    |flag_val_V_assign_lo_9_fu_2359_p3   |  select  |      0|  0|   2|           1|           2|
    |flag_val_V_assign_lo_fu_1973_p3     |  select  |      0|  0|   2|           1|           2|
    |p_mask_data_stream_V_din            |  select  |      0|  0|   2|           1|           2|
    |phitmp1_cast_cast_ca_fu_2809_p3     |  select  |      0|  0|   2|           1|           2|
    |phitmp1_i_i_1_fu_2081_p3            |  select  |      0|  0|   3|           1|           1|
    |phitmp1_i_i_2_fu_2169_p3            |  select  |      0|  0|   3|           1|           1|
    |phitmp1_i_i_3_fu_2257_p3            |  select  |      0|  0|   3|           1|           1|
    |phitmp1_i_i_4_fu_2345_p3            |  select  |      0|  0|   3|           1|           1|
    |phitmp1_i_i_5_fu_2433_p3            |  select  |      0|  0|   3|           1|           1|
    |phitmp1_i_i_6_fu_2521_p3            |  select  |      0|  0|   3|           1|           1|
    |phitmp1_i_i_7_fu_2609_p3            |  select  |      0|  0|   3|           1|           1|
    |phitmp1_i_i_fu_1993_p3              |  select  |      0|  0|   3|           1|           1|
    |phitmp41_op_cast_cas_fu_2787_p3     |  select  |      0|  0|   3|           1|           3|
    |phitmp42_op_op_cast_s_fu_2765_p3    |  select  |      0|  0|   3|           1|           3|
    |phitmp_i_i_1_fu_2047_p3             |  select  |      0|  0|   3|           1|           1|
    |phitmp_i_i_2_fu_2135_p3             |  select  |      0|  0|   3|           1|           1|
    |phitmp_i_i_3_fu_2223_p3             |  select  |      0|  0|   3|           1|           1|
    |phitmp_i_i_4_fu_2311_p3             |  select  |      0|  0|   3|           1|           1|
    |phitmp_i_i_5_fu_2399_p3             |  select  |      0|  0|   3|           1|           1|
    |phitmp_i_i_6_fu_2487_p3             |  select  |      0|  0|   3|           1|           1|
    |phitmp_i_i_7_fu_2575_p3             |  select  |      0|  0|   3|           1|           1|
    |phitmp_i_i_fu_1959_p3               |  select  |      0|  0|   3|           1|           1|
    |ap_enable_pp0                       |    xor   |      0|  0|   2|           1|           2|
    |not_or_cond10_fu_3573_p2            |    xor   |      0|  0|   2|           1|           2|
    |not_or_cond11_fu_3191_p2            |    xor   |      0|  0|   2|           1|           2|
    |not_or_cond12_fu_3129_p2            |    xor   |      0|  0|   2|           1|           2|
    |not_or_cond13_fu_3294_p2            |    xor   |      0|  0|   2|           1|           2|
    |not_or_cond14_fu_3343_p2            |    xor   |      0|  0|   2|           1|           2|
    |not_or_cond15_fu_3369_p2            |    xor   |      0|  0|   2|           1|           2|
    |not_or_cond1_fu_2905_p2             |    xor   |      0|  0|   2|           1|           2|
    |not_or_cond2_fu_2955_p2             |    xor   |      0|  0|   2|           1|           2|
    |not_or_cond3_fu_3017_p2             |    xor   |      0|  0|   2|           1|           2|
    |not_or_cond4_fu_3067_p2             |    xor   |      0|  0|   2|           1|           2|
    |not_or_cond5_fu_3405_p2             |    xor   |      0|  0|   2|           1|           2|
    |not_or_cond6_fu_3433_p2             |    xor   |      0|  0|   2|           1|           2|
    |not_or_cond7_fu_3474_p2             |    xor   |      0|  0|   2|           1|           2|
    |not_or_cond8_fu_3503_p2             |    xor   |      0|  0|   2|           1|           2|
    |not_or_cond9_fu_3544_p2             |    xor   |      0|  0|   2|           1|           2|
    |not_or_cond_fu_2855_p2              |    xor   |      0|  0|   2|           1|           2|
    |rev_fu_1387_p2                      |    xor   |      0|  0|   2|           1|           2|
    +------------------------------------+----------+-------+---+----+------------+------------+
    |Total                               |          |      0|  0| 983|        1082|         943|
    +------------------------------------+----------+-------+---+----+------------+------------+

    * Multiplexer: 
    +-------------------------------------+----+-----------+-----+-----------+
    |                 Name                | LUT| Input Size| Bits| Total Bits|
    +-------------------------------------+----+-----------+-----+-----------+
    |ap_NS_fsm                            |   4|          5|    1|          5|
    |ap_done                              |   3|          2|    1|          2|
    |ap_enable_reg_pp0_iter2              |   3|          2|    1|          2|
    |ap_enable_reg_pp0_iter9              |   3|          2|    1|          2|
    |ap_phi_mux_core_1_phi_fu_568_p8      |   3|          2|   16|         32|
    |ap_phi_reg_pp0_iter1_core_1_reg_564  |   3|          2|   16|         32|
    |ap_phi_reg_pp0_iter4_core_1_reg_564  |   3|          2|   16|         32|
    |p_mask_data_stream_V_blk_n           |   3|          2|    1|          2|
    |p_src_data_stream_V_blk_n            |   3|          2|    1|          2|
    |real_start                           |   3|          2|    1|          2|
    |t_V_3_reg_553                        |   3|          2|   11|         22|
    |t_V_reg_542                          |   3|          2|   10|         20|
    +-------------------------------------+----+-----------+-----+-----------+
    |Total                                |  37|         27|   76|        155|
    +-------------------------------------+----+-----------+-----+-----------+

    * Register: 
    +-----------------------------------------+----+----+-----+-----------+
    |                   Name                  | FF | LUT| Bits| Const Bits|
    +-----------------------------------------+----+----+-----+-----------+
    |a0_1_7_reg_5064                          |  32|   0|   32|          0|
    |a0_2_reg_5024                            |  32|   0|   32|          0|
    |a0_5_reg_5044                            |  32|   0|   32|          0|
    |ap_CS_fsm                                |   4|   0|    4|          0|
    |ap_done_reg                              |   1|   0|    1|          0|
    |ap_enable_reg_pp0_iter0                  |   1|   0|    1|          0|
    |ap_enable_reg_pp0_iter1                  |   1|   0|    1|          0|
    |ap_enable_reg_pp0_iter2                  |   1|   0|    1|          0|
    |ap_enable_reg_pp0_iter3                  |   1|   0|    1|          0|
    |ap_enable_reg_pp0_iter4                  |   1|   0|    1|          0|
    |ap_enable_reg_pp0_iter5                  |   1|   0|    1|          0|
    |ap_enable_reg_pp0_iter6                  |   1|   0|    1|          0|
    |ap_enable_reg_pp0_iter7                  |   1|   0|    1|          0|
    |ap_enable_reg_pp0_iter8                  |   1|   0|    1|          0|
    |ap_enable_reg_pp0_iter9                  |   1|   0|    1|          0|
    |ap_phi_reg_pp0_iter1_core_1_reg_564      |  16|   0|   16|          0|
    |ap_phi_reg_pp0_iter2_core_1_reg_564      |  16|   0|   16|          0|
    |ap_phi_reg_pp0_iter3_core_1_reg_564      |  16|   0|   16|          0|
    |ap_phi_reg_pp0_iter4_core_1_reg_564      |  16|   0|   16|          0|
    |ap_phi_reg_pp0_iter5_core_1_reg_564      |  16|   0|   16|          0|
    |ap_phi_reg_pp0_iter6_core_1_reg_564      |  16|   0|   16|          0|
    |ap_phi_reg_pp0_iter7_core_1_reg_564      |  16|   0|   16|          0|
    |ap_phi_reg_pp0_iter8_core_1_reg_564      |  16|   0|   16|          0|
    |ap_phi_reg_pp0_iter9_core_1_reg_564      |  16|   0|   16|          0|
    |b0_1_7_reg_5069                          |  32|   0|   32|          0|
    |b0_2_reg_5034                            |  32|   0|   32|          0|
    |b0_5_reg_5054                            |  32|   0|   32|          0|
    |core_buf_val_0_V_ad_reg_4574             |  11|   0|   11|          0|
    |core_buf_val_1_V_ad_reg_4580             |  11|   0|   11|          0|
    |core_win_val_0_V_0_fu_186                |  16|   0|   16|          0|
    |core_win_val_0_V_1_fu_182                |  16|   0|   16|          0|
    |core_win_val_1_V_0_fu_178                |  16|   0|   16|          0|
    |core_win_val_1_V_1_1_reg_4599            |  16|   0|   16|          0|
    |core_win_val_1_V_1_fu_174                |  16|   0|   16|          0|
    |core_win_val_2_V_0_fu_170                |  16|   0|   16|          0|
    |core_win_val_2_V_1_fu_166                |  16|   0|   16|          0|
    |count_1_i_2_reg_4792                     |   4|   0|    4|          0|
    |exitcond4_reg_4524                       |   1|   0|    1|          0|
    |flag_d_assign_10_reg_4868                |  32|   0|   32|          0|
    |flag_d_assign_11_reg_4880                |  32|   0|   32|          0|
    |flag_d_assign_12_reg_4892                |  32|   0|   32|          0|
    |flag_d_assign_13_reg_4926                |  32|   0|   32|          0|
    |flag_d_assign_13_reg_4926_pp0_iter5_reg  |  32|   0|   32|          0|
    |flag_d_assign_14_reg_4932                |  32|   0|   32|          0|
    |flag_d_assign_15_reg_4938                |  32|   0|   32|          0|
    |flag_d_assign_1_reg_4850                 |  32|   0|   32|          0|
    |flag_d_assign_2_reg_4862                 |  32|   0|   32|          0|
    |flag_d_assign_3_reg_4874                 |  32|   0|   32|          0|
    |flag_d_assign_4_reg_4886                 |  32|   0|   32|          0|
    |flag_d_assign_5_reg_4898                 |  32|   0|   32|          0|
    |flag_d_assign_6_reg_4904                 |  32|   0|   32|          0|
    |flag_d_assign_7_reg_4910                 |  32|   0|   32|          0|
    |flag_d_assign_8_reg_4844                 |  32|   0|   32|          0|
    |flag_d_assign_9_reg_4856                 |  32|   0|   32|          0|
    |flag_d_assign_s_reg_4920                 |  32|   0|   32|          0|
    |flag_d_assign_s_reg_4920_pp0_iter5_reg   |  32|   0|   32|          0|
    |flag_d_max2_11_reg_4959                  |  32|   0|   32|          0|
    |flag_d_max2_1_reg_4949                   |  32|   0|   32|          0|
    |flag_d_max4_1_reg_4969                   |  32|   0|   32|          0|
    |flag_d_max4_3_reg_4979                   |  32|   0|   32|          0|
    |flag_d_max4_7_reg_4989                   |  32|   0|   32|          0|
    |flag_d_max4_9_reg_4999                   |  32|   0|   32|          0|
    |flag_d_min2_11_reg_4954                  |  32|   0|   32|          0|
    |flag_d_min2_1_reg_4944                   |  32|   0|   32|          0|
    |flag_d_min4_1_reg_4964                   |  32|   0|   32|          0|
    |flag_d_min4_3_reg_4974                   |  32|   0|   32|          0|
    |flag_d_min4_7_reg_4984                   |  32|   0|   32|          0|
    |flag_d_min4_9_reg_4994                   |  32|   0|   32|          0|
    |i_V_reg_4500                             |  10|   0|   10|          0|
    |icmp_reg_4519                            |   1|   0|    1|          0|
    |iscorner_2_i_s_reg_4916                  |   1|   0|    1|          0|
    |k_buf_val_0_V_addr_reg_4538              |  10|   0|   10|          0|
    |k_buf_val_1_V_addr_reg_4544              |  10|   0|   10|          0|
    |k_buf_val_2_V_addr_reg_4550              |  10|   0|   10|          0|
    |k_buf_val_3_V_addr_reg_4556              |  10|   0|   10|          0|
    |k_buf_val_4_V_addr_reg_4562              |  10|   0|   10|          0|
    |k_buf_val_5_V_addr_reg_4568              |  10|   0|   10|          0|
    |not_or_cond11_reg_4828                   |   1|   0|    1|          0|
    |not_or_cond_reg_4787                     |   1|   0|    1|          0|
    |or_cond18_reg_4822                       |   1|   0|    1|          0|
    |or_cond1_reg_4510                        |   1|   0|    1|          0|
    |or_cond2_reg_4782                        |   1|   0|    1|          0|
    |or_cond4_reg_4595                        |   1|   0|    1|          0|
    |or_cond5_reg_4706                        |   1|   0|    1|          0|
    |or_cond6_reg_4722                        |   1|   0|    1|          0|
    |or_cond7_reg_4737                        |   1|   0|    1|          0|
    |or_cond8_reg_4752                        |   1|   0|    1|          0|
    |or_cond9_reg_4767                        |   1|   0|    1|          0|
    |or_cond_reg_4533                         |   1|   0|    1|          0|
    |ret_V_1_1_reg_4641                       |   9|   0|    9|          0|
    |ret_V_1_2_reg_4651                       |   9|   0|    9|          0|
    |ret_V_1_3_reg_4661                       |   9|   0|    9|          0|
    |ret_V_1_4_reg_4671                       |   9|   0|    9|          0|
    |ret_V_1_5_reg_4681                       |   9|   0|    9|          0|
    |ret_V_1_5_reg_4681_pp0_iter3_reg         |   9|   0|    9|          0|
    |ret_V_1_6_reg_4691                       |   9|   0|    9|          0|
    |ret_V_1_6_reg_4691_pp0_iter3_reg         |   9|   0|    9|          0|
    |ret_V_1_7_reg_4701                       |   9|   0|    9|          0|
    |ret_V_1_7_reg_4701_pp0_iter3_reg         |   9|   0|    9|          0|
    |ret_V_1_reg_4631                         |   9|   0|    9|          0|
    |ret_V_2_reg_4646                         |   9|   0|    9|          0|
    |ret_V_3_reg_4656                         |   9|   0|    9|          0|
    |ret_V_4_reg_4666                         |   9|   0|    9|          0|
    |ret_V_5_reg_4676                         |   9|   0|    9|          0|
    |ret_V_6_reg_4686                         |   9|   0|    9|          0|
    |ret_V_7_reg_4696                         |   9|   0|    9|          0|
    |ret_V_reg_4626                           |   9|   0|    9|          0|
    |ret_V_reg_4626_pp0_iter3_reg             |   9|   0|    9|          0|
    |ret_V_s_reg_4636                         |   9|   0|    9|          0|
    |start_once_reg                           |   1|   0|    1|          0|
    |t_V_3_reg_553                            |  11|   0|   11|          0|
    |t_V_reg_542                              |  10|   0|   10|          0|
    |tmp10_reg_4839                           |   1|   0|    1|          0|
    |tmp20_reg_4621                           |   1|   0|    1|          0|
    |tmp6_reg_4834                            |   1|   0|    1|          0|
    |tmp_101_2_reg_5029                       |  32|   0|   32|          0|
    |tmp_101_5_reg_5049                       |  32|   0|   32|          0|
    |tmp_109_2_reg_5039                       |  32|   0|   32|          0|
    |tmp_109_5_reg_5059                       |  32|   0|   32|          0|
    |tmp_115_2_reg_4606                       |   1|   0|    1|          0|
    |tmp_12_reg_4590                          |   1|   0|    1|          0|
    |tmp_13_reg_4611                          |   1|   0|    1|          0|
    |tmp_14_reg_4616                          |   1|   0|    1|          0|
    |tmp_2_reg_4514                           |   1|   0|    1|          0|
    |tmp_69_1_not_reg_4712                    |   1|   0|    1|          0|
    |tmp_69_2_not_reg_4727                    |   1|   0|    1|          0|
    |tmp_69_3_not_reg_4742                    |   1|   0|    1|          0|
    |tmp_69_3_reg_4798                        |   1|   0|    1|          0|
    |tmp_69_4_not_reg_4757                    |   1|   0|    1|          0|
    |tmp_69_4_reg_4810                        |   1|   0|    1|          0|
    |tmp_69_5_not_reg_4772                    |   1|   0|    1|          0|
    |tmp_71_11_reg_4804                       |   1|   0|    1|          0|
    |tmp_71_12_reg_4816                       |   1|   0|    1|          0|
    |tmp_71_1_reg_4717                        |   1|   0|    1|          0|
    |tmp_71_2_reg_4732                        |   1|   0|    1|          0|
    |tmp_71_3_reg_4747                        |   1|   0|    1|          0|
    |tmp_71_4_reg_4762                        |   1|   0|    1|          0|
    |tmp_71_5_reg_4777                        |   1|   0|    1|          0|
    |tmp_8_reg_4586                           |   1|   0|    1|          0|
    |tmp_90_2_reg_5004                        |  32|   0|   32|          0|
    |tmp_90_4_reg_5014                        |  32|   0|   32|          0|
    |tmp_92_2_reg_5009                        |  32|   0|   32|          0|
    |tmp_92_4_reg_5019                        |  32|   0|   32|          0|
    |tmp_s_reg_4505                           |   1|   0|    1|          0|
    |win_val_0_V_2_1_fu_194                   |   8|   0|    8|          0|
    |win_val_0_V_2_fu_190                     |   8|   0|    8|          0|
    |win_val_0_V_3_fu_198                     |   8|   0|    8|          0|
    |win_val_0_V_4_fu_202                     |   8|   0|    8|          0|
    |win_val_0_V_5_fu_206                     |   8|   0|    8|          0|
    |win_val_1_V_1_1_fu_214                   |   8|   0|    8|          0|
    |win_val_1_V_1_fu_210                     |   8|   0|    8|          0|
    |win_val_1_V_2_fu_218                     |   8|   0|    8|          0|
    |win_val_1_V_3_fu_222                     |   8|   0|    8|          0|
    |win_val_1_V_4_fu_226                     |   8|   0|    8|          0|
    |win_val_1_V_5_fu_230                     |   8|   0|    8|          0|
    |win_val_2_V_0_1_fu_238                   |   8|   0|    8|          0|
    |win_val_2_V_0_fu_234                     |   8|   0|    8|          0|
    |win_val_2_V_1_fu_242                     |   8|   0|    8|          0|
    |win_val_2_V_2_fu_246                     |   8|   0|    8|          0|
    |win_val_2_V_3_fu_250                     |   8|   0|    8|          0|
    |win_val_2_V_4_fu_254                     |   8|   0|    8|          0|
    |win_val_2_V_5_fu_258                     |   8|   0|    8|          0|
    |win_val_3_V_0_1_fu_266                   |   8|   0|    8|          0|
    |win_val_3_V_0_fu_262                     |   8|   0|    8|          0|
    |win_val_3_V_1_fu_270                     |   8|   0|    8|          0|
    |win_val_3_V_2_fu_274                     |   8|   0|    8|          0|
    |win_val_3_V_3_fu_278                     |   8|   0|    8|          0|
    |win_val_3_V_4_fu_282                     |   8|   0|    8|          0|
    |win_val_3_V_5_fu_286                     |   8|   0|    8|          0|
    |win_val_4_V_0_1_fu_294                   |   8|   0|    8|          0|
    |win_val_4_V_0_fu_290                     |   8|   0|    8|          0|
    |win_val_4_V_1_fu_298                     |   8|   0|    8|          0|
    |win_val_4_V_2_fu_302                     |   8|   0|    8|          0|
    |win_val_4_V_3_fu_306                     |   8|   0|    8|          0|
    |win_val_4_V_4_fu_310                     |   8|   0|    8|          0|
    |win_val_4_V_5_fu_314                     |   8|   0|    8|          0|
    |win_val_5_V_1_1_fu_322                   |   8|   0|    8|          0|
    |win_val_5_V_1_fu_318                     |   8|   0|    8|          0|
    |win_val_5_V_2_fu_326                     |   8|   0|    8|          0|
    |win_val_5_V_3_fu_330                     |   8|   0|    8|          0|
    |win_val_5_V_4_fu_334                     |   8|   0|    8|          0|
    |win_val_5_V_5_fu_338                     |   8|   0|    8|          0|
    |win_val_6_V_2_1_fu_346                   |   8|   0|    8|          0|
    |win_val_6_V_2_fu_342                     |   8|   0|    8|          0|
    |win_val_6_V_3_fu_350                     |   8|   0|    8|          0|
    |win_val_6_V_4_fu_354                     |   8|   0|    8|          0|
    |win_val_6_V_5_fu_358                     |   8|   0|    8|          0|
    |core_buf_val_1_V_ad_reg_4580             |  64|  32|   11|          0|
    |core_win_val_1_V_1_1_reg_4599            |  64|  32|   16|          0|
    |exitcond4_reg_4524                       |  64|  32|    1|          0|
    |flag_d_assign_10_reg_4868                |  64|  32|   32|          0|
    |flag_d_assign_11_reg_4880                |  64|  32|   32|          0|
    |flag_d_assign_12_reg_4892                |  64|  32|   32|          0|
    |flag_d_assign_14_reg_4932                |  64|  32|   32|          0|
    |flag_d_assign_15_reg_4938                |  64|  32|   32|          0|
    |flag_d_assign_1_reg_4850                 |  64|  32|   32|          0|
    |flag_d_assign_2_reg_4862                 |  64|  32|   32|          0|
    |flag_d_assign_3_reg_4874                 |  64|  32|   32|          0|
    |flag_d_assign_4_reg_4886                 |  64|  32|   32|          0|
    |flag_d_assign_5_reg_4898                 |  64|  32|   32|          0|
    |flag_d_assign_6_reg_4904                 |  64|  32|   32|          0|
    |flag_d_assign_7_reg_4910                 |  64|  32|   32|          0|
    |flag_d_assign_8_reg_4844                 |  64|  32|   32|          0|
    |flag_d_assign_9_reg_4856                 |  64|  32|   32|          0|
    |iscorner_2_i_s_reg_4916                  |  64|  32|    1|          0|
    |or_cond4_reg_4595                        |  64|  32|    1|          0|
    |or_cond_reg_4533                         |  64|  32|    1|          0|
    |tmp20_reg_4621                           |  64|  32|    1|          0|
    |tmp_115_2_reg_4606                       |  64|  32|    1|          0|
    |tmp_13_reg_4611                          |  64|  32|    1|          0|
    |tmp_14_reg_4616                          |  64|  32|    1|          0|
    |tmp_8_reg_4586                           |  64|  32|    1|          0|
    +-----------------------------------------+----+----+-----+-----------+
    |Total                                    |3960| 800| 2844|          0|
    +-----------------------------------------+----+----+-----+-----------+



================================================================
== Interface
================================================================
* Summary: 
+-----------------------------+-----+-----+------------+----------------------+--------------+
|          RTL Ports          | Dir | Bits|  Protocol  |     Source Object    |    C Type    |
+-----------------------------+-----+-----+------------+----------------------+--------------+
|ap_clk                       |  in |    1| ap_ctrl_hs |      FAST_t_opr      | return value |
|ap_rst                       |  in |    1| ap_ctrl_hs |      FAST_t_opr      | return value |
|ap_start                     |  in |    1| ap_ctrl_hs |      FAST_t_opr      | return value |
|start_full_n                 |  in |    1| ap_ctrl_hs |      FAST_t_opr      | return value |
|ap_done                      | out |    1| ap_ctrl_hs |      FAST_t_opr      | return value |
|ap_continue                  |  in |    1| ap_ctrl_hs |      FAST_t_opr      | return value |
|ap_idle                      | out |    1| ap_ctrl_hs |      FAST_t_opr      | return value |
|ap_ready                     | out |    1| ap_ctrl_hs |      FAST_t_opr      | return value |
|start_out                    | out |    1| ap_ctrl_hs |      FAST_t_opr      | return value |
|start_write                  | out |    1| ap_ctrl_hs |      FAST_t_opr      | return value |
|p_src_data_stream_V_dout     |  in |    8|   ap_fifo  |  p_src_data_stream_V |    pointer   |
|p_src_data_stream_V_empty_n  |  in |    1|   ap_fifo  |  p_src_data_stream_V |    pointer   |
|p_src_data_stream_V_read     | out |    1|   ap_fifo  |  p_src_data_stream_V |    pointer   |
|p_mask_data_stream_V_din     | out |    8|   ap_fifo  | p_mask_data_stream_V |    pointer   |
|p_mask_data_stream_V_full_n  |  in |    1|   ap_fifo  | p_mask_data_stream_V |    pointer   |
|p_mask_data_stream_V_write   | out |    1|   ap_fifo  | p_mask_data_stream_V |    pointer   |
+-----------------------------+-----+-----+------------+----------------------+--------------+

