19:37:15 **** Auto Build of configuration Debug for project GPIO_MIO ****
make pre-build main-build 
a9-linaro-pre-build-step
' '
'Building file: ../src/main.c'
'Invoking: ARM v7 gcc compiler'
arm-none-eabi-gcc -Wall -O0 -g3 -c -fmessage-length=0 -MT"src/main.o" -mcpu=cortex-a9 -mfpu=vfpv3 -mfloat-abi=hard -I../../GPIO_MIO_bsp/ps7_cortexa9_0/include -MMD -MP -MF"src/main.d" -MT"src/main.o" -o "src/main.o" "../src/main.c"
'Finished building: ../src/main.c'
' '
'Building target: GPIO_MIO.elf'
'Invoking: ARM v7 gcc linker'
arm-none-eabi-gcc -mcpu=cortex-a9 -mfpu=vfpv3 -mfloat-abi=hard -Wl,-build-id=none -specs=Xilinx.spec -Wl,-T -Wl,../src/lscript.ld -L../../GPIO_MIO_bsp/ps7_cortexa9_0/lib -o "GPIO_MIO.elf"  ./src/main.o ./src/platform.o   -Wl,--start-group,-lxil,-lgcc,-lc,--end-group
'Finished building target: GPIO_MIO.elf'
' '
'Invoking: ARM v7 Print Size'
arm-none-eabi-size GPIO_MIO.elf  |tee "GPIO_MIO.elf.size"
   text	   data	    bss	    dec	    hex	filename
  82016	   2592	  23376	 107984	  1a5d0	GPIO_MIO.elf
'Finished building: GPIO_MIO.elf.size'
' '

19:37:16 Build Finished (took 1s.519ms)

