00:08:06 INFO  : Registering command handlers for SDK TCF services
00:08:07 INFO  : Launching XSCT server: xsct.bat -interactive C:\Users\mi\Desktop\Programma\ZYNQ\XC7Z020_305_ES_OV5640_HDMI\XC7Z020_305_ES_OV5640_HDMI.sdk\temp_xsdb_launch_script.tcl
00:08:11 INFO  : XSCT server has started successfully.
00:08:11 INFO  : Successfully done setting XSCT server connection channel  
00:08:15 INFO  : Successfully done setting SDK workspace  
00:08:15 INFO  : Processing command line option -hwspec C:/Users/mi/Desktop/Programma/ZYNQ/XC7Z020_305_ES_OV5640_HDMI/XC7Z020_305_ES_OV5640_HDMI.sdk/ov5640_hdmi_design_wrapper.hdf.
00:16:25 INFO  : Connected to target on host '127.0.0.1' and port '3121'.
00:16:25 INFO  : 'targets -set -filter {jtag_cable_name =~ "Digilent JTAG-HS2 201706300081" && level==0} -index 1' command is executed.
00:16:29 INFO  : FPGA configured successfully with bitstream "C:/Users/mi/Desktop/Programma/ZYNQ/XC7Z020_305_ES_OV5640_HDMI/XC7Z020_305_ES_OV5640_HDMI.sdk/ov5640_hdmi_design_wrapper_hw_platform_0/ov5640_hdmi_design_wrapper.bit"
00:16:40 INFO  : 'targets -set -filter {jtag_cable_name =~ "Digilent JTAG-HS2 201706300081" && level==0} -index 1' command is executed.
00:16:40 INFO  : 'fpga -state' command is executed.
00:16:40 INFO  : Connected to target on host '127.0.0.1' and port '3121'.
00:16:41 INFO  : Jtag cable 'Digilent JTAG-HS2 201706300081' is selected.
00:16:41 INFO  : 'jtag frequency' command is executed.
00:16:41 INFO  : Sourcing of 'C:/Users/mi/Desktop/Programma/ZYNQ/XC7Z020_305_ES_OV5640_HDMI/XC7Z020_305_ES_OV5640_HDMI.sdk/ov5640_hdmi_design_wrapper_hw_platform_0/ps7_init.tcl' is done.
00:16:41 INFO  : Context for 'APU' is selected.
00:16:41 INFO  : Hardware design information is loaded from 'C:/Users/mi/Desktop/Programma/ZYNQ/XC7Z020_305_ES_OV5640_HDMI/XC7Z020_305_ES_OV5640_HDMI.sdk/ov5640_hdmi_design_wrapper_hw_platform_0/system.hdf'.
00:16:41 INFO  : 'configparams force-mem-access 1' command is executed.
00:16:41 INFO  : Context for 'APU' is selected.
00:16:41 INFO  : 'stop' command is executed.
00:16:41 INFO  : 'ps7_init' command is executed.
00:16:41 INFO  : 'ps7_post_config' command is executed.
00:16:41 INFO  : Context for processor 'ps7_cortexa9_0' is selected.
00:16:41 INFO  : Processor reset is completed for 'ps7_cortexa9_0'.
00:16:41 INFO  : Context for processor 'ps7_cortexa9_0' is selected.
00:16:42 INFO  : The application 'C:/Users/mi/Desktop/Programma/ZYNQ/XC7Z020_305_ES_OV5640_HDMI/XC7Z020_305_ES_OV5640_HDMI.sdk/ov5640_hdmi/Debug/ov5640_hdmi.elf' is downloaded to processor 'ps7_cortexa9_0'.
00:16:42 INFO  : 'configparams force-mem-access 0' command is executed.
00:16:42 INFO  : ----------------XSDB Script----------------
connect -url tcp:127.0.0.1:3121
source C:/Users/mi/Desktop/Programma/ZYNQ/XC7Z020_305_ES_OV5640_HDMI/XC7Z020_305_ES_OV5640_HDMI.sdk/ov5640_hdmi_design_wrapper_hw_platform_0/ps7_init.tcl
targets -set -nocase -filter {name =~"APU*" && jtag_cable_name =~ "Digilent JTAG-HS2 201706300081"} -index 0
loadhw -hw C:/Users/mi/Desktop/Programma/ZYNQ/XC7Z020_305_ES_OV5640_HDMI/XC7Z020_305_ES_OV5640_HDMI.sdk/ov5640_hdmi_design_wrapper_hw_platform_0/system.hdf -mem-ranges [list {0x40000000 0xbfffffff}]
configparams force-mem-access 1
targets -set -nocase -filter {name =~"APU*" && jtag_cable_name =~ "Digilent JTAG-HS2 201706300081"} -index 0
stop
ps7_init
ps7_post_config
targets -set -nocase -filter {name =~ "ARM*#0" && jtag_cable_name =~ "Digilent JTAG-HS2 201706300081"} -index 0
rst -processor
targets -set -nocase -filter {name =~ "ARM*#0" && jtag_cable_name =~ "Digilent JTAG-HS2 201706300081"} -index 0
dow C:/Users/mi/Desktop/Programma/ZYNQ/XC7Z020_305_ES_OV5640_HDMI/XC7Z020_305_ES_OV5640_HDMI.sdk/ov5640_hdmi/Debug/ov5640_hdmi.elf
configparams force-mem-access 0
----------------End of Script----------------

00:16:42 INFO  : Memory regions updated for context APU
00:16:42 INFO  : Context for processor 'ps7_cortexa9_0' is selected.
00:16:42 INFO  : 'con' command is executed.
00:16:42 INFO  : ----------------XSDB Script (After Launch)----------------
targets -set -nocase -filter {name =~ "ARM*#0" && jtag_cable_name =~ "Digilent JTAG-HS2 201706300081"} -index 0
con
----------------End of Script----------------

00:16:42 INFO  : Launch script is exported to file 'C:\Users\mi\Desktop\Programma\ZYNQ\XC7Z020_305_ES_OV5640_HDMI\XC7Z020_305_ES_OV5640_HDMI.sdk\.sdk\launch_scripts\xilinx_c-c++_application_(system_debugger)\system_debugger_using_debug_ov5640_hdmi.elf_on_local.tcl'
00:17:06 INFO  : Disconnected from the channel tcfchan#1.
00:17:07 INFO  : 'targets -set -filter {jtag_cable_name =~ "Digilent JTAG-HS2 201706300081" && level==0} -index 1' command is executed.
00:17:07 INFO  : 'fpga -state' command is executed.
00:17:07 INFO  : Connected to target on host '127.0.0.1' and port '3121'.
00:17:08 INFO  : Jtag cable 'Digilent JTAG-HS2 201706300081' is selected.
00:17:08 INFO  : 'jtag frequency' command is executed.
00:17:08 INFO  : Sourcing of 'C:/Users/mi/Desktop/Programma/ZYNQ/XC7Z020_305_ES_OV5640_HDMI/XC7Z020_305_ES_OV5640_HDMI.sdk/ov5640_hdmi_design_wrapper_hw_platform_0/ps7_init.tcl' is done.
00:17:08 INFO  : Context for 'APU' is selected.
00:17:09 INFO  : Hardware design information is loaded from 'C:/Users/mi/Desktop/Programma/ZYNQ/XC7Z020_305_ES_OV5640_HDMI/XC7Z020_305_ES_OV5640_HDMI.sdk/ov5640_hdmi_design_wrapper_hw_platform_0/system.hdf'.
00:17:09 INFO  : 'configparams force-mem-access 1' command is executed.
00:17:09 INFO  : Context for 'APU' is selected.
00:17:09 INFO  : 'stop' command is executed.
00:17:10 INFO  : 'ps7_init' command is executed.
00:17:10 INFO  : 'ps7_post_config' command is executed.
00:17:10 INFO  : Context for processor 'ps7_cortexa9_0' is selected.
00:17:10 INFO  : Processor reset is completed for 'ps7_cortexa9_0'.
00:17:10 INFO  : Context for processor 'ps7_cortexa9_0' is selected.
00:17:10 INFO  : The application 'C:/Users/mi/Desktop/Programma/ZYNQ/XC7Z020_305_ES_OV5640_HDMI/XC7Z020_305_ES_OV5640_HDMI.sdk/ov5640_hdmi/Debug/ov5640_hdmi.elf' is downloaded to processor 'ps7_cortexa9_0'.
00:17:10 INFO  : 'configparams force-mem-access 0' command is executed.
00:17:10 INFO  : ----------------XSDB Script----------------
connect -url tcp:127.0.0.1:3121
source C:/Users/mi/Desktop/Programma/ZYNQ/XC7Z020_305_ES_OV5640_HDMI/XC7Z020_305_ES_OV5640_HDMI.sdk/ov5640_hdmi_design_wrapper_hw_platform_0/ps7_init.tcl
targets -set -nocase -filter {name =~"APU*" && jtag_cable_name =~ "Digilent JTAG-HS2 201706300081"} -index 0
loadhw -hw C:/Users/mi/Desktop/Programma/ZYNQ/XC7Z020_305_ES_OV5640_HDMI/XC7Z020_305_ES_OV5640_HDMI.sdk/ov5640_hdmi_design_wrapper_hw_platform_0/system.hdf -mem-ranges [list {0x40000000 0xbfffffff}]
configparams force-mem-access 1
targets -set -nocase -filter {name =~"APU*" && jtag_cable_name =~ "Digilent JTAG-HS2 201706300081"} -index 0
stop
ps7_init
ps7_post_config
targets -set -nocase -filter {name =~ "ARM*#0" && jtag_cable_name =~ "Digilent JTAG-HS2 201706300081"} -index 0
rst -processor
targets -set -nocase -filter {name =~ "ARM*#0" && jtag_cable_name =~ "Digilent JTAG-HS2 201706300081"} -index 0
dow C:/Users/mi/Desktop/Programma/ZYNQ/XC7Z020_305_ES_OV5640_HDMI/XC7Z020_305_ES_OV5640_HDMI.sdk/ov5640_hdmi/Debug/ov5640_hdmi.elf
configparams force-mem-access 0
----------------End of Script----------------

00:17:10 INFO  : Memory regions updated for context APU
00:17:10 INFO  : Context for processor 'ps7_cortexa9_0' is selected.
00:17:10 INFO  : 'con' command is executed.
00:17:10 INFO  : ----------------XSDB Script (After Launch)----------------
targets -set -nocase -filter {name =~ "ARM*#0" && jtag_cable_name =~ "Digilent JTAG-HS2 201706300081"} -index 0
con
----------------End of Script----------------

00:17:10 INFO  : Launch script is exported to file 'C:\Users\mi\Desktop\Programma\ZYNQ\XC7Z020_305_ES_OV5640_HDMI\XC7Z020_305_ES_OV5640_HDMI.sdk\.sdk\launch_scripts\xilinx_c-c++_application_(system_debugger)\system_debugger_using_debug_ov5640_hdmi.elf_on_local.tcl'
00:17:43 INFO  : Disconnected from the channel tcfchan#2.
00:17:44 INFO  : 'targets -set -filter {jtag_cable_name =~ "Digilent JTAG-HS2 201706300081" && level==0} -index 1' command is executed.
00:17:44 INFO  : 'fpga -state' command is executed.
00:17:44 INFO  : Connected to target on host '127.0.0.1' and port '3121'.
00:17:44 INFO  : Jtag cable 'Digilent JTAG-HS2 201706300081' is selected.
00:17:44 INFO  : 'jtag frequency' command is executed.
00:17:44 INFO  : Sourcing of 'C:/Users/mi/Desktop/Programma/ZYNQ/XC7Z020_305_ES_OV5640_HDMI/XC7Z020_305_ES_OV5640_HDMI.sdk/ov5640_hdmi_design_wrapper_hw_platform_0/ps7_init.tcl' is done.
00:17:44 INFO  : Context for 'APU' is selected.
00:17:46 INFO  : Hardware design information is loaded from 'C:/Users/mi/Desktop/Programma/ZYNQ/XC7Z020_305_ES_OV5640_HDMI/XC7Z020_305_ES_OV5640_HDMI.sdk/ov5640_hdmi_design_wrapper_hw_platform_0/system.hdf'.
00:17:46 INFO  : 'configparams force-mem-access 1' command is executed.
00:17:46 INFO  : Context for 'APU' is selected.
00:17:46 INFO  : 'stop' command is executed.
00:17:46 INFO  : 'ps7_init' command is executed.
00:17:46 INFO  : 'ps7_post_config' command is executed.
00:17:46 INFO  : Context for processor 'ps7_cortexa9_0' is selected.
00:17:46 INFO  : Processor reset is completed for 'ps7_cortexa9_0'.
00:17:46 INFO  : Context for processor 'ps7_cortexa9_0' is selected.
00:17:46 INFO  : The application 'C:/Users/mi/Desktop/Programma/ZYNQ/XC7Z020_305_ES_OV5640_HDMI/XC7Z020_305_ES_OV5640_HDMI.sdk/ov5640_hdmi/Debug/ov5640_hdmi.elf' is downloaded to processor 'ps7_cortexa9_0'.
00:17:46 INFO  : 'configparams force-mem-access 0' command is executed.
00:17:46 INFO  : ----------------XSDB Script----------------
connect -url tcp:127.0.0.1:3121
source C:/Users/mi/Desktop/Programma/ZYNQ/XC7Z020_305_ES_OV5640_HDMI/XC7Z020_305_ES_OV5640_HDMI.sdk/ov5640_hdmi_design_wrapper_hw_platform_0/ps7_init.tcl
targets -set -nocase -filter {name =~"APU*" && jtag_cable_name =~ "Digilent JTAG-HS2 201706300081"} -index 0
loadhw -hw C:/Users/mi/Desktop/Programma/ZYNQ/XC7Z020_305_ES_OV5640_HDMI/XC7Z020_305_ES_OV5640_HDMI.sdk/ov5640_hdmi_design_wrapper_hw_platform_0/system.hdf -mem-ranges [list {0x40000000 0xbfffffff}]
configparams force-mem-access 1
targets -set -nocase -filter {name =~"APU*" && jtag_cable_name =~ "Digilent JTAG-HS2 201706300081"} -index 0
stop
ps7_init
ps7_post_config
targets -set -nocase -filter {name =~ "ARM*#0" && jtag_cable_name =~ "Digilent JTAG-HS2 201706300081"} -index 0
rst -processor
targets -set -nocase -filter {name =~ "ARM*#0" && jtag_cable_name =~ "Digilent JTAG-HS2 201706300081"} -index 0
dow C:/Users/mi/Desktop/Programma/ZYNQ/XC7Z020_305_ES_OV5640_HDMI/XC7Z020_305_ES_OV5640_HDMI.sdk/ov5640_hdmi/Debug/ov5640_hdmi.elf
configparams force-mem-access 0
----------------End of Script----------------

00:17:46 INFO  : Memory regions updated for context APU
00:17:47 INFO  : Context for processor 'ps7_cortexa9_0' is selected.
00:17:47 INFO  : 'con' command is executed.
00:17:47 INFO  : ----------------XSDB Script (After Launch)----------------
targets -set -nocase -filter {name =~ "ARM*#0" && jtag_cable_name =~ "Digilent JTAG-HS2 201706300081"} -index 0
con
----------------End of Script----------------

00:17:47 INFO  : Launch script is exported to file 'C:\Users\mi\Desktop\Programma\ZYNQ\XC7Z020_305_ES_OV5640_HDMI\XC7Z020_305_ES_OV5640_HDMI.sdk\.sdk\launch_scripts\xilinx_c-c++_application_(system_debugger)\system_debugger_using_debug_ov5640_hdmi.elf_on_local.tcl'
00:21:18 INFO  : Disconnected from the channel tcfchan#3.
00:21:19 INFO  : 'targets -set -filter {jtag_cable_name =~ "Digilent JTAG-HS2 201706300081" && level==0} -index 1' command is executed.
00:21:19 INFO  : 'fpga -state' command is executed.
00:21:19 INFO  : Connected to target on host '127.0.0.1' and port '3121'.
00:21:19 INFO  : Jtag cable 'Digilent JTAG-HS2 201706300081' is selected.
00:21:19 INFO  : 'jtag frequency' command is executed.
00:21:19 INFO  : Sourcing of 'C:/Users/mi/Desktop/Programma/ZYNQ/XC7Z020_305_ES_OV5640_HDMI/XC7Z020_305_ES_OV5640_HDMI.sdk/ov5640_hdmi_design_wrapper_hw_platform_0/ps7_init.tcl' is done.
00:21:19 INFO  : Context for 'APU' is selected.
00:21:20 INFO  : Hardware design information is loaded from 'C:/Users/mi/Desktop/Programma/ZYNQ/XC7Z020_305_ES_OV5640_HDMI/XC7Z020_305_ES_OV5640_HDMI.sdk/ov5640_hdmi_design_wrapper_hw_platform_0/system.hdf'.
00:21:20 INFO  : 'configparams force-mem-access 1' command is executed.
00:21:20 INFO  : Context for 'APU' is selected.
00:21:21 INFO  : 'stop' command is executed.
00:21:21 INFO  : 'ps7_init' command is executed.
00:21:21 INFO  : 'ps7_post_config' command is executed.
00:21:21 INFO  : Context for processor 'ps7_cortexa9_0' is selected.
00:21:21 INFO  : Processor reset is completed for 'ps7_cortexa9_0'.
00:21:21 INFO  : Context for processor 'ps7_cortexa9_0' is selected.
00:21:21 INFO  : The application 'C:/Users/mi/Desktop/Programma/ZYNQ/XC7Z020_305_ES_OV5640_HDMI/XC7Z020_305_ES_OV5640_HDMI.sdk/ov5640_hdmi/Debug/ov5640_hdmi.elf' is downloaded to processor 'ps7_cortexa9_0'.
00:21:21 INFO  : 'configparams force-mem-access 0' command is executed.
00:21:21 INFO  : ----------------XSDB Script----------------
connect -url tcp:127.0.0.1:3121
source C:/Users/mi/Desktop/Programma/ZYNQ/XC7Z020_305_ES_OV5640_HDMI/XC7Z020_305_ES_OV5640_HDMI.sdk/ov5640_hdmi_design_wrapper_hw_platform_0/ps7_init.tcl
targets -set -nocase -filter {name =~"APU*" && jtag_cable_name =~ "Digilent JTAG-HS2 201706300081"} -index 0
loadhw -hw C:/Users/mi/Desktop/Programma/ZYNQ/XC7Z020_305_ES_OV5640_HDMI/XC7Z020_305_ES_OV5640_HDMI.sdk/ov5640_hdmi_design_wrapper_hw_platform_0/system.hdf -mem-ranges [list {0x40000000 0xbfffffff}]
configparams force-mem-access 1
targets -set -nocase -filter {name =~"APU*" && jtag_cable_name =~ "Digilent JTAG-HS2 201706300081"} -index 0
stop
ps7_init
ps7_post_config
targets -set -nocase -filter {name =~ "ARM*#0" && jtag_cable_name =~ "Digilent JTAG-HS2 201706300081"} -index 0
rst -processor
targets -set -nocase -filter {name =~ "ARM*#0" && jtag_cable_name =~ "Digilent JTAG-HS2 201706300081"} -index 0
dow C:/Users/mi/Desktop/Programma/ZYNQ/XC7Z020_305_ES_OV5640_HDMI/XC7Z020_305_ES_OV5640_HDMI.sdk/ov5640_hdmi/Debug/ov5640_hdmi.elf
configparams force-mem-access 0
----------------End of Script----------------

00:21:21 INFO  : Memory regions updated for context APU
00:21:21 INFO  : Context for processor 'ps7_cortexa9_0' is selected.
00:21:21 INFO  : 'con' command is executed.
00:21:21 INFO  : ----------------XSDB Script (After Launch)----------------
targets -set -nocase -filter {name =~ "ARM*#0" && jtag_cable_name =~ "Digilent JTAG-HS2 201706300081"} -index 0
con
----------------End of Script----------------

00:21:21 INFO  : Launch script is exported to file 'C:\Users\mi\Desktop\Programma\ZYNQ\XC7Z020_305_ES_OV5640_HDMI\XC7Z020_305_ES_OV5640_HDMI.sdk\.sdk\launch_scripts\xilinx_c-c++_application_(system_debugger)\system_debugger_using_debug_ov5640_hdmi.elf_on_local.tcl'
00:21:51 INFO  : Disconnected from the channel tcfchan#4.
00:21:52 INFO  : 'targets -set -filter {jtag_cable_name =~ "Digilent JTAG-HS2 201706300081" && level==0} -index 1' command is executed.
00:21:52 INFO  : 'fpga -state' command is executed.
00:21:52 INFO  : Connected to target on host '127.0.0.1' and port '3121'.
00:21:53 INFO  : Jtag cable 'Digilent JTAG-HS2 201706300081' is selected.
00:21:53 INFO  : 'jtag frequency' command is executed.
00:21:53 INFO  : Sourcing of 'C:/Users/mi/Desktop/Programma/ZYNQ/XC7Z020_305_ES_OV5640_HDMI/XC7Z020_305_ES_OV5640_HDMI.sdk/ov5640_hdmi_design_wrapper_hw_platform_0/ps7_init.tcl' is done.
00:21:53 INFO  : Context for 'APU' is selected.
00:21:54 INFO  : Hardware design information is loaded from 'C:/Users/mi/Desktop/Programma/ZYNQ/XC7Z020_305_ES_OV5640_HDMI/XC7Z020_305_ES_OV5640_HDMI.sdk/ov5640_hdmi_design_wrapper_hw_platform_0/system.hdf'.
00:21:54 INFO  : 'configparams force-mem-access 1' command is executed.
00:21:54 INFO  : Context for 'APU' is selected.
00:21:54 INFO  : 'stop' command is executed.
00:21:54 INFO  : 'ps7_init' command is executed.
00:21:54 INFO  : 'ps7_post_config' command is executed.
00:21:54 INFO  : Context for processor 'ps7_cortexa9_0' is selected.
00:21:55 INFO  : Processor reset is completed for 'ps7_cortexa9_0'.
00:21:55 INFO  : 'targets -set -filter {jtag_cable_name =~ "Digilent JTAG-HS2 201706300081" && level==0} -index 1' command is executed.
00:21:55 INFO  : Context for processor 'ps7_cortexa9_0' is selected.
00:21:55 INFO  : 'fpga -state' command is executed.
00:21:55 INFO  : The application 'C:/Users/mi/Desktop/Programma/ZYNQ/XC7Z020_305_ES_OV5640_HDMI/XC7Z020_305_ES_OV5640_HDMI.sdk/ov5640_hdmi/Debug/ov5640_hdmi.elf' is downloaded to processor 'ps7_cortexa9_0'.
00:21:55 INFO  : Connected to target on host '127.0.0.1' and port '3121'.
00:21:55 INFO  : 'configparams force-mem-access 0' command is executed.
00:21:55 INFO  : ----------------XSDB Script----------------
connect -url tcp:127.0.0.1:3121
source C:/Users/mi/Desktop/Programma/ZYNQ/XC7Z020_305_ES_OV5640_HDMI/XC7Z020_305_ES_OV5640_HDMI.sdk/ov5640_hdmi_design_wrapper_hw_platform_0/ps7_init.tcl
targets -set -nocase -filter {name =~"APU*" && jtag_cable_name =~ "Digilent JTAG-HS2 201706300081"} -index 0
loadhw -hw C:/Users/mi/Desktop/Programma/ZYNQ/XC7Z020_305_ES_OV5640_HDMI/XC7Z020_305_ES_OV5640_HDMI.sdk/ov5640_hdmi_design_wrapper_hw_platform_0/system.hdf -mem-ranges [list {0x40000000 0xbfffffff}]
configparams force-mem-access 1
targets -set -nocase -filter {name =~"APU*" && jtag_cable_name =~ "Digilent JTAG-HS2 201706300081"} -index 0
stop
ps7_init
ps7_post_config
targets -set -nocase -filter {name =~ "ARM*#0" && jtag_cable_name =~ "Digilent JTAG-HS2 201706300081"} -index 0
rst -processor
targets -set -nocase -filter {name =~ "ARM*#0" && jtag_cable_name =~ "Digilent JTAG-HS2 201706300081"} -index 0
dow C:/Users/mi/Desktop/Programma/ZYNQ/XC7Z020_305_ES_OV5640_HDMI/XC7Z020_305_ES_OV5640_HDMI.sdk/ov5640_hdmi/Debug/ov5640_hdmi.elf
configparams force-mem-access 0
----------------End of Script----------------

00:21:55 INFO  : Memory regions updated for context APU
00:21:55 INFO  : Context for processor 'ps7_cortexa9_0' is selected.
00:21:55 INFO  : 'con' command is executed.
00:21:55 INFO  : ----------------XSDB Script (After Launch)----------------
targets -set -nocase -filter {name =~ "ARM*#0" && jtag_cable_name =~ "Digilent JTAG-HS2 201706300081"} -index 0
con
----------------End of Script----------------

00:21:55 INFO  : Launch script is exported to file 'C:\Users\mi\Desktop\Programma\ZYNQ\XC7Z020_305_ES_OV5640_HDMI\XC7Z020_305_ES_OV5640_HDMI.sdk\.sdk\launch_scripts\xilinx_c-c++_application_(system_debugger)\system_debugger_using_debug_ov5640_hdmi.elf_on_local.tcl'
00:21:55 INFO  : Jtag cable 'Digilent JTAG-HS2 201706300081' is selected.
00:21:55 INFO  : 'jtag frequency' command is executed.
00:21:55 INFO  : Sourcing of 'C:/Users/mi/Desktop/Programma/ZYNQ/XC7Z020_305_ES_OV5640_HDMI/XC7Z020_305_ES_OV5640_HDMI.sdk/ov5640_hdmi_design_wrapper_hw_platform_0/ps7_init.tcl' is done.
00:21:55 INFO  : Context for 'APU' is selected.
00:21:55 INFO  : Hardware design information is loaded from 'C:/Users/mi/Desktop/Programma/ZYNQ/XC7Z020_305_ES_OV5640_HDMI/XC7Z020_305_ES_OV5640_HDMI.sdk/ov5640_hdmi_design_wrapper_hw_platform_0/system.hdf'.
00:21:55 INFO  : 'configparams force-mem-access 1' command is executed.
00:21:55 INFO  : Context for 'APU' is selected.
00:21:55 INFO  : 'stop' command is executed.
00:21:56 INFO  : 'ps7_init' command is executed.
00:21:56 INFO  : 'ps7_post_config' command is executed.
00:21:56 INFO  : Context for processor 'ps7_cortexa9_0' is selected.
00:21:56 INFO  : Processor reset is completed for 'ps7_cortexa9_0'.
00:21:56 INFO  : Context for processor 'ps7_cortexa9_0' is selected.
00:21:56 INFO  : The application 'C:/Users/mi/Desktop/Programma/ZYNQ/XC7Z020_305_ES_OV5640_HDMI/XC7Z020_305_ES_OV5640_HDMI.sdk/ov5640_hdmi/Debug/ov5640_hdmi.elf' is downloaded to processor 'ps7_cortexa9_0'.
00:21:56 INFO  : 'configparams force-mem-access 0' command is executed.
00:21:56 INFO  : ----------------XSDB Script----------------
connect -url tcp:127.0.0.1:3121
source C:/Users/mi/Desktop/Programma/ZYNQ/XC7Z020_305_ES_OV5640_HDMI/XC7Z020_305_ES_OV5640_HDMI.sdk/ov5640_hdmi_design_wrapper_hw_platform_0/ps7_init.tcl
targets -set -nocase -filter {name =~"APU*" && jtag_cable_name =~ "Digilent JTAG-HS2 201706300081"} -index 0
loadhw -hw C:/Users/mi/Desktop/Programma/ZYNQ/XC7Z020_305_ES_OV5640_HDMI/XC7Z020_305_ES_OV5640_HDMI.sdk/ov5640_hdmi_design_wrapper_hw_platform_0/system.hdf -mem-ranges [list {0x40000000 0xbfffffff}]
configparams force-mem-access 1
targets -set -nocase -filter {name =~"APU*" && jtag_cable_name =~ "Digilent JTAG-HS2 201706300081"} -index 0
stop
ps7_init
ps7_post_config
targets -set -nocase -filter {name =~ "ARM*#0" && jtag_cable_name =~ "Digilent JTAG-HS2 201706300081"} -index 0
rst -processor
targets -set -nocase -filter {name =~ "ARM*#0" && jtag_cable_name =~ "Digilent JTAG-HS2 201706300081"} -index 0
dow C:/Users/mi/Desktop/Programma/ZYNQ/XC7Z020_305_ES_OV5640_HDMI/XC7Z020_305_ES_OV5640_HDMI.sdk/ov5640_hdmi/Debug/ov5640_hdmi.elf
configparams force-mem-access 0
----------------End of Script----------------

00:21:56 INFO  : Memory regions updated for context APU
00:21:56 INFO  : Context for processor 'ps7_cortexa9_0' is selected.
00:21:56 INFO  : 'con' command is executed.
00:21:56 INFO  : ----------------XSDB Script (After Launch)----------------
targets -set -nocase -filter {name =~ "ARM*#0" && jtag_cable_name =~ "Digilent JTAG-HS2 201706300081"} -index 0
con
----------------End of Script----------------

00:21:56 INFO  : Launch script is exported to file 'C:\Users\mi\Desktop\Programma\ZYNQ\XC7Z020_305_ES_OV5640_HDMI\XC7Z020_305_ES_OV5640_HDMI.sdk\.sdk\launch_scripts\xilinx_c-c++_application_(system_debugger)\system_debugger_using_debug_ov5640_hdmi.elf_on_local.tcl'
00:24:30 INFO  : Connected to target on host '127.0.0.1' and port '3121'.
00:24:31 INFO  : 'targets -set -filter {jtag_cable_name =~ "Digilent JTAG-HS2 201706300081" && level==0} -index 1' command is executed.
00:24:34 INFO  : FPGA configured successfully with bitstream "C:/Users/mi/Desktop/Programma/ZYNQ/XC7Z020_305_ES_OV5640_HDMI/XC7Z020_305_ES_OV5640_HDMI.sdk/ov5640_hdmi_design_wrapper_hw_platform_0/ov5640_hdmi_design_wrapper.bit"
00:24:41 INFO  : Disconnected from the channel tcfchan#5.
00:24:42 INFO  : 'targets -set -filter {jtag_cable_name =~ "Digilent JTAG-HS2 201706300081" && level==0} -index 1' command is executed.
00:24:42 INFO  : 'fpga -state' command is executed.
00:24:42 INFO  : Connected to target on host '127.0.0.1' and port '3121'.
00:24:42 INFO  : Jtag cable 'Digilent JTAG-HS2 201706300081' is selected.
00:24:42 INFO  : 'jtag frequency' command is executed.
00:24:42 INFO  : Sourcing of 'C:/Users/mi/Desktop/Programma/ZYNQ/XC7Z020_305_ES_OV5640_HDMI/XC7Z020_305_ES_OV5640_HDMI.sdk/ov5640_hdmi_design_wrapper_hw_platform_0/ps7_init.tcl' is done.
00:24:42 INFO  : Context for 'APU' is selected.
00:24:43 INFO  : Hardware design information is loaded from 'C:/Users/mi/Desktop/Programma/ZYNQ/XC7Z020_305_ES_OV5640_HDMI/XC7Z020_305_ES_OV5640_HDMI.sdk/ov5640_hdmi_design_wrapper_hw_platform_0/system.hdf'.
00:24:43 INFO  : 'configparams force-mem-access 1' command is executed.
00:24:43 INFO  : Context for 'APU' is selected.
00:24:43 INFO  : 'stop' command is executed.
00:24:44 INFO  : 'ps7_init' command is executed.
00:24:44 INFO  : 'ps7_post_config' command is executed.
00:24:44 INFO  : Context for processor 'ps7_cortexa9_0' is selected.
00:24:44 INFO  : Processor reset is completed for 'ps7_cortexa9_0'.
00:24:44 INFO  : Context for processor 'ps7_cortexa9_0' is selected.
00:24:44 INFO  : The application 'C:/Users/mi/Desktop/Programma/ZYNQ/XC7Z020_305_ES_OV5640_HDMI/XC7Z020_305_ES_OV5640_HDMI.sdk/ov5640_hdmi/Debug/ov5640_hdmi.elf' is downloaded to processor 'ps7_cortexa9_0'.
00:24:44 INFO  : 'configparams force-mem-access 0' command is executed.
00:24:44 INFO  : ----------------XSDB Script----------------
connect -url tcp:127.0.0.1:3121
source C:/Users/mi/Desktop/Programma/ZYNQ/XC7Z020_305_ES_OV5640_HDMI/XC7Z020_305_ES_OV5640_HDMI.sdk/ov5640_hdmi_design_wrapper_hw_platform_0/ps7_init.tcl
targets -set -nocase -filter {name =~"APU*" && jtag_cable_name =~ "Digilent JTAG-HS2 201706300081"} -index 0
loadhw -hw C:/Users/mi/Desktop/Programma/ZYNQ/XC7Z020_305_ES_OV5640_HDMI/XC7Z020_305_ES_OV5640_HDMI.sdk/ov5640_hdmi_design_wrapper_hw_platform_0/system.hdf -mem-ranges [list {0x40000000 0xbfffffff}]
configparams force-mem-access 1
targets -set -nocase -filter {name =~"APU*" && jtag_cable_name =~ "Digilent JTAG-HS2 201706300081"} -index 0
stop
ps7_init
ps7_post_config
targets -set -nocase -filter {name =~ "ARM*#0" && jtag_cable_name =~ "Digilent JTAG-HS2 201706300081"} -index 0
rst -processor
targets -set -nocase -filter {name =~ "ARM*#0" && jtag_cable_name =~ "Digilent JTAG-HS2 201706300081"} -index 0
dow C:/Users/mi/Desktop/Programma/ZYNQ/XC7Z020_305_ES_OV5640_HDMI/XC7Z020_305_ES_OV5640_HDMI.sdk/ov5640_hdmi/Debug/ov5640_hdmi.elf
configparams force-mem-access 0
----------------End of Script----------------

00:24:44 INFO  : Memory regions updated for context APU
00:24:44 INFO  : Context for processor 'ps7_cortexa9_0' is selected.
00:24:44 INFO  : 'con' command is executed.
00:24:44 INFO  : ----------------XSDB Script (After Launch)----------------
targets -set -nocase -filter {name =~ "ARM*#0" && jtag_cable_name =~ "Digilent JTAG-HS2 201706300081"} -index 0
con
----------------End of Script----------------

00:24:44 INFO  : Launch script is exported to file 'C:\Users\mi\Desktop\Programma\ZYNQ\XC7Z020_305_ES_OV5640_HDMI\XC7Z020_305_ES_OV5640_HDMI.sdk\.sdk\launch_scripts\xilinx_c-c++_application_(system_debugger)\system_debugger_using_debug_ov5640_hdmi.elf_on_local.tcl'
00:27:27 INFO  : Disconnected from the channel tcfchan#6.
00:27:28 INFO  : 'targets -set -filter {jtag_cable_name =~ "Digilent JTAG-HS2 201706300081" && level==0} -index 1' command is executed.
00:27:28 INFO  : 'fpga -state' command is executed.
00:27:28 INFO  : Connected to target on host '127.0.0.1' and port '3121'.
00:27:28 INFO  : Jtag cable 'Digilent JTAG-HS2 201706300081' is selected.
00:27:28 INFO  : 'jtag frequency' command is executed.
00:27:28 INFO  : Sourcing of 'C:/Users/mi/Desktop/Programma/ZYNQ/XC7Z020_305_ES_OV5640_HDMI/XC7Z020_305_ES_OV5640_HDMI.sdk/ov5640_hdmi_design_wrapper_hw_platform_0/ps7_init.tcl' is done.
00:27:28 INFO  : Context for 'APU' is selected.
00:27:30 INFO  : Hardware design information is loaded from 'C:/Users/mi/Desktop/Programma/ZYNQ/XC7Z020_305_ES_OV5640_HDMI/XC7Z020_305_ES_OV5640_HDMI.sdk/ov5640_hdmi_design_wrapper_hw_platform_0/system.hdf'.
00:27:30 INFO  : 'configparams force-mem-access 1' command is executed.
00:27:30 INFO  : Context for 'APU' is selected.
00:27:30 INFO  : 'stop' command is executed.
00:27:30 INFO  : 'ps7_init' command is executed.
00:27:30 INFO  : 'ps7_post_config' command is executed.
00:27:30 INFO  : Context for processor 'ps7_cortexa9_0' is selected.
00:27:30 INFO  : Processor reset is completed for 'ps7_cortexa9_0'.
00:27:30 INFO  : Context for processor 'ps7_cortexa9_0' is selected.
00:27:30 INFO  : The application 'C:/Users/mi/Desktop/Programma/ZYNQ/XC7Z020_305_ES_OV5640_HDMI/XC7Z020_305_ES_OV5640_HDMI.sdk/ov5640_hdmi/Debug/ov5640_hdmi.elf' is downloaded to processor 'ps7_cortexa9_0'.
00:27:30 INFO  : 'configparams force-mem-access 0' command is executed.
00:27:30 INFO  : ----------------XSDB Script----------------
connect -url tcp:127.0.0.1:3121
source C:/Users/mi/Desktop/Programma/ZYNQ/XC7Z020_305_ES_OV5640_HDMI/XC7Z020_305_ES_OV5640_HDMI.sdk/ov5640_hdmi_design_wrapper_hw_platform_0/ps7_init.tcl
targets -set -nocase -filter {name =~"APU*" && jtag_cable_name =~ "Digilent JTAG-HS2 201706300081"} -index 0
loadhw -hw C:/Users/mi/Desktop/Programma/ZYNQ/XC7Z020_305_ES_OV5640_HDMI/XC7Z020_305_ES_OV5640_HDMI.sdk/ov5640_hdmi_design_wrapper_hw_platform_0/system.hdf -mem-ranges [list {0x40000000 0xbfffffff}]
configparams force-mem-access 1
targets -set -nocase -filter {name =~"APU*" && jtag_cable_name =~ "Digilent JTAG-HS2 201706300081"} -index 0
stop
ps7_init
ps7_post_config
targets -set -nocase -filter {name =~ "ARM*#0" && jtag_cable_name =~ "Digilent JTAG-HS2 201706300081"} -index 0
rst -processor
targets -set -nocase -filter {name =~ "ARM*#0" && jtag_cable_name =~ "Digilent JTAG-HS2 201706300081"} -index 0
dow C:/Users/mi/Desktop/Programma/ZYNQ/XC7Z020_305_ES_OV5640_HDMI/XC7Z020_305_ES_OV5640_HDMI.sdk/ov5640_hdmi/Debug/ov5640_hdmi.elf
configparams force-mem-access 0
----------------End of Script----------------

00:27:30 INFO  : Memory regions updated for context APU
00:27:30 INFO  : Context for processor 'ps7_cortexa9_0' is selected.
00:27:30 INFO  : 'con' command is executed.
00:27:30 INFO  : ----------------XSDB Script (After Launch)----------------
targets -set -nocase -filter {name =~ "ARM*#0" && jtag_cable_name =~ "Digilent JTAG-HS2 201706300081"} -index 0
con
----------------End of Script----------------

00:27:30 INFO  : Launch script is exported to file 'C:\Users\mi\Desktop\Programma\ZYNQ\XC7Z020_305_ES_OV5640_HDMI\XC7Z020_305_ES_OV5640_HDMI.sdk\.sdk\launch_scripts\xilinx_c-c++_application_(system_debugger)\system_debugger_using_debug_ov5640_hdmi.elf_on_local.tcl'
00:28:09 INFO  : Disconnected from the channel tcfchan#7.
00:28:10 INFO  : 'targets -set -filter {jtag_cable_name =~ "Digilent JTAG-HS2 201706300081" && level==0} -index 1' command is executed.
00:28:10 INFO  : 'fpga -state' command is executed.
00:28:10 INFO  : Connected to target on host '127.0.0.1' and port '3121'.
00:28:10 INFO  : Jtag cable 'Digilent JTAG-HS2 201706300081' is selected.
00:28:10 INFO  : 'jtag frequency' command is executed.
00:28:10 INFO  : Sourcing of 'C:/Users/mi/Desktop/Programma/ZYNQ/XC7Z020_305_ES_OV5640_HDMI/XC7Z020_305_ES_OV5640_HDMI.sdk/ov5640_hdmi_design_wrapper_hw_platform_0/ps7_init.tcl' is done.
00:28:10 INFO  : Context for 'APU' is selected.
00:28:12 INFO  : Hardware design information is loaded from 'C:/Users/mi/Desktop/Programma/ZYNQ/XC7Z020_305_ES_OV5640_HDMI/XC7Z020_305_ES_OV5640_HDMI.sdk/ov5640_hdmi_design_wrapper_hw_platform_0/system.hdf'.
00:28:12 INFO  : 'configparams force-mem-access 1' command is executed.
00:28:12 INFO  : Context for 'APU' is selected.
00:28:12 INFO  : 'stop' command is executed.
00:28:12 INFO  : 'ps7_init' command is executed.
00:28:12 INFO  : 'ps7_post_config' command is executed.
00:28:12 INFO  : Context for processor 'ps7_cortexa9_0' is selected.
00:28:12 INFO  : Processor reset is completed for 'ps7_cortexa9_0'.
00:28:12 INFO  : Context for processor 'ps7_cortexa9_0' is selected.
00:28:12 INFO  : The application 'C:/Users/mi/Desktop/Programma/ZYNQ/XC7Z020_305_ES_OV5640_HDMI/XC7Z020_305_ES_OV5640_HDMI.sdk/ov5640_hdmi/Debug/ov5640_hdmi.elf' is downloaded to processor 'ps7_cortexa9_0'.
00:28:12 INFO  : 'configparams force-mem-access 0' command is executed.
00:28:12 INFO  : ----------------XSDB Script----------------
connect -url tcp:127.0.0.1:3121
source C:/Users/mi/Desktop/Programma/ZYNQ/XC7Z020_305_ES_OV5640_HDMI/XC7Z020_305_ES_OV5640_HDMI.sdk/ov5640_hdmi_design_wrapper_hw_platform_0/ps7_init.tcl
targets -set -nocase -filter {name =~"APU*" && jtag_cable_name =~ "Digilent JTAG-HS2 201706300081"} -index 0
loadhw -hw C:/Users/mi/Desktop/Programma/ZYNQ/XC7Z020_305_ES_OV5640_HDMI/XC7Z020_305_ES_OV5640_HDMI.sdk/ov5640_hdmi_design_wrapper_hw_platform_0/system.hdf -mem-ranges [list {0x40000000 0xbfffffff}]
configparams force-mem-access 1
targets -set -nocase -filter {name =~"APU*" && jtag_cable_name =~ "Digilent JTAG-HS2 201706300081"} -index 0
stop
ps7_init
ps7_post_config
targets -set -nocase -filter {name =~ "ARM*#0" && jtag_cable_name =~ "Digilent JTAG-HS2 201706300081"} -index 0
rst -processor
targets -set -nocase -filter {name =~ "ARM*#0" && jtag_cable_name =~ "Digilent JTAG-HS2 201706300081"} -index 0
dow C:/Users/mi/Desktop/Programma/ZYNQ/XC7Z020_305_ES_OV5640_HDMI/XC7Z020_305_ES_OV5640_HDMI.sdk/ov5640_hdmi/Debug/ov5640_hdmi.elf
configparams force-mem-access 0
----------------End of Script----------------

00:28:13 INFO  : Memory regions updated for context APU
00:28:13 INFO  : Context for processor 'ps7_cortexa9_0' is selected.
00:28:13 INFO  : 'con' command is executed.
00:28:13 INFO  : ----------------XSDB Script (After Launch)----------------
targets -set -nocase -filter {name =~ "ARM*#0" && jtag_cable_name =~ "Digilent JTAG-HS2 201706300081"} -index 0
con
----------------End of Script----------------

00:28:13 INFO  : Launch script is exported to file 'C:\Users\mi\Desktop\Programma\ZYNQ\XC7Z020_305_ES_OV5640_HDMI\XC7Z020_305_ES_OV5640_HDMI.sdk\.sdk\launch_scripts\xilinx_c-c++_application_(system_debugger)\system_debugger_using_debug_ov5640_hdmi.elf_on_local.tcl'
00:29:01 INFO  : Disconnected from the channel tcfchan#8.
00:29:02 INFO  : 'targets -set -filter {jtag_cable_name =~ "Digilent JTAG-HS2 201706300081" && level==0} -index 1' command is executed.
00:29:02 INFO  : 'fpga -state' command is executed.
00:29:02 INFO  : Connected to target on host '127.0.0.1' and port '3121'.
00:29:02 INFO  : Jtag cable 'Digilent JTAG-HS2 201706300081' is selected.
00:29:02 INFO  : 'jtag frequency' command is executed.
00:29:02 INFO  : Sourcing of 'C:/Users/mi/Desktop/Programma/ZYNQ/XC7Z020_305_ES_OV5640_HDMI/XC7Z020_305_ES_OV5640_HDMI.sdk/ov5640_hdmi_design_wrapper_hw_platform_0/ps7_init.tcl' is done.
00:29:02 INFO  : Context for 'APU' is selected.
00:29:04 INFO  : Hardware design information is loaded from 'C:/Users/mi/Desktop/Programma/ZYNQ/XC7Z020_305_ES_OV5640_HDMI/XC7Z020_305_ES_OV5640_HDMI.sdk/ov5640_hdmi_design_wrapper_hw_platform_0/system.hdf'.
00:29:04 INFO  : 'configparams force-mem-access 1' command is executed.
00:29:04 INFO  : Context for 'APU' is selected.
00:29:04 INFO  : 'stop' command is executed.
00:29:04 INFO  : 'ps7_init' command is executed.
00:29:04 INFO  : 'ps7_post_config' command is executed.
00:29:04 INFO  : Context for processor 'ps7_cortexa9_0' is selected.
00:29:04 INFO  : Processor reset is completed for 'ps7_cortexa9_0'.
00:29:04 INFO  : Context for processor 'ps7_cortexa9_0' is selected.
00:29:04 INFO  : The application 'C:/Users/mi/Desktop/Programma/ZYNQ/XC7Z020_305_ES_OV5640_HDMI/XC7Z020_305_ES_OV5640_HDMI.sdk/ov5640_hdmi/Debug/ov5640_hdmi.elf' is downloaded to processor 'ps7_cortexa9_0'.
00:29:04 INFO  : 'configparams force-mem-access 0' command is executed.
00:29:04 INFO  : ----------------XSDB Script----------------
connect -url tcp:127.0.0.1:3121
source C:/Users/mi/Desktop/Programma/ZYNQ/XC7Z020_305_ES_OV5640_HDMI/XC7Z020_305_ES_OV5640_HDMI.sdk/ov5640_hdmi_design_wrapper_hw_platform_0/ps7_init.tcl
targets -set -nocase -filter {name =~"APU*" && jtag_cable_name =~ "Digilent JTAG-HS2 201706300081"} -index 0
loadhw -hw C:/Users/mi/Desktop/Programma/ZYNQ/XC7Z020_305_ES_OV5640_HDMI/XC7Z020_305_ES_OV5640_HDMI.sdk/ov5640_hdmi_design_wrapper_hw_platform_0/system.hdf -mem-ranges [list {0x40000000 0xbfffffff}]
configparams force-mem-access 1
targets -set -nocase -filter {name =~"APU*" && jtag_cable_name =~ "Digilent JTAG-HS2 201706300081"} -index 0
stop
ps7_init
ps7_post_config
targets -set -nocase -filter {name =~ "ARM*#0" && jtag_cable_name =~ "Digilent JTAG-HS2 201706300081"} -index 0
rst -processor
targets -set -nocase -filter {name =~ "ARM*#0" && jtag_cable_name =~ "Digilent JTAG-HS2 201706300081"} -index 0
dow C:/Users/mi/Desktop/Programma/ZYNQ/XC7Z020_305_ES_OV5640_HDMI/XC7Z020_305_ES_OV5640_HDMI.sdk/ov5640_hdmi/Debug/ov5640_hdmi.elf
configparams force-mem-access 0
----------------End of Script----------------

00:29:05 INFO  : Memory regions updated for context APU
00:29:05 INFO  : Context for processor 'ps7_cortexa9_0' is selected.
00:29:05 INFO  : 'con' command is executed.
00:29:05 INFO  : ----------------XSDB Script (After Launch)----------------
targets -set -nocase -filter {name =~ "ARM*#0" && jtag_cable_name =~ "Digilent JTAG-HS2 201706300081"} -index 0
con
----------------End of Script----------------

00:29:05 INFO  : Launch script is exported to file 'C:\Users\mi\Desktop\Programma\ZYNQ\XC7Z020_305_ES_OV5640_HDMI\XC7Z020_305_ES_OV5640_HDMI.sdk\.sdk\launch_scripts\xilinx_c-c++_application_(system_debugger)\system_debugger_using_debug_ov5640_hdmi.elf_on_local.tcl'
00:29:24 INFO  : Disconnected from the channel tcfchan#9.
00:29:25 INFO  : 'targets -set -filter {jtag_cable_name =~ "Digilent JTAG-HS2 201706300081" && level==0} -index 1' command is executed.
00:29:25 INFO  : 'fpga -state' command is executed.
00:29:25 INFO  : Connected to target on host '127.0.0.1' and port '3121'.
00:29:25 INFO  : Jtag cable 'Digilent JTAG-HS2 201706300081' is selected.
00:29:25 INFO  : 'jtag frequency' command is executed.
00:29:25 INFO  : Sourcing of 'C:/Users/mi/Desktop/Programma/ZYNQ/XC7Z020_305_ES_OV5640_HDMI/XC7Z020_305_ES_OV5640_HDMI.sdk/ov5640_hdmi_design_wrapper_hw_platform_0/ps7_init.tcl' is done.
00:29:25 INFO  : Context for 'APU' is selected.
00:29:27 INFO  : Hardware design information is loaded from 'C:/Users/mi/Desktop/Programma/ZYNQ/XC7Z020_305_ES_OV5640_HDMI/XC7Z020_305_ES_OV5640_HDMI.sdk/ov5640_hdmi_design_wrapper_hw_platform_0/system.hdf'.
00:29:27 INFO  : 'configparams force-mem-access 1' command is executed.
00:29:27 INFO  : Context for 'APU' is selected.
00:29:27 INFO  : 'stop' command is executed.
00:29:27 INFO  : 'ps7_init' command is executed.
00:29:27 INFO  : 'ps7_post_config' command is executed.
00:29:27 INFO  : Context for processor 'ps7_cortexa9_0' is selected.
00:29:27 INFO  : Processor reset is completed for 'ps7_cortexa9_0'.
00:29:27 INFO  : Context for processor 'ps7_cortexa9_0' is selected.
00:29:27 INFO  : The application 'C:/Users/mi/Desktop/Programma/ZYNQ/XC7Z020_305_ES_OV5640_HDMI/XC7Z020_305_ES_OV5640_HDMI.sdk/ov5640_hdmi/Debug/ov5640_hdmi.elf' is downloaded to processor 'ps7_cortexa9_0'.
00:29:27 INFO  : 'configparams force-mem-access 0' command is executed.
00:29:27 INFO  : ----------------XSDB Script----------------
connect -url tcp:127.0.0.1:3121
source C:/Users/mi/Desktop/Programma/ZYNQ/XC7Z020_305_ES_OV5640_HDMI/XC7Z020_305_ES_OV5640_HDMI.sdk/ov5640_hdmi_design_wrapper_hw_platform_0/ps7_init.tcl
targets -set -nocase -filter {name =~"APU*" && jtag_cable_name =~ "Digilent JTAG-HS2 201706300081"} -index 0
loadhw -hw C:/Users/mi/Desktop/Programma/ZYNQ/XC7Z020_305_ES_OV5640_HDMI/XC7Z020_305_ES_OV5640_HDMI.sdk/ov5640_hdmi_design_wrapper_hw_platform_0/system.hdf -mem-ranges [list {0x40000000 0xbfffffff}]
configparams force-mem-access 1
targets -set -nocase -filter {name =~"APU*" && jtag_cable_name =~ "Digilent JTAG-HS2 201706300081"} -index 0
stop
ps7_init
ps7_post_config
targets -set -nocase -filter {name =~ "ARM*#0" && jtag_cable_name =~ "Digilent JTAG-HS2 201706300081"} -index 0
rst -processor
targets -set -nocase -filter {name =~ "ARM*#0" && jtag_cable_name =~ "Digilent JTAG-HS2 201706300081"} -index 0
dow C:/Users/mi/Desktop/Programma/ZYNQ/XC7Z020_305_ES_OV5640_HDMI/XC7Z020_305_ES_OV5640_HDMI.sdk/ov5640_hdmi/Debug/ov5640_hdmi.elf
configparams force-mem-access 0
----------------End of Script----------------

00:29:28 INFO  : Memory regions updated for context APU
00:29:28 INFO  : Context for processor 'ps7_cortexa9_0' is selected.
00:29:28 INFO  : 'con' command is executed.
00:29:28 INFO  : ----------------XSDB Script (After Launch)----------------
targets -set -nocase -filter {name =~ "ARM*#0" && jtag_cable_name =~ "Digilent JTAG-HS2 201706300081"} -index 0
con
----------------End of Script----------------

00:29:28 INFO  : Launch script is exported to file 'C:\Users\mi\Desktop\Programma\ZYNQ\XC7Z020_305_ES_OV5640_HDMI\XC7Z020_305_ES_OV5640_HDMI.sdk\.sdk\launch_scripts\xilinx_c-c++_application_(system_debugger)\system_debugger_using_debug_ov5640_hdmi.elf_on_local.tcl'
00:31:02 INFO  : Disconnected from the channel tcfchan#10.
00:31:03 INFO  : 'targets -set -filter {jtag_cable_name =~ "Digilent JTAG-HS2 201706300081" && level==0} -index 1' command is executed.
00:31:03 INFO  : 'fpga -state' command is executed.
00:31:03 INFO  : Connected to target on host '127.0.0.1' and port '3121'.
00:31:03 INFO  : Jtag cable 'Digilent JTAG-HS2 201706300081' is selected.
00:31:03 INFO  : 'jtag frequency' command is executed.
00:31:03 INFO  : Sourcing of 'C:/Users/mi/Desktop/Programma/ZYNQ/XC7Z020_305_ES_OV5640_HDMI/XC7Z020_305_ES_OV5640_HDMI.sdk/ov5640_hdmi_design_wrapper_hw_platform_0/ps7_init.tcl' is done.
00:31:03 INFO  : Context for 'APU' is selected.
00:31:04 INFO  : Hardware design information is loaded from 'C:/Users/mi/Desktop/Programma/ZYNQ/XC7Z020_305_ES_OV5640_HDMI/XC7Z020_305_ES_OV5640_HDMI.sdk/ov5640_hdmi_design_wrapper_hw_platform_0/system.hdf'.
00:31:04 INFO  : 'configparams force-mem-access 1' command is executed.
00:31:05 INFO  : Context for 'APU' is selected.
00:31:05 INFO  : 'stop' command is executed.
00:31:05 INFO  : 'ps7_init' command is executed.
00:31:05 INFO  : 'ps7_post_config' command is executed.
00:31:05 INFO  : Context for processor 'ps7_cortexa9_0' is selected.
00:31:05 INFO  : Processor reset is completed for 'ps7_cortexa9_0'.
00:31:05 INFO  : Context for processor 'ps7_cortexa9_0' is selected.
00:31:05 INFO  : The application 'C:/Users/mi/Desktop/Programma/ZYNQ/XC7Z020_305_ES_OV5640_HDMI/XC7Z020_305_ES_OV5640_HDMI.sdk/ov5640_hdmi/Debug/ov5640_hdmi.elf' is downloaded to processor 'ps7_cortexa9_0'.
00:31:05 INFO  : 'configparams force-mem-access 0' command is executed.
00:31:05 INFO  : ----------------XSDB Script----------------
connect -url tcp:127.0.0.1:3121
source C:/Users/mi/Desktop/Programma/ZYNQ/XC7Z020_305_ES_OV5640_HDMI/XC7Z020_305_ES_OV5640_HDMI.sdk/ov5640_hdmi_design_wrapper_hw_platform_0/ps7_init.tcl
targets -set -nocase -filter {name =~"APU*" && jtag_cable_name =~ "Digilent JTAG-HS2 201706300081"} -index 0
loadhw -hw C:/Users/mi/Desktop/Programma/ZYNQ/XC7Z020_305_ES_OV5640_HDMI/XC7Z020_305_ES_OV5640_HDMI.sdk/ov5640_hdmi_design_wrapper_hw_platform_0/system.hdf -mem-ranges [list {0x40000000 0xbfffffff}]
configparams force-mem-access 1
targets -set -nocase -filter {name =~"APU*" && jtag_cable_name =~ "Digilent JTAG-HS2 201706300081"} -index 0
stop
ps7_init
ps7_post_config
targets -set -nocase -filter {name =~ "ARM*#0" && jtag_cable_name =~ "Digilent JTAG-HS2 201706300081"} -index 0
rst -processor
targets -set -nocase -filter {name =~ "ARM*#0" && jtag_cable_name =~ "Digilent JTAG-HS2 201706300081"} -index 0
dow C:/Users/mi/Desktop/Programma/ZYNQ/XC7Z020_305_ES_OV5640_HDMI/XC7Z020_305_ES_OV5640_HDMI.sdk/ov5640_hdmi/Debug/ov5640_hdmi.elf
configparams force-mem-access 0
----------------End of Script----------------

00:31:05 INFO  : Memory regions updated for context APU
00:31:05 INFO  : Context for processor 'ps7_cortexa9_0' is selected.
00:31:05 INFO  : 'con' command is executed.
00:31:05 INFO  : ----------------XSDB Script (After Launch)----------------
targets -set -nocase -filter {name =~ "ARM*#0" && jtag_cable_name =~ "Digilent JTAG-HS2 201706300081"} -index 0
con
----------------End of Script----------------

00:31:05 INFO  : Launch script is exported to file 'C:\Users\mi\Desktop\Programma\ZYNQ\XC7Z020_305_ES_OV5640_HDMI\XC7Z020_305_ES_OV5640_HDMI.sdk\.sdk\launch_scripts\xilinx_c-c++_application_(system_debugger)\system_debugger_using_debug_ov5640_hdmi.elf_on_local.tcl'
00:34:23 INFO  : Disconnected from the channel tcfchan#11.
00:34:24 INFO  : 'targets -set -filter {jtag_cable_name =~ "Digilent JTAG-HS2 201706300081" && level==0} -index 1' command is executed.
00:34:24 INFO  : 'fpga -state' command is executed.
00:34:24 INFO  : Connected to target on host '127.0.0.1' and port '3121'.
00:34:24 INFO  : Jtag cable 'Digilent JTAG-HS2 201706300081' is selected.
00:34:24 INFO  : 'jtag frequency' command is executed.
00:34:24 INFO  : Sourcing of 'C:/Users/mi/Desktop/Programma/ZYNQ/XC7Z020_305_ES_OV5640_HDMI/XC7Z020_305_ES_OV5640_HDMI.sdk/ov5640_hdmi_design_wrapper_hw_platform_0/ps7_init.tcl' is done.
00:34:24 INFO  : Context for 'APU' is selected.
00:34:26 INFO  : Hardware design information is loaded from 'C:/Users/mi/Desktop/Programma/ZYNQ/XC7Z020_305_ES_OV5640_HDMI/XC7Z020_305_ES_OV5640_HDMI.sdk/ov5640_hdmi_design_wrapper_hw_platform_0/system.hdf'.
00:34:26 INFO  : 'configparams force-mem-access 1' command is executed.
00:34:26 INFO  : Context for 'APU' is selected.
00:34:26 INFO  : 'stop' command is executed.
00:34:26 INFO  : 'ps7_init' command is executed.
00:34:26 INFO  : 'ps7_post_config' command is executed.
00:34:26 INFO  : Context for processor 'ps7_cortexa9_0' is selected.
00:34:26 INFO  : Processor reset is completed for 'ps7_cortexa9_0'.
00:34:26 INFO  : Context for processor 'ps7_cortexa9_0' is selected.
00:34:27 INFO  : The application 'C:/Users/mi/Desktop/Programma/ZYNQ/XC7Z020_305_ES_OV5640_HDMI/XC7Z020_305_ES_OV5640_HDMI.sdk/ov5640_hdmi/Debug/ov5640_hdmi.elf' is downloaded to processor 'ps7_cortexa9_0'.
00:34:27 INFO  : 'configparams force-mem-access 0' command is executed.
00:34:27 INFO  : ----------------XSDB Script----------------
connect -url tcp:127.0.0.1:3121
source C:/Users/mi/Desktop/Programma/ZYNQ/XC7Z020_305_ES_OV5640_HDMI/XC7Z020_305_ES_OV5640_HDMI.sdk/ov5640_hdmi_design_wrapper_hw_platform_0/ps7_init.tcl
targets -set -nocase -filter {name =~"APU*" && jtag_cable_name =~ "Digilent JTAG-HS2 201706300081"} -index 0
loadhw -hw C:/Users/mi/Desktop/Programma/ZYNQ/XC7Z020_305_ES_OV5640_HDMI/XC7Z020_305_ES_OV5640_HDMI.sdk/ov5640_hdmi_design_wrapper_hw_platform_0/system.hdf -mem-ranges [list {0x40000000 0xbfffffff}]
configparams force-mem-access 1
targets -set -nocase -filter {name =~"APU*" && jtag_cable_name =~ "Digilent JTAG-HS2 201706300081"} -index 0
stop
ps7_init
ps7_post_config
targets -set -nocase -filter {name =~ "ARM*#0" && jtag_cable_name =~ "Digilent JTAG-HS2 201706300081"} -index 0
rst -processor
targets -set -nocase -filter {name =~ "ARM*#0" && jtag_cable_name =~ "Digilent JTAG-HS2 201706300081"} -index 0
dow C:/Users/mi/Desktop/Programma/ZYNQ/XC7Z020_305_ES_OV5640_HDMI/XC7Z020_305_ES_OV5640_HDMI.sdk/ov5640_hdmi/Debug/ov5640_hdmi.elf
configparams force-mem-access 0
----------------End of Script----------------

00:34:27 INFO  : Memory regions updated for context APU
00:34:27 INFO  : Context for processor 'ps7_cortexa9_0' is selected.
00:34:27 INFO  : 'con' command is executed.
00:34:27 INFO  : ----------------XSDB Script (After Launch)----------------
targets -set -nocase -filter {name =~ "ARM*#0" && jtag_cable_name =~ "Digilent JTAG-HS2 201706300081"} -index 0
con
----------------End of Script----------------

00:34:27 INFO  : Launch script is exported to file 'C:\Users\mi\Desktop\Programma\ZYNQ\XC7Z020_305_ES_OV5640_HDMI\XC7Z020_305_ES_OV5640_HDMI.sdk\.sdk\launch_scripts\xilinx_c-c++_application_(system_debugger)\system_debugger_using_debug_ov5640_hdmi.elf_on_local.tcl'
00:34:33 INFO  : Disconnected from the channel tcfchan#12.
00:34:34 INFO  : 'targets -set -filter {jtag_cable_name =~ "Digilent JTAG-HS2 201706300081" && level==0} -index 1' command is executed.
00:34:34 INFO  : 'fpga -state' command is executed.
00:34:34 INFO  : Connected to target on host '127.0.0.1' and port '3121'.
00:34:34 INFO  : Jtag cable 'Digilent JTAG-HS2 201706300081' is selected.
00:34:34 INFO  : 'jtag frequency' command is executed.
00:34:34 INFO  : Sourcing of 'C:/Users/mi/Desktop/Programma/ZYNQ/XC7Z020_305_ES_OV5640_HDMI/XC7Z020_305_ES_OV5640_HDMI.sdk/ov5640_hdmi_design_wrapper_hw_platform_0/ps7_init.tcl' is done.
00:34:34 INFO  : Context for 'APU' is selected.
00:34:36 INFO  : Hardware design information is loaded from 'C:/Users/mi/Desktop/Programma/ZYNQ/XC7Z020_305_ES_OV5640_HDMI/XC7Z020_305_ES_OV5640_HDMI.sdk/ov5640_hdmi_design_wrapper_hw_platform_0/system.hdf'.
00:34:36 INFO  : 'configparams force-mem-access 1' command is executed.
00:34:36 INFO  : Context for 'APU' is selected.
00:34:36 INFO  : 'stop' command is executed.
00:34:36 INFO  : 'ps7_init' command is executed.
00:34:36 INFO  : 'ps7_post_config' command is executed.
00:34:36 INFO  : Context for processor 'ps7_cortexa9_0' is selected.
00:34:36 INFO  : Processor reset is completed for 'ps7_cortexa9_0'.
00:34:36 INFO  : Context for processor 'ps7_cortexa9_0' is selected.
00:34:36 INFO  : The application 'C:/Users/mi/Desktop/Programma/ZYNQ/XC7Z020_305_ES_OV5640_HDMI/XC7Z020_305_ES_OV5640_HDMI.sdk/ov5640_hdmi/Debug/ov5640_hdmi.elf' is downloaded to processor 'ps7_cortexa9_0'.
00:34:36 INFO  : 'configparams force-mem-access 0' command is executed.
00:34:36 INFO  : ----------------XSDB Script----------------
connect -url tcp:127.0.0.1:3121
source C:/Users/mi/Desktop/Programma/ZYNQ/XC7Z020_305_ES_OV5640_HDMI/XC7Z020_305_ES_OV5640_HDMI.sdk/ov5640_hdmi_design_wrapper_hw_platform_0/ps7_init.tcl
targets -set -nocase -filter {name =~"APU*" && jtag_cable_name =~ "Digilent JTAG-HS2 201706300081"} -index 0
loadhw -hw C:/Users/mi/Desktop/Programma/ZYNQ/XC7Z020_305_ES_OV5640_HDMI/XC7Z020_305_ES_OV5640_HDMI.sdk/ov5640_hdmi_design_wrapper_hw_platform_0/system.hdf -mem-ranges [list {0x40000000 0xbfffffff}]
configparams force-mem-access 1
targets -set -nocase -filter {name =~"APU*" && jtag_cable_name =~ "Digilent JTAG-HS2 201706300081"} -index 0
stop
ps7_init
ps7_post_config
targets -set -nocase -filter {name =~ "ARM*#0" && jtag_cable_name =~ "Digilent JTAG-HS2 201706300081"} -index 0
rst -processor
targets -set -nocase -filter {name =~ "ARM*#0" && jtag_cable_name =~ "Digilent JTAG-HS2 201706300081"} -index 0
dow C:/Users/mi/Desktop/Programma/ZYNQ/XC7Z020_305_ES_OV5640_HDMI/XC7Z020_305_ES_OV5640_HDMI.sdk/ov5640_hdmi/Debug/ov5640_hdmi.elf
configparams force-mem-access 0
----------------End of Script----------------

00:34:36 INFO  : Memory regions updated for context APU
00:34:36 INFO  : Context for processor 'ps7_cortexa9_0' is selected.
00:34:36 INFO  : 'con' command is executed.
00:34:36 INFO  : ----------------XSDB Script (After Launch)----------------
targets -set -nocase -filter {name =~ "ARM*#0" && jtag_cable_name =~ "Digilent JTAG-HS2 201706300081"} -index 0
con
----------------End of Script----------------

00:34:36 INFO  : Launch script is exported to file 'C:\Users\mi\Desktop\Programma\ZYNQ\XC7Z020_305_ES_OV5640_HDMI\XC7Z020_305_ES_OV5640_HDMI.sdk\.sdk\launch_scripts\xilinx_c-c++_application_(system_debugger)\system_debugger_using_debug_ov5640_hdmi.elf_on_local.tcl'
00:35:32 INFO  : Disconnected from the channel tcfchan#13.
00:35:33 INFO  : Connected to target on host '127.0.0.1' and port '3121'.
00:35:33 INFO  : Jtag cable 'Digilent JTAG-HS2 201706300081' is selected.
00:35:33 INFO  : 'jtag frequency' command is executed.
00:35:33 INFO  : Sourcing of 'C:/Users/mi/Desktop/Programma/ZYNQ/XC7Z020_305_ES_OV5640_HDMI/XC7Z020_305_ES_OV5640_HDMI.sdk/ov5640_hdmi_design_wrapper_hw_platform_0/ps7_init.tcl' is done.
00:35:33 INFO  : Context for 'APU' is selected.
00:35:33 INFO  : System reset is completed.
00:35:36 INFO  : 'after 3000' command is executed.
00:35:36 INFO  : 'targets -set -filter {jtag_cable_name =~ "Digilent JTAG-HS2 201706300081" && level==0} -index 1' command is executed.
00:35:39 INFO  : FPGA configured successfully with bitstream "C:/Users/mi/Desktop/Programma/ZYNQ/XC7Z020_305_ES_OV5640_HDMI/XC7Z020_305_ES_OV5640_HDMI.sdk/ov5640_hdmi_design_wrapper_hw_platform_0/ov5640_hdmi_design_wrapper.bit"
00:35:39 INFO  : Context for 'APU' is selected.
00:35:41 INFO  : Hardware design information is loaded from 'C:/Users/mi/Desktop/Programma/ZYNQ/XC7Z020_305_ES_OV5640_HDMI/XC7Z020_305_ES_OV5640_HDMI.sdk/ov5640_hdmi_design_wrapper_hw_platform_0/system.hdf'.
00:35:41 INFO  : 'configparams force-mem-access 1' command is executed.
00:35:41 INFO  : Context for 'APU' is selected.
00:35:41 INFO  : 'ps7_init' command is executed.
00:35:41 INFO  : 'ps7_post_config' command is executed.
00:35:41 INFO  : Context for processor 'ps7_cortexa9_0' is selected.
00:35:41 INFO  : The application 'C:/Users/mi/Desktop/Programma/ZYNQ/XC7Z020_305_ES_OV5640_HDMI/XC7Z020_305_ES_OV5640_HDMI.sdk/ov5640_hdmi/Debug/ov5640_hdmi.elf' is downloaded to processor 'ps7_cortexa9_0'.
00:35:41 INFO  : 'configparams force-mem-access 0' command is executed.
00:35:41 INFO  : ----------------XSDB Script----------------
connect -url tcp:127.0.0.1:3121
source C:/Users/mi/Desktop/Programma/ZYNQ/XC7Z020_305_ES_OV5640_HDMI/XC7Z020_305_ES_OV5640_HDMI.sdk/ov5640_hdmi_design_wrapper_hw_platform_0/ps7_init.tcl
targets -set -nocase -filter {name =~"APU*" && jtag_cable_name =~ "Digilent JTAG-HS2 201706300081"} -index 0
rst -system
after 3000
targets -set -filter {jtag_cable_name =~ "Digilent JTAG-HS2 201706300081" && level==0} -index 1
fpga -file C:/Users/mi/Desktop/Programma/ZYNQ/XC7Z020_305_ES_OV5640_HDMI/XC7Z020_305_ES_OV5640_HDMI.sdk/ov5640_hdmi_design_wrapper_hw_platform_0/ov5640_hdmi_design_wrapper.bit
targets -set -nocase -filter {name =~"APU*" && jtag_cable_name =~ "Digilent JTAG-HS2 201706300081"} -index 0
loadhw -hw C:/Users/mi/Desktop/Programma/ZYNQ/XC7Z020_305_ES_OV5640_HDMI/XC7Z020_305_ES_OV5640_HDMI.sdk/ov5640_hdmi_design_wrapper_hw_platform_0/system.hdf -mem-ranges [list {0x40000000 0xbfffffff}]
configparams force-mem-access 1
targets -set -nocase -filter {name =~"APU*" && jtag_cable_name =~ "Digilent JTAG-HS2 201706300081"} -index 0
ps7_init
ps7_post_config
targets -set -nocase -filter {name =~ "ARM*#0" && jtag_cable_name =~ "Digilent JTAG-HS2 201706300081"} -index 0
dow C:/Users/mi/Desktop/Programma/ZYNQ/XC7Z020_305_ES_OV5640_HDMI/XC7Z020_305_ES_OV5640_HDMI.sdk/ov5640_hdmi/Debug/ov5640_hdmi.elf
configparams force-mem-access 0
----------------End of Script----------------

00:35:42 INFO  : Memory regions updated for context APU
00:35:42 INFO  : Context for processor 'ps7_cortexa9_0' is selected.
00:35:42 INFO  : 'con' command is executed.
00:35:42 INFO  : ----------------XSDB Script (After Launch)----------------
targets -set -nocase -filter {name =~ "ARM*#0" && jtag_cable_name =~ "Digilent JTAG-HS2 201706300081"} -index 0
con
----------------End of Script----------------

00:35:42 INFO  : Launch script is exported to file 'C:\Users\mi\Desktop\Programma\ZYNQ\XC7Z020_305_ES_OV5640_HDMI\XC7Z020_305_ES_OV5640_HDMI.sdk\.sdk\launch_scripts\xilinx_c-c++_application_(system_debugger)\system_debugger_using_debug_ov5640_hdmi.elf_on_local.tcl'
00:37:06 INFO  : Disconnected from the channel tcfchan#14.
00:37:07 INFO  : Connected to target on host '127.0.0.1' and port '3121'.
00:37:08 INFO  : Jtag cable 'Digilent JTAG-HS2 201706300081' is selected.
00:37:08 INFO  : 'jtag frequency' command is executed.
00:37:08 INFO  : Sourcing of 'C:/Users/mi/Desktop/Programma/ZYNQ/XC7Z020_305_ES_OV5640_HDMI/XC7Z020_305_ES_OV5640_HDMI.sdk/ov5640_hdmi_design_wrapper_hw_platform_0/ps7_init.tcl' is done.
00:37:08 INFO  : Context for 'APU' is selected.
00:37:08 INFO  : System reset is completed.
00:37:11 INFO  : 'after 3000' command is executed.
00:37:11 INFO  : 'targets -set -filter {jtag_cable_name =~ "Digilent JTAG-HS2 201706300081" && level==0} -index 1' command is executed.
00:37:14 INFO  : FPGA configured successfully with bitstream "C:/Users/mi/Desktop/Programma/ZYNQ/XC7Z020_305_ES_OV5640_HDMI/XC7Z020_305_ES_OV5640_HDMI.sdk/ov5640_hdmi_design_wrapper_hw_platform_0/ov5640_hdmi_design_wrapper.bit"
00:37:14 INFO  : Context for 'APU' is selected.
00:37:16 INFO  : Hardware design information is loaded from 'C:/Users/mi/Desktop/Programma/ZYNQ/XC7Z020_305_ES_OV5640_HDMI/XC7Z020_305_ES_OV5640_HDMI.sdk/ov5640_hdmi_design_wrapper_hw_platform_0/system.hdf'.
00:37:16 INFO  : 'configparams force-mem-access 1' command is executed.
00:37:16 INFO  : Context for 'APU' is selected.
00:37:16 INFO  : 'ps7_init' command is executed.
00:37:16 INFO  : 'ps7_post_config' command is executed.
00:37:16 INFO  : Context for processor 'ps7_cortexa9_0' is selected.
00:37:16 INFO  : The application 'C:/Users/mi/Desktop/Programma/ZYNQ/XC7Z020_305_ES_OV5640_HDMI/XC7Z020_305_ES_OV5640_HDMI.sdk/ov5640_hdmi/Debug/ov5640_hdmi.elf' is downloaded to processor 'ps7_cortexa9_0'.
00:37:16 INFO  : 'configparams force-mem-access 0' command is executed.
00:37:16 INFO  : ----------------XSDB Script----------------
connect -url tcp:127.0.0.1:3121
source C:/Users/mi/Desktop/Programma/ZYNQ/XC7Z020_305_ES_OV5640_HDMI/XC7Z020_305_ES_OV5640_HDMI.sdk/ov5640_hdmi_design_wrapper_hw_platform_0/ps7_init.tcl
targets -set -nocase -filter {name =~"APU*" && jtag_cable_name =~ "Digilent JTAG-HS2 201706300081"} -index 0
rst -system
after 3000
targets -set -filter {jtag_cable_name =~ "Digilent JTAG-HS2 201706300081" && level==0} -index 1
fpga -file C:/Users/mi/Desktop/Programma/ZYNQ/XC7Z020_305_ES_OV5640_HDMI/XC7Z020_305_ES_OV5640_HDMI.sdk/ov5640_hdmi_design_wrapper_hw_platform_0/ov5640_hdmi_design_wrapper.bit
targets -set -nocase -filter {name =~"APU*" && jtag_cable_name =~ "Digilent JTAG-HS2 201706300081"} -index 0
loadhw -hw C:/Users/mi/Desktop/Programma/ZYNQ/XC7Z020_305_ES_OV5640_HDMI/XC7Z020_305_ES_OV5640_HDMI.sdk/ov5640_hdmi_design_wrapper_hw_platform_0/system.hdf -mem-ranges [list {0x40000000 0xbfffffff}]
configparams force-mem-access 1
targets -set -nocase -filter {name =~"APU*" && jtag_cable_name =~ "Digilent JTAG-HS2 201706300081"} -index 0
ps7_init
ps7_post_config
targets -set -nocase -filter {name =~ "ARM*#0" && jtag_cable_name =~ "Digilent JTAG-HS2 201706300081"} -index 0
dow C:/Users/mi/Desktop/Programma/ZYNQ/XC7Z020_305_ES_OV5640_HDMI/XC7Z020_305_ES_OV5640_HDMI.sdk/ov5640_hdmi/Debug/ov5640_hdmi.elf
configparams force-mem-access 0
----------------End of Script----------------

00:37:16 INFO  : Memory regions updated for context APU
00:37:16 INFO  : Context for processor 'ps7_cortexa9_0' is selected.
00:37:16 INFO  : 'con' command is executed.
00:37:16 INFO  : ----------------XSDB Script (After Launch)----------------
targets -set -nocase -filter {name =~ "ARM*#0" && jtag_cable_name =~ "Digilent JTAG-HS2 201706300081"} -index 0
con
----------------End of Script----------------

00:37:16 INFO  : Launch script is exported to file 'C:\Users\mi\Desktop\Programma\ZYNQ\XC7Z020_305_ES_OV5640_HDMI\XC7Z020_305_ES_OV5640_HDMI.sdk\.sdk\launch_scripts\xilinx_c-c++_application_(system_debugger)\system_debugger_using_debug_ov5640_hdmi.elf_on_local.tcl'
00:38:13 INFO  : Disconnected from the channel tcfchan#15.
14:02:15 INFO  : Registering command handlers for SDK TCF services
14:02:15 INFO  : Launching XSCT server: xsct.bat -interactive C:\Users\mi\Desktop\Programma\ZYNQ\XC7Z020_305_ES_OV5640_HDMI\XC7Z020_305_ES_OV5640_HDMI.sdk\temp_xsdb_launch_script.tcl
14:02:19 INFO  : XSCT server has started successfully.
14:02:19 INFO  : Successfully done setting XSCT server connection channel  
14:02:20 INFO  : Successfully done setting SDK workspace  
14:02:20 INFO  : Processing command line option -hwspec C:/Users/mi/Desktop/Programma/ZYNQ/XC7Z020_305_ES_OV5640_HDMI/XC7Z020_305_ES_OV5640_HDMI.sdk/ov5640_hdmi_design_wrapper.hdf.
14:02:20 INFO  : Checking for hwspec changes in the project ov5640_hdmi_design_wrapper_hw_platform_0.
14:02:45 INFO  : Connected to target on host '127.0.0.1' and port '3121'.
14:02:46 INFO  : Jtag cable 'Digilent JTAG-HS2 201706300081' is selected.
14:02:46 INFO  : 'jtag frequency' command is executed.
14:02:46 INFO  : Sourcing of 'C:/Users/mi/Desktop/Programma/ZYNQ/XC7Z020_305_ES_OV5640_HDMI/XC7Z020_305_ES_OV5640_HDMI.sdk/ov5640_hdmi_design_wrapper_hw_platform_0/ps7_init.tcl' is done.
14:02:46 INFO  : Context for 'APU' is selected.
14:02:46 INFO  : System reset is completed.
14:02:49 INFO  : 'after 3000' command is executed.
14:02:49 INFO  : 'targets -set -filter {jtag_cable_name =~ "Digilent JTAG-HS2 201706300081" && level==0} -index 1' command is executed.
14:02:52 INFO  : FPGA configured successfully with bitstream "C:/Users/mi/Desktop/Programma/ZYNQ/XC7Z020_305_ES_OV5640_HDMI/XC7Z020_305_ES_OV5640_HDMI.sdk/ov5640_hdmi_design_wrapper_hw_platform_0/ov5640_hdmi_design_wrapper.bit"
14:02:53 INFO  : Context for 'APU' is selected.
14:02:53 INFO  : Hardware design information is loaded from 'C:/Users/mi/Desktop/Programma/ZYNQ/XC7Z020_305_ES_OV5640_HDMI/XC7Z020_305_ES_OV5640_HDMI.sdk/ov5640_hdmi_design_wrapper_hw_platform_0/system.hdf'.
14:02:53 INFO  : 'configparams force-mem-access 1' command is executed.
14:02:53 INFO  : Context for 'APU' is selected.
14:02:53 INFO  : 'ps7_init' command is executed.
14:02:53 INFO  : 'ps7_post_config' command is executed.
14:02:53 INFO  : Context for processor 'ps7_cortexa9_0' is selected.
14:02:53 INFO  : The application 'C:/Users/mi/Desktop/Programma/ZYNQ/XC7Z020_305_ES_OV5640_HDMI/XC7Z020_305_ES_OV5640_HDMI.sdk/ov5640_hdmi/Debug/ov5640_hdmi.elf' is downloaded to processor 'ps7_cortexa9_0'.
14:02:53 INFO  : 'configparams force-mem-access 0' command is executed.
14:02:53 INFO  : ----------------XSDB Script----------------
connect -url tcp:127.0.0.1:3121
source C:/Users/mi/Desktop/Programma/ZYNQ/XC7Z020_305_ES_OV5640_HDMI/XC7Z020_305_ES_OV5640_HDMI.sdk/ov5640_hdmi_design_wrapper_hw_platform_0/ps7_init.tcl
targets -set -nocase -filter {name =~"APU*" && jtag_cable_name =~ "Digilent JTAG-HS2 201706300081"} -index 0
rst -system
after 3000
targets -set -filter {jtag_cable_name =~ "Digilent JTAG-HS2 201706300081" && level==0} -index 1
fpga -file C:/Users/mi/Desktop/Programma/ZYNQ/XC7Z020_305_ES_OV5640_HDMI/XC7Z020_305_ES_OV5640_HDMI.sdk/ov5640_hdmi_design_wrapper_hw_platform_0/ov5640_hdmi_design_wrapper.bit
targets -set -nocase -filter {name =~"APU*" && jtag_cable_name =~ "Digilent JTAG-HS2 201706300081"} -index 0
loadhw -hw C:/Users/mi/Desktop/Programma/ZYNQ/XC7Z020_305_ES_OV5640_HDMI/XC7Z020_305_ES_OV5640_HDMI.sdk/ov5640_hdmi_design_wrapper_hw_platform_0/system.hdf -mem-ranges [list {0x40000000 0xbfffffff}]
configparams force-mem-access 1
targets -set -nocase -filter {name =~"APU*" && jtag_cable_name =~ "Digilent JTAG-HS2 201706300081"} -index 0
ps7_init
ps7_post_config
targets -set -nocase -filter {name =~ "ARM*#0" && jtag_cable_name =~ "Digilent JTAG-HS2 201706300081"} -index 0
dow C:/Users/mi/Desktop/Programma/ZYNQ/XC7Z020_305_ES_OV5640_HDMI/XC7Z020_305_ES_OV5640_HDMI.sdk/ov5640_hdmi/Debug/ov5640_hdmi.elf
configparams force-mem-access 0
----------------End of Script----------------

14:02:53 INFO  : Memory regions updated for context APU
14:02:53 INFO  : Context for processor 'ps7_cortexa9_0' is selected.
14:02:53 INFO  : 'con' command is executed.
14:02:53 INFO  : ----------------XSDB Script (After Launch)----------------
targets -set -nocase -filter {name =~ "ARM*#0" && jtag_cable_name =~ "Digilent JTAG-HS2 201706300081"} -index 0
con
----------------End of Script----------------

14:02:53 INFO  : Launch script is exported to file 'C:\Users\mi\Desktop\Programma\ZYNQ\XC7Z020_305_ES_OV5640_HDMI\XC7Z020_305_ES_OV5640_HDMI.sdk\.sdk\launch_scripts\xilinx_c-c++_application_(system_debugger)\system_debugger_using_debug_ov5640_hdmi.elf_on_local.tcl'
14:03:24 INFO  : Connected to target on host '127.0.0.1' and port '3121'.
14:03:24 INFO  : 'targets -set -filter {jtag_cable_name =~ "Digilent JTAG-HS2 201706300081" && level==0} -index 1' command is executed.
14:03:27 INFO  : FPGA configured successfully with bitstream "C:/Users/mi/Desktop/Programma/ZYNQ/XC7Z020_305_ES_OV5640_HDMI/XC7Z020_305_ES_OV5640_HDMI.sdk/ov5640_hdmi_design_wrapper_hw_platform_0/ov5640_hdmi_design_wrapper.bit"
14:03:43 INFO  : Disconnected from the channel tcfchan#1.
14:03:44 INFO  : Connected to target on host '127.0.0.1' and port '3121'.
14:03:45 INFO  : Jtag cable 'Digilent JTAG-HS2 201706300081' is selected.
14:03:45 INFO  : 'jtag frequency' command is executed.
14:03:45 INFO  : Sourcing of 'C:/Users/mi/Desktop/Programma/ZYNQ/XC7Z020_305_ES_OV5640_HDMI/XC7Z020_305_ES_OV5640_HDMI.sdk/ov5640_hdmi_design_wrapper_hw_platform_0/ps7_init.tcl' is done.
14:03:45 INFO  : Context for 'APU' is selected.
14:03:45 INFO  : System reset is completed.
14:03:48 INFO  : 'after 3000' command is executed.
14:03:48 INFO  : 'targets -set -filter {jtag_cable_name =~ "Digilent JTAG-HS2 201706300081" && level==0} -index 1' command is executed.
14:03:51 INFO  : FPGA configured successfully with bitstream "C:/Users/mi/Desktop/Programma/ZYNQ/XC7Z020_305_ES_OV5640_HDMI/XC7Z020_305_ES_OV5640_HDMI.sdk/ov5640_hdmi_design_wrapper_hw_platform_0/ov5640_hdmi_design_wrapper.bit"
14:03:51 INFO  : Context for 'APU' is selected.
14:03:53 INFO  : Hardware design information is loaded from 'C:/Users/mi/Desktop/Programma/ZYNQ/XC7Z020_305_ES_OV5640_HDMI/XC7Z020_305_ES_OV5640_HDMI.sdk/ov5640_hdmi_design_wrapper_hw_platform_0/system.hdf'.
14:03:53 INFO  : 'configparams force-mem-access 1' command is executed.
14:03:53 INFO  : Context for 'APU' is selected.
14:03:53 INFO  : 'ps7_init' command is executed.
14:03:53 INFO  : 'ps7_post_config' command is executed.
14:03:53 INFO  : Context for processor 'ps7_cortexa9_0' is selected.
14:03:54 INFO  : The application 'C:/Users/mi/Desktop/Programma/ZYNQ/XC7Z020_305_ES_OV5640_HDMI/XC7Z020_305_ES_OV5640_HDMI.sdk/ov5640_hdmi/Debug/ov5640_hdmi.elf' is downloaded to processor 'ps7_cortexa9_0'.
14:03:54 INFO  : 'configparams force-mem-access 0' command is executed.
14:03:54 INFO  : ----------------XSDB Script----------------
connect -url tcp:127.0.0.1:3121
source C:/Users/mi/Desktop/Programma/ZYNQ/XC7Z020_305_ES_OV5640_HDMI/XC7Z020_305_ES_OV5640_HDMI.sdk/ov5640_hdmi_design_wrapper_hw_platform_0/ps7_init.tcl
targets -set -nocase -filter {name =~"APU*" && jtag_cable_name =~ "Digilent JTAG-HS2 201706300081"} -index 0
rst -system
after 3000
targets -set -filter {jtag_cable_name =~ "Digilent JTAG-HS2 201706300081" && level==0} -index 1
fpga -file C:/Users/mi/Desktop/Programma/ZYNQ/XC7Z020_305_ES_OV5640_HDMI/XC7Z020_305_ES_OV5640_HDMI.sdk/ov5640_hdmi_design_wrapper_hw_platform_0/ov5640_hdmi_design_wrapper.bit
targets -set -nocase -filter {name =~"APU*" && jtag_cable_name =~ "Digilent JTAG-HS2 201706300081"} -index 0
loadhw -hw C:/Users/mi/Desktop/Programma/ZYNQ/XC7Z020_305_ES_OV5640_HDMI/XC7Z020_305_ES_OV5640_HDMI.sdk/ov5640_hdmi_design_wrapper_hw_platform_0/system.hdf -mem-ranges [list {0x40000000 0xbfffffff}]
configparams force-mem-access 1
targets -set -nocase -filter {name =~"APU*" && jtag_cable_name =~ "Digilent JTAG-HS2 201706300081"} -index 0
ps7_init
ps7_post_config
targets -set -nocase -filter {name =~ "ARM*#0" && jtag_cable_name =~ "Digilent JTAG-HS2 201706300081"} -index 0
dow C:/Users/mi/Desktop/Programma/ZYNQ/XC7Z020_305_ES_OV5640_HDMI/XC7Z020_305_ES_OV5640_HDMI.sdk/ov5640_hdmi/Debug/ov5640_hdmi.elf
configparams force-mem-access 0
----------------End of Script----------------

14:03:54 INFO  : Memory regions updated for context APU
14:03:54 INFO  : Context for processor 'ps7_cortexa9_0' is selected.
14:03:54 INFO  : 'con' command is executed.
14:03:54 INFO  : ----------------XSDB Script (After Launch)----------------
targets -set -nocase -filter {name =~ "ARM*#0" && jtag_cable_name =~ "Digilent JTAG-HS2 201706300081"} -index 0
con
----------------End of Script----------------

14:03:54 INFO  : Launch script is exported to file 'C:\Users\mi\Desktop\Programma\ZYNQ\XC7Z020_305_ES_OV5640_HDMI\XC7Z020_305_ES_OV5640_HDMI.sdk\.sdk\launch_scripts\xilinx_c-c++_application_(system_debugger)\system_debugger_using_debug_ov5640_hdmi.elf_on_local.tcl'
14:04:59 INFO  : Connected to target on host '127.0.0.1' and port '3121'.
14:04:59 INFO  : 'targets -set -filter {jtag_cable_name =~ "Digilent JTAG-HS2 201706300081" && level==0} -index 1' command is executed.
14:05:02 INFO  : FPGA configured successfully with bitstream "C:/Users/mi/Desktop/Programma/ZYNQ/XC7Z020_305_ES_OV5640_HDMI/XC7Z020_305_ES_OV5640_HDMI.sdk/ov5640_hdmi_design_wrapper_hw_platform_0/ov5640_hdmi_design_wrapper.bit"
14:05:14 INFO  : Disconnected from the channel tcfchan#2.
14:05:15 INFO  : Connected to target on host '127.0.0.1' and port '3121'.
14:05:15 INFO  : Jtag cable 'Digilent JTAG-HS2 201706300081' is selected.
14:05:15 INFO  : 'jtag frequency' command is executed.
14:05:15 INFO  : Sourcing of 'C:/Users/mi/Desktop/Programma/ZYNQ/XC7Z020_305_ES_OV5640_HDMI/XC7Z020_305_ES_OV5640_HDMI.sdk/ov5640_hdmi_design_wrapper_hw_platform_0/ps7_init.tcl' is done.
14:05:15 INFO  : Context for 'APU' is selected.
14:05:15 INFO  : System reset is completed.
14:05:18 INFO  : 'after 3000' command is executed.
14:05:18 INFO  : 'targets -set -filter {jtag_cable_name =~ "Digilent JTAG-HS2 201706300081" && level==0} -index 1' command is executed.
14:05:22 INFO  : FPGA configured successfully with bitstream "C:/Users/mi/Desktop/Programma/ZYNQ/XC7Z020_305_ES_OV5640_HDMI/XC7Z020_305_ES_OV5640_HDMI.sdk/ov5640_hdmi_design_wrapper_hw_platform_0/ov5640_hdmi_design_wrapper.bit"
14:05:22 INFO  : Context for 'APU' is selected.
14:05:23 INFO  : Hardware design information is loaded from 'C:/Users/mi/Desktop/Programma/ZYNQ/XC7Z020_305_ES_OV5640_HDMI/XC7Z020_305_ES_OV5640_HDMI.sdk/ov5640_hdmi_design_wrapper_hw_platform_0/system.hdf'.
14:05:23 INFO  : 'configparams force-mem-access 1' command is executed.
14:05:23 INFO  : Context for 'APU' is selected.
14:05:23 INFO  : 'ps7_init' command is executed.
14:05:23 INFO  : 'ps7_post_config' command is executed.
14:05:23 INFO  : Context for processor 'ps7_cortexa9_0' is selected.
14:05:24 INFO  : The application 'C:/Users/mi/Desktop/Programma/ZYNQ/XC7Z020_305_ES_OV5640_HDMI/XC7Z020_305_ES_OV5640_HDMI.sdk/ov5640_hdmi/Debug/ov5640_hdmi.elf' is downloaded to processor 'ps7_cortexa9_0'.
14:05:24 INFO  : 'configparams force-mem-access 0' command is executed.
14:05:24 INFO  : ----------------XSDB Script----------------
connect -url tcp:127.0.0.1:3121
source C:/Users/mi/Desktop/Programma/ZYNQ/XC7Z020_305_ES_OV5640_HDMI/XC7Z020_305_ES_OV5640_HDMI.sdk/ov5640_hdmi_design_wrapper_hw_platform_0/ps7_init.tcl
targets -set -nocase -filter {name =~"APU*" && jtag_cable_name =~ "Digilent JTAG-HS2 201706300081"} -index 0
rst -system
after 3000
targets -set -filter {jtag_cable_name =~ "Digilent JTAG-HS2 201706300081" && level==0} -index 1
fpga -file C:/Users/mi/Desktop/Programma/ZYNQ/XC7Z020_305_ES_OV5640_HDMI/XC7Z020_305_ES_OV5640_HDMI.sdk/ov5640_hdmi_design_wrapper_hw_platform_0/ov5640_hdmi_design_wrapper.bit
targets -set -nocase -filter {name =~"APU*" && jtag_cable_name =~ "Digilent JTAG-HS2 201706300081"} -index 0
loadhw -hw C:/Users/mi/Desktop/Programma/ZYNQ/XC7Z020_305_ES_OV5640_HDMI/XC7Z020_305_ES_OV5640_HDMI.sdk/ov5640_hdmi_design_wrapper_hw_platform_0/system.hdf -mem-ranges [list {0x40000000 0xbfffffff}]
configparams force-mem-access 1
targets -set -nocase -filter {name =~"APU*" && jtag_cable_name =~ "Digilent JTAG-HS2 201706300081"} -index 0
ps7_init
ps7_post_config
targets -set -nocase -filter {name =~ "ARM*#0" && jtag_cable_name =~ "Digilent JTAG-HS2 201706300081"} -index 0
dow C:/Users/mi/Desktop/Programma/ZYNQ/XC7Z020_305_ES_OV5640_HDMI/XC7Z020_305_ES_OV5640_HDMI.sdk/ov5640_hdmi/Debug/ov5640_hdmi.elf
configparams force-mem-access 0
----------------End of Script----------------

14:05:24 INFO  : Memory regions updated for context APU
14:05:24 INFO  : Context for processor 'ps7_cortexa9_0' is selected.
14:05:24 INFO  : 'con' command is executed.
14:05:24 INFO  : ----------------XSDB Script (After Launch)----------------
targets -set -nocase -filter {name =~ "ARM*#0" && jtag_cable_name =~ "Digilent JTAG-HS2 201706300081"} -index 0
con
----------------End of Script----------------

14:05:24 INFO  : Launch script is exported to file 'C:\Users\mi\Desktop\Programma\ZYNQ\XC7Z020_305_ES_OV5640_HDMI\XC7Z020_305_ES_OV5640_HDMI.sdk\.sdk\launch_scripts\xilinx_c-c++_application_(system_debugger)\system_debugger_using_debug_ov5640_hdmi.elf_on_local.tcl'
14:30:39 INFO  : Disconnected from the channel tcfchan#3.
14:30:40 INFO  : Connected to target on host '127.0.0.1' and port '3121'.
14:30:41 INFO  : Jtag cable 'Digilent JTAG-HS2 201706300081' is selected.
14:30:41 INFO  : 'jtag frequency' command is executed.
14:30:41 INFO  : Sourcing of 'C:/Users/mi/Desktop/Programma/ZYNQ/XC7Z020_305_ES_OV5640_HDMI/XC7Z020_305_ES_OV5640_HDMI.sdk/ov5640_hdmi_design_wrapper_hw_platform_0/ps7_init.tcl' is done.
14:30:41 INFO  : Context for 'APU' is selected.
14:30:41 INFO  : System reset is completed.
14:30:44 INFO  : 'after 3000' command is executed.
14:30:44 INFO  : 'targets -set -filter {jtag_cable_name =~ "Digilent JTAG-HS2 201706300081" && level==0} -index 1' command is executed.
14:30:47 INFO  : FPGA configured successfully with bitstream "C:/Users/mi/Desktop/Programma/ZYNQ/XC7Z020_305_ES_OV5640_HDMI/XC7Z020_305_ES_OV5640_HDMI.sdk/ov5640_hdmi_design_wrapper_hw_platform_0/ov5640_hdmi_design_wrapper.bit"
14:30:47 INFO  : Context for 'APU' is selected.
14:30:48 INFO  : Hardware design information is loaded from 'C:/Users/mi/Desktop/Programma/ZYNQ/XC7Z020_305_ES_OV5640_HDMI/XC7Z020_305_ES_OV5640_HDMI.sdk/ov5640_hdmi_design_wrapper_hw_platform_0/system.hdf'.
14:30:48 INFO  : 'configparams force-mem-access 1' command is executed.
14:30:49 INFO  : Context for 'APU' is selected.
14:30:49 INFO  : 'ps7_init' command is executed.
14:30:49 INFO  : 'ps7_post_config' command is executed.
14:30:49 INFO  : Context for processor 'ps7_cortexa9_0' is selected.
14:30:49 INFO  : The application 'C:/Users/mi/Desktop/Programma/ZYNQ/XC7Z020_305_ES_OV5640_HDMI/XC7Z020_305_ES_OV5640_HDMI.sdk/ov5640_hdmi/Debug/ov5640_hdmi.elf' is downloaded to processor 'ps7_cortexa9_0'.
14:30:49 INFO  : 'configparams force-mem-access 0' command is executed.
14:30:49 INFO  : ----------------XSDB Script----------------
connect -url tcp:127.0.0.1:3121
source C:/Users/mi/Desktop/Programma/ZYNQ/XC7Z020_305_ES_OV5640_HDMI/XC7Z020_305_ES_OV5640_HDMI.sdk/ov5640_hdmi_design_wrapper_hw_platform_0/ps7_init.tcl
targets -set -nocase -filter {name =~"APU*" && jtag_cable_name =~ "Digilent JTAG-HS2 201706300081"} -index 0
rst -system
after 3000
targets -set -filter {jtag_cable_name =~ "Digilent JTAG-HS2 201706300081" && level==0} -index 1
fpga -file C:/Users/mi/Desktop/Programma/ZYNQ/XC7Z020_305_ES_OV5640_HDMI/XC7Z020_305_ES_OV5640_HDMI.sdk/ov5640_hdmi_design_wrapper_hw_platform_0/ov5640_hdmi_design_wrapper.bit
targets -set -nocase -filter {name =~"APU*" && jtag_cable_name =~ "Digilent JTAG-HS2 201706300081"} -index 0
loadhw -hw C:/Users/mi/Desktop/Programma/ZYNQ/XC7Z020_305_ES_OV5640_HDMI/XC7Z020_305_ES_OV5640_HDMI.sdk/ov5640_hdmi_design_wrapper_hw_platform_0/system.hdf -mem-ranges [list {0x40000000 0xbfffffff}]
configparams force-mem-access 1
targets -set -nocase -filter {name =~"APU*" && jtag_cable_name =~ "Digilent JTAG-HS2 201706300081"} -index 0
ps7_init
ps7_post_config
targets -set -nocase -filter {name =~ "ARM*#0" && jtag_cable_name =~ "Digilent JTAG-HS2 201706300081"} -index 0
dow C:/Users/mi/Desktop/Programma/ZYNQ/XC7Z020_305_ES_OV5640_HDMI/XC7Z020_305_ES_OV5640_HDMI.sdk/ov5640_hdmi/Debug/ov5640_hdmi.elf
configparams force-mem-access 0
----------------End of Script----------------

14:30:49 INFO  : Memory regions updated for context APU
14:30:49 INFO  : Context for processor 'ps7_cortexa9_0' is selected.
14:30:49 INFO  : 'con' command is executed.
14:30:49 INFO  : ----------------XSDB Script (After Launch)----------------
targets -set -nocase -filter {name =~ "ARM*#0" && jtag_cable_name =~ "Digilent JTAG-HS2 201706300081"} -index 0
con
----------------End of Script----------------

14:30:49 INFO  : Launch script is exported to file 'C:\Users\mi\Desktop\Programma\ZYNQ\XC7Z020_305_ES_OV5640_HDMI\XC7Z020_305_ES_OV5640_HDMI.sdk\.sdk\launch_scripts\xilinx_c-c++_application_(system_debugger)\system_debugger_using_debug_ov5640_hdmi.elf_on_local.tcl'
14:32:37 INFO  : Disconnected from the channel tcfchan#4.
14:36:30 INFO  : Registering command handlers for SDK TCF services
14:36:31 INFO  : Launching XSCT server: xsct.bat -interactive C:\Users\mi\Desktop\Programma\ZYNQ\XC7Z020_305_ES_OV5640_HDMI\XC7Z020_305_ES_OV5640_HDMI.sdk\temp_xsdb_launch_script.tcl
14:36:34 INFO  : XSCT server has started successfully.
14:36:34 INFO  : Successfully done setting XSCT server connection channel  
14:36:34 INFO  : Successfully done setting SDK workspace  
14:36:34 INFO  : Processing command line option -hwspec C:/Users/mi/Desktop/Programma/ZYNQ/XC7Z020_305_ES_OV5640_HDMI/XC7Z020_305_ES_OV5640_HDMI.sdk/ov5640_hdmi_design_wrapper.hdf.
14:36:34 INFO  : Checking for hwspec changes in the project ov5640_hdmi_design_wrapper_hw_platform_0.
14:36:43 INFO  : Connected to target on host '127.0.0.1' and port '3121'.
14:36:43 INFO  : Jtag cable 'Digilent JTAG-HS2 201706300081' is selected.
14:36:43 INFO  : 'jtag frequency' command is executed.
14:36:43 INFO  : Sourcing of 'C:/Users/mi/Desktop/Programma/ZYNQ/XC7Z020_305_ES_OV5640_HDMI/XC7Z020_305_ES_OV5640_HDMI.sdk/ov5640_hdmi_design_wrapper_hw_platform_0/ps7_init.tcl' is done.
14:36:43 INFO  : Context for 'APU' is selected.
14:36:43 INFO  : System reset is completed.
14:36:46 INFO  : 'after 3000' command is executed.
14:36:46 INFO  : 'targets -set -filter {jtag_cable_name =~ "Digilent JTAG-HS2 201706300081" && level==0} -index 1' command is executed.
14:36:50 INFO  : FPGA configured successfully with bitstream "C:/Users/mi/Desktop/Programma/ZYNQ/XC7Z020_305_ES_OV5640_HDMI/XC7Z020_305_ES_OV5640_HDMI.sdk/ov5640_hdmi_design_wrapper_hw_platform_0/ov5640_hdmi_design_wrapper.bit"
14:36:50 INFO  : Context for 'APU' is selected.
14:36:50 INFO  : Hardware design information is loaded from 'C:/Users/mi/Desktop/Programma/ZYNQ/XC7Z020_305_ES_OV5640_HDMI/XC7Z020_305_ES_OV5640_HDMI.sdk/ov5640_hdmi_design_wrapper_hw_platform_0/system.hdf'.
14:36:50 INFO  : 'configparams force-mem-access 1' command is executed.
14:36:50 INFO  : Context for 'APU' is selected.
14:36:50 INFO  : 'ps7_init' command is executed.
14:36:50 INFO  : 'ps7_post_config' command is executed.
14:36:50 INFO  : Context for processor 'ps7_cortexa9_0' is selected.
14:36:50 INFO  : The application 'C:/Users/mi/Desktop/Programma/ZYNQ/XC7Z020_305_ES_OV5640_HDMI/XC7Z020_305_ES_OV5640_HDMI.sdk/ov5640_hdmi/Debug/ov5640_hdmi.elf' is downloaded to processor 'ps7_cortexa9_0'.
14:36:50 INFO  : 'configparams force-mem-access 0' command is executed.
14:36:50 INFO  : ----------------XSDB Script----------------
connect -url tcp:127.0.0.1:3121
source C:/Users/mi/Desktop/Programma/ZYNQ/XC7Z020_305_ES_OV5640_HDMI/XC7Z020_305_ES_OV5640_HDMI.sdk/ov5640_hdmi_design_wrapper_hw_platform_0/ps7_init.tcl
targets -set -nocase -filter {name =~"APU*" && jtag_cable_name =~ "Digilent JTAG-HS2 201706300081"} -index 0
rst -system
after 3000
targets -set -filter {jtag_cable_name =~ "Digilent JTAG-HS2 201706300081" && level==0} -index 1
fpga -file C:/Users/mi/Desktop/Programma/ZYNQ/XC7Z020_305_ES_OV5640_HDMI/XC7Z020_305_ES_OV5640_HDMI.sdk/ov5640_hdmi_design_wrapper_hw_platform_0/ov5640_hdmi_design_wrapper.bit
targets -set -nocase -filter {name =~"APU*" && jtag_cable_name =~ "Digilent JTAG-HS2 201706300081"} -index 0
loadhw -hw C:/Users/mi/Desktop/Programma/ZYNQ/XC7Z020_305_ES_OV5640_HDMI/XC7Z020_305_ES_OV5640_HDMI.sdk/ov5640_hdmi_design_wrapper_hw_platform_0/system.hdf -mem-ranges [list {0x40000000 0xbfffffff}]
configparams force-mem-access 1
targets -set -nocase -filter {name =~"APU*" && jtag_cable_name =~ "Digilent JTAG-HS2 201706300081"} -index 0
ps7_init
ps7_post_config
targets -set -nocase -filter {name =~ "ARM*#0" && jtag_cable_name =~ "Digilent JTAG-HS2 201706300081"} -index 0
dow C:/Users/mi/Desktop/Programma/ZYNQ/XC7Z020_305_ES_OV5640_HDMI/XC7Z020_305_ES_OV5640_HDMI.sdk/ov5640_hdmi/Debug/ov5640_hdmi.elf
configparams force-mem-access 0
----------------End of Script----------------

14:36:50 INFO  : Memory regions updated for context APU
14:36:51 INFO  : Context for processor 'ps7_cortexa9_0' is selected.
14:36:51 INFO  : 'con' command is executed.
14:36:51 INFO  : ----------------XSDB Script (After Launch)----------------
targets -set -nocase -filter {name =~ "ARM*#0" && jtag_cable_name =~ "Digilent JTAG-HS2 201706300081"} -index 0
con
----------------End of Script----------------

14:36:51 INFO  : Launch script is exported to file 'C:\Users\mi\Desktop\Programma\ZYNQ\XC7Z020_305_ES_OV5640_HDMI\XC7Z020_305_ES_OV5640_HDMI.sdk\.sdk\launch_scripts\xilinx_c-c++_application_(system_debugger)\system_debugger_using_debug_ov5640_hdmi.elf_on_local.tcl'
17:48:08 INFO  : Disconnected from the channel tcfchan#1.
