#-----------------------------------------------------------
# Vivado v2016.3 (64-bit)
# SW Build 1682563 on Mon Oct 10 19:07:27 MDT 2016
# IP Build 1681267 on Mon Oct 10 21:28:31 MDT 2016
# Start of session at: Thu Sep 23 18:14:38 2021
# Process ID: 104976
# Current directory: C:/Users/mi/Desktop/Programma/ZYNQ/XC7Z020_220_ES_Curing_AXI_GPIO
# Command line: vivado.exe -gui_launcher_event rodinguilauncherevent98208 C:\Users\mi\Desktop\Programma\ZYNQ\XC7Z020_220_ES_Curing_AXI_GPIO\XC7Z020_210_ES_AXI_GPIO.xpr
# Log file: C:/Users/mi/Desktop/Programma/ZYNQ/XC7Z020_220_ES_Curing_AXI_GPIO/vivado.log
# Journal file: C:/Users/mi/Desktop/Programma/ZYNQ/XC7Z020_220_ES_Curing_AXI_GPIO\vivado.jou
#-----------------------------------------------------------
start_gui
open_project C:/Users/mi/Desktop/Programma/ZYNQ/XC7Z020_220_ES_Curing_AXI_GPIO/XC7Z020_210_ES_AXI_GPIO.xpr
Scanning sources...
Finished scanning sources
WARNING: [filemgmt 56-3] IP Output Repository Path: Could not find the directory 'C:/Users/mi/Desktop/Programma/ZYNQ/XC7Z020_220_ES_Curing_AXI_GPIO/XC7Z020_210_ES_AXI_GPIO.cache/ip'.
INFO: [IP_Flow 19-234] Refreshing IP repositories
INFO: [IP_Flow 19-1704] No user IP repositories specified
INFO: [IP_Flow 19-2313] Loaded Vivado IP repository 'G:/Xilinx/Vivado/2016.3/data/ip'.
open_project: Time (s): cpu = 00:00:11 ; elapsed = 00:00:08 . Memory (MB): peak = 843.078 ; gain = 149.543
open_bd_design {C:/Users/mi/Desktop/Programma/ZYNQ/XC7Z020_220_ES_Curing_AXI_GPIO/XC7Z020_210_ES_AXI_GPIO.srcs/sources_1/bd/PS_design/PS_design.bd}
Adding cell -- xilinx.com:ip:processing_system7:5.5 - processing_system7_0
Adding cell -- xilinx.com:ip:axi_gpio:2.0 - axi_gpio_0
Adding cell -- xilinx.com:ip:proc_sys_reset:5.0 - rst_ps7_0_50M
Adding cell -- xilinx.com:ip:axi_protocol_converter:2.1 - auto_pc
Successfully read diagram <PS_design> from BD file <C:/Users/mi/Desktop/Programma/ZYNQ/XC7Z020_220_ES_Curing_AXI_GPIO/XC7Z020_210_ES_AXI_GPIO.srcs/sources_1/bd/PS_design/PS_design.bd>
open_bd_design: Time (s): cpu = 00:00:08 ; elapsed = 00:00:06 . Memory (MB): peak = 914.539 ; gain = 55.391
exit
INFO: [Common 17-206] Exiting Vivado at Thu Sep 23 18:18:22 2021...
