

================================================================
== Vivado HLS Report for 'Dilate'
================================================================
* Date:           Sun Oct 24 17:05:23 2021

* Version:        2018.3 (Build 2405991 on Thu Dec 06 23:56:15 MST 2018)
* Project:        XC7Z020_316_ES_ConerDetect
* Solution:       solution1
* Product family: zynq
* Target device:  xc7z020clg400-2


================================================================
== Performance Estimates
================================================================
+ Timing (ns): 
    * Summary: 
    +--------+-------+----------+------------+
    |  Clock | Target| Estimated| Uncertainty|
    +--------+-------+----------+------------+
    |ap_clk  |  10.00|     8.687|        1.25|
    +--------+-------+----------+------------+

+ Latency (clock cycles): 
    * Summary: 
    +--------+--------+--------+--------+---------+
    |     Latency     |     Interval    | Pipeline|
    |   min  |   max  |   min  |   max  |   Type  |
    +--------+--------+--------+--------+---------+
    |  793871|  793871|  793871|  793871|   none  |
    +--------+--------+--------+--------+---------+

    + Detail: 
        * Instance: 
        N/A

        * Loop: 
        +---------------+--------+--------+----------+-----------+-----------+------+----------+
        |               |     Latency     | Iteration|  Initiation Interval  | Trip |          |
        |   Loop Name   |   min  |   max  |  Latency |  achieved |   target  | Count| Pipelined|
        +---------------+--------+--------+----------+-----------+-----------+------+----------+
        |- loop_height  |  793870|  793870|      1031|          -|          -|   770|    no    |
        | + loop_width  |    1028|    1028|         4|          1|          1|  1026|    yes   |
        +---------------+--------+--------+----------+-----------+-----------+------+----------+

============================================================
+ Verbose Summary: Synthesis Manager
============================================================
InlineROM: 1
ExposeGlobal: 0
============================================================
+ Verbose Summary: CDFG Model
============================================================
IsTopModel: 0
ResetActiveHigh: 1
IsCombinational: 2
IsDatapathOnly: 0
HasWiredReturn: 1
HasMFsm: 0
HasVarLatency: 1
IsPipeline: 0
IsRtlPipelined: 0
IsInstanceOverlapped: 0
IsDontTouch: 0
HasImplIP: 0
IsGatedGlobalClock: 0

+ Individual pipeline summary: 
  * Pipeline-0: initiation interval (II) = 1, depth = 4


============================================================
+ Verbose Summary: Schedule
============================================================
* Number of FSM states : 7
* Pipeline : 1
  Pipeline-0 : II = 1, D = 4, States = { 3 4 5 6 }
* Dataflow Pipeline: 0

* FSM state transitions: 
1 --> 
	2  / true
2 --> 
	3  / (!exitcond461_i_i)
3 --> 
	7  / (exitcond460_i_i)
	4  / (!exitcond460_i_i)
4 --> 
	5  / true
5 --> 
	6  / true
6 --> 
	3  / true
7 --> 
	2  / true

* FSM state operations: 

State 1 <SV = 0> <Delay = 0.46>
ST_1 : Operation 8 [1/1] (0.00ns)   --->   "%src_kernel_win_0_va = alloca i8"   --->   Operation 8 'alloca' 'src_kernel_win_0_va' <Predicate = true> <Delay = 0.00>
ST_1 : Operation 9 [1/1] (0.00ns)   --->   "%src_kernel_win_0_va_1 = alloca i8"   --->   Operation 9 'alloca' 'src_kernel_win_0_va_1' <Predicate = true> <Delay = 0.00>
ST_1 : Operation 10 [1/1] (0.00ns)   --->   "%src_kernel_win_0_va_2 = alloca i8"   --->   Operation 10 'alloca' 'src_kernel_win_0_va_2' <Predicate = true> <Delay = 0.00>
ST_1 : Operation 11 [1/1] (0.00ns)   --->   "%src_kernel_win_0_va_3 = alloca i8"   --->   Operation 11 'alloca' 'src_kernel_win_0_va_3' <Predicate = true> <Delay = 0.00>
ST_1 : Operation 12 [1/1] (0.00ns)   --->   "%src_kernel_win_0_va_4 = alloca i8"   --->   Operation 12 'alloca' 'src_kernel_win_0_va_4' <Predicate = true> <Delay = 0.00>
ST_1 : Operation 13 [1/1] (0.00ns)   --->   "%src_kernel_win_0_va_5 = alloca i8"   --->   Operation 13 'alloca' 'src_kernel_win_0_va_5' <Predicate = true> <Delay = 0.00>
ST_1 : Operation 14 [1/1] (0.00ns)   --->   "%src_kernel_win_0_va_6 = alloca i8"   --->   Operation 14 'alloca' 'src_kernel_win_0_va_6' <Predicate = true> <Delay = 0.00>
ST_1 : Operation 15 [1/1] (0.00ns)   --->   "%right_border_buf_0_s = alloca i8"   --->   Operation 15 'alloca' 'right_border_buf_0_s' <Predicate = true> <Delay = 0.00>
ST_1 : Operation 16 [1/1] (0.00ns)   --->   "%right_border_buf_0_1 = alloca i8"   --->   Operation 16 'alloca' 'right_border_buf_0_1' <Predicate = true> <Delay = 0.00>
ST_1 : Operation 17 [1/1] (0.00ns)   --->   "call void (...)* @_ssdm_op_SpecInterface(i8* %p_dst_data_stream_V, [8 x i8]* @ap_fifo_str, i32 0, i32 0, [1 x i8]* @p_str174, i32 0, i32 0, [1 x i8]* @p_str175, [1 x i8]* @p_str176, [1 x i8]* @p_str177, i32 2, i32 2, i32 16, i32 16, [1 x i8]* @p_str178, [1 x i8]* @p_str179)"   --->   Operation 17 'specinterface' <Predicate = true> <Delay = 0.00>
ST_1 : Operation 18 [1/1] (0.00ns)   --->   "call void (...)* @_ssdm_op_SpecInterface(i8* %p_src_data_stream_V, [8 x i8]* @ap_fifo_str, i32 0, i32 0, [1 x i8]* @p_str167, i32 0, i32 0, [1 x i8]* @p_str168, [1 x i8]* @p_str169, [1 x i8]* @p_str170, i32 2, i32 2, i32 16, i32 16, [1 x i8]* @p_str171, [1 x i8]* @p_str172)"   --->   Operation 18 'specinterface' <Predicate = true> <Delay = 0.00>
ST_1 : Operation 19 [1/1] (0.00ns)   --->   "%k_buf_0_val_3 = alloca [1024 x i8], align 1" [G:/Xilinx/Vivado/2018.3/common/technology/autopilot/hls/hls_video_imgproc.h:400->G:/Xilinx/Vivado/2018.3/common/technology/autopilot/hls/hls_video_imgproc.h:1184->G:/Xilinx/Vivado/2018.3/common/technology/autopilot/hls/hls_video_imgproc.h:1258]   --->   Operation 19 'alloca' 'k_buf_0_val_3' <Predicate = true> <Delay = 0.00> <Core = "RAM">   --->   Core 37 'RAM' <Latency = 1> <II = 1> <Delay = 2.77> <Storage> <Opcode : 'load' 'store'> <Ports = 2> <Width = 8> <Depth = 1024> <RAM>
ST_1 : Operation 20 [1/1] (0.00ns)   --->   "%k_buf_0_val_4 = alloca [1024 x i8], align 1" [G:/Xilinx/Vivado/2018.3/common/technology/autopilot/hls/hls_video_imgproc.h:400->G:/Xilinx/Vivado/2018.3/common/technology/autopilot/hls/hls_video_imgproc.h:1184->G:/Xilinx/Vivado/2018.3/common/technology/autopilot/hls/hls_video_imgproc.h:1258]   --->   Operation 20 'alloca' 'k_buf_0_val_4' <Predicate = true> <Delay = 0.00> <Core = "RAM">   --->   Core 37 'RAM' <Latency = 1> <II = 1> <Delay = 2.77> <Storage> <Opcode : 'load' 'store'> <Ports = 2> <Width = 8> <Depth = 1024> <RAM>
ST_1 : Operation 21 [1/1] (0.00ns)   --->   "%k_buf_0_val_5 = alloca [1024 x i8], align 1" [G:/Xilinx/Vivado/2018.3/common/technology/autopilot/hls/hls_video_imgproc.h:400->G:/Xilinx/Vivado/2018.3/common/technology/autopilot/hls/hls_video_imgproc.h:1184->G:/Xilinx/Vivado/2018.3/common/technology/autopilot/hls/hls_video_imgproc.h:1258]   --->   Operation 21 'alloca' 'k_buf_0_val_5' <Predicate = true> <Delay = 0.00> <Core = "RAM">   --->   Core 37 'RAM' <Latency = 1> <II = 1> <Delay = 2.77> <Storage> <Opcode : 'load' 'store'> <Ports = 2> <Width = 8> <Depth = 1024> <RAM>
ST_1 : Operation 22 [1/1] (0.00ns)   --->   "%rbegin_i_i_i = call i32 (...)* @_ssdm_op_SpecRegionBegin([64 x i8]* @hls_KD_KD_LineBuffe) nounwind" [G:/Xilinx/Vivado/2018.3/common/technology/autopilot/hls/hls_video_mem.h:627->G:/Xilinx/Vivado/2018.3/common/technology/autopilot/hls/hls_video_imgproc.h:400->G:/Xilinx/Vivado/2018.3/common/technology/autopilot/hls/hls_video_imgproc.h:1184->G:/Xilinx/Vivado/2018.3/common/technology/autopilot/hls/hls_video_imgproc.h:1258]   --->   Operation 22 'specregionbegin' 'rbegin_i_i_i' <Predicate = true> <Delay = 0.00>
ST_1 : Operation 23 [1/1] (0.00ns)   --->   "%rend_i_i_i_0 = call i32 (...)* @_ssdm_op_SpecRegionEnd([64 x i8]* @hls_KD_KD_LineBuffe, i32 %rbegin_i_i_i) nounwind" [G:/Xilinx/Vivado/2018.3/common/technology/autopilot/hls/hls_video_mem.h:627->G:/Xilinx/Vivado/2018.3/common/technology/autopilot/hls/hls_video_imgproc.h:400->G:/Xilinx/Vivado/2018.3/common/technology/autopilot/hls/hls_video_imgproc.h:1184->G:/Xilinx/Vivado/2018.3/common/technology/autopilot/hls/hls_video_imgproc.h:1258]   --->   Operation 23 'specregionend' 'rend_i_i_i_0' <Predicate = true> <Delay = 0.00>
ST_1 : Operation 24 [1/1] (0.46ns)   --->   "br label %0" [G:/Xilinx/Vivado/2018.3/common/technology/autopilot/hls/hls_video_imgproc.h:443->G:/Xilinx/Vivado/2018.3/common/technology/autopilot/hls/hls_video_imgproc.h:1184->G:/Xilinx/Vivado/2018.3/common/technology/autopilot/hls/hls_video_imgproc.h:1258]   --->   Operation 24 'br' <Predicate = true> <Delay = 0.46>

State 2 <SV = 1> <Delay = 2.74>
ST_2 : Operation 25 [1/1] (0.00ns)   --->   "%t_V = phi i10 [ 0, %_ZN8ap_fixedILi31ELi11EL9ap_q_mode0EL9ap_o_mode3ELi0EEC1Ei.exit36.i.i ], [ %i_V, %5 ]"   --->   Operation 25 'phi' 't_V' <Predicate = true> <Delay = 0.00>
ST_2 : Operation 26 [1/1] (1.94ns)   --->   "%exitcond461_i_i = icmp eq i10 %t_V, -254" [G:/Xilinx/Vivado/2018.3/common/technology/autopilot/hls/hls_video_imgproc.h:443->G:/Xilinx/Vivado/2018.3/common/technology/autopilot/hls/hls_video_imgproc.h:1184->G:/Xilinx/Vivado/2018.3/common/technology/autopilot/hls/hls_video_imgproc.h:1258]   --->   Operation 26 'icmp' 'exitcond461_i_i' <Predicate = true> <Delay = 1.94> <Core = "Cmp">   --->   Core 25 'Cmp' <Latency = 0> <II = 1> <Delay = 1.94> <FuncUnit> <Opcode : 'icmp'> <InPorts = 2> <OutPorts = 1>
ST_2 : Operation 27 [1/1] (0.00ns)   --->   "call void (...)* @_ssdm_op_SpecLoopTripCount(i64 770, i64 770, i64 770)"   --->   Operation 27 'speclooptripcount' <Predicate = true> <Delay = 0.00>
ST_2 : Operation 28 [1/1] (1.41ns)   --->   "%i_V = add i10 %t_V, 1" [G:/Xilinx/Vivado/2018.3/common/technology/autopilot/hls/hls_video_imgproc.h:443->G:/Xilinx/Vivado/2018.3/common/technology/autopilot/hls/hls_video_imgproc.h:1184->G:/Xilinx/Vivado/2018.3/common/technology/autopilot/hls/hls_video_imgproc.h:1258]   --->   Operation 28 'add' 'i_V' <Predicate = true> <Delay = 1.41> <Core = "AddSub">   --->   Core 14 'AddSub' <Latency = 0> <II = 1> <Delay = 0.63> <FuncUnit> <Opcode : 'add' 'sub'> <InPorts = 2> <OutPorts = 1>
ST_2 : Operation 29 [1/1] (0.00ns)   --->   "br i1 %exitcond461_i_i, label %"morp_opr<dilate_kernel, BORDER_REPLICATE, 0, 0, 768, 1024>.exit", label %1" [G:/Xilinx/Vivado/2018.3/common/technology/autopilot/hls/hls_video_imgproc.h:443->G:/Xilinx/Vivado/2018.3/common/technology/autopilot/hls/hls_video_imgproc.h:1184->G:/Xilinx/Vivado/2018.3/common/technology/autopilot/hls/hls_video_imgproc.h:1258]   --->   Operation 29 'br' <Predicate = true> <Delay = 0.00>
ST_2 : Operation 30 [1/1] (0.00ns)   --->   "call void (...)* @_ssdm_op_SpecLoopName([12 x i8]* @p_str9) nounwind" [G:/Xilinx/Vivado/2018.3/common/technology/autopilot/hls/hls_video_imgproc.h:443->G:/Xilinx/Vivado/2018.3/common/technology/autopilot/hls/hls_video_imgproc.h:1184->G:/Xilinx/Vivado/2018.3/common/technology/autopilot/hls/hls_video_imgproc.h:1258]   --->   Operation 30 'specloopname' <Predicate = (!exitcond461_i_i)> <Delay = 0.00>
ST_2 : Operation 31 [1/1] (0.00ns)   --->   "%tmp_37 = call i32 (...)* @_ssdm_op_SpecRegionBegin([12 x i8]* @p_str9)" [G:/Xilinx/Vivado/2018.3/common/technology/autopilot/hls/hls_video_imgproc.h:443->G:/Xilinx/Vivado/2018.3/common/technology/autopilot/hls/hls_video_imgproc.h:1184->G:/Xilinx/Vivado/2018.3/common/technology/autopilot/hls/hls_video_imgproc.h:1258]   --->   Operation 31 'specregionbegin' 'tmp_37' <Predicate = (!exitcond461_i_i)> <Delay = 0.00>
ST_2 : Operation 32 [1/1] (1.94ns)   --->   "%tmp_s = icmp ult i10 %t_V, -256" [G:/Xilinx/Vivado/2018.3/common/technology/autopilot/hls/hls_video_imgproc.h:492->G:/Xilinx/Vivado/2018.3/common/technology/autopilot/hls/hls_video_imgproc.h:1184->G:/Xilinx/Vivado/2018.3/common/technology/autopilot/hls/hls_video_imgproc.h:1258]   --->   Operation 32 'icmp' 'tmp_s' <Predicate = (!exitcond461_i_i)> <Delay = 1.94> <Core = "Cmp">   --->   Core 25 'Cmp' <Latency = 0> <II = 1> <Delay = 1.94> <FuncUnit> <Opcode : 'icmp'> <InPorts = 2> <OutPorts = 1>
ST_2 : Operation 33 [1/1] (0.80ns)   --->   "%tmp_146_not = xor i1 %tmp_s, true" [G:/Xilinx/Vivado/2018.3/common/technology/autopilot/hls/hls_video_imgproc.h:457->G:/Xilinx/Vivado/2018.3/common/technology/autopilot/hls/hls_video_imgproc.h:1184->G:/Xilinx/Vivado/2018.3/common/technology/autopilot/hls/hls_video_imgproc.h:1258]   --->   Operation 33 'xor' 'tmp_146_not' <Predicate = (!exitcond461_i_i)> <Delay = 0.80> <Core = "LogicGate">   --->   Core 27 'LogicGate' <Latency = 0> <II = 1> <Delay = 0.80> <FuncUnit> <Opcode : 'and' 'or' 'xor'> <InPorts = 2> <OutPorts = 1>
ST_2 : Operation 34 [1/1] (0.00ns)   --->   "%tmp = call i9 @_ssdm_op_PartSelect.i9.i10.i32.i32(i10 %t_V, i32 1, i32 9)" [G:/Xilinx/Vivado/2018.3/common/technology/autopilot/hls/hls_video_imgproc.h:466->G:/Xilinx/Vivado/2018.3/common/technology/autopilot/hls/hls_video_imgproc.h:1184->G:/Xilinx/Vivado/2018.3/common/technology/autopilot/hls/hls_video_imgproc.h:1258]   --->   Operation 34 'partselect' 'tmp' <Predicate = (!exitcond461_i_i)> <Delay = 0.00>
ST_2 : Operation 35 [1/1] (1.62ns)   --->   "%icmp = icmp ne i9 %tmp, 0" [G:/Xilinx/Vivado/2018.3/common/technology/autopilot/hls/hls_video_imgproc.h:466->G:/Xilinx/Vivado/2018.3/common/technology/autopilot/hls/hls_video_imgproc.h:1184->G:/Xilinx/Vivado/2018.3/common/technology/autopilot/hls/hls_video_imgproc.h:1258]   --->   Operation 35 'icmp' 'icmp' <Predicate = (!exitcond461_i_i)> <Delay = 1.62> <Core = "Cmp">   --->   Core 25 'Cmp' <Latency = 0> <II = 1> <Delay = 1.94> <FuncUnit> <Opcode : 'icmp'> <InPorts = 2> <OutPorts = 1>
ST_2 : Operation 36 [1/1] (1.94ns)   --->   "%tmp_39 = icmp eq i10 %t_V, 0" [G:/Xilinx/Vivado/2018.3/common/technology/autopilot/hls/hls_video_imgproc.h:471->G:/Xilinx/Vivado/2018.3/common/technology/autopilot/hls/hls_video_imgproc.h:1184->G:/Xilinx/Vivado/2018.3/common/technology/autopilot/hls/hls_video_imgproc.h:1258]   --->   Operation 36 'icmp' 'tmp_39' <Predicate = (!exitcond461_i_i)> <Delay = 1.94> <Core = "Cmp">   --->   Core 25 'Cmp' <Latency = 0> <II = 1> <Delay = 1.94> <FuncUnit> <Opcode : 'icmp'> <InPorts = 2> <OutPorts = 1>
ST_2 : Operation 37 [1/1] (1.94ns)   --->   "%tmp_176_2 = icmp eq i10 %t_V, 1" [G:/Xilinx/Vivado/2018.3/common/technology/autopilot/hls/hls_video_imgproc.h:471->G:/Xilinx/Vivado/2018.3/common/technology/autopilot/hls/hls_video_imgproc.h:1184->G:/Xilinx/Vivado/2018.3/common/technology/autopilot/hls/hls_video_imgproc.h:1258]   --->   Operation 37 'icmp' 'tmp_176_2' <Predicate = (!exitcond461_i_i)> <Delay = 1.94> <Core = "Cmp">   --->   Core 25 'Cmp' <Latency = 0> <II = 1> <Delay = 1.94> <FuncUnit> <Opcode : 'icmp'> <InPorts = 2> <OutPorts = 1>
ST_2 : Operation 38 [1/1] (1.94ns)   --->   "%tmp_40 = icmp ugt i10 %t_V, -256" [G:/Xilinx/Vivado/2018.3/common/technology/autopilot/hls/hls_video_imgproc.h:502->G:/Xilinx/Vivado/2018.3/common/technology/autopilot/hls/hls_video_imgproc.h:1184->G:/Xilinx/Vivado/2018.3/common/technology/autopilot/hls/hls_video_imgproc.h:1258]   --->   Operation 38 'icmp' 'tmp_40' <Predicate = (!exitcond461_i_i)> <Delay = 1.94> <Core = "Cmp">   --->   Core 25 'Cmp' <Latency = 0> <II = 1> <Delay = 1.94> <FuncUnit> <Opcode : 'icmp'> <InPorts = 2> <OutPorts = 1>
ST_2 : Operation 39 [1/1] (0.00ns)   --->   "%tmp_53 = trunc i10 %t_V to i2" [G:/Xilinx/Vivado/2018.3/common/technology/autopilot/hls/hls_video_imgproc.h:506->G:/Xilinx/Vivado/2018.3/common/technology/autopilot/hls/hls_video_imgproc.h:1184->G:/Xilinx/Vivado/2018.3/common/technology/autopilot/hls/hls_video_imgproc.h:1258]   --->   Operation 39 'trunc' 'tmp_53' <Predicate = (!exitcond461_i_i)> <Delay = 0.00>
ST_2 : Operation 40 [1/1] (0.80ns)   --->   "%row_assign_7_1_t = xor i2 %tmp_53, 1" [G:/Xilinx/Vivado/2018.3/common/technology/autopilot/hls/hls_video_mem.h:493->G:/Xilinx/Vivado/2018.3/common/technology/autopilot/hls/hls_video_mem.h:501->G:/Xilinx/Vivado/2018.3/common/technology/autopilot/hls/hls_video_imgproc.h:507->G:/Xilinx/Vivado/2018.3/common/technology/autopilot/hls/hls_video_imgproc.h:1184->G:/Xilinx/Vivado/2018.3/common/technology/autopilot/hls/hls_video_imgproc.h:1258]   --->   Operation 40 'xor' 'row_assign_7_1_t' <Predicate = (!exitcond461_i_i)> <Delay = 0.80> <Core = "LogicGate">   --->   Core 27 'LogicGate' <Latency = 0> <II = 1> <Delay = 0.80> <FuncUnit> <Opcode : 'and' 'or' 'xor'> <InPorts = 2> <OutPorts = 1>
ST_2 : Operation 41 [1/1] (0.63ns)   --->   "%row_assign_7_2_t = sub i2 -2, %tmp_53" [G:/Xilinx/Vivado/2018.3/common/technology/autopilot/hls/hls_video_mem.h:493->G:/Xilinx/Vivado/2018.3/common/technology/autopilot/hls/hls_video_mem.h:501->G:/Xilinx/Vivado/2018.3/common/technology/autopilot/hls/hls_video_imgproc.h:507->G:/Xilinx/Vivado/2018.3/common/technology/autopilot/hls/hls_video_imgproc.h:1184->G:/Xilinx/Vivado/2018.3/common/technology/autopilot/hls/hls_video_imgproc.h:1258]   --->   Operation 41 'sub' 'row_assign_7_2_t' <Predicate = (!exitcond461_i_i)> <Delay = 0.63> <Core = "AddSub">   --->   Core 14 'AddSub' <Latency = 0> <II = 1> <Delay = 0.63> <FuncUnit> <Opcode : 'add' 'sub'> <InPorts = 2> <OutPorts = 1>
ST_2 : Operation 42 [1/1] (0.46ns)   --->   "br label %2" [G:/Xilinx/Vivado/2018.3/common/technology/autopilot/hls/hls_video_imgproc.h:444->G:/Xilinx/Vivado/2018.3/common/technology/autopilot/hls/hls_video_imgproc.h:1184->G:/Xilinx/Vivado/2018.3/common/technology/autopilot/hls/hls_video_imgproc.h:1258]   --->   Operation 42 'br' <Predicate = (!exitcond461_i_i)> <Delay = 0.46>
ST_2 : Operation 43 [1/1] (0.00ns)   --->   "ret void" [G:/Xilinx/Vivado/2018.3/common/technology/autopilot/hls/hls_video_imgproc.h:1259]   --->   Operation 43 'ret' <Predicate = (exitcond461_i_i)> <Delay = 0.00>

State 3 <SV = 2> <Delay = 6.55>
ST_3 : Operation 44 [1/1] (0.00ns)   --->   "%t_V_4 = phi i11 [ 0, %1 ], [ %j_V, %._crit_edge485.i.i ]"   --->   Operation 44 'phi' 't_V_4' <Predicate = true> <Delay = 0.00>
ST_3 : Operation 45 [1/1] (0.00ns)   --->   "%t_V_4_cast = zext i11 %t_V_4 to i12" [G:/Xilinx/Vivado/2018.3/common/technology/autopilot/hls/hls_video_imgproc.h:444->G:/Xilinx/Vivado/2018.3/common/technology/autopilot/hls/hls_video_imgproc.h:1184->G:/Xilinx/Vivado/2018.3/common/technology/autopilot/hls/hls_video_imgproc.h:1258]   --->   Operation 45 'zext' 't_V_4_cast' <Predicate = true> <Delay = 0.00>
ST_3 : Operation 46 [1/1] (1.88ns)   --->   "%exitcond460_i_i = icmp eq i11 %t_V_4, -1022" [G:/Xilinx/Vivado/2018.3/common/technology/autopilot/hls/hls_video_imgproc.h:444->G:/Xilinx/Vivado/2018.3/common/technology/autopilot/hls/hls_video_imgproc.h:1184->G:/Xilinx/Vivado/2018.3/common/technology/autopilot/hls/hls_video_imgproc.h:1258]   --->   Operation 46 'icmp' 'exitcond460_i_i' <Predicate = true> <Delay = 1.88> <Core = "Cmp">   --->   Core 25 'Cmp' <Latency = 0> <II = 1> <Delay = 1.94> <FuncUnit> <Opcode : 'icmp'> <InPorts = 2> <OutPorts = 1>
ST_3 : Operation 47 [1/1] (0.00ns)   --->   "call void (...)* @_ssdm_op_SpecLoopTripCount(i64 1026, i64 1026, i64 1026)"   --->   Operation 47 'speclooptripcount' <Predicate = true> <Delay = 0.00>
ST_3 : Operation 48 [1/1] (1.48ns)   --->   "%j_V = add i11 %t_V_4, 1" [G:/Xilinx/Vivado/2018.3/common/technology/autopilot/hls/hls_video_imgproc.h:444->G:/Xilinx/Vivado/2018.3/common/technology/autopilot/hls/hls_video_imgproc.h:1184->G:/Xilinx/Vivado/2018.3/common/technology/autopilot/hls/hls_video_imgproc.h:1258]   --->   Operation 48 'add' 'j_V' <Predicate = true> <Delay = 1.48> <Core = "AddSub">   --->   Core 14 'AddSub' <Latency = 0> <II = 1> <Delay = 0.63> <FuncUnit> <Opcode : 'add' 'sub'> <InPorts = 2> <OutPorts = 1>
ST_3 : Operation 49 [1/1] (0.00ns)   --->   "br i1 %exitcond460_i_i, label %5, label %.critedge.i.i_ifconv" [G:/Xilinx/Vivado/2018.3/common/technology/autopilot/hls/hls_video_imgproc.h:444->G:/Xilinx/Vivado/2018.3/common/technology/autopilot/hls/hls_video_imgproc.h:1184->G:/Xilinx/Vivado/2018.3/common/technology/autopilot/hls/hls_video_imgproc.h:1258]   --->   Operation 49 'br' <Predicate = true> <Delay = 0.00>
ST_3 : Operation 50 [1/1] (0.00ns)   --->   "%tmp_54 = call i10 @_ssdm_op_PartSelect.i10.i11.i32.i32(i11 %t_V_4, i32 1, i32 10)" [G:/Xilinx/Vivado/2018.3/common/technology/autopilot/hls/hls_video_imgproc.h:512->G:/Xilinx/Vivado/2018.3/common/technology/autopilot/hls/hls_video_imgproc.h:1184->G:/Xilinx/Vivado/2018.3/common/technology/autopilot/hls/hls_video_imgproc.h:1258]   --->   Operation 50 'partselect' 'tmp_54' <Predicate = (!exitcond460_i_i)> <Delay = 0.00>
ST_3 : Operation 51 [1/1] (1.94ns)   --->   "%icmp2 = icmp ne i10 %tmp_54, 0" [G:/Xilinx/Vivado/2018.3/common/technology/autopilot/hls/hls_video_imgproc.h:512->G:/Xilinx/Vivado/2018.3/common/technology/autopilot/hls/hls_video_imgproc.h:1184->G:/Xilinx/Vivado/2018.3/common/technology/autopilot/hls/hls_video_imgproc.h:1258]   --->   Operation 51 'icmp' 'icmp2' <Predicate = (!exitcond460_i_i)> <Delay = 1.94> <Core = "Cmp">   --->   Core 25 'Cmp' <Latency = 0> <II = 1> <Delay = 1.94> <FuncUnit> <Opcode : 'icmp'> <InPorts = 2> <OutPorts = 1>
ST_3 : Operation 52 [1/1] (0.00ns)   --->   "%tmp_55 = trunc i11 %t_V_4 to i10" [G:/Xilinx/Vivado/2018.3/common/technology/autopilot/hls/hls_video_imgproc.h:444->G:/Xilinx/Vivado/2018.3/common/technology/autopilot/hls/hls_video_imgproc.h:1184->G:/Xilinx/Vivado/2018.3/common/technology/autopilot/hls/hls_video_imgproc.h:1258]   --->   Operation 52 'trunc' 'tmp_55' <Predicate = (!exitcond460_i_i)> <Delay = 0.00>
ST_3 : Operation 53 [1/1] (1.48ns)   --->   "%ImagLoc_x = add i12 -1, %t_V_4_cast" [G:/Xilinx/Vivado/2018.3/common/technology/autopilot/hls/hls_video_imgproc.h:451->G:/Xilinx/Vivado/2018.3/common/technology/autopilot/hls/hls_video_imgproc.h:1184->G:/Xilinx/Vivado/2018.3/common/technology/autopilot/hls/hls_video_imgproc.h:1258]   --->   Operation 53 'add' 'ImagLoc_x' <Predicate = (!exitcond460_i_i)> <Delay = 1.48> <Core = "AddSub">   --->   Core 14 'AddSub' <Latency = 0> <II = 1> <Delay = 0.63> <FuncUnit> <Opcode : 'add' 'sub'> <InPorts = 2> <OutPorts = 1>
ST_3 : Operation 54 [1/1] (1.41ns)   --->   "%ImagLoc_x_cast = add i10 -1, %tmp_55" [G:/Xilinx/Vivado/2018.3/common/technology/autopilot/hls/hls_video_imgproc.h:451->G:/Xilinx/Vivado/2018.3/common/technology/autopilot/hls/hls_video_imgproc.h:1184->G:/Xilinx/Vivado/2018.3/common/technology/autopilot/hls/hls_video_imgproc.h:1258]   --->   Operation 54 'add' 'ImagLoc_x_cast' <Predicate = (!exitcond460_i_i)> <Delay = 1.41> <Core = "AddSub">   --->   Core 14 'AddSub' <Latency = 0> <II = 1> <Delay = 0.63> <FuncUnit> <Opcode : 'add' 'sub'> <InPorts = 2> <OutPorts = 1>
ST_3 : Operation 55 [1/1] (0.00ns) (grouped into LUT with out node or_cond_i_i_i)   --->   "%tmp_56 = call i1 @_ssdm_op_BitSelect.i1.i12.i32(i12 %ImagLoc_x, i32 11)" [G:/Xilinx/Vivado/2018.3/common/technology/autopilot/hls/hls_video_imgbase.h:118->G:/Xilinx/Vivado/2018.3/common/technology/autopilot/hls/hls_video_imgproc.h:452->G:/Xilinx/Vivado/2018.3/common/technology/autopilot/hls/hls_video_imgproc.h:1184->G:/Xilinx/Vivado/2018.3/common/technology/autopilot/hls/hls_video_imgproc.h:1258]   --->   Operation 55 'bitselect' 'tmp_56' <Predicate = (!exitcond460_i_i)> <Delay = 0.00>
ST_3 : Operation 56 [1/1] (0.00ns) (grouped into LUT with out node or_cond_i_i_i)   --->   "%rev = xor i1 %tmp_56, true" [G:/Xilinx/Vivado/2018.3/common/technology/autopilot/hls/hls_video_imgbase.h:118->G:/Xilinx/Vivado/2018.3/common/technology/autopilot/hls/hls_video_imgproc.h:452->G:/Xilinx/Vivado/2018.3/common/technology/autopilot/hls/hls_video_imgproc.h:1184->G:/Xilinx/Vivado/2018.3/common/technology/autopilot/hls/hls_video_imgproc.h:1258]   --->   Operation 56 'xor' 'rev' <Predicate = (!exitcond460_i_i)> <Delay = 0.00> <Core = "LogicGate">   --->   Core 27 'LogicGate' <Latency = 0> <II = 1> <Delay = 0.80> <FuncUnit> <Opcode : 'and' 'or' 'xor'> <InPorts = 2> <OutPorts = 1>
ST_3 : Operation 57 [1/1] (0.00ns)   --->   "%tmp_62 = call i2 @_ssdm_op_PartSelect.i2.i12.i32.i32(i12 %ImagLoc_x, i32 10, i32 11)" [G:/Xilinx/Vivado/2018.3/common/technology/autopilot/hls/hls_video_imgbase.h:118->G:/Xilinx/Vivado/2018.3/common/technology/autopilot/hls/hls_video_imgproc.h:452->G:/Xilinx/Vivado/2018.3/common/technology/autopilot/hls/hls_video_imgproc.h:1184->G:/Xilinx/Vivado/2018.3/common/technology/autopilot/hls/hls_video_imgproc.h:1258]   --->   Operation 57 'partselect' 'tmp_62' <Predicate = (!exitcond460_i_i)> <Delay = 0.00>
ST_3 : Operation 58 [1/1] (0.50ns)   --->   "%icmp3 = icmp ne i2 %tmp_62, 1" [G:/Xilinx/Vivado/2018.3/common/technology/autopilot/hls/hls_video_imgbase.h:118->G:/Xilinx/Vivado/2018.3/common/technology/autopilot/hls/hls_video_imgproc.h:452->G:/Xilinx/Vivado/2018.3/common/technology/autopilot/hls/hls_video_imgproc.h:1184->G:/Xilinx/Vivado/2018.3/common/technology/autopilot/hls/hls_video_imgproc.h:1258]   --->   Operation 58 'icmp' 'icmp3' <Predicate = (!exitcond460_i_i)> <Delay = 0.50> <Core = "Cmp">   --->   Core 25 'Cmp' <Latency = 0> <II = 1> <Delay = 1.94> <FuncUnit> <Opcode : 'icmp'> <InPorts = 2> <OutPorts = 1>
ST_3 : Operation 59 [1/1] (0.80ns) (out node of the LUT)   --->   "%or_cond_i_i_i = and i1 %icmp3, %rev" [G:/Xilinx/Vivado/2018.3/common/technology/autopilot/hls/hls_video_imgbase.h:118->G:/Xilinx/Vivado/2018.3/common/technology/autopilot/hls/hls_video_imgproc.h:452->G:/Xilinx/Vivado/2018.3/common/technology/autopilot/hls/hls_video_imgproc.h:1184->G:/Xilinx/Vivado/2018.3/common/technology/autopilot/hls/hls_video_imgproc.h:1258]   --->   Operation 59 'and' 'or_cond_i_i_i' <Predicate = (!exitcond460_i_i)> <Delay = 0.80> <Core = "LogicGate">   --->   Core 27 'LogicGate' <Latency = 0> <II = 1> <Delay = 0.80> <FuncUnit> <Opcode : 'and' 'or' 'xor'> <InPorts = 2> <OutPorts = 1>
ST_3 : Operation 60 [1/1] (0.00ns) (grouped into LUT with out node x)   --->   "%tmp_63 = call i1 @_ssdm_op_BitSelect.i1.i12.i32(i12 %ImagLoc_x, i32 11)" [G:/Xilinx/Vivado/2018.3/common/technology/autopilot/hls/hls_video_imgbase.h:121->G:/Xilinx/Vivado/2018.3/common/technology/autopilot/hls/hls_video_imgproc.h:452->G:/Xilinx/Vivado/2018.3/common/technology/autopilot/hls/hls_video_imgproc.h:1184->G:/Xilinx/Vivado/2018.3/common/technology/autopilot/hls/hls_video_imgproc.h:1258]   --->   Operation 60 'bitselect' 'tmp_63' <Predicate = (!exitcond460_i_i)> <Delay = 0.00>
ST_3 : Operation 61 [1/1] (0.00ns) (grouped into LUT with out node x)   --->   "%not_s = xor i1 %tmp_63, true" [G:/Xilinx/Vivado/2018.3/common/technology/autopilot/hls/hls_video_imgbase.h:121->G:/Xilinx/Vivado/2018.3/common/technology/autopilot/hls/hls_video_imgproc.h:452->G:/Xilinx/Vivado/2018.3/common/technology/autopilot/hls/hls_video_imgproc.h:1184->G:/Xilinx/Vivado/2018.3/common/technology/autopilot/hls/hls_video_imgproc.h:1258]   --->   Operation 61 'xor' 'not_s' <Predicate = (!exitcond460_i_i)> <Delay = 0.00> <Core = "LogicGate">   --->   Core 27 'LogicGate' <Latency = 0> <II = 1> <Delay = 0.80> <FuncUnit> <Opcode : 'and' 'or' 'xor'> <InPorts = 2> <OutPorts = 1>
ST_3 : Operation 62 [1/1] (0.00ns) (grouped into LUT with out node x)   --->   "%p_assign_1_cast_cast = select i1 %not_s, i10 -1, i10 0" [G:/Xilinx/Vivado/2018.3/common/technology/autopilot/hls/hls_video_imgbase.h:121->G:/Xilinx/Vivado/2018.3/common/technology/autopilot/hls/hls_video_imgproc.h:452->G:/Xilinx/Vivado/2018.3/common/technology/autopilot/hls/hls_video_imgproc.h:1184->G:/Xilinx/Vivado/2018.3/common/technology/autopilot/hls/hls_video_imgproc.h:1258]   --->   Operation 62 'select' 'p_assign_1_cast_cast' <Predicate = (!exitcond460_i_i)> <Delay = 0.00> <Core = "Sel">   --->   Core 26 'Sel' <Latency = 0> <II = 1> <Delay = 0.44> <FuncUnit> <Opcode : 'select'> <InPorts = 3> <OutPorts = 1>
ST_3 : Operation 63 [1/1] (0.99ns) (out node of the LUT)   --->   "%x = select i1 %or_cond_i_i_i, i10 %ImagLoc_x_cast, i10 %p_assign_1_cast_cast" [G:/Xilinx/Vivado/2018.3/common/technology/autopilot/hls/hls_video_imgbase.h:118->G:/Xilinx/Vivado/2018.3/common/technology/autopilot/hls/hls_video_imgproc.h:452->G:/Xilinx/Vivado/2018.3/common/technology/autopilot/hls/hls_video_imgproc.h:1184->G:/Xilinx/Vivado/2018.3/common/technology/autopilot/hls/hls_video_imgproc.h:1258]   --->   Operation 63 'select' 'x' <Predicate = (!exitcond460_i_i)> <Delay = 0.99> <Core = "Sel">   --->   Core 26 'Sel' <Latency = 0> <II = 1> <Delay = 0.44> <FuncUnit> <Opcode : 'select'> <InPorts = 3> <OutPorts = 1>
ST_3 : Operation 64 [1/1] (0.00ns)   --->   "%tmp_64 = trunc i10 %x to i2" [G:/Xilinx/Vivado/2018.3/common/technology/autopilot/hls/hls_video_imgproc.h:458->G:/Xilinx/Vivado/2018.3/common/technology/autopilot/hls/hls_video_imgproc.h:1184->G:/Xilinx/Vivado/2018.3/common/technology/autopilot/hls/hls_video_imgproc.h:1258]   --->   Operation 64 'trunc' 'tmp_64' <Predicate = (!exitcond460_i_i)> <Delay = 0.00>
ST_3 : Operation 65 [1/1] (0.80ns)   --->   "%brmerge = or i1 %icmp3, %tmp_146_not" [G:/Xilinx/Vivado/2018.3/common/technology/autopilot/hls/hls_video_imgproc.h:457->G:/Xilinx/Vivado/2018.3/common/technology/autopilot/hls/hls_video_imgproc.h:1184->G:/Xilinx/Vivado/2018.3/common/technology/autopilot/hls/hls_video_imgproc.h:1258]   --->   Operation 65 'or' 'brmerge' <Predicate = (!exitcond460_i_i)> <Delay = 0.80> <Core = "LogicGate">   --->   Core 27 'LogicGate' <Latency = 0> <II = 1> <Delay = 0.80> <FuncUnit> <Opcode : 'and' 'or' 'xor'> <InPorts = 2> <OutPorts = 1>
ST_3 : Operation 66 [1/1] (0.00ns)   --->   "%tmp_41 = zext i10 %x to i64" [G:/Xilinx/Vivado/2018.3/common/technology/autopilot/hls/hls_video_mem.h:835->G:/Xilinx/Vivado/2018.3/common/technology/autopilot/hls/hls_video_mem.h:843->G:/Xilinx/Vivado/2018.3/common/technology/autopilot/hls/hls_video_imgproc.h:460->G:/Xilinx/Vivado/2018.3/common/technology/autopilot/hls/hls_video_imgproc.h:1184->G:/Xilinx/Vivado/2018.3/common/technology/autopilot/hls/hls_video_imgproc.h:1258]   --->   Operation 66 'zext' 'tmp_41' <Predicate = (!exitcond460_i_i)> <Delay = 0.00>
ST_3 : Operation 67 [1/1] (0.00ns)   --->   "%k_buf_0_val_3_addr = getelementptr [1024 x i8]* %k_buf_0_val_3, i64 0, i64 %tmp_41" [G:/Xilinx/Vivado/2018.3/common/technology/autopilot/hls/hls_video_mem.h:835->G:/Xilinx/Vivado/2018.3/common/technology/autopilot/hls/hls_video_mem.h:843->G:/Xilinx/Vivado/2018.3/common/technology/autopilot/hls/hls_video_imgproc.h:460->G:/Xilinx/Vivado/2018.3/common/technology/autopilot/hls/hls_video_imgproc.h:1184->G:/Xilinx/Vivado/2018.3/common/technology/autopilot/hls/hls_video_imgproc.h:1258]   --->   Operation 67 'getelementptr' 'k_buf_0_val_3_addr' <Predicate = (!exitcond460_i_i)> <Delay = 0.00>
ST_3 : Operation 68 [2/2] (2.77ns)   --->   "%k_buf_0_val_3_load = load i8* %k_buf_0_val_3_addr, align 1" [G:/Xilinx/Vivado/2018.3/common/technology/autopilot/hls/hls_video_imgproc.h:460->G:/Xilinx/Vivado/2018.3/common/technology/autopilot/hls/hls_video_imgproc.h:1184->G:/Xilinx/Vivado/2018.3/common/technology/autopilot/hls/hls_video_imgproc.h:1258]   --->   Operation 68 'load' 'k_buf_0_val_3_load' <Predicate = (!exitcond460_i_i)> <Delay = 2.77> <Core = "RAM">   --->   Core 37 'RAM' <Latency = 1> <II = 1> <Delay = 2.77> <Storage> <Opcode : 'load' 'store'> <Ports = 2> <Width = 8> <Depth = 1024> <RAM>
ST_3 : Operation 69 [1/1] (0.00ns)   --->   "%k_buf_0_val_4_addr = getelementptr [1024 x i8]* %k_buf_0_val_4, i64 0, i64 %tmp_41" [G:/Xilinx/Vivado/2018.3/common/technology/autopilot/hls/hls_video_mem.h:835->G:/Xilinx/Vivado/2018.3/common/technology/autopilot/hls/hls_video_mem.h:843->G:/Xilinx/Vivado/2018.3/common/technology/autopilot/hls/hls_video_imgproc.h:460->G:/Xilinx/Vivado/2018.3/common/technology/autopilot/hls/hls_video_imgproc.h:1184->G:/Xilinx/Vivado/2018.3/common/technology/autopilot/hls/hls_video_imgproc.h:1258]   --->   Operation 69 'getelementptr' 'k_buf_0_val_4_addr' <Predicate = (!exitcond460_i_i)> <Delay = 0.00>
ST_3 : Operation 70 [2/2] (2.77ns)   --->   "%k_buf_0_val_4_load = load i8* %k_buf_0_val_4_addr, align 1" [G:/Xilinx/Vivado/2018.3/common/technology/autopilot/hls/hls_video_imgproc.h:460->G:/Xilinx/Vivado/2018.3/common/technology/autopilot/hls/hls_video_imgproc.h:1184->G:/Xilinx/Vivado/2018.3/common/technology/autopilot/hls/hls_video_imgproc.h:1258]   --->   Operation 70 'load' 'k_buf_0_val_4_load' <Predicate = (!exitcond460_i_i)> <Delay = 2.77> <Core = "RAM">   --->   Core 37 'RAM' <Latency = 1> <II = 1> <Delay = 2.77> <Storage> <Opcode : 'load' 'store'> <Ports = 2> <Width = 8> <Depth = 1024> <RAM>
ST_3 : Operation 71 [1/1] (0.00ns)   --->   "%k_buf_0_val_5_addr = getelementptr [1024 x i8]* %k_buf_0_val_5, i64 0, i64 %tmp_41" [G:/Xilinx/Vivado/2018.3/common/technology/autopilot/hls/hls_video_mem.h:835->G:/Xilinx/Vivado/2018.3/common/technology/autopilot/hls/hls_video_mem.h:843->G:/Xilinx/Vivado/2018.3/common/technology/autopilot/hls/hls_video_imgproc.h:460->G:/Xilinx/Vivado/2018.3/common/technology/autopilot/hls/hls_video_imgproc.h:1184->G:/Xilinx/Vivado/2018.3/common/technology/autopilot/hls/hls_video_imgproc.h:1258]   --->   Operation 71 'getelementptr' 'k_buf_0_val_5_addr' <Predicate = (!exitcond460_i_i)> <Delay = 0.00>
ST_3 : Operation 72 [2/2] (2.77ns)   --->   "%k_buf_0_val_5_load = load i8* %k_buf_0_val_5_addr, align 1" [G:/Xilinx/Vivado/2018.3/common/technology/autopilot/hls/hls_video_imgproc.h:460->G:/Xilinx/Vivado/2018.3/common/technology/autopilot/hls/hls_video_imgproc.h:1184->G:/Xilinx/Vivado/2018.3/common/technology/autopilot/hls/hls_video_imgproc.h:1258]   --->   Operation 72 'load' 'k_buf_0_val_5_load' <Predicate = (!exitcond460_i_i)> <Delay = 2.77> <Core = "RAM">   --->   Core 37 'RAM' <Latency = 1> <II = 1> <Delay = 2.77> <Storage> <Opcode : 'load' 'store'> <Ports = 2> <Width = 8> <Depth = 1024> <RAM>
ST_3 : Operation 73 [1/1] (0.00ns)   --->   "br i1 %or_cond_i_i_i, label %3, label %._crit_edge478.i.i_ifconv" [G:/Xilinx/Vivado/2018.3/common/technology/autopilot/hls/hls_video_imgproc.h:465->G:/Xilinx/Vivado/2018.3/common/technology/autopilot/hls/hls_video_imgproc.h:1184->G:/Xilinx/Vivado/2018.3/common/technology/autopilot/hls/hls_video_imgproc.h:1258]   --->   Operation 73 'br' <Predicate = (!exitcond460_i_i)> <Delay = 0.00>
ST_3 : Operation 74 [1/1] (0.00ns)   --->   "br i1 %icmp, label %4, label %borderInterpolate.exit494.i.i.0" [G:/Xilinx/Vivado/2018.3/common/technology/autopilot/hls/hls_video_imgproc.h:466->G:/Xilinx/Vivado/2018.3/common/technology/autopilot/hls/hls_video_imgproc.h:1184->G:/Xilinx/Vivado/2018.3/common/technology/autopilot/hls/hls_video_imgproc.h:1258]   --->   Operation 74 'br' <Predicate = (!exitcond460_i_i & or_cond_i_i_i)> <Delay = 0.00>
ST_3 : Operation 75 [1/1] (0.00ns)   --->   "br i1 %tmp_39, label %"operator().exit536.i.i.0", label %._crit_edge480.i.i.1" [G:/Xilinx/Vivado/2018.3/common/technology/autopilot/hls/hls_video_imgproc.h:471->G:/Xilinx/Vivado/2018.3/common/technology/autopilot/hls/hls_video_imgproc.h:1184->G:/Xilinx/Vivado/2018.3/common/technology/autopilot/hls/hls_video_imgproc.h:1258]   --->   Operation 75 'br' <Predicate = (!exitcond460_i_i & or_cond_i_i_i & !icmp)> <Delay = 0.00>
ST_3 : Operation 76 [1/1] (0.00ns)   --->   "br i1 %tmp_176_2, label %"operator().exit536.i.i.2", label %._crit_edge480.i.i.2" [G:/Xilinx/Vivado/2018.3/common/technology/autopilot/hls/hls_video_imgproc.h:471->G:/Xilinx/Vivado/2018.3/common/technology/autopilot/hls/hls_video_imgproc.h:1184->G:/Xilinx/Vivado/2018.3/common/technology/autopilot/hls/hls_video_imgproc.h:1258]   --->   Operation 76 'br' <Predicate = (!exitcond460_i_i & or_cond_i_i_i & !icmp)> <Delay = 0.00>
ST_3 : Operation 77 [1/1] (0.00ns)   --->   "br label %._crit_edge478.i.i_ifconv"   --->   Operation 77 'br' <Predicate = (!exitcond460_i_i & or_cond_i_i_i & !icmp)> <Delay = 0.00>
ST_3 : Operation 78 [1/1] (0.00ns)   --->   "br i1 %tmp_s, label %.preheader462.i.i.preheader.0, label %._crit_edge478.i.i_ifconv" [G:/Xilinx/Vivado/2018.3/common/technology/autopilot/hls/hls_video_imgproc.h:475->G:/Xilinx/Vivado/2018.3/common/technology/autopilot/hls/hls_video_imgproc.h:1184->G:/Xilinx/Vivado/2018.3/common/technology/autopilot/hls/hls_video_imgproc.h:1258]   --->   Operation 78 'br' <Predicate = (!exitcond460_i_i & or_cond_i_i_i & icmp)> <Delay = 0.00>
ST_3 : Operation 79 [1/1] (0.80ns)   --->   "%or_cond_i_i = and i1 %icmp, %icmp2" [G:/Xilinx/Vivado/2018.3/common/technology/autopilot/hls/hls_video_imgproc.h:512->G:/Xilinx/Vivado/2018.3/common/technology/autopilot/hls/hls_video_imgproc.h:1184->G:/Xilinx/Vivado/2018.3/common/technology/autopilot/hls/hls_video_imgproc.h:1258]   --->   Operation 79 'and' 'or_cond_i_i' <Predicate = (!exitcond460_i_i)> <Delay = 0.80> <Core = "LogicGate">   --->   Core 27 'LogicGate' <Latency = 0> <II = 1> <Delay = 0.80> <FuncUnit> <Opcode : 'and' 'or' 'xor'> <InPorts = 2> <OutPorts = 1>
ST_3 : Operation 80 [1/1] (0.00ns)   --->   "br i1 %or_cond_i_i, label %._crit_edge.i542.i.i.0.0, label %._crit_edge485.i.i" [G:/Xilinx/Vivado/2018.3/common/technology/autopilot/hls/hls_video_imgproc.h:512->G:/Xilinx/Vivado/2018.3/common/technology/autopilot/hls/hls_video_imgproc.h:1184->G:/Xilinx/Vivado/2018.3/common/technology/autopilot/hls/hls_video_imgproc.h:1258]   --->   Operation 80 'br' <Predicate = (!exitcond460_i_i)> <Delay = 0.00>

State 4 <SV = 3> <Delay = 7.70>
ST_4 : Operation 81 [1/1] (0.00ns)   --->   "%src_kernel_win_0_va_7 = load i8* %src_kernel_win_0_va_6" [G:/Xilinx/Vivado/2018.3/common/technology/autopilot/hls/hls_video_imgproc.h:458->G:/Xilinx/Vivado/2018.3/common/technology/autopilot/hls/hls_video_imgproc.h:1184->G:/Xilinx/Vivado/2018.3/common/technology/autopilot/hls/hls_video_imgproc.h:1258]   --->   Operation 81 'load' 'src_kernel_win_0_va_7' <Predicate = (!brmerge)> <Delay = 0.00>
ST_4 : Operation 82 [1/1] (0.00ns)   --->   "%right_border_buf_0_2 = load i8* %right_border_buf_0_s" [G:/Xilinx/Vivado/2018.3/common/technology/autopilot/hls/hls_video_imgproc.h:458->G:/Xilinx/Vivado/2018.3/common/technology/autopilot/hls/hls_video_imgproc.h:1184->G:/Xilinx/Vivado/2018.3/common/technology/autopilot/hls/hls_video_imgproc.h:1258]   --->   Operation 82 'load' 'right_border_buf_0_2' <Predicate = (!brmerge)> <Delay = 0.00>
ST_4 : Operation 83 [1/1] (0.00ns)   --->   "%right_border_buf_0_3 = load i8* %right_border_buf_0_1" [G:/Xilinx/Vivado/2018.3/common/technology/autopilot/hls/hls_video_imgproc.h:458->G:/Xilinx/Vivado/2018.3/common/technology/autopilot/hls/hls_video_imgproc.h:1184->G:/Xilinx/Vivado/2018.3/common/technology/autopilot/hls/hls_video_imgproc.h:1258]   --->   Operation 83 'load' 'right_border_buf_0_3' <Predicate = (!brmerge)> <Delay = 0.00>
ST_4 : Operation 84 [1/2] (2.77ns)   --->   "%k_buf_0_val_3_load = load i8* %k_buf_0_val_3_addr, align 1" [G:/Xilinx/Vivado/2018.3/common/technology/autopilot/hls/hls_video_imgproc.h:460->G:/Xilinx/Vivado/2018.3/common/technology/autopilot/hls/hls_video_imgproc.h:1184->G:/Xilinx/Vivado/2018.3/common/technology/autopilot/hls/hls_video_imgproc.h:1258]   --->   Operation 84 'load' 'k_buf_0_val_3_load' <Predicate = true> <Delay = 2.77> <Core = "RAM">   --->   Core 37 'RAM' <Latency = 1> <II = 1> <Delay = 2.77> <Storage> <Opcode : 'load' 'store'> <Ports = 2> <Width = 8> <Depth = 1024> <RAM>
ST_4 : Operation 85 [1/1] (0.80ns)   --->   "%col_assign_1_t = xor i2 %tmp_64, -1" [G:/Xilinx/Vivado/2018.3/common/technology/autopilot/hls/hls_video_mem.h:493->G:/Xilinx/Vivado/2018.3/common/technology/autopilot/hls/hls_video_mem.h:501->G:/Xilinx/Vivado/2018.3/common/technology/autopilot/hls/hls_video_imgproc.h:458->G:/Xilinx/Vivado/2018.3/common/technology/autopilot/hls/hls_video_imgproc.h:1184->G:/Xilinx/Vivado/2018.3/common/technology/autopilot/hls/hls_video_imgproc.h:1258]   --->   Operation 85 'xor' 'col_assign_1_t' <Predicate = true> <Delay = 0.80> <Core = "LogicGate">   --->   Core 27 'LogicGate' <Latency = 0> <II = 1> <Delay = 0.80> <FuncUnit> <Opcode : 'and' 'or' 'xor'> <InPorts = 2> <OutPorts = 1>
ST_4 : Operation 86 [1/1] (0.00ns) (grouped into LUT with out node col_buf_0_val_0_0)   --->   "%tmp_49 = call i8 @_ssdm_op_Mux.ap_auto.3i8.i2(i8 %src_kernel_win_0_va_7, i8 undef, i8 undef, i2 %col_assign_1_t)" [G:/Xilinx/Vivado/2018.3/common/technology/autopilot/hls/hls_video_imgproc.h:458->G:/Xilinx/Vivado/2018.3/common/technology/autopilot/hls/hls_video_imgproc.h:1184->G:/Xilinx/Vivado/2018.3/common/technology/autopilot/hls/hls_video_imgproc.h:1258]   --->   Operation 86 'mux' 'tmp_49' <Predicate = (!brmerge)> <Delay = 0.00> <Core = "MuxnS">   --->   Core 31 'MuxnS' <Latency = 0> <II = 1> <Delay = 1.35> <FuncUnit> <Opcode : 'mux'> <InPorts = 2> <OutPorts = 1>
ST_4 : Operation 87 [1/1] (1.35ns) (out node of the LUT)   --->   "%col_buf_0_val_0_0 = select i1 %brmerge, i8 %k_buf_0_val_3_load, i8 %tmp_49" [G:/Xilinx/Vivado/2018.3/common/technology/autopilot/hls/hls_video_imgproc.h:458->G:/Xilinx/Vivado/2018.3/common/technology/autopilot/hls/hls_video_imgproc.h:1184->G:/Xilinx/Vivado/2018.3/common/technology/autopilot/hls/hls_video_imgproc.h:1258]   --->   Operation 87 'select' 'col_buf_0_val_0_0' <Predicate = true> <Delay = 1.35> <Core = "Sel">   --->   Core 26 'Sel' <Latency = 0> <II = 1> <Delay = 0.44> <FuncUnit> <Opcode : 'select'> <InPorts = 3> <OutPorts = 1>
ST_4 : Operation 88 [1/2] (2.77ns)   --->   "%k_buf_0_val_4_load = load i8* %k_buf_0_val_4_addr, align 1" [G:/Xilinx/Vivado/2018.3/common/technology/autopilot/hls/hls_video_imgproc.h:460->G:/Xilinx/Vivado/2018.3/common/technology/autopilot/hls/hls_video_imgproc.h:1184->G:/Xilinx/Vivado/2018.3/common/technology/autopilot/hls/hls_video_imgproc.h:1258]   --->   Operation 88 'load' 'k_buf_0_val_4_load' <Predicate = true> <Delay = 2.77> <Core = "RAM">   --->   Core 37 'RAM' <Latency = 1> <II = 1> <Delay = 2.77> <Storage> <Opcode : 'load' 'store'> <Ports = 2> <Width = 8> <Depth = 1024> <RAM>
ST_4 : Operation 89 [1/1] (0.00ns) (grouped into LUT with out node col_buf_0_val_1_0)   --->   "%tmp_50 = call i8 @_ssdm_op_Mux.ap_auto.3i8.i2(i8 %right_border_buf_0_3, i8 undef, i8 undef, i2 %col_assign_1_t)" [G:/Xilinx/Vivado/2018.3/common/technology/autopilot/hls/hls_video_imgproc.h:458->G:/Xilinx/Vivado/2018.3/common/technology/autopilot/hls/hls_video_imgproc.h:1184->G:/Xilinx/Vivado/2018.3/common/technology/autopilot/hls/hls_video_imgproc.h:1258]   --->   Operation 89 'mux' 'tmp_50' <Predicate = (!brmerge)> <Delay = 0.00> <Core = "MuxnS">   --->   Core 31 'MuxnS' <Latency = 0> <II = 1> <Delay = 1.35> <FuncUnit> <Opcode : 'mux'> <InPorts = 2> <OutPorts = 1>
ST_4 : Operation 90 [1/1] (1.35ns) (out node of the LUT)   --->   "%col_buf_0_val_1_0 = select i1 %brmerge, i8 %k_buf_0_val_4_load, i8 %tmp_50" [G:/Xilinx/Vivado/2018.3/common/technology/autopilot/hls/hls_video_imgproc.h:458->G:/Xilinx/Vivado/2018.3/common/technology/autopilot/hls/hls_video_imgproc.h:1184->G:/Xilinx/Vivado/2018.3/common/technology/autopilot/hls/hls_video_imgproc.h:1258]   --->   Operation 90 'select' 'col_buf_0_val_1_0' <Predicate = true> <Delay = 1.35> <Core = "Sel">   --->   Core 26 'Sel' <Latency = 0> <II = 1> <Delay = 0.44> <FuncUnit> <Opcode : 'select'> <InPorts = 3> <OutPorts = 1>
ST_4 : Operation 91 [1/2] (2.77ns)   --->   "%k_buf_0_val_5_load = load i8* %k_buf_0_val_5_addr, align 1" [G:/Xilinx/Vivado/2018.3/common/technology/autopilot/hls/hls_video_imgproc.h:460->G:/Xilinx/Vivado/2018.3/common/technology/autopilot/hls/hls_video_imgproc.h:1184->G:/Xilinx/Vivado/2018.3/common/technology/autopilot/hls/hls_video_imgproc.h:1258]   --->   Operation 91 'load' 'k_buf_0_val_5_load' <Predicate = true> <Delay = 2.77> <Core = "RAM">   --->   Core 37 'RAM' <Latency = 1> <II = 1> <Delay = 2.77> <Storage> <Opcode : 'load' 'store'> <Ports = 2> <Width = 8> <Depth = 1024> <RAM>
ST_4 : Operation 92 [1/1] (0.00ns) (grouped into LUT with out node col_buf_0_val_2_0)   --->   "%tmp_51 = call i8 @_ssdm_op_Mux.ap_auto.3i8.i2(i8 %right_border_buf_0_2, i8 undef, i8 undef, i2 %col_assign_1_t)" [G:/Xilinx/Vivado/2018.3/common/technology/autopilot/hls/hls_video_imgproc.h:458->G:/Xilinx/Vivado/2018.3/common/technology/autopilot/hls/hls_video_imgproc.h:1184->G:/Xilinx/Vivado/2018.3/common/technology/autopilot/hls/hls_video_imgproc.h:1258]   --->   Operation 92 'mux' 'tmp_51' <Predicate = (!brmerge)> <Delay = 0.00> <Core = "MuxnS">   --->   Core 31 'MuxnS' <Latency = 0> <II = 1> <Delay = 1.35> <FuncUnit> <Opcode : 'mux'> <InPorts = 2> <OutPorts = 1>
ST_4 : Operation 93 [1/1] (1.35ns) (out node of the LUT)   --->   "%col_buf_0_val_2_0 = select i1 %brmerge, i8 %k_buf_0_val_5_load, i8 %tmp_51" [G:/Xilinx/Vivado/2018.3/common/technology/autopilot/hls/hls_video_imgproc.h:458->G:/Xilinx/Vivado/2018.3/common/technology/autopilot/hls/hls_video_imgproc.h:1184->G:/Xilinx/Vivado/2018.3/common/technology/autopilot/hls/hls_video_imgproc.h:1258]   --->   Operation 93 'select' 'col_buf_0_val_2_0' <Predicate = true> <Delay = 1.35> <Core = "Sel">   --->   Core 26 'Sel' <Latency = 0> <II = 1> <Delay = 0.44> <FuncUnit> <Opcode : 'select'> <InPorts = 3> <OutPorts = 1>
ST_4 : Operation 94 [1/1] (3.40ns)   --->   "%tmp_67 = call i8 @_ssdm_op_Read.ap_fifo.volatile.i8P(i8* %p_src_data_stream_V)" [G:/Xilinx/Vivado/2018.3/common/technology/autopilot/hls/hls_video_imgproc.h:468->G:/Xilinx/Vivado/2018.3/common/technology/autopilot/hls/hls_video_imgproc.h:1184->G:/Xilinx/Vivado/2018.3/common/technology/autopilot/hls/hls_video_imgproc.h:1258]   --->   Operation 94 'read' 'tmp_67' <Predicate = (or_cond_i_i_i & !icmp)> <Delay = 3.40> <Core = "FIFO">   --->   Core 32 'FIFO' <Latency = 0> <II = 1> <Delay = 3.40> <Storage> <Opcode : 'read' 'write' 'nbread' 'nbwrite'> <Ports = 0> <Width = 8> <Depth = 2> <FIFO>
ST_4 : Operation 95 [1/1] (2.77ns)   --->   "store i8 %tmp_67, i8* %k_buf_0_val_5_addr, align 1" [G:/Xilinx/Vivado/2018.3/common/technology/autopilot/hls/hls_video_imgproc.h:472->G:/Xilinx/Vivado/2018.3/common/technology/autopilot/hls/hls_video_imgproc.h:1184->G:/Xilinx/Vivado/2018.3/common/technology/autopilot/hls/hls_video_imgproc.h:1258]   --->   Operation 95 'store' <Predicate = (or_cond_i_i_i & !icmp & tmp_39)> <Delay = 2.77> <Core = "RAM">   --->   Core 37 'RAM' <Latency = 1> <II = 1> <Delay = 2.77> <Storage> <Opcode : 'load' 'store'> <Ports = 2> <Width = 8> <Depth = 1024> <RAM>
ST_4 : Operation 96 [1/1] (2.77ns)   --->   "store i8 %tmp_67, i8* %k_buf_0_val_4_addr, align 1" [G:/Xilinx/Vivado/2018.3/common/technology/autopilot/hls/hls_video_imgproc.h:472->G:/Xilinx/Vivado/2018.3/common/technology/autopilot/hls/hls_video_imgproc.h:1184->G:/Xilinx/Vivado/2018.3/common/technology/autopilot/hls/hls_video_imgproc.h:1258]   --->   Operation 96 'store' <Predicate = (or_cond_i_i_i & !icmp & tmp_39)> <Delay = 2.77> <Core = "RAM">   --->   Core 37 'RAM' <Latency = 1> <II = 1> <Delay = 2.77> <Storage> <Opcode : 'load' 'store'> <Ports = 2> <Width = 8> <Depth = 1024> <RAM>
ST_4 : Operation 97 [1/1] (0.00ns)   --->   "br label %._crit_edge480.i.i.1" [G:/Xilinx/Vivado/2018.3/common/technology/autopilot/hls/hls_video_imgproc.h:473->G:/Xilinx/Vivado/2018.3/common/technology/autopilot/hls/hls_video_imgproc.h:1184->G:/Xilinx/Vivado/2018.3/common/technology/autopilot/hls/hls_video_imgproc.h:1258]   --->   Operation 97 'br' <Predicate = (or_cond_i_i_i & !icmp & tmp_39)> <Delay = 0.00>
ST_4 : Operation 98 [1/1] (2.77ns)   --->   "store i8 %tmp_67, i8* %k_buf_0_val_3_addr, align 1" [G:/Xilinx/Vivado/2018.3/common/technology/autopilot/hls/hls_video_imgproc.h:472->G:/Xilinx/Vivado/2018.3/common/technology/autopilot/hls/hls_video_imgproc.h:1184->G:/Xilinx/Vivado/2018.3/common/technology/autopilot/hls/hls_video_imgproc.h:1258]   --->   Operation 98 'store' <Predicate = (or_cond_i_i_i & !icmp & tmp_176_2)> <Delay = 2.77> <Core = "RAM">   --->   Core 37 'RAM' <Latency = 1> <II = 1> <Delay = 2.77> <Storage> <Opcode : 'load' 'store'> <Ports = 2> <Width = 8> <Depth = 1024> <RAM>
ST_4 : Operation 99 [1/1] (0.00ns)   --->   "br label %._crit_edge480.i.i.2" [G:/Xilinx/Vivado/2018.3/common/technology/autopilot/hls/hls_video_imgproc.h:473->G:/Xilinx/Vivado/2018.3/common/technology/autopilot/hls/hls_video_imgproc.h:1184->G:/Xilinx/Vivado/2018.3/common/technology/autopilot/hls/hls_video_imgproc.h:1258]   --->   Operation 99 'br' <Predicate = (or_cond_i_i_i & !icmp & tmp_176_2)> <Delay = 0.00>
ST_4 : Operation 100 [1/1] (2.77ns)   --->   "store i8 %k_buf_0_val_4_load, i8* %k_buf_0_val_5_addr, align 1" [G:/Xilinx/Vivado/2018.3/common/technology/autopilot/hls/hls_video_imgproc.h:489->G:/Xilinx/Vivado/2018.3/common/technology/autopilot/hls/hls_video_imgproc.h:1184->G:/Xilinx/Vivado/2018.3/common/technology/autopilot/hls/hls_video_imgproc.h:1258]   --->   Operation 100 'store' <Predicate = (or_cond_i_i_i & icmp & tmp_s)> <Delay = 2.77> <Core = "RAM">   --->   Core 37 'RAM' <Latency = 1> <II = 1> <Delay = 2.77> <Storage> <Opcode : 'load' 'store'> <Ports = 2> <Width = 8> <Depth = 1024> <RAM>
ST_4 : Operation 101 [1/1] (2.77ns)   --->   "store i8 %k_buf_0_val_3_load, i8* %k_buf_0_val_4_addr, align 1" [G:/Xilinx/Vivado/2018.3/common/technology/autopilot/hls/hls_video_imgproc.h:489->G:/Xilinx/Vivado/2018.3/common/technology/autopilot/hls/hls_video_imgproc.h:1184->G:/Xilinx/Vivado/2018.3/common/technology/autopilot/hls/hls_video_imgproc.h:1258]   --->   Operation 101 'store' <Predicate = (or_cond_i_i_i & icmp & tmp_s)> <Delay = 2.77> <Core = "RAM">   --->   Core 37 'RAM' <Latency = 1> <II = 1> <Delay = 2.77> <Storage> <Opcode : 'load' 'store'> <Ports = 2> <Width = 8> <Depth = 1024> <RAM>
ST_4 : Operation 102 [1/1] (3.40ns)   --->   "%tmp_66 = call i8 @_ssdm_op_Read.ap_fifo.volatile.i8P(i8* %p_src_data_stream_V)" [G:/Xilinx/Vivado/2018.3/common/technology/autopilot/hls/hls_video_imgproc.h:493->G:/Xilinx/Vivado/2018.3/common/technology/autopilot/hls/hls_video_imgproc.h:1184->G:/Xilinx/Vivado/2018.3/common/technology/autopilot/hls/hls_video_imgproc.h:1258]   --->   Operation 102 'read' 'tmp_66' <Predicate = (or_cond_i_i_i & icmp & tmp_s)> <Delay = 3.40> <Core = "FIFO">   --->   Core 32 'FIFO' <Latency = 0> <II = 1> <Delay = 3.40> <Storage> <Opcode : 'read' 'write' 'nbread' 'nbwrite'> <Ports = 0> <Width = 8> <Depth = 2> <FIFO>
ST_4 : Operation 103 [1/1] (2.77ns)   --->   "store i8 %tmp_66, i8* %k_buf_0_val_3_addr, align 1" [G:/Xilinx/Vivado/2018.3/common/technology/autopilot/hls/hls_video_imgproc.h:493->G:/Xilinx/Vivado/2018.3/common/technology/autopilot/hls/hls_video_imgproc.h:1184->G:/Xilinx/Vivado/2018.3/common/technology/autopilot/hls/hls_video_imgproc.h:1258]   --->   Operation 103 'store' <Predicate = (or_cond_i_i_i & icmp & tmp_s)> <Delay = 2.77> <Core = "RAM">   --->   Core 37 'RAM' <Latency = 1> <II = 1> <Delay = 2.77> <Storage> <Opcode : 'load' 'store'> <Ports = 2> <Width = 8> <Depth = 1024> <RAM>
ST_4 : Operation 104 [1/1] (0.00ns)   --->   "store i8 %col_buf_0_val_1_0, i8* %right_border_buf_0_1" [G:/Xilinx/Vivado/2018.3/common/technology/autopilot/hls/hls_video_imgproc.h:484->G:/Xilinx/Vivado/2018.3/common/technology/autopilot/hls/hls_video_imgproc.h:1184->G:/Xilinx/Vivado/2018.3/common/technology/autopilot/hls/hls_video_imgproc.h:1258]   --->   Operation 104 'store' <Predicate = (or_cond_i_i_i & icmp & tmp_s)> <Delay = 0.00>
ST_4 : Operation 105 [1/1] (0.00ns)   --->   "store i8 %col_buf_0_val_2_0, i8* %right_border_buf_0_s" [G:/Xilinx/Vivado/2018.3/common/technology/autopilot/hls/hls_video_imgproc.h:484->G:/Xilinx/Vivado/2018.3/common/technology/autopilot/hls/hls_video_imgproc.h:1184->G:/Xilinx/Vivado/2018.3/common/technology/autopilot/hls/hls_video_imgproc.h:1258]   --->   Operation 105 'store' <Predicate = (or_cond_i_i_i & icmp & tmp_s)> <Delay = 0.00>
ST_4 : Operation 106 [1/1] (0.00ns)   --->   "store i8 %col_buf_0_val_0_0, i8* %src_kernel_win_0_va_6" [G:/Xilinx/Vivado/2018.3/common/technology/autopilot/hls/hls_video_imgproc.h:484->G:/Xilinx/Vivado/2018.3/common/technology/autopilot/hls/hls_video_imgproc.h:1184->G:/Xilinx/Vivado/2018.3/common/technology/autopilot/hls/hls_video_imgproc.h:1258]   --->   Operation 106 'store' <Predicate = (or_cond_i_i_i & icmp & tmp_s)> <Delay = 0.00>
ST_4 : Operation 107 [1/1] (0.00ns)   --->   "br label %._crit_edge478.i.i_ifconv" [G:/Xilinx/Vivado/2018.3/common/technology/autopilot/hls/hls_video_imgproc.h:495->G:/Xilinx/Vivado/2018.3/common/technology/autopilot/hls/hls_video_imgproc.h:1184->G:/Xilinx/Vivado/2018.3/common/technology/autopilot/hls/hls_video_imgproc.h:1258]   --->   Operation 107 'br' <Predicate = (or_cond_i_i_i & icmp & tmp_s)> <Delay = 0.00>
ST_4 : Operation 108 [1/1] (1.35ns)   --->   "%tmp_52 = call i8 @_ssdm_op_Mux.ap_auto.3i8.i2(i8 %col_buf_0_val_0_0, i8 %col_buf_0_val_1_0, i8 %col_buf_0_val_2_0, i2 %row_assign_7_1_t)" [G:/Xilinx/Vivado/2018.3/common/technology/autopilot/hls/hls_video_imgproc.h:507->G:/Xilinx/Vivado/2018.3/common/technology/autopilot/hls/hls_video_imgproc.h:1184->G:/Xilinx/Vivado/2018.3/common/technology/autopilot/hls/hls_video_imgproc.h:1258]   --->   Operation 108 'mux' 'tmp_52' <Predicate = (tmp_40)> <Delay = 1.35> <Core = "MuxnS">   --->   Core 31 'MuxnS' <Latency = 0> <II = 1> <Delay = 1.35> <FuncUnit> <Opcode : 'mux'> <InPorts = 2> <OutPorts = 1>
ST_4 : Operation 109 [1/1] (0.44ns)   --->   "%src_kernel_win_0_va_8 = select i1 %tmp_40, i8 %tmp_52, i8 %col_buf_0_val_1_0" [G:/Xilinx/Vivado/2018.3/common/technology/autopilot/hls/hls_video_imgproc.h:458->G:/Xilinx/Vivado/2018.3/common/technology/autopilot/hls/hls_video_imgproc.h:1184->G:/Xilinx/Vivado/2018.3/common/technology/autopilot/hls/hls_video_imgproc.h:1258]   --->   Operation 109 'select' 'src_kernel_win_0_va_8' <Predicate = true> <Delay = 0.44> <Core = "Sel">   --->   Core 26 'Sel' <Latency = 0> <II = 1> <Delay = 0.44> <FuncUnit> <Opcode : 'select'> <InPorts = 3> <OutPorts = 1>
ST_4 : Operation 110 [1/1] (1.35ns)   --->   "%tmp_57 = call i8 @_ssdm_op_Mux.ap_auto.3i8.i2(i8 %col_buf_0_val_0_0, i8 %col_buf_0_val_1_0, i8 %col_buf_0_val_2_0, i2 %row_assign_7_2_t)" [G:/Xilinx/Vivado/2018.3/common/technology/autopilot/hls/hls_video_imgproc.h:507->G:/Xilinx/Vivado/2018.3/common/technology/autopilot/hls/hls_video_imgproc.h:1184->G:/Xilinx/Vivado/2018.3/common/technology/autopilot/hls/hls_video_imgproc.h:1258]   --->   Operation 110 'mux' 'tmp_57' <Predicate = (tmp_40)> <Delay = 1.35> <Core = "MuxnS">   --->   Core 31 'MuxnS' <Latency = 0> <II = 1> <Delay = 1.35> <FuncUnit> <Opcode : 'mux'> <InPorts = 2> <OutPorts = 1>
ST_4 : Operation 111 [1/1] (0.44ns)   --->   "%src_kernel_win_0_va_9 = select i1 %tmp_40, i8 %tmp_57, i8 %col_buf_0_val_2_0" [G:/Xilinx/Vivado/2018.3/common/technology/autopilot/hls/hls_video_imgproc.h:458->G:/Xilinx/Vivado/2018.3/common/technology/autopilot/hls/hls_video_imgproc.h:1184->G:/Xilinx/Vivado/2018.3/common/technology/autopilot/hls/hls_video_imgproc.h:1258]   --->   Operation 111 'select' 'src_kernel_win_0_va_9' <Predicate = true> <Delay = 0.44> <Core = "Sel">   --->   Core 26 'Sel' <Latency = 0> <II = 1> <Delay = 0.44> <FuncUnit> <Opcode : 'select'> <InPorts = 3> <OutPorts = 1>
ST_4 : Operation 112 [1/1] (0.00ns)   --->   "%src_kernel_win_0_va_14 = load i8* %src_kernel_win_0_va_4" [G:/Xilinx/Vivado/2018.3/common/technology/autopilot/hls/hls_video_imgproc.h:188->G:/Xilinx/Vivado/2018.3/common/technology/autopilot/hls/hls_video_imgproc.h:514->G:/Xilinx/Vivado/2018.3/common/technology/autopilot/hls/hls_video_imgproc.h:1184->G:/Xilinx/Vivado/2018.3/common/technology/autopilot/hls/hls_video_imgproc.h:1258]   --->   Operation 112 'load' 'src_kernel_win_0_va_14' <Predicate = (or_cond_i_i)> <Delay = 0.00>
ST_4 : Operation 113 [1/1] (0.00ns)   --->   "%src_kernel_win_0_va_15 = load i8* %src_kernel_win_0_va_5" [G:/Xilinx/Vivado/2018.3/common/technology/autopilot/hls/hls_video_imgproc.h:188->G:/Xilinx/Vivado/2018.3/common/technology/autopilot/hls/hls_video_imgproc.h:514->G:/Xilinx/Vivado/2018.3/common/technology/autopilot/hls/hls_video_imgproc.h:1184->G:/Xilinx/Vivado/2018.3/common/technology/autopilot/hls/hls_video_imgproc.h:1258]   --->   Operation 113 'load' 'src_kernel_win_0_va_15' <Predicate = (or_cond_i_i)> <Delay = 0.00>
ST_4 : Operation 114 [1/1] (1.31ns)   --->   "%tmp_222_0_1 = icmp ugt i8 %src_kernel_win_0_va_14, %src_kernel_win_0_va_15" [G:/Xilinx/Vivado/2018.3/common/technology/autopilot/hls/hls_video_imgproc.h:188->G:/Xilinx/Vivado/2018.3/common/technology/autopilot/hls/hls_video_imgproc.h:514->G:/Xilinx/Vivado/2018.3/common/technology/autopilot/hls/hls_video_imgproc.h:1184->G:/Xilinx/Vivado/2018.3/common/technology/autopilot/hls/hls_video_imgproc.h:1258]   --->   Operation 114 'icmp' 'tmp_222_0_1' <Predicate = (or_cond_i_i)> <Delay = 1.31> <Core = "Cmp">   --->   Core 25 'Cmp' <Latency = 0> <II = 1> <Delay = 1.94> <FuncUnit> <Opcode : 'icmp'> <InPorts = 2> <OutPorts = 1>
ST_4 : Operation 115 [1/1] (0.44ns)   --->   "%temp_0_i_i_i_0210_i = select i1 %tmp_222_0_1, i8 %src_kernel_win_0_va_14, i8 %src_kernel_win_0_va_15" [G:/Xilinx/Vivado/2018.3/common/technology/autopilot/hls/hls_video_imgproc.h:188->G:/Xilinx/Vivado/2018.3/common/technology/autopilot/hls/hls_video_imgproc.h:514->G:/Xilinx/Vivado/2018.3/common/technology/autopilot/hls/hls_video_imgproc.h:1184->G:/Xilinx/Vivado/2018.3/common/technology/autopilot/hls/hls_video_imgproc.h:1258]   --->   Operation 115 'select' 'temp_0_i_i_i_0210_i' <Predicate = (or_cond_i_i)> <Delay = 0.44> <Core = "Sel">   --->   Core 26 'Sel' <Latency = 0> <II = 1> <Delay = 0.44> <FuncUnit> <Opcode : 'select'> <InPorts = 3> <OutPorts = 1>
ST_4 : Operation 116 [1/1] (1.31ns)   --->   "%tmp_222_0_2 = icmp ugt i8 %src_kernel_win_0_va_9, %temp_0_i_i_i_0210_i" [G:/Xilinx/Vivado/2018.3/common/technology/autopilot/hls/hls_video_imgproc.h:188->G:/Xilinx/Vivado/2018.3/common/technology/autopilot/hls/hls_video_imgproc.h:514->G:/Xilinx/Vivado/2018.3/common/technology/autopilot/hls/hls_video_imgproc.h:1184->G:/Xilinx/Vivado/2018.3/common/technology/autopilot/hls/hls_video_imgproc.h:1258]   --->   Operation 116 'icmp' 'tmp_222_0_2' <Predicate = (or_cond_i_i)> <Delay = 1.31> <Core = "Cmp">   --->   Core 25 'Cmp' <Latency = 0> <II = 1> <Delay = 1.94> <FuncUnit> <Opcode : 'icmp'> <InPorts = 2> <OutPorts = 1>
ST_4 : Operation 117 [1/1] (0.44ns)   --->   "%temp_0_i_i_i_0210_i_1 = select i1 %tmp_222_0_2, i8 %src_kernel_win_0_va_9, i8 %temp_0_i_i_i_0210_i" [G:/Xilinx/Vivado/2018.3/common/technology/autopilot/hls/hls_video_imgproc.h:188->G:/Xilinx/Vivado/2018.3/common/technology/autopilot/hls/hls_video_imgproc.h:514->G:/Xilinx/Vivado/2018.3/common/technology/autopilot/hls/hls_video_imgproc.h:1184->G:/Xilinx/Vivado/2018.3/common/technology/autopilot/hls/hls_video_imgproc.h:1258]   --->   Operation 117 'select' 'temp_0_i_i_i_0210_i_1' <Predicate = (or_cond_i_i)> <Delay = 0.44> <Core = "Sel">   --->   Core 26 'Sel' <Latency = 0> <II = 1> <Delay = 0.44> <FuncUnit> <Opcode : 'select'> <InPorts = 3> <OutPorts = 1>
ST_4 : Operation 118 [1/1] (0.00ns)   --->   "%src_kernel_win_0_va_18 = load i8* %src_kernel_win_0_va_4" [G:/Xilinx/Vivado/2018.3/common/technology/autopilot/hls/hls_video_mem.h:165->G:/Xilinx/Vivado/2018.3/common/technology/autopilot/hls/hls_video_mem.h:543->G:/Xilinx/Vivado/2018.3/common/technology/autopilot/hls/hls_video_imgproc.h:499->G:/Xilinx/Vivado/2018.3/common/technology/autopilot/hls/hls_video_imgproc.h:1184->G:/Xilinx/Vivado/2018.3/common/technology/autopilot/hls/hls_video_imgproc.h:1258]   --->   Operation 118 'load' 'src_kernel_win_0_va_18' <Predicate = (!exitcond460_i_i)> <Delay = 0.00>
ST_4 : Operation 119 [1/1] (0.00ns)   --->   "store i8 %src_kernel_win_0_va_18, i8* %src_kernel_win_0_va_5" [G:/Xilinx/Vivado/2018.3/common/technology/autopilot/hls/hls_video_mem.h:165->G:/Xilinx/Vivado/2018.3/common/technology/autopilot/hls/hls_video_mem.h:543->G:/Xilinx/Vivado/2018.3/common/technology/autopilot/hls/hls_video_imgproc.h:499->G:/Xilinx/Vivado/2018.3/common/technology/autopilot/hls/hls_video_imgproc.h:1184->G:/Xilinx/Vivado/2018.3/common/technology/autopilot/hls/hls_video_imgproc.h:1258]   --->   Operation 119 'store' <Predicate = (!exitcond460_i_i)> <Delay = 0.00>
ST_4 : Operation 120 [1/1] (0.00ns)   --->   "store i8 %src_kernel_win_0_va_9, i8* %src_kernel_win_0_va_4" [G:/Xilinx/Vivado/2018.3/common/technology/autopilot/hls/hls_video_imgproc.h:507->G:/Xilinx/Vivado/2018.3/common/technology/autopilot/hls/hls_video_imgproc.h:1184->G:/Xilinx/Vivado/2018.3/common/technology/autopilot/hls/hls_video_imgproc.h:1258]   --->   Operation 120 'store' <Predicate = (!exitcond460_i_i)> <Delay = 0.00>

State 5 <SV = 4> <Delay = 5.28>
ST_5 : Operation 121 [1/1] (0.00ns)   --->   "%src_kernel_win_0_va_12 = load i8* %src_kernel_win_0_va_2" [G:/Xilinx/Vivado/2018.3/common/technology/autopilot/hls/hls_video_imgproc.h:188->G:/Xilinx/Vivado/2018.3/common/technology/autopilot/hls/hls_video_imgproc.h:514->G:/Xilinx/Vivado/2018.3/common/technology/autopilot/hls/hls_video_imgproc.h:1184->G:/Xilinx/Vivado/2018.3/common/technology/autopilot/hls/hls_video_imgproc.h:1258]   --->   Operation 121 'load' 'src_kernel_win_0_va_12' <Predicate = (or_cond_i_i)> <Delay = 0.00>
ST_5 : Operation 122 [1/1] (0.00ns)   --->   "%src_kernel_win_0_va_13 = load i8* %src_kernel_win_0_va_3" [G:/Xilinx/Vivado/2018.3/common/technology/autopilot/hls/hls_video_imgproc.h:188->G:/Xilinx/Vivado/2018.3/common/technology/autopilot/hls/hls_video_imgproc.h:514->G:/Xilinx/Vivado/2018.3/common/technology/autopilot/hls/hls_video_imgproc.h:1184->G:/Xilinx/Vivado/2018.3/common/technology/autopilot/hls/hls_video_imgproc.h:1258]   --->   Operation 122 'load' 'src_kernel_win_0_va_13' <Predicate = (or_cond_i_i)> <Delay = 0.00>
ST_5 : Operation 123 [1/1] (1.31ns)   --->   "%tmp_222_1 = icmp ugt i8 %src_kernel_win_0_va_13, %temp_0_i_i_i_0210_i_1" [G:/Xilinx/Vivado/2018.3/common/technology/autopilot/hls/hls_video_imgproc.h:188->G:/Xilinx/Vivado/2018.3/common/technology/autopilot/hls/hls_video_imgproc.h:514->G:/Xilinx/Vivado/2018.3/common/technology/autopilot/hls/hls_video_imgproc.h:1184->G:/Xilinx/Vivado/2018.3/common/technology/autopilot/hls/hls_video_imgproc.h:1258]   --->   Operation 123 'icmp' 'tmp_222_1' <Predicate = (or_cond_i_i)> <Delay = 1.31> <Core = "Cmp">   --->   Core 25 'Cmp' <Latency = 0> <II = 1> <Delay = 1.94> <FuncUnit> <Opcode : 'icmp'> <InPorts = 2> <OutPorts = 1>
ST_5 : Operation 124 [1/1] (0.44ns)   --->   "%temp_0_i_i_i_0210_i_2 = select i1 %tmp_222_1, i8 %src_kernel_win_0_va_13, i8 %temp_0_i_i_i_0210_i_1" [G:/Xilinx/Vivado/2018.3/common/technology/autopilot/hls/hls_video_imgproc.h:188->G:/Xilinx/Vivado/2018.3/common/technology/autopilot/hls/hls_video_imgproc.h:514->G:/Xilinx/Vivado/2018.3/common/technology/autopilot/hls/hls_video_imgproc.h:1184->G:/Xilinx/Vivado/2018.3/common/technology/autopilot/hls/hls_video_imgproc.h:1258]   --->   Operation 124 'select' 'temp_0_i_i_i_0210_i_2' <Predicate = (or_cond_i_i)> <Delay = 0.44> <Core = "Sel">   --->   Core 26 'Sel' <Latency = 0> <II = 1> <Delay = 0.44> <FuncUnit> <Opcode : 'select'> <InPorts = 3> <OutPorts = 1>
ST_5 : Operation 125 [1/1] (1.31ns)   --->   "%tmp_222_1_1 = icmp ugt i8 %src_kernel_win_0_va_12, %temp_0_i_i_i_0210_i_2" [G:/Xilinx/Vivado/2018.3/common/technology/autopilot/hls/hls_video_imgproc.h:188->G:/Xilinx/Vivado/2018.3/common/technology/autopilot/hls/hls_video_imgproc.h:514->G:/Xilinx/Vivado/2018.3/common/technology/autopilot/hls/hls_video_imgproc.h:1184->G:/Xilinx/Vivado/2018.3/common/technology/autopilot/hls/hls_video_imgproc.h:1258]   --->   Operation 125 'icmp' 'tmp_222_1_1' <Predicate = (or_cond_i_i)> <Delay = 1.31> <Core = "Cmp">   --->   Core 25 'Cmp' <Latency = 0> <II = 1> <Delay = 1.94> <FuncUnit> <Opcode : 'icmp'> <InPorts = 2> <OutPorts = 1>
ST_5 : Operation 126 [1/1] (0.44ns)   --->   "%temp_0_i_i_i_0210_i_3 = select i1 %tmp_222_1_1, i8 %src_kernel_win_0_va_12, i8 %temp_0_i_i_i_0210_i_2" [G:/Xilinx/Vivado/2018.3/common/technology/autopilot/hls/hls_video_imgproc.h:188->G:/Xilinx/Vivado/2018.3/common/technology/autopilot/hls/hls_video_imgproc.h:514->G:/Xilinx/Vivado/2018.3/common/technology/autopilot/hls/hls_video_imgproc.h:1184->G:/Xilinx/Vivado/2018.3/common/technology/autopilot/hls/hls_video_imgproc.h:1258]   --->   Operation 126 'select' 'temp_0_i_i_i_0210_i_3' <Predicate = (or_cond_i_i)> <Delay = 0.44> <Core = "Sel">   --->   Core 26 'Sel' <Latency = 0> <II = 1> <Delay = 0.44> <FuncUnit> <Opcode : 'select'> <InPorts = 3> <OutPorts = 1>
ST_5 : Operation 127 [1/1] (1.31ns)   --->   "%tmp_222_1_2 = icmp ugt i8 %src_kernel_win_0_va_8, %temp_0_i_i_i_0210_i_3" [G:/Xilinx/Vivado/2018.3/common/technology/autopilot/hls/hls_video_imgproc.h:188->G:/Xilinx/Vivado/2018.3/common/technology/autopilot/hls/hls_video_imgproc.h:514->G:/Xilinx/Vivado/2018.3/common/technology/autopilot/hls/hls_video_imgproc.h:1184->G:/Xilinx/Vivado/2018.3/common/technology/autopilot/hls/hls_video_imgproc.h:1258]   --->   Operation 127 'icmp' 'tmp_222_1_2' <Predicate = (or_cond_i_i)> <Delay = 1.31> <Core = "Cmp">   --->   Core 25 'Cmp' <Latency = 0> <II = 1> <Delay = 1.94> <FuncUnit> <Opcode : 'icmp'> <InPorts = 2> <OutPorts = 1>
ST_5 : Operation 128 [1/1] (0.44ns)   --->   "%temp_0_i_i_i_0210_i_4 = select i1 %tmp_222_1_2, i8 %src_kernel_win_0_va_8, i8 %temp_0_i_i_i_0210_i_3" [G:/Xilinx/Vivado/2018.3/common/technology/autopilot/hls/hls_video_imgproc.h:188->G:/Xilinx/Vivado/2018.3/common/technology/autopilot/hls/hls_video_imgproc.h:514->G:/Xilinx/Vivado/2018.3/common/technology/autopilot/hls/hls_video_imgproc.h:1184->G:/Xilinx/Vivado/2018.3/common/technology/autopilot/hls/hls_video_imgproc.h:1258]   --->   Operation 128 'select' 'temp_0_i_i_i_0210_i_4' <Predicate = (or_cond_i_i)> <Delay = 0.44> <Core = "Sel">   --->   Core 26 'Sel' <Latency = 0> <II = 1> <Delay = 0.44> <FuncUnit> <Opcode : 'select'> <InPorts = 3> <OutPorts = 1>
ST_5 : Operation 129 [1/1] (0.00ns)   --->   "%src_kernel_win_0_va_17 = load i8* %src_kernel_win_0_va_2" [G:/Xilinx/Vivado/2018.3/common/technology/autopilot/hls/hls_video_mem.h:165->G:/Xilinx/Vivado/2018.3/common/technology/autopilot/hls/hls_video_mem.h:543->G:/Xilinx/Vivado/2018.3/common/technology/autopilot/hls/hls_video_imgproc.h:499->G:/Xilinx/Vivado/2018.3/common/technology/autopilot/hls/hls_video_imgproc.h:1184->G:/Xilinx/Vivado/2018.3/common/technology/autopilot/hls/hls_video_imgproc.h:1258]   --->   Operation 129 'load' 'src_kernel_win_0_va_17' <Predicate = (!exitcond460_i_i)> <Delay = 0.00>
ST_5 : Operation 130 [1/1] (0.00ns)   --->   "store i8 %src_kernel_win_0_va_17, i8* %src_kernel_win_0_va_3" [G:/Xilinx/Vivado/2018.3/common/technology/autopilot/hls/hls_video_mem.h:165->G:/Xilinx/Vivado/2018.3/common/technology/autopilot/hls/hls_video_mem.h:543->G:/Xilinx/Vivado/2018.3/common/technology/autopilot/hls/hls_video_imgproc.h:499->G:/Xilinx/Vivado/2018.3/common/technology/autopilot/hls/hls_video_imgproc.h:1184->G:/Xilinx/Vivado/2018.3/common/technology/autopilot/hls/hls_video_imgproc.h:1258]   --->   Operation 130 'store' <Predicate = (!exitcond460_i_i)> <Delay = 0.00>
ST_5 : Operation 131 [1/1] (0.00ns)   --->   "store i8 %src_kernel_win_0_va_8, i8* %src_kernel_win_0_va_2" [G:/Xilinx/Vivado/2018.3/common/technology/autopilot/hls/hls_video_imgproc.h:507->G:/Xilinx/Vivado/2018.3/common/technology/autopilot/hls/hls_video_imgproc.h:1184->G:/Xilinx/Vivado/2018.3/common/technology/autopilot/hls/hls_video_imgproc.h:1258]   --->   Operation 131 'store' <Predicate = (!exitcond460_i_i)> <Delay = 0.00>

State 6 <SV = 5> <Delay = 8.68>
ST_6 : Operation 132 [1/1] (0.00ns)   --->   "call void (...)* @_ssdm_op_SpecLoopName([11 x i8]* @p_str10) nounwind" [G:/Xilinx/Vivado/2018.3/common/technology/autopilot/hls/hls_video_imgproc.h:444->G:/Xilinx/Vivado/2018.3/common/technology/autopilot/hls/hls_video_imgproc.h:1184->G:/Xilinx/Vivado/2018.3/common/technology/autopilot/hls/hls_video_imgproc.h:1258]   --->   Operation 132 'specloopname' <Predicate = true> <Delay = 0.00>
ST_6 : Operation 133 [1/1] (0.00ns)   --->   "%tmp_38 = call i32 (...)* @_ssdm_op_SpecRegionBegin([11 x i8]* @p_str10)" [G:/Xilinx/Vivado/2018.3/common/technology/autopilot/hls/hls_video_imgproc.h:444->G:/Xilinx/Vivado/2018.3/common/technology/autopilot/hls/hls_video_imgproc.h:1184->G:/Xilinx/Vivado/2018.3/common/technology/autopilot/hls/hls_video_imgproc.h:1258]   --->   Operation 133 'specregionbegin' 'tmp_38' <Predicate = true> <Delay = 0.00>
ST_6 : Operation 134 [1/1] (0.00ns)   --->   "call void (...)* @_ssdm_op_SpecPipeline(i32 -1, i32 1, i32 1, i32 0, [1 x i8]* @p_str2) nounwind" [G:/Xilinx/Vivado/2018.3/common/technology/autopilot/hls/hls_video_imgproc.h:448->G:/Xilinx/Vivado/2018.3/common/technology/autopilot/hls/hls_video_imgproc.h:1184->G:/Xilinx/Vivado/2018.3/common/technology/autopilot/hls/hls_video_imgproc.h:1258]   --->   Operation 134 'specpipeline' <Predicate = true> <Delay = 0.00>
ST_6 : Operation 135 [1/1] (0.00ns)   --->   "call void (...)* @_ssdm_op_SpecLoopName([12 x i8]* @p_str29) nounwind" [G:/Xilinx/Vivado/2018.3/common/technology/autopilot/hls/hls_video_imgproc.h:450->G:/Xilinx/Vivado/2018.3/common/technology/autopilot/hls/hls_video_imgproc.h:1184->G:/Xilinx/Vivado/2018.3/common/technology/autopilot/hls/hls_video_imgproc.h:1258]   --->   Operation 135 'specloopname' <Predicate = true> <Delay = 0.00>
ST_6 : Operation 136 [1/1] (0.00ns)   --->   "%src_kernel_win_0_va_10 = load i8* %src_kernel_win_0_va" [G:/Xilinx/Vivado/2018.3/common/technology/autopilot/hls/hls_video_imgproc.h:188->G:/Xilinx/Vivado/2018.3/common/technology/autopilot/hls/hls_video_imgproc.h:514->G:/Xilinx/Vivado/2018.3/common/technology/autopilot/hls/hls_video_imgproc.h:1184->G:/Xilinx/Vivado/2018.3/common/technology/autopilot/hls/hls_video_imgproc.h:1258]   --->   Operation 136 'load' 'src_kernel_win_0_va_10' <Predicate = (or_cond_i_i)> <Delay = 0.00>
ST_6 : Operation 137 [1/1] (0.00ns)   --->   "%src_kernel_win_0_va_11 = load i8* %src_kernel_win_0_va_1" [G:/Xilinx/Vivado/2018.3/common/technology/autopilot/hls/hls_video_imgproc.h:188->G:/Xilinx/Vivado/2018.3/common/technology/autopilot/hls/hls_video_imgproc.h:514->G:/Xilinx/Vivado/2018.3/common/technology/autopilot/hls/hls_video_imgproc.h:1184->G:/Xilinx/Vivado/2018.3/common/technology/autopilot/hls/hls_video_imgproc.h:1258]   --->   Operation 137 'load' 'src_kernel_win_0_va_11' <Predicate = (or_cond_i_i)> <Delay = 0.00>
ST_6 : Operation 138 [1/1] (1.31ns)   --->   "%tmp_222_2 = icmp ugt i8 %src_kernel_win_0_va_11, %temp_0_i_i_i_0210_i_4" [G:/Xilinx/Vivado/2018.3/common/technology/autopilot/hls/hls_video_imgproc.h:188->G:/Xilinx/Vivado/2018.3/common/technology/autopilot/hls/hls_video_imgproc.h:514->G:/Xilinx/Vivado/2018.3/common/technology/autopilot/hls/hls_video_imgproc.h:1184->G:/Xilinx/Vivado/2018.3/common/technology/autopilot/hls/hls_video_imgproc.h:1258]   --->   Operation 138 'icmp' 'tmp_222_2' <Predicate = (or_cond_i_i)> <Delay = 1.31> <Core = "Cmp">   --->   Core 25 'Cmp' <Latency = 0> <II = 1> <Delay = 1.94> <FuncUnit> <Opcode : 'icmp'> <InPorts = 2> <OutPorts = 1>
ST_6 : Operation 139 [1/1] (0.44ns)   --->   "%temp_0_i_i_i_0210_i_5 = select i1 %tmp_222_2, i8 %src_kernel_win_0_va_11, i8 %temp_0_i_i_i_0210_i_4" [G:/Xilinx/Vivado/2018.3/common/technology/autopilot/hls/hls_video_imgproc.h:188->G:/Xilinx/Vivado/2018.3/common/technology/autopilot/hls/hls_video_imgproc.h:514->G:/Xilinx/Vivado/2018.3/common/technology/autopilot/hls/hls_video_imgproc.h:1184->G:/Xilinx/Vivado/2018.3/common/technology/autopilot/hls/hls_video_imgproc.h:1258]   --->   Operation 139 'select' 'temp_0_i_i_i_0210_i_5' <Predicate = (or_cond_i_i)> <Delay = 0.44> <Core = "Sel">   --->   Core 26 'Sel' <Latency = 0> <II = 1> <Delay = 0.44> <FuncUnit> <Opcode : 'select'> <InPorts = 3> <OutPorts = 1>
ST_6 : Operation 140 [1/1] (1.31ns)   --->   "%tmp_222_2_1 = icmp ugt i8 %src_kernel_win_0_va_10, %temp_0_i_i_i_0210_i_5" [G:/Xilinx/Vivado/2018.3/common/technology/autopilot/hls/hls_video_imgproc.h:188->G:/Xilinx/Vivado/2018.3/common/technology/autopilot/hls/hls_video_imgproc.h:514->G:/Xilinx/Vivado/2018.3/common/technology/autopilot/hls/hls_video_imgproc.h:1184->G:/Xilinx/Vivado/2018.3/common/technology/autopilot/hls/hls_video_imgproc.h:1258]   --->   Operation 140 'icmp' 'tmp_222_2_1' <Predicate = (or_cond_i_i)> <Delay = 1.31> <Core = "Cmp">   --->   Core 25 'Cmp' <Latency = 0> <II = 1> <Delay = 1.94> <FuncUnit> <Opcode : 'icmp'> <InPorts = 2> <OutPorts = 1>
ST_6 : Operation 141 [1/1] (0.44ns)   --->   "%temp_0_i_i_i_0210_i_6 = select i1 %tmp_222_2_1, i8 %src_kernel_win_0_va_10, i8 %temp_0_i_i_i_0210_i_5" [G:/Xilinx/Vivado/2018.3/common/technology/autopilot/hls/hls_video_imgproc.h:188->G:/Xilinx/Vivado/2018.3/common/technology/autopilot/hls/hls_video_imgproc.h:514->G:/Xilinx/Vivado/2018.3/common/technology/autopilot/hls/hls_video_imgproc.h:1184->G:/Xilinx/Vivado/2018.3/common/technology/autopilot/hls/hls_video_imgproc.h:1258]   --->   Operation 141 'select' 'temp_0_i_i_i_0210_i_6' <Predicate = (or_cond_i_i)> <Delay = 0.44> <Core = "Sel">   --->   Core 26 'Sel' <Latency = 0> <II = 1> <Delay = 0.44> <FuncUnit> <Opcode : 'select'> <InPorts = 3> <OutPorts = 1>
ST_6 : Operation 142 [1/1] (1.31ns)   --->   "%tmp_222_2_2 = icmp ugt i8 %col_buf_0_val_0_0, %temp_0_i_i_i_0210_i_6" [G:/Xilinx/Vivado/2018.3/common/technology/autopilot/hls/hls_video_imgproc.h:188->G:/Xilinx/Vivado/2018.3/common/technology/autopilot/hls/hls_video_imgproc.h:514->G:/Xilinx/Vivado/2018.3/common/technology/autopilot/hls/hls_video_imgproc.h:1184->G:/Xilinx/Vivado/2018.3/common/technology/autopilot/hls/hls_video_imgproc.h:1258]   --->   Operation 142 'icmp' 'tmp_222_2_2' <Predicate = (or_cond_i_i)> <Delay = 1.31> <Core = "Cmp">   --->   Core 25 'Cmp' <Latency = 0> <II = 1> <Delay = 1.94> <FuncUnit> <Opcode : 'icmp'> <InPorts = 2> <OutPorts = 1>
ST_6 : Operation 143 [1/1] (0.44ns)   --->   "%tmp_42 = select i1 %tmp_222_2_2, i8 %col_buf_0_val_0_0, i8 %temp_0_i_i_i_0210_i_6" [G:/Xilinx/Vivado/2018.3/common/technology/autopilot/hls/hls_video_imgproc.h:188->G:/Xilinx/Vivado/2018.3/common/technology/autopilot/hls/hls_video_imgproc.h:514->G:/Xilinx/Vivado/2018.3/common/technology/autopilot/hls/hls_video_imgproc.h:1184->G:/Xilinx/Vivado/2018.3/common/technology/autopilot/hls/hls_video_imgproc.h:1258]   --->   Operation 143 'select' 'tmp_42' <Predicate = (or_cond_i_i)> <Delay = 0.44> <Core = "Sel">   --->   Core 26 'Sel' <Latency = 0> <II = 1> <Delay = 0.44> <FuncUnit> <Opcode : 'select'> <InPorts = 3> <OutPorts = 1>
ST_6 : Operation 144 [1/1] (3.40ns)   --->   "call void @_ssdm_op_Write.ap_fifo.volatile.i8P(i8* %p_dst_data_stream_V, i8 %tmp_42)" [G:/Xilinx/Vivado/2018.3/common/technology/autopilot/hls/hls_video_imgproc.h:515->G:/Xilinx/Vivado/2018.3/common/technology/autopilot/hls/hls_video_imgproc.h:1184->G:/Xilinx/Vivado/2018.3/common/technology/autopilot/hls/hls_video_imgproc.h:1258]   --->   Operation 144 'write' <Predicate = (or_cond_i_i)> <Delay = 3.40> <Core = "FIFO">   --->   Core 32 'FIFO' <Latency = 0> <II = 1> <Delay = 3.40> <Storage> <Opcode : 'read' 'write' 'nbread' 'nbwrite'> <Ports = 0> <Width = 8> <Depth = 2> <FIFO>
ST_6 : Operation 145 [1/1] (0.00ns)   --->   "br label %._crit_edge485.i.i" [G:/Xilinx/Vivado/2018.3/common/technology/autopilot/hls/hls_video_imgproc.h:516->G:/Xilinx/Vivado/2018.3/common/technology/autopilot/hls/hls_video_imgproc.h:1184->G:/Xilinx/Vivado/2018.3/common/technology/autopilot/hls/hls_video_imgproc.h:1258]   --->   Operation 145 'br' <Predicate = (or_cond_i_i)> <Delay = 0.00>
ST_6 : Operation 146 [1/1] (0.00ns)   --->   "%src_kernel_win_0_va_16 = load i8* %src_kernel_win_0_va" [G:/Xilinx/Vivado/2018.3/common/technology/autopilot/hls/hls_video_imgproc.h:458->G:/Xilinx/Vivado/2018.3/common/technology/autopilot/hls/hls_video_imgproc.h:1184->G:/Xilinx/Vivado/2018.3/common/technology/autopilot/hls/hls_video_imgproc.h:1258]   --->   Operation 146 'load' 'src_kernel_win_0_va_16' <Predicate = (!exitcond460_i_i)> <Delay = 0.00>
ST_6 : Operation 147 [1/1] (0.00ns)   --->   "%empty = call i32 (...)* @_ssdm_op_SpecRegionEnd([11 x i8]* @p_str10, i32 %tmp_38)" [G:/Xilinx/Vivado/2018.3/common/technology/autopilot/hls/hls_video_imgproc.h:518->G:/Xilinx/Vivado/2018.3/common/technology/autopilot/hls/hls_video_imgproc.h:1184->G:/Xilinx/Vivado/2018.3/common/technology/autopilot/hls/hls_video_imgproc.h:1258]   --->   Operation 147 'specregionend' 'empty' <Predicate = (!exitcond460_i_i)> <Delay = 0.00>
ST_6 : Operation 148 [1/1] (0.00ns)   --->   "store i8 %src_kernel_win_0_va_16, i8* %src_kernel_win_0_va_1" [G:/Xilinx/Vivado/2018.3/common/technology/autopilot/hls/hls_video_imgproc.h:458->G:/Xilinx/Vivado/2018.3/common/technology/autopilot/hls/hls_video_imgproc.h:1184->G:/Xilinx/Vivado/2018.3/common/technology/autopilot/hls/hls_video_imgproc.h:1258]   --->   Operation 148 'store' <Predicate = (!exitcond460_i_i)> <Delay = 0.00>
ST_6 : Operation 149 [1/1] (0.00ns)   --->   "store i8 %col_buf_0_val_0_0, i8* %src_kernel_win_0_va" [G:/Xilinx/Vivado/2018.3/common/technology/autopilot/hls/hls_video_imgproc.h:458->G:/Xilinx/Vivado/2018.3/common/technology/autopilot/hls/hls_video_imgproc.h:1184->G:/Xilinx/Vivado/2018.3/common/technology/autopilot/hls/hls_video_imgproc.h:1258]   --->   Operation 149 'store' <Predicate = (!exitcond460_i_i)> <Delay = 0.00>
ST_6 : Operation 150 [1/1] (0.00ns)   --->   "br label %2" [G:/Xilinx/Vivado/2018.3/common/technology/autopilot/hls/hls_video_imgproc.h:444->G:/Xilinx/Vivado/2018.3/common/technology/autopilot/hls/hls_video_imgproc.h:1184->G:/Xilinx/Vivado/2018.3/common/technology/autopilot/hls/hls_video_imgproc.h:1258]   --->   Operation 150 'br' <Predicate = (!exitcond460_i_i)> <Delay = 0.00>

State 7 <SV = 3> <Delay = 0.00>
ST_7 : Operation 151 [1/1] (0.00ns)   --->   "%empty_68 = call i32 (...)* @_ssdm_op_SpecRegionEnd([12 x i8]* @p_str9, i32 %tmp_37)" [G:/Xilinx/Vivado/2018.3/common/technology/autopilot/hls/hls_video_imgproc.h:519->G:/Xilinx/Vivado/2018.3/common/technology/autopilot/hls/hls_video_imgproc.h:1184->G:/Xilinx/Vivado/2018.3/common/technology/autopilot/hls/hls_video_imgproc.h:1258]   --->   Operation 151 'specregionend' 'empty_68' <Predicate = true> <Delay = 0.00>
ST_7 : Operation 152 [1/1] (0.00ns)   --->   "br label %0" [G:/Xilinx/Vivado/2018.3/common/technology/autopilot/hls/hls_video_imgproc.h:443->G:/Xilinx/Vivado/2018.3/common/technology/autopilot/hls/hls_video_imgproc.h:1184->G:/Xilinx/Vivado/2018.3/common/technology/autopilot/hls/hls_video_imgproc.h:1258]   --->   Operation 152 'br' <Predicate = true> <Delay = 0.00>


============================================================
+ Verbose Summary: Timing violations
============================================================
Target clock period: 10ns, clock uncertainty: 1.25ns.

 <State 1>: 0.466ns
The critical path consists of the following:
	multiplexor before 'phi' operation ('i.V') with incoming values : ('i.V', G:/Xilinx/Vivado/2018.3/common/technology/autopilot/hls/hls_video_imgproc.h:443->G:/Xilinx/Vivado/2018.3/common/technology/autopilot/hls/hls_video_imgproc.h:1184->G:/Xilinx/Vivado/2018.3/common/technology/autopilot/hls/hls_video_imgproc.h:1258) [21]  (0.466 ns)

 <State 2>: 2.74ns
The critical path consists of the following:
	'phi' operation ('i.V') with incoming values : ('i.V', G:/Xilinx/Vivado/2018.3/common/technology/autopilot/hls/hls_video_imgproc.h:443->G:/Xilinx/Vivado/2018.3/common/technology/autopilot/hls/hls_video_imgproc.h:1184->G:/Xilinx/Vivado/2018.3/common/technology/autopilot/hls/hls_video_imgproc.h:1258) [21]  (0 ns)
	'icmp' operation ('tmp_s', G:/Xilinx/Vivado/2018.3/common/technology/autopilot/hls/hls_video_imgproc.h:492->G:/Xilinx/Vivado/2018.3/common/technology/autopilot/hls/hls_video_imgproc.h:1184->G:/Xilinx/Vivado/2018.3/common/technology/autopilot/hls/hls_video_imgproc.h:1258) [29]  (1.94 ns)
	'xor' operation ('tmp_146_not', G:/Xilinx/Vivado/2018.3/common/technology/autopilot/hls/hls_video_imgproc.h:457->G:/Xilinx/Vivado/2018.3/common/technology/autopilot/hls/hls_video_imgproc.h:1184->G:/Xilinx/Vivado/2018.3/common/technology/autopilot/hls/hls_video_imgproc.h:1258) [30]  (0.8 ns)

 <State 3>: 6.56ns
The critical path consists of the following:
	'phi' operation ('j.V') with incoming values : ('j.V', G:/Xilinx/Vivado/2018.3/common/technology/autopilot/hls/hls_video_imgproc.h:444->G:/Xilinx/Vivado/2018.3/common/technology/autopilot/hls/hls_video_imgproc.h:1184->G:/Xilinx/Vivado/2018.3/common/technology/autopilot/hls/hls_video_imgproc.h:1258) [41]  (0 ns)
	'add' operation ('ImagLoc.x', G:/Xilinx/Vivado/2018.3/common/technology/autopilot/hls/hls_video_imgproc.h:451->G:/Xilinx/Vivado/2018.3/common/technology/autopilot/hls/hls_video_imgproc.h:1184->G:/Xilinx/Vivado/2018.3/common/technology/autopilot/hls/hls_video_imgproc.h:1258) [58]  (1.48 ns)
	'icmp' operation ('icmp3', G:/Xilinx/Vivado/2018.3/common/technology/autopilot/hls/hls_video_imgbase.h:118->G:/Xilinx/Vivado/2018.3/common/technology/autopilot/hls/hls_video_imgproc.h:452->G:/Xilinx/Vivado/2018.3/common/technology/autopilot/hls/hls_video_imgproc.h:1184->G:/Xilinx/Vivado/2018.3/common/technology/autopilot/hls/hls_video_imgproc.h:1258) [63]  (0.508 ns)
	'and' operation ('or_cond_i_i_i', G:/Xilinx/Vivado/2018.3/common/technology/autopilot/hls/hls_video_imgbase.h:118->G:/Xilinx/Vivado/2018.3/common/technology/autopilot/hls/hls_video_imgproc.h:452->G:/Xilinx/Vivado/2018.3/common/technology/autopilot/hls/hls_video_imgproc.h:1184->G:/Xilinx/Vivado/2018.3/common/technology/autopilot/hls/hls_video_imgproc.h:1258) [64]  (0.8 ns)
	'select' operation ('col', G:/Xilinx/Vivado/2018.3/common/technology/autopilot/hls/hls_video_imgbase.h:118->G:/Xilinx/Vivado/2018.3/common/technology/autopilot/hls/hls_video_imgproc.h:452->G:/Xilinx/Vivado/2018.3/common/technology/autopilot/hls/hls_video_imgproc.h:1184->G:/Xilinx/Vivado/2018.3/common/technology/autopilot/hls/hls_video_imgproc.h:1258) [68]  (0.996 ns)
	'getelementptr' operation ('k_buf_0_val_3_addr', G:/Xilinx/Vivado/2018.3/common/technology/autopilot/hls/hls_video_mem.h:835->G:/Xilinx/Vivado/2018.3/common/technology/autopilot/hls/hls_video_mem.h:843->G:/Xilinx/Vivado/2018.3/common/technology/autopilot/hls/hls_video_imgproc.h:460->G:/Xilinx/Vivado/2018.3/common/technology/autopilot/hls/hls_video_imgproc.h:1184->G:/Xilinx/Vivado/2018.3/common/technology/autopilot/hls/hls_video_imgproc.h:1258) [72]  (0 ns)
	'load' operation ('k_buf_0_val_3_load', G:/Xilinx/Vivado/2018.3/common/technology/autopilot/hls/hls_video_imgproc.h:460->G:/Xilinx/Vivado/2018.3/common/technology/autopilot/hls/hls_video_imgproc.h:1184->G:/Xilinx/Vivado/2018.3/common/technology/autopilot/hls/hls_video_imgproc.h:1258) on array 'k_buf[0].val[3]', G:/Xilinx/Vivado/2018.3/common/technology/autopilot/hls/hls_video_imgproc.h:400->G:/Xilinx/Vivado/2018.3/common/technology/autopilot/hls/hls_video_imgproc.h:1184->G:/Xilinx/Vivado/2018.3/common/technology/autopilot/hls/hls_video_imgproc.h:1258 [73]  (2.77 ns)

 <State 4>: 7.7ns
The critical path consists of the following:
	'load' operation ('k_buf_0_val_3_load', G:/Xilinx/Vivado/2018.3/common/technology/autopilot/hls/hls_video_imgproc.h:460->G:/Xilinx/Vivado/2018.3/common/technology/autopilot/hls/hls_video_imgproc.h:1184->G:/Xilinx/Vivado/2018.3/common/technology/autopilot/hls/hls_video_imgproc.h:1258) on array 'k_buf[0].val[3]', G:/Xilinx/Vivado/2018.3/common/technology/autopilot/hls/hls_video_imgproc.h:400->G:/Xilinx/Vivado/2018.3/common/technology/autopilot/hls/hls_video_imgproc.h:1184->G:/Xilinx/Vivado/2018.3/common/technology/autopilot/hls/hls_video_imgproc.h:1258 [73]  (2.77 ns)
	'select' operation ('col_buf[0].val[0][0]', G:/Xilinx/Vivado/2018.3/common/technology/autopilot/hls/hls_video_imgproc.h:458->G:/Xilinx/Vivado/2018.3/common/technology/autopilot/hls/hls_video_imgproc.h:1184->G:/Xilinx/Vivado/2018.3/common/technology/autopilot/hls/hls_video_imgproc.h:1258) [76]  (1.36 ns)
	'mux' operation ('tmp_57', G:/Xilinx/Vivado/2018.3/common/technology/autopilot/hls/hls_video_imgproc.h:507->G:/Xilinx/Vivado/2018.3/common/technology/autopilot/hls/hls_video_imgproc.h:1184->G:/Xilinx/Vivado/2018.3/common/technology/autopilot/hls/hls_video_imgproc.h:1258) [116]  (1.36 ns)
	'select' operation ('src_kernel_win[0].val[2][0]', G:/Xilinx/Vivado/2018.3/common/technology/autopilot/hls/hls_video_imgproc.h:458->G:/Xilinx/Vivado/2018.3/common/technology/autopilot/hls/hls_video_imgproc.h:1184->G:/Xilinx/Vivado/2018.3/common/technology/autopilot/hls/hls_video_imgproc.h:1258) [117]  (0.448 ns)
	'icmp' operation ('tmp_222_0_2', G:/Xilinx/Vivado/2018.3/common/technology/autopilot/hls/hls_video_imgproc.h:188->G:/Xilinx/Vivado/2018.3/common/technology/autopilot/hls/hls_video_imgproc.h:514->G:/Xilinx/Vivado/2018.3/common/technology/autopilot/hls/hls_video_imgproc.h:1184->G:/Xilinx/Vivado/2018.3/common/technology/autopilot/hls/hls_video_imgproc.h:1258) [129]  (1.31 ns)
	'select' operation ('temp_0_i_i_i_0210_i_1', G:/Xilinx/Vivado/2018.3/common/technology/autopilot/hls/hls_video_imgproc.h:188->G:/Xilinx/Vivado/2018.3/common/technology/autopilot/hls/hls_video_imgproc.h:514->G:/Xilinx/Vivado/2018.3/common/technology/autopilot/hls/hls_video_imgproc.h:1184->G:/Xilinx/Vivado/2018.3/common/technology/autopilot/hls/hls_video_imgproc.h:1258) [130]  (0.448 ns)

 <State 5>: 5.29ns
The critical path consists of the following:
	'load' operation ('src_kernel_win_0_va_13', G:/Xilinx/Vivado/2018.3/common/technology/autopilot/hls/hls_video_imgproc.h:188->G:/Xilinx/Vivado/2018.3/common/technology/autopilot/hls/hls_video_imgproc.h:514->G:/Xilinx/Vivado/2018.3/common/technology/autopilot/hls/hls_video_imgproc.h:1184->G:/Xilinx/Vivado/2018.3/common/technology/autopilot/hls/hls_video_imgproc.h:1258) on local variable 'src_kernel_win[0].val[1][1]' [124]  (0 ns)
	'icmp' operation ('tmp_222_1', G:/Xilinx/Vivado/2018.3/common/technology/autopilot/hls/hls_video_imgproc.h:188->G:/Xilinx/Vivado/2018.3/common/technology/autopilot/hls/hls_video_imgproc.h:514->G:/Xilinx/Vivado/2018.3/common/technology/autopilot/hls/hls_video_imgproc.h:1184->G:/Xilinx/Vivado/2018.3/common/technology/autopilot/hls/hls_video_imgproc.h:1258) [131]  (1.31 ns)
	'select' operation ('temp_0_i_i_i_0210_i_2', G:/Xilinx/Vivado/2018.3/common/technology/autopilot/hls/hls_video_imgproc.h:188->G:/Xilinx/Vivado/2018.3/common/technology/autopilot/hls/hls_video_imgproc.h:514->G:/Xilinx/Vivado/2018.3/common/technology/autopilot/hls/hls_video_imgproc.h:1184->G:/Xilinx/Vivado/2018.3/common/technology/autopilot/hls/hls_video_imgproc.h:1258) [132]  (0.448 ns)
	'icmp' operation ('tmp_222_1_1', G:/Xilinx/Vivado/2018.3/common/technology/autopilot/hls/hls_video_imgproc.h:188->G:/Xilinx/Vivado/2018.3/common/technology/autopilot/hls/hls_video_imgproc.h:514->G:/Xilinx/Vivado/2018.3/common/technology/autopilot/hls/hls_video_imgproc.h:1184->G:/Xilinx/Vivado/2018.3/common/technology/autopilot/hls/hls_video_imgproc.h:1258) [133]  (1.31 ns)
	'select' operation ('temp_0_i_i_i_0210_i_3', G:/Xilinx/Vivado/2018.3/common/technology/autopilot/hls/hls_video_imgproc.h:188->G:/Xilinx/Vivado/2018.3/common/technology/autopilot/hls/hls_video_imgproc.h:514->G:/Xilinx/Vivado/2018.3/common/technology/autopilot/hls/hls_video_imgproc.h:1184->G:/Xilinx/Vivado/2018.3/common/technology/autopilot/hls/hls_video_imgproc.h:1258) [134]  (0.448 ns)
	'icmp' operation ('tmp_222_1_2', G:/Xilinx/Vivado/2018.3/common/technology/autopilot/hls/hls_video_imgproc.h:188->G:/Xilinx/Vivado/2018.3/common/technology/autopilot/hls/hls_video_imgproc.h:514->G:/Xilinx/Vivado/2018.3/common/technology/autopilot/hls/hls_video_imgproc.h:1184->G:/Xilinx/Vivado/2018.3/common/technology/autopilot/hls/hls_video_imgproc.h:1258) [135]  (1.31 ns)
	'select' operation ('temp_0_i_i_i_0210_i_4', G:/Xilinx/Vivado/2018.3/common/technology/autopilot/hls/hls_video_imgproc.h:188->G:/Xilinx/Vivado/2018.3/common/technology/autopilot/hls/hls_video_imgproc.h:514->G:/Xilinx/Vivado/2018.3/common/technology/autopilot/hls/hls_video_imgproc.h:1184->G:/Xilinx/Vivado/2018.3/common/technology/autopilot/hls/hls_video_imgproc.h:1258) [136]  (0.448 ns)

 <State 6>: 8.69ns
The critical path consists of the following:
	'load' operation ('src_kernel_win_0_va_11', G:/Xilinx/Vivado/2018.3/common/technology/autopilot/hls/hls_video_imgproc.h:188->G:/Xilinx/Vivado/2018.3/common/technology/autopilot/hls/hls_video_imgproc.h:514->G:/Xilinx/Vivado/2018.3/common/technology/autopilot/hls/hls_video_imgproc.h:1184->G:/Xilinx/Vivado/2018.3/common/technology/autopilot/hls/hls_video_imgproc.h:1258) on local variable 'src_kernel_win[0].val[0][1]' [122]  (0 ns)
	'icmp' operation ('tmp_222_2', G:/Xilinx/Vivado/2018.3/common/technology/autopilot/hls/hls_video_imgproc.h:188->G:/Xilinx/Vivado/2018.3/common/technology/autopilot/hls/hls_video_imgproc.h:514->G:/Xilinx/Vivado/2018.3/common/technology/autopilot/hls/hls_video_imgproc.h:1184->G:/Xilinx/Vivado/2018.3/common/technology/autopilot/hls/hls_video_imgproc.h:1258) [137]  (1.31 ns)
	'select' operation ('temp_0_i_i_i_0210_i_5', G:/Xilinx/Vivado/2018.3/common/technology/autopilot/hls/hls_video_imgproc.h:188->G:/Xilinx/Vivado/2018.3/common/technology/autopilot/hls/hls_video_imgproc.h:514->G:/Xilinx/Vivado/2018.3/common/technology/autopilot/hls/hls_video_imgproc.h:1184->G:/Xilinx/Vivado/2018.3/common/technology/autopilot/hls/hls_video_imgproc.h:1258) [138]  (0.448 ns)
	'icmp' operation ('tmp_222_2_1', G:/Xilinx/Vivado/2018.3/common/technology/autopilot/hls/hls_video_imgproc.h:188->G:/Xilinx/Vivado/2018.3/common/technology/autopilot/hls/hls_video_imgproc.h:514->G:/Xilinx/Vivado/2018.3/common/technology/autopilot/hls/hls_video_imgproc.h:1184->G:/Xilinx/Vivado/2018.3/common/technology/autopilot/hls/hls_video_imgproc.h:1258) [139]  (1.31 ns)
	'select' operation ('temp_0_i_i_i_0210_i_6', G:/Xilinx/Vivado/2018.3/common/technology/autopilot/hls/hls_video_imgproc.h:188->G:/Xilinx/Vivado/2018.3/common/technology/autopilot/hls/hls_video_imgproc.h:514->G:/Xilinx/Vivado/2018.3/common/technology/autopilot/hls/hls_video_imgproc.h:1184->G:/Xilinx/Vivado/2018.3/common/technology/autopilot/hls/hls_video_imgproc.h:1258) [140]  (0.448 ns)
	'icmp' operation ('tmp_222_2_2', G:/Xilinx/Vivado/2018.3/common/technology/autopilot/hls/hls_video_imgproc.h:188->G:/Xilinx/Vivado/2018.3/common/technology/autopilot/hls/hls_video_imgproc.h:514->G:/Xilinx/Vivado/2018.3/common/technology/autopilot/hls/hls_video_imgproc.h:1184->G:/Xilinx/Vivado/2018.3/common/technology/autopilot/hls/hls_video_imgproc.h:1258) [141]  (1.31 ns)
	'select' operation ('tmp', G:/Xilinx/Vivado/2018.3/common/technology/autopilot/hls/hls_video_imgproc.h:188->G:/Xilinx/Vivado/2018.3/common/technology/autopilot/hls/hls_video_imgproc.h:514->G:/Xilinx/Vivado/2018.3/common/technology/autopilot/hls/hls_video_imgproc.h:1184->G:/Xilinx/Vivado/2018.3/common/technology/autopilot/hls/hls_video_imgproc.h:1258) [142]  (0.448 ns)
	fifo write on port 'p_dst_data_stream_V' (G:/Xilinx/Vivado/2018.3/common/technology/autopilot/hls/hls_video_imgproc.h:515->G:/Xilinx/Vivado/2018.3/common/technology/autopilot/hls/hls_video_imgproc.h:1184->G:/Xilinx/Vivado/2018.3/common/technology/autopilot/hls/hls_video_imgproc.h:1258) [143]  (3.4 ns)

 <State 7>: 0ns
The critical path consists of the following:


============================================================
+ Verbose Summary: Binding
============================================================
N/A
* FSMD analyzer results:
  - Output states:
 - Input state : 
  - Chain level:
	State 1
	State 2
	State 3
	State 4
	State 5
	State 6
	State 7


============================================================
+ Verbose Summary: Datapath Resource usage 
============================================================
N/A
