

================================================================
== Vivado HLS Report for 'FAST_t_opr'
================================================================
* Date:           Sun Oct 24 17:05:31 2021

* Version:        2018.3 (Build 2405991 on Thu Dec 06 23:56:15 MST 2018)
* Project:        XC7Z020_316_ES_ConerDetect
* Solution:       solution1
* Product family: zynq
* Target device:  xc7z020clg400-2


================================================================
== Performance Estimates
================================================================
+ Timing (ns): 
    * Summary: 
    +--------+-------+----------+------------+
    |  Clock | Target| Estimated| Uncertainty|
    +--------+-------+----------+------------+
    |ap_clk  |  10.00|     8.724|        1.25|
    +--------+-------+----------+------------+

+ Latency (clock cycles): 
    * Summary: 
    +--------+--------+--------+--------+---------+
    |     Latency     |     Interval    | Pipeline|
    |   min  |   max  |   min  |   max  |   Type  |
    +--------+--------+--------+--------+---------+
    |  806741|  806741|  806741|  806741|   none  |
    +--------+--------+--------+--------+---------+

    + Detail: 
        * Instance: 
        +-----------------------------+-----------+-----+-----+-----+-----+----------+
        |                             |           |  Latency  |  Interval | Pipeline |
        |           Instance          |   Module  | min | max | min | max |   Type   |
        +-----------------------------+-----------+-----+-----+-----+-----+----------+
        |tmp_76_1_min_int_s_fu_581    |min_int_s  |    0|    0|    1|    1| function |
        |tmp_76_3_min_int_s_fu_587    |min_int_s  |    0|    0|    1|    1| function |
        |tmp_76_5_min_int_s_fu_593    |min_int_s  |    0|    0|    1|    1| function |
        |tmp_76_7_min_int_s_fu_599    |min_int_s  |    0|    0|    1|    1| function |
        |tmp_76_9_min_int_s_fu_605    |min_int_s  |    0|    0|    1|    1| function |
        |tmp_76_s_min_int_s_fu_611    |min_int_s  |    0|    0|    1|    1| function |
        |tmp_83_1_min_int_s_fu_617    |min_int_s  |    0|    0|    1|    1| function |
        |tmp_83_3_min_int_s_fu_623    |min_int_s  |    0|    0|    1|    1| function |
        |tmp_83_5_min_int_s_fu_629    |min_int_s  |    0|    0|    1|    1| function |
        |tmp_83_7_min_int_s_fu_635    |min_int_s  |    0|    0|    1|    1| function |
        |tmp_76_2_min_int_s_fu_641    |min_int_s  |    0|    0|    1|    1| function |
        |tmp_76_4_min_int_s_fu_647    |min_int_s  |    0|    0|    1|    1| function |
        |tmp_83_9_min_int_s_fu_653    |min_int_s  |    0|    0|    1|    1| function |
        |tmp_90_1_min_int_s_fu_659    |min_int_s  |    0|    0|    1|    1| function |
        |tmp_90_3_min_int_s_fu_665    |min_int_s  |    0|    0|    1|    1| function |
        |tmp_83_s_min_int_s_fu_671    |min_int_s  |    0|    0|    1|    1| function |
        |tmp_83_2_min_int_s_fu_677    |min_int_s  |    0|    0|    1|    1| function |
        |tmp_83_4_min_int_s_fu_683    |min_int_s  |    0|    0|    1|    1| function |
        |tmp_90_5_min_int_s_fu_689    |min_int_s  |    0|    0|    1|    1| function |
        |tmp_27_min_int_s_fu_695      |min_int_s  |    0|    0|    1|    1| function |
        |tmp_29_min_int_s_fu_701      |min_int_s  |    0|    0|    1|    1| function |
        |tmp_98_1_min_int_s_fu_707    |min_int_s  |    0|    0|    1|    1| function |
        |tmp_101_1_min_int_s_fu_713   |min_int_s  |    0|    0|    1|    1| function |
        |b0_min_int_s_fu_719          |min_int_s  |    0|    0|    1|    1| function |
        |b0_1_min_int_s_fu_726        |min_int_s  |    0|    0|    1|    1| function |
        |tmp_90_7_min_int_s_fu_733    |min_int_s  |    0|    0|    1|    1| function |
        |tmp_90_9_min_int_s_fu_739    |min_int_s  |    0|    0|    1|    1| function |
        |tmp_90_s_min_int_s_fu_745    |min_int_s  |    0|    0|    1|    1| function |
        |tmp_90_2_min_int_s_fu_751    |min_int_s  |    0|    0|    1|    1| function |
        |tmp_90_4_min_int_s_fu_757    |min_int_s  |    0|    0|    1|    1| function |
        |tmp_98_2_min_int_s_fu_763    |min_int_s  |    0|    0|    1|    1| function |
        |tmp_101_2_min_int_s_fu_769   |min_int_s  |    0|    0|    1|    1| function |
        |b0_s_min_int_s_fu_775        |min_int_s  |    0|    0|    1|    1| function |
        |b0_1_1_min_int_s_fu_781      |min_int_s  |    0|    0|    1|    1| function |
        |b0_2_min_int_s_fu_788        |min_int_s  |    0|    0|    1|    1| function |
        |tmp_98_3_min_int_s_fu_795    |min_int_s  |    0|    0|    1|    1| function |
        |tmp_101_3_min_int_s_fu_801   |min_int_s  |    0|    0|    1|    1| function |
        |tmp_98_4_min_int_s_fu_807    |min_int_s  |    0|    0|    1|    1| function |
        |tmp_101_4_min_int_s_fu_813   |min_int_s  |    0|    0|    1|    1| function |
        |b0_1_2_min_int_s_fu_819      |min_int_s  |    0|    0|    1|    1| function |
        |b0_3_min_int_s_fu_825        |min_int_s  |    0|    0|    1|    1| function |
        |b0_1_3_min_int_s_fu_832      |min_int_s  |    0|    0|    1|    1| function |
        |tmp_98_5_min_int_s_fu_839    |min_int_s  |    0|    0|    1|    1| function |
        |tmp_101_5_min_int_s_fu_845   |min_int_s  |    0|    0|    1|    1| function |
        |b0_4_min_int_s_fu_851        |min_int_s  |    0|    0|    1|    1| function |
        |b0_1_4_min_int_s_fu_857      |min_int_s  |    0|    0|    1|    1| function |
        |b0_5_min_int_s_fu_864        |min_int_s  |    0|    0|    1|    1| function |
        |tmp_98_6_min_int_s_fu_871    |min_int_s  |    0|    0|    1|    1| function |
        |tmp_101_6_min_int_s_fu_877   |min_int_s  |    0|    0|    1|    1| function |
        |tmp_98_7_min_int_s_fu_883    |min_int_s  |    0|    0|    1|    1| function |
        |tmp_101_7_min_int_s_fu_889   |min_int_s  |    0|    0|    1|    1| function |
        |b0_1_5_min_int_s_fu_895      |min_int_s  |    0|    0|    1|    1| function |
        |b0_6_min_int_s_fu_901        |min_int_s  |    0|    0|    1|    1| function |
        |b0_1_6_min_int_s_fu_908      |min_int_s  |    0|    0|    1|    1| function |
        |b0_7_min_int_s_fu_915        |min_int_s  |    0|    0|    1|    1| function |
        |b0_1_7_min_int_s_fu_921      |min_int_s  |    0|    0|    1|    1| function |
        |tmp_78_1_max_int_s_fu_928    |max_int_s  |    0|    0|    1|    1| function |
        |tmp_78_3_max_int_s_fu_934    |max_int_s  |    0|    0|    1|    1| function |
        |tmp_78_5_max_int_s_fu_940    |max_int_s  |    0|    0|    1|    1| function |
        |tmp_78_7_max_int_s_fu_946    |max_int_s  |    0|    0|    1|    1| function |
        |tmp_78_9_max_int_s_fu_952    |max_int_s  |    0|    0|    1|    1| function |
        |tmp_78_s_max_int_s_fu_958    |max_int_s  |    0|    0|    1|    1| function |
        |tmp_85_1_max_int_s_fu_964    |max_int_s  |    0|    0|    1|    1| function |
        |tmp_85_3_max_int_s_fu_970    |max_int_s  |    0|    0|    1|    1| function |
        |tmp_85_5_max_int_s_fu_976    |max_int_s  |    0|    0|    1|    1| function |
        |tmp_85_7_max_int_s_fu_982    |max_int_s  |    0|    0|    1|    1| function |
        |tmp_78_2_max_int_s_fu_988    |max_int_s  |    0|    0|    1|    1| function |
        |tmp_78_4_max_int_s_fu_994    |max_int_s  |    0|    0|    1|    1| function |
        |tmp_85_9_max_int_s_fu_1000   |max_int_s  |    0|    0|    1|    1| function |
        |tmp_92_1_max_int_s_fu_1006   |max_int_s  |    0|    0|    1|    1| function |
        |tmp_92_3_max_int_s_fu_1012   |max_int_s  |    0|    0|    1|    1| function |
        |tmp_85_s_max_int_s_fu_1018   |max_int_s  |    0|    0|    1|    1| function |
        |tmp_85_2_max_int_s_fu_1024   |max_int_s  |    0|    0|    1|    1| function |
        |tmp_85_4_max_int_s_fu_1030   |max_int_s  |    0|    0|    1|    1| function |
        |tmp_92_5_max_int_s_fu_1036   |max_int_s  |    0|    0|    1|    1| function |
        |a0_max_int_s_fu_1042         |max_int_s  |    0|    0|    1|    1| function |
        |a0_1_max_int_s_fu_1050       |max_int_s  |    0|    0|    1|    1| function |
        |tmp_30_max_int_s_fu_1058     |max_int_s  |    0|    0|    1|    1| function |
        |tmp_31_max_int_s_fu_1065     |max_int_s  |    0|    0|    1|    1| function |
        |tmp_106_1_max_int_s_fu_1072  |max_int_s  |    0|    0|    1|    1| function |
        |tmp_109_1_max_int_s_fu_1078  |max_int_s  |    0|    0|    1|    1| function |
        |tmp_92_7_max_int_s_fu_1084   |max_int_s  |    0|    0|    1|    1| function |
        |tmp_92_9_max_int_s_fu_1090   |max_int_s  |    0|    0|    1|    1| function |
        |tmp_92_s_max_int_s_fu_1096   |max_int_s  |    0|    0|    1|    1| function |
        |tmp_92_2_max_int_s_fu_1102   |max_int_s  |    0|    0|    1|    1| function |
        |tmp_92_4_max_int_s_fu_1108   |max_int_s  |    0|    0|    1|    1| function |
        |a0_s_max_int_s_fu_1114       |max_int_s  |    0|    0|    1|    1| function |
        |a0_1_1_max_int_s_fu_1120     |max_int_s  |    0|    0|    1|    1| function |
        |a0_2_max_int_s_fu_1127       |max_int_s  |    0|    0|    1|    1| function |
        |tmp_106_2_max_int_s_fu_1135  |max_int_s  |    0|    0|    1|    1| function |
        |tmp_109_2_max_int_s_fu_1142  |max_int_s  |    0|    0|    1|    1| function |
        |a0_1_2_max_int_s_fu_1148     |max_int_s  |    0|    0|    1|    1| function |
        |a0_3_max_int_s_fu_1154       |max_int_s  |    0|    0|    1|    1| function |
        |a0_1_3_max_int_s_fu_1162     |max_int_s  |    0|    0|    1|    1| function |
        |tmp_106_3_max_int_s_fu_1170  |max_int_s  |    0|    0|    1|    1| function |
        |tmp_109_3_max_int_s_fu_1177  |max_int_s  |    0|    0|    1|    1| function |
        |tmp_106_4_max_int_s_fu_1184  |max_int_s  |    0|    0|    1|    1| function |
        |tmp_109_4_max_int_s_fu_1190  |max_int_s  |    0|    0|    1|    1| function |
        |a0_4_max_int_s_fu_1196       |max_int_s  |    0|    0|    1|    1| function |
        |a0_1_4_max_int_s_fu_1202     |max_int_s  |    0|    0|    1|    1| function |
        |a0_5_max_int_s_fu_1209       |max_int_s  |    0|    0|    1|    1| function |
        |tmp_106_5_max_int_s_fu_1217  |max_int_s  |    0|    0|    1|    1| function |
        |tmp_109_5_max_int_s_fu_1224  |max_int_s  |    0|    0|    1|    1| function |
        |a0_1_5_max_int_s_fu_1230     |max_int_s  |    0|    0|    1|    1| function |
        |a0_6_max_int_s_fu_1236       |max_int_s  |    0|    0|    1|    1| function |
        |a0_1_6_max_int_s_fu_1244     |max_int_s  |    0|    0|    1|    1| function |
        |tmp_106_6_max_int_s_fu_1252  |max_int_s  |    0|    0|    1|    1| function |
        |tmp_109_6_max_int_s_fu_1259  |max_int_s  |    0|    0|    1|    1| function |
        |tmp_106_7_max_int_s_fu_1266  |max_int_s  |    0|    0|    1|    1| function |
        |tmp_109_7_max_int_s_fu_1272  |max_int_s  |    0|    0|    1|    1| function |
        |a0_7_max_int_s_fu_1278       |max_int_s  |    0|    0|    1|    1| function |
        |a0_1_7_max_int_s_fu_1284     |max_int_s  |    0|    0|    1|    1| function |
        |tmp_10_max_int_s_fu_1291     |max_int_s  |    0|    0|    1|    1| function |
        |grp_reg_int_s_fu_3646        |reg_int_s  |    1|    1|    1|    1| function |
        |grp_reg_int_s_fu_3653        |reg_int_s  |    1|    1|    1|    1| function |
        |grp_reg_int_s_fu_3660        |reg_int_s  |    1|    1|    1|    1| function |
        |grp_reg_int_s_fu_3668        |reg_int_s  |    1|    1|    1|    1| function |
        |grp_reg_int_s_fu_3676        |reg_int_s  |    1|    1|    1|    1| function |
        |grp_reg_int_s_fu_3684        |reg_int_s  |    1|    1|    1|    1| function |
        |grp_reg_int_s_fu_3692        |reg_int_s  |    1|    1|    1|    1| function |
        |grp_reg_int_s_fu_3700        |reg_int_s  |    1|    1|    1|    1| function |
        |grp_reg_int_s_fu_3708        |reg_int_s  |    1|    1|    1|    1| function |
        |grp_reg_int_s_fu_3715        |reg_int_s  |    1|    1|    1|    1| function |
        |grp_reg_int_s_fu_3732        |reg_int_s  |    1|    1|    1|    1| function |
        |grp_reg_int_s_fu_3739        |reg_int_s  |    1|    1|    1|    1| function |
        |grp_reg_int_s_fu_3746        |reg_int_s  |    1|    1|    1|    1| function |
        |grp_reg_int_s_fu_3753        |reg_int_s  |    1|    1|    1|    1| function |
        |grp_reg_int_s_fu_3760        |reg_int_s  |    1|    1|    1|    1| function |
        |grp_reg_int_s_fu_3767        |reg_int_s  |    1|    1|    1|    1| function |
        |grp_reg_int_s_fu_3774        |reg_int_s  |    1|    1|    1|    1| function |
        |grp_reg_int_s_fu_3781        |reg_int_s  |    1|    1|    1|    1| function |
        |grp_reg_int_s_fu_3788        |reg_int_s  |    1|    1|    1|    1| function |
        |grp_reg_int_s_fu_3795        |reg_int_s  |    1|    1|    1|    1| function |
        |grp_reg_int_s_fu_3822        |reg_int_s  |    1|    1|    1|    1| function |
        |grp_reg_int_s_fu_3830        |reg_int_s  |    1|    1|    1|    1| function |
        |grp_reg_int_s_fu_3838        |reg_int_s  |    1|    1|    1|    1| function |
        |grp_reg_int_s_fu_3846        |reg_int_s  |    1|    1|    1|    1| function |
        |grp_reg_int_s_fu_3854        |reg_int_s  |    1|    1|    1|    1| function |
        |grp_reg_int_s_fu_3861        |reg_int_s  |    1|    1|    1|    1| function |
        |grp_reg_int_s_fu_3868        |reg_int_s  |    1|    1|    1|    1| function |
        |grp_reg_int_s_fu_3876        |reg_int_s  |    1|    1|    1|    1| function |
        |grp_reg_int_s_fu_3884        |reg_int_s  |    1|    1|    1|    1| function |
        |grp_reg_int_s_fu_3892        |reg_int_s  |    1|    1|    1|    1| function |
        |grp_reg_int_s_fu_3900        |reg_int_s  |    1|    1|    1|    1| function |
        |grp_reg_int_s_fu_3908        |reg_int_s  |    1|    1|    1|    1| function |
        |grp_reg_int_s_fu_3916        |reg_int_s  |    1|    1|    1|    1| function |
        |grp_reg_int_s_fu_3924        |reg_int_s  |    1|    1|    1|    1| function |
        |grp_reg_int_s_fu_3932        |reg_int_s  |    1|    1|    1|    1| function |
        |grp_reg_int_s_fu_3940        |reg_int_s  |    1|    1|    1|    1| function |
        |grp_reg_int_s_fu_3948        |reg_int_s  |    1|    1|    1|    1| function |
        |grp_reg_int_s_fu_3956        |reg_int_s  |    1|    1|    1|    1| function |
        |grp_reg_int_s_fu_3964        |reg_int_s  |    1|    1|    1|    1| function |
        |grp_reg_int_s_fu_3972        |reg_int_s  |    1|    1|    1|    1| function |
        |grp_reg_int_s_fu_3980        |reg_int_s  |    1|    1|    1|    1| function |
        |grp_reg_int_s_fu_3988        |reg_int_s  |    1|    1|    1|    1| function |
        |grp_reg_int_s_fu_3996        |reg_int_s  |    1|    1|    1|    1| function |
        |grp_reg_int_s_fu_4003        |reg_int_s  |    1|    1|    1|    1| function |
        |grp_reg_int_s_fu_4010        |reg_int_s  |    1|    1|    1|    1| function |
        |grp_reg_int_s_fu_4017        |reg_int_s  |    1|    1|    1|    1| function |
        |grp_reg_int_s_fu_4024        |reg_int_s  |    1|    1|    1|    1| function |
        |grp_reg_int_s_fu_4031        |reg_int_s  |    1|    1|    1|    1| function |
        +-----------------------------+-----------+-----+-----+-----+-----+----------+

        * Loop: 
        +---------------+--------+--------+----------+-----------+-----------+------+----------+
        |               |     Latency     | Iteration|  Initiation Interval  | Trip |          |
        |   Loop Name   |   min  |   max  |  Latency |  achieved |   target  | Count| Pipelined|
        +---------------+--------+--------+----------+-----------+-----------+------+----------+
        |- loop_height  |  806740|  806740|      1045|          -|          -|   772|    no    |
        | + loop_width  |    1042|    1042|        16|          1|          1|  1028|    yes   |
        +---------------+--------+--------+----------+-----------+-----------+------+----------+



================================================================
== Utilization Estimates
================================================================
* Summary: 
+-----------------+---------+-------+--------+-------+
|       Name      | BRAM_18K| DSP48E|   FF   |  LUT  |
+-----------------+---------+-------+--------+-------+
|DSP              |        -|      -|       -|      -|
|Expression       |        -|      -|       0|    985|
|FIFO             |        -|      -|       -|      -|
|Instance         |        -|      -|    3120|   5116|
|Memory           |       10|      -|       0|      0|
|Multiplexer      |        -|      -|       -|     37|
|Register         |        0|      -|    6861|   1632|
+-----------------+---------+-------+--------+-------+
|Total            |       10|      0|    9981|   7770|
+-----------------+---------+-------+--------+-------+
|Available        |      280|    220|  106400|  53200|
+-----------------+---------+-------+--------+-------+
|Utilization (%)  |        3|      0|       9|     14|
+-----------------+---------+-------+--------+-------+

+ Detail: 
    * Instance: 
    +-----------------------------+-----------+---------+-------+----+----+
    |           Instance          |   Module  | BRAM_18K| DSP48E| FF | LUT|
    +-----------------------------+-----------+---------+-------+----+----+
    |tmp_78_1_max_int_s_fu_928    |max_int_s  |        0|      0|   0|  44|
    |tmp_78_3_max_int_s_fu_934    |max_int_s  |        0|      0|   0|  44|
    |tmp_78_5_max_int_s_fu_940    |max_int_s  |        0|      0|   0|  44|
    |tmp_78_7_max_int_s_fu_946    |max_int_s  |        0|      0|   0|  44|
    |tmp_78_9_max_int_s_fu_952    |max_int_s  |        0|      0|   0|  44|
    |tmp_78_s_max_int_s_fu_958    |max_int_s  |        0|      0|   0|  44|
    |tmp_85_1_max_int_s_fu_964    |max_int_s  |        0|      0|   0|  44|
    |tmp_85_3_max_int_s_fu_970    |max_int_s  |        0|      0|   0|  44|
    |tmp_85_5_max_int_s_fu_976    |max_int_s  |        0|      0|   0|  44|
    |tmp_85_7_max_int_s_fu_982    |max_int_s  |        0|      0|   0|  44|
    |tmp_78_2_max_int_s_fu_988    |max_int_s  |        0|      0|   0|  44|
    |tmp_78_4_max_int_s_fu_994    |max_int_s  |        0|      0|   0|  44|
    |tmp_85_9_max_int_s_fu_1000   |max_int_s  |        0|      0|   0|  44|
    |tmp_92_1_max_int_s_fu_1006   |max_int_s  |        0|      0|   0|  44|
    |tmp_92_3_max_int_s_fu_1012   |max_int_s  |        0|      0|   0|  44|
    |tmp_85_s_max_int_s_fu_1018   |max_int_s  |        0|      0|   0|  44|
    |tmp_85_2_max_int_s_fu_1024   |max_int_s  |        0|      0|   0|  44|
    |tmp_85_4_max_int_s_fu_1030   |max_int_s  |        0|      0|   0|  44|
    |tmp_92_5_max_int_s_fu_1036   |max_int_s  |        0|      0|   0|  44|
    |a0_max_int_s_fu_1042         |max_int_s  |        0|      0|   0|  44|
    |a0_1_max_int_s_fu_1050       |max_int_s  |        0|      0|   0|  44|
    |tmp_30_max_int_s_fu_1058     |max_int_s  |        0|      0|   0|  44|
    |tmp_31_max_int_s_fu_1065     |max_int_s  |        0|      0|   0|  44|
    |tmp_106_1_max_int_s_fu_1072  |max_int_s  |        0|      0|   0|  44|
    |tmp_109_1_max_int_s_fu_1078  |max_int_s  |        0|      0|   0|  44|
    |tmp_92_7_max_int_s_fu_1084   |max_int_s  |        0|      0|   0|  44|
    |tmp_92_9_max_int_s_fu_1090   |max_int_s  |        0|      0|   0|  44|
    |tmp_92_s_max_int_s_fu_1096   |max_int_s  |        0|      0|   0|  44|
    |tmp_92_2_max_int_s_fu_1102   |max_int_s  |        0|      0|   0|  44|
    |tmp_92_4_max_int_s_fu_1108   |max_int_s  |        0|      0|   0|  44|
    |a0_s_max_int_s_fu_1114       |max_int_s  |        0|      0|   0|  44|
    |a0_1_1_max_int_s_fu_1120     |max_int_s  |        0|      0|   0|  44|
    |a0_2_max_int_s_fu_1127       |max_int_s  |        0|      0|   0|  44|
    |tmp_106_2_max_int_s_fu_1135  |max_int_s  |        0|      0|   0|  44|
    |tmp_109_2_max_int_s_fu_1142  |max_int_s  |        0|      0|   0|  44|
    |a0_1_2_max_int_s_fu_1148     |max_int_s  |        0|      0|   0|  44|
    |a0_3_max_int_s_fu_1154       |max_int_s  |        0|      0|   0|  44|
    |a0_1_3_max_int_s_fu_1162     |max_int_s  |        0|      0|   0|  44|
    |tmp_106_3_max_int_s_fu_1170  |max_int_s  |        0|      0|   0|  44|
    |tmp_109_3_max_int_s_fu_1177  |max_int_s  |        0|      0|   0|  44|
    |tmp_106_4_max_int_s_fu_1184  |max_int_s  |        0|      0|   0|  44|
    |tmp_109_4_max_int_s_fu_1190  |max_int_s  |        0|      0|   0|  44|
    |a0_4_max_int_s_fu_1196       |max_int_s  |        0|      0|   0|  44|
    |a0_1_4_max_int_s_fu_1202     |max_int_s  |        0|      0|   0|  44|
    |a0_5_max_int_s_fu_1209       |max_int_s  |        0|      0|   0|  44|
    |tmp_106_5_max_int_s_fu_1217  |max_int_s  |        0|      0|   0|  44|
    |tmp_109_5_max_int_s_fu_1224  |max_int_s  |        0|      0|   0|  44|
    |a0_1_5_max_int_s_fu_1230     |max_int_s  |        0|      0|   0|  44|
    |a0_6_max_int_s_fu_1236       |max_int_s  |        0|      0|   0|  44|
    |a0_1_6_max_int_s_fu_1244     |max_int_s  |        0|      0|   0|  44|
    |tmp_106_6_max_int_s_fu_1252  |max_int_s  |        0|      0|   0|  44|
    |tmp_109_6_max_int_s_fu_1259  |max_int_s  |        0|      0|   0|  44|
    |tmp_106_7_max_int_s_fu_1266  |max_int_s  |        0|      0|   0|  44|
    |tmp_109_7_max_int_s_fu_1272  |max_int_s  |        0|      0|   0|  44|
    |a0_7_max_int_s_fu_1278       |max_int_s  |        0|      0|   0|  44|
    |a0_1_7_max_int_s_fu_1284     |max_int_s  |        0|      0|   0|  44|
    |tmp_10_max_int_s_fu_1291     |max_int_s  |        0|      0|   0|  44|
    |tmp_76_1_min_int_s_fu_581    |min_int_s  |        0|      0|   0|  44|
    |tmp_76_3_min_int_s_fu_587    |min_int_s  |        0|      0|   0|  44|
    |tmp_76_5_min_int_s_fu_593    |min_int_s  |        0|      0|   0|  44|
    |tmp_76_7_min_int_s_fu_599    |min_int_s  |        0|      0|   0|  44|
    |tmp_76_9_min_int_s_fu_605    |min_int_s  |        0|      0|   0|  44|
    |tmp_76_s_min_int_s_fu_611    |min_int_s  |        0|      0|   0|  44|
    |tmp_83_1_min_int_s_fu_617    |min_int_s  |        0|      0|   0|  44|
    |tmp_83_3_min_int_s_fu_623    |min_int_s  |        0|      0|   0|  44|
    |tmp_83_5_min_int_s_fu_629    |min_int_s  |        0|      0|   0|  44|
    |tmp_83_7_min_int_s_fu_635    |min_int_s  |        0|      0|   0|  44|
    |tmp_76_2_min_int_s_fu_641    |min_int_s  |        0|      0|   0|  44|
    |tmp_76_4_min_int_s_fu_647    |min_int_s  |        0|      0|   0|  44|
    |tmp_83_9_min_int_s_fu_653    |min_int_s  |        0|      0|   0|  44|
    |tmp_90_1_min_int_s_fu_659    |min_int_s  |        0|      0|   0|  44|
    |tmp_90_3_min_int_s_fu_665    |min_int_s  |        0|      0|   0|  44|
    |tmp_83_s_min_int_s_fu_671    |min_int_s  |        0|      0|   0|  44|
    |tmp_83_2_min_int_s_fu_677    |min_int_s  |        0|      0|   0|  44|
    |tmp_83_4_min_int_s_fu_683    |min_int_s  |        0|      0|   0|  44|
    |tmp_90_5_min_int_s_fu_689    |min_int_s  |        0|      0|   0|  44|
    |tmp_27_min_int_s_fu_695      |min_int_s  |        0|      0|   0|  44|
    |tmp_29_min_int_s_fu_701      |min_int_s  |        0|      0|   0|  44|
    |tmp_98_1_min_int_s_fu_707    |min_int_s  |        0|      0|   0|  44|
    |tmp_101_1_min_int_s_fu_713   |min_int_s  |        0|      0|   0|  44|
    |b0_min_int_s_fu_719          |min_int_s  |        0|      0|   0|  44|
    |b0_1_min_int_s_fu_726        |min_int_s  |        0|      0|   0|  44|
    |tmp_90_7_min_int_s_fu_733    |min_int_s  |        0|      0|   0|  44|
    |tmp_90_9_min_int_s_fu_739    |min_int_s  |        0|      0|   0|  44|
    |tmp_90_s_min_int_s_fu_745    |min_int_s  |        0|      0|   0|  44|
    |tmp_90_2_min_int_s_fu_751    |min_int_s  |        0|      0|   0|  44|
    |tmp_90_4_min_int_s_fu_757    |min_int_s  |        0|      0|   0|  44|
    |tmp_98_2_min_int_s_fu_763    |min_int_s  |        0|      0|   0|  44|
    |tmp_101_2_min_int_s_fu_769   |min_int_s  |        0|      0|   0|  44|
    |b0_s_min_int_s_fu_775        |min_int_s  |        0|      0|   0|  44|
    |b0_1_1_min_int_s_fu_781      |min_int_s  |        0|      0|   0|  44|
    |b0_2_min_int_s_fu_788        |min_int_s  |        0|      0|   0|  44|
    |tmp_98_3_min_int_s_fu_795    |min_int_s  |        0|      0|   0|  44|
    |tmp_101_3_min_int_s_fu_801   |min_int_s  |        0|      0|   0|  44|
    |tmp_98_4_min_int_s_fu_807    |min_int_s  |        0|      0|   0|  44|
    |tmp_101_4_min_int_s_fu_813   |min_int_s  |        0|      0|   0|  44|
    |b0_1_2_min_int_s_fu_819      |min_int_s  |        0|      0|   0|  44|
    |b0_3_min_int_s_fu_825        |min_int_s  |        0|      0|   0|  44|
    |b0_1_3_min_int_s_fu_832      |min_int_s  |        0|      0|   0|  44|
    |tmp_98_5_min_int_s_fu_839    |min_int_s  |        0|      0|   0|  44|
    |tmp_101_5_min_int_s_fu_845   |min_int_s  |        0|      0|   0|  44|
    |b0_4_min_int_s_fu_851        |min_int_s  |        0|      0|   0|  44|
    |b0_1_4_min_int_s_fu_857      |min_int_s  |        0|      0|   0|  44|
    |b0_5_min_int_s_fu_864        |min_int_s  |        0|      0|   0|  44|
    |tmp_98_6_min_int_s_fu_871    |min_int_s  |        0|      0|   0|  44|
    |tmp_101_6_min_int_s_fu_877   |min_int_s  |        0|      0|   0|  44|
    |tmp_98_7_min_int_s_fu_883    |min_int_s  |        0|      0|   0|  44|
    |tmp_101_7_min_int_s_fu_889   |min_int_s  |        0|      0|   0|  44|
    |b0_1_5_min_int_s_fu_895      |min_int_s  |        0|      0|   0|  44|
    |b0_6_min_int_s_fu_901        |min_int_s  |        0|      0|   0|  44|
    |b0_1_6_min_int_s_fu_908      |min_int_s  |        0|      0|   0|  44|
    |b0_7_min_int_s_fu_915        |min_int_s  |        0|      0|   0|  44|
    |b0_1_7_min_int_s_fu_921      |min_int_s  |        0|      0|   0|  44|
    |grp_reg_int_s_fu_3646        |reg_int_s  |        0|      0|  65|   3|
    |grp_reg_int_s_fu_3653        |reg_int_s  |        0|      0|  65|   3|
    |grp_reg_int_s_fu_3660        |reg_int_s  |        0|      0|  65|   3|
    |grp_reg_int_s_fu_3668        |reg_int_s  |        0|      0|  65|   3|
    |grp_reg_int_s_fu_3676        |reg_int_s  |        0|      0|  65|   3|
    |grp_reg_int_s_fu_3684        |reg_int_s  |        0|      0|  65|   3|
    |grp_reg_int_s_fu_3692        |reg_int_s  |        0|      0|  65|   3|
    |grp_reg_int_s_fu_3700        |reg_int_s  |        0|      0|  65|   3|
    |grp_reg_int_s_fu_3708        |reg_int_s  |        0|      0|  65|   3|
    |grp_reg_int_s_fu_3715        |reg_int_s  |        0|      0|  65|   3|
    |grp_reg_int_s_fu_3732        |reg_int_s  |        0|      0|  65|   3|
    |grp_reg_int_s_fu_3739        |reg_int_s  |        0|      0|  65|   3|
    |grp_reg_int_s_fu_3746        |reg_int_s  |        0|      0|  65|   3|
    |grp_reg_int_s_fu_3753        |reg_int_s  |        0|      0|  65|   3|
    |grp_reg_int_s_fu_3760        |reg_int_s  |        0|      0|  65|   3|
    |grp_reg_int_s_fu_3767        |reg_int_s  |        0|      0|  65|   3|
    |grp_reg_int_s_fu_3774        |reg_int_s  |        0|      0|  65|   3|
    |grp_reg_int_s_fu_3781        |reg_int_s  |        0|      0|  65|   3|
    |grp_reg_int_s_fu_3788        |reg_int_s  |        0|      0|  65|   3|
    |grp_reg_int_s_fu_3795        |reg_int_s  |        0|      0|  65|   3|
    |grp_reg_int_s_fu_3822        |reg_int_s  |        0|      0|  65|   3|
    |grp_reg_int_s_fu_3830        |reg_int_s  |        0|      0|  65|   3|
    |grp_reg_int_s_fu_3838        |reg_int_s  |        0|      0|  65|   3|
    |grp_reg_int_s_fu_3846        |reg_int_s  |        0|      0|  65|   3|
    |grp_reg_int_s_fu_3854        |reg_int_s  |        0|      0|  65|   3|
    |grp_reg_int_s_fu_3861        |reg_int_s  |        0|      0|  65|   3|
    |grp_reg_int_s_fu_3868        |reg_int_s  |        0|      0|  65|   3|
    |grp_reg_int_s_fu_3876        |reg_int_s  |        0|      0|  65|   3|
    |grp_reg_int_s_fu_3884        |reg_int_s  |        0|      0|  65|   3|
    |grp_reg_int_s_fu_3892        |reg_int_s  |        0|      0|  65|   3|
    |grp_reg_int_s_fu_3900        |reg_int_s  |        0|      0|  65|   3|
    |grp_reg_int_s_fu_3908        |reg_int_s  |        0|      0|  65|   3|
    |grp_reg_int_s_fu_3916        |reg_int_s  |        0|      0|  65|   3|
    |grp_reg_int_s_fu_3924        |reg_int_s  |        0|      0|  65|   3|
    |grp_reg_int_s_fu_3932        |reg_int_s  |        0|      0|  65|   3|
    |grp_reg_int_s_fu_3940        |reg_int_s  |        0|      0|  65|   3|
    |grp_reg_int_s_fu_3948        |reg_int_s  |        0|      0|  65|   3|
    |grp_reg_int_s_fu_3956        |reg_int_s  |        0|      0|  65|   3|
    |grp_reg_int_s_fu_3964        |reg_int_s  |        0|      0|  65|   3|
    |grp_reg_int_s_fu_3972        |reg_int_s  |        0|      0|  65|   3|
    |grp_reg_int_s_fu_3980        |reg_int_s  |        0|      0|  65|   3|
    |grp_reg_int_s_fu_3988        |reg_int_s  |        0|      0|  65|   3|
    |grp_reg_int_s_fu_3996        |reg_int_s  |        0|      0|  65|   3|
    |grp_reg_int_s_fu_4003        |reg_int_s  |        0|      0|  65|   3|
    |grp_reg_int_s_fu_4010        |reg_int_s  |        0|      0|  65|   3|
    |grp_reg_int_s_fu_4017        |reg_int_s  |        0|      0|  65|   3|
    |grp_reg_int_s_fu_4024        |reg_int_s  |        0|      0|  65|   3|
    |grp_reg_int_s_fu_4031        |reg_int_s  |        0|      0|  65|   3|
    +-----------------------------+-----------+---------+-------+----+----+
    |Total                        |           |        0|      0|3120|5116|
    +-----------------------------+-----------+---------+-------+----+----+

    * DSP48: 
    N/A

    * Memory: 
    +--------------------+----------------------+---------+---+----+------+-----+------+-------------+
    |       Memory       |        Module        | BRAM_18K| FF| LUT| Words| Bits| Banks| W*Bits*Banks|
    +--------------------+----------------------+---------+---+----+------+-----+------+-------------+
    |core_buf_val_0_V_U  |FAST_t_opr_core_bjbC  |        2|  0|   0|  1031|   16|     1|        16496|
    |core_buf_val_1_V_U  |FAST_t_opr_core_bjbC  |        2|  0|   0|  1031|   16|     1|        16496|
    |k_buf_val_0_V_U     |FAST_t_opr_k_buf_dEe  |        1|  0|   0|  1024|    8|     1|         8192|
    |k_buf_val_1_V_U     |FAST_t_opr_k_buf_dEe  |        1|  0|   0|  1024|    8|     1|         8192|
    |k_buf_val_2_V_U     |FAST_t_opr_k_buf_dEe  |        1|  0|   0|  1024|    8|     1|         8192|
    |k_buf_val_3_V_U     |FAST_t_opr_k_buf_dEe  |        1|  0|   0|  1024|    8|     1|         8192|
    |k_buf_val_4_V_U     |FAST_t_opr_k_buf_dEe  |        1|  0|   0|  1024|    8|     1|         8192|
    |k_buf_val_5_V_U     |FAST_t_opr_k_buf_dEe  |        1|  0|   0|  1024|    8|     1|         8192|
    +--------------------+----------------------+---------+---+----+------+-----+------+-------------+
    |Total               |                      |       10|  0|   0|  8206|   80|     8|        82144|
    +--------------------+----------------------+---------+---+----+------+-----+------+-------------+

    * FIFO: 
    N/A

    * Expression: 
    +------------------------------------+----------+-------+---+----+------------+------------+
    |            Variable Name           | Operation| DSP48E| FF| LUT| Bitwidth P0| Bitwidth P1|
    +------------------------------------+----------+-------+---+----+------------+------------+
    |count_1_fu_3078_p2                  |     +    |      0|  0|   6|           4|           1|
    |count_2_fu_3222_p2                  |     +    |      0|  0|   7|           5|           1|
    |count_3_fu_3277_p2                  |     +    |      0|  0|   7|           5|           1|
    |count_4_fu_3331_p2                  |     +    |      0|  0|   7|           5|           1|
    |count_5_fu_3481_p2                  |     +    |      0|  0|   7|           5|           1|
    |count_6_fu_3551_p2                  |     +    |      0|  0|   7|           5|           1|
    |count_8_fu_2866_p2                  |     +    |      0|  0|   6|           4|           1|
    |count_s_fu_2966_p2                  |     +    |      0|  0|   6|           4|           1|
    |i_V_fu_1303_p2                      |     +    |      0|  0|  10|          10|           1|
    |j_V_fu_1355_p2                      |     +    |      0|  0|  11|          11|           1|
    |phitmp2_fu_2877_p2                  |     +    |      0|  0|   6|           4|           2|
    |phitmp3_fu_2978_p2                  |     +    |      0|  0|   6|           4|           2|
    |phitmp4_fu_3090_p2                  |     +    |      0|  0|   6|           4|           2|
    |phitmp5_fu_3234_p2                  |     +    |      0|  0|   7|           5|           2|
    |phitmp6_fu_3289_p2                  |     +    |      0|  0|   7|           5|           2|
    |phitmp7_fu_3343_p2                  |     +    |      0|  0|   7|           5|           2|
    |phitmp8_fu_3493_p2                  |     +    |      0|  0|   7|           5|           2|
    |phitmp9_fu_3563_p2                  |     +    |      0|  0|   7|           5|           2|
    |phitmp_fu_4048_p2                   |     +    |      0|  0|  16|           2|          16|
    |ret_V_1_1_fu_2011_p2                |     -    |      0|  0|   9|           9|           9|
    |ret_V_1_2_fu_2099_p2                |     -    |      0|  0|   9|           9|           9|
    |ret_V_1_3_fu_2165_p2                |     -    |      0|  0|   9|           9|           9|
    |ret_V_1_4_fu_2219_p2                |     -    |      0|  0|   9|           9|           9|
    |ret_V_1_5_fu_2273_p2                |     -    |      0|  0|   9|           9|           9|
    |ret_V_1_6_fu_2327_p2                |     -    |      0|  0|   9|           9|           9|
    |ret_V_1_7_fu_2381_p2                |     -    |      0|  0|   9|           9|           9|
    |ret_V_1_fu_1923_p2                  |     -    |      0|  0|   9|           9|           9|
    |ret_V_2_fu_2089_p2                  |     -    |      0|  0|   9|           9|           9|
    |ret_V_3_fu_2155_p2                  |     -    |      0|  0|   9|           9|           9|
    |ret_V_4_fu_2209_p2                  |     -    |      0|  0|   9|           9|           9|
    |ret_V_5_fu_2263_p2                  |     -    |      0|  0|   9|           9|           9|
    |ret_V_6_fu_2317_p2                  |     -    |      0|  0|   9|           9|           9|
    |ret_V_7_fu_2371_p2                  |     -    |      0|  0|   9|           9|           9|
    |ret_V_fu_1913_p2                    |     -    |      0|  0|   9|           9|           9|
    |ret_V_s_fu_2001_p2                  |     -    |      0|  0|   9|           9|           9|
    |tmp_9_fu_4038_p2                    |     -    |      0|  0|  32|           1|          32|
    |ap_block_state18_pp0_stage0_iter15  |    and   |      0|  0|   1|           1|           1|
    |ap_block_state4_pp0_stage0_iter1    |    and   |      0|  0|   1|           1|           1|
    |ap_condition_2964                   |    and   |      0|  0|   1|           1|           1|
    |ap_predicate_op187_read_state4      |    and   |      0|  0|   1|           1|           1|
    |ap_predicate_op566_call_state8      |    and   |      0|  0|   1|           1|           1|
    |ap_predicate_op598_call_state9      |    and   |      0|  0|   1|           1|           1|
    |ap_predicate_op624_call_state10     |    and   |      0|  0|   1|           1|           1|
    |ap_predicate_op658_call_state11     |    and   |      0|  0|   1|           1|           1|
    |ap_predicate_op698_call_state12     |    and   |      0|  0|   1|           1|           1|
    |ap_predicate_op725_call_state13     |    and   |      0|  0|   1|           1|           1|
    |ap_predicate_op743_call_state14     |    and   |      0|  0|   1|           1|           1|
    |iscorner_2_i_7_fu_2861_p2           |    and   |      0|  0|   1|           1|           1|
    |or_cond1_fu_1321_p2                 |    and   |      0|  0|   1|           1|           1|
    |or_cond_fu_1375_p2                  |    and   |      0|  0|   1|           1|           1|
    |p_iscorner_0_i_10_fu_3359_p2        |    and   |      0|  0|   1|           1|           1|
    |p_iscorner_0_i_11_fu_3469_p2        |    and   |      0|  0|   1|           1|           1|
    |p_iscorner_0_i_12_fu_3509_p2        |    and   |      0|  0|   1|           1|           1|
    |p_iscorner_0_i_13_fu_3538_p2        |    and   |      0|  0|   1|           1|           1|
    |p_iscorner_0_i_14_fu_3569_p2        |    and   |      0|  0|   1|           1|           1|
    |p_iscorner_0_i_15_fu_3584_p2        |    and   |      0|  0|   1|           1|           1|
    |p_iscorner_0_i_1_fu_3046_p2         |    and   |      0|  0|   1|           1|           1|
    |p_iscorner_0_i_2_fu_3108_p2         |    and   |      0|  0|   1|           1|           1|
    |p_iscorner_0_i_3_fu_3210_p2         |    and   |      0|  0|   1|           1|           1|
    |p_iscorner_0_i_4_fu_3250_p2         |    and   |      0|  0|   1|           1|           1|
    |p_iscorner_0_i_5_fu_3439_p2         |    and   |      0|  0|   1|           1|           1|
    |p_iscorner_0_i_6_fu_3449_p2         |    and   |      0|  0|   1|           1|           1|
    |p_iscorner_0_i_7_fu_3318_p2         |    and   |      0|  0|   1|           1|           1|
    |p_iscorner_0_i_8_fu_2887_p2         |    and   |      0|  0|   1|           1|           1|
    |p_iscorner_0_i_9_fu_2934_p2         |    and   |      0|  0|   1|           1|           1|
    |p_iscorner_0_i_s_fu_2996_p2         |    and   |      0|  0|   1|           1|           1|
    |tmp20_fu_1822_p2                    |    and   |      0|  0|   1|           1|           1|
    |tmp21_fu_1806_p2                    |    and   |      0|  0|   1|           1|           1|
    |tmp22_fu_1817_p2                    |    and   |      0|  0|   1|           1|           1|
    |tmp23_fu_1811_p2                    |    and   |      0|  0|   1|           1|           1|
    |tmp24_fu_4105_p2                    |    and   |      0|  0|   1|           1|           1|
    |tmp25_fu_4090_p2                    |    and   |      0|  0|   1|           1|           1|
    |tmp26_fu_4084_p2                    |    and   |      0|  0|   1|           1|           1|
    |tmp27_fu_4099_p2                    |    and   |      0|  0|   1|           1|           1|
    |tmp28_fu_4095_p2                    |    and   |      0|  0|   1|           1|           1|
    |tmp4_fu_3580_p2                     |    and   |      0|  0|   1|           1|           1|
    |tmp_36_fu_4124_p2                   |    and   |      0|  0|   1|           1|           1|
    |tmp_8_fu_1402_p2                    |    and   |      0|  0|   1|           1|           1|
    |exitcond3_fu_1297_p2                |   icmp   |      0|  0|   5|          10|           9|
    |exitcond4_fu_1349_p2                |   icmp   |      0|  0|   5|          11|          11|
    |icmp1_fu_1424_p2                    |   icmp   |      0|  0|   5|           9|           1|
    |icmp_fu_1343_p2                     |   icmp   |      0|  0|   4|           8|           1|
    |tmp_115_1_fu_1782_p2                |   icmp   |      0|  0|   7|          16|          16|
    |tmp_115_2_fu_1788_p2                |   icmp   |      0|  0|   7|          16|          16|
    |tmp_118_1_fu_4074_p2                |   icmp   |      0|  0|   7|          16|          16|
    |tmp_118_2_fu_4079_p2                |   icmp   |      0|  0|   7|          16|          16|
    |tmp_11_fu_1770_p2                   |   icmp   |      0|  0|   7|          16|           1|
    |tmp_12_fu_1408_p2                   |   icmp   |      0|  0|   5|          11|           3|
    |tmp_13_fu_1794_p2                   |   icmp   |      0|  0|   7|          16|          16|
    |tmp_14_fu_1800_p2                   |   icmp   |      0|  0|   7|          16|          16|
    |tmp_15_fu_1929_p2                   |   icmp   |      0|  0|   5|           9|           5|
    |tmp_16_fu_1935_p2                   |   icmp   |      0|  0|   5|           9|           6|
    |tmp_18_fu_1963_p2                   |   icmp   |      0|  0|   5|           9|           5|
    |tmp_19_fu_1969_p2                   |   icmp   |      0|  0|   5|           9|           6|
    |tmp_1_fu_1315_p2                    |   icmp   |      0|  0|   5|          10|           3|
    |tmp_23_fu_2427_p2                   |   icmp   |      0|  0|   1|           2|           1|
    |tmp_2_fu_1327_p2                    |   icmp   |      0|  0|   5|          10|           3|
    |tmp_33_fu_1776_p2                   |   icmp   |      0|  0|   7|          16|          16|
    |tmp_34_fu_4069_p2                   |   icmp   |      0|  0|   7|          16|          16|
    |tmp_64_1_fu_2017_p2                 |   icmp   |      0|  0|   5|           9|           5|
    |tmp_64_2_fu_2105_p2                 |   icmp   |      0|  0|   5|           9|           5|
    |tmp_64_3_fu_2171_p2                 |   icmp   |      0|  0|   5|           9|           5|
    |tmp_64_4_fu_2225_p2                 |   icmp   |      0|  0|   5|           9|           5|
    |tmp_64_5_fu_2279_p2                 |   icmp   |      0|  0|   5|           9|           5|
    |tmp_64_6_fu_2333_p2                 |   icmp   |      0|  0|   5|           9|           5|
    |tmp_64_7_fu_2387_p2                 |   icmp   |      0|  0|   5|           9|           5|
    |tmp_65_1_fu_2023_p2                 |   icmp   |      0|  0|   5|           9|           6|
    |tmp_65_2_fu_2111_p2                 |   icmp   |      0|  0|   5|           9|           6|
    |tmp_65_3_fu_2177_p2                 |   icmp   |      0|  0|   5|           9|           6|
    |tmp_65_4_fu_2231_p2                 |   icmp   |      0|  0|   5|           9|           6|
    |tmp_65_5_fu_2285_p2                 |   icmp   |      0|  0|   5|           9|           6|
    |tmp_65_6_fu_2339_p2                 |   icmp   |      0|  0|   5|           9|           6|
    |tmp_65_7_fu_2393_p2                 |   icmp   |      0|  0|   5|           9|           6|
    |tmp_69_0_not_fu_2421_p2             |   icmp   |      0|  0|   1|           2|           2|
    |tmp_69_1_fu_3010_p2                 |   icmp   |      0|  0|   1|           2|           2|
    |tmp_69_1_not_fu_2439_p2             |   icmp   |      0|  0|   1|           2|           2|
    |tmp_69_2_fu_3060_p2                 |   icmp   |      0|  0|   1|           2|           2|
    |tmp_69_2_not_fu_2457_p2             |   icmp   |      0|  0|   1|           2|           2|
    |tmp_69_3_fu_3122_p2                 |   icmp   |      0|  0|   1|           2|           2|
    |tmp_69_3_not_fu_2475_p2             |   icmp   |      0|  0|   1|           2|           2|
    |tmp_69_4_fu_3154_p2                 |   icmp   |      0|  0|   1|           2|           2|
    |tmp_69_4_not_fu_2493_p2             |   icmp   |      0|  0|   1|           2|           2|
    |tmp_69_5_fu_3166_p2                 |   icmp   |      0|  0|   1|           2|           2|
    |tmp_69_5_not_fu_2511_p2             |   icmp   |      0|  0|   1|           2|           2|
    |tmp_69_6_not_fu_2529_p2             |   icmp   |      0|  0|   1|           2|           2|
    |tmp_69_7_not_fu_2621_p2             |   icmp   |      0|  0|   1|           2|           2|
    |tmp_69_8_fu_2653_p2                 |   icmp   |      0|  0|   1|           2|           2|
    |tmp_69_9_fu_2900_p2                 |   icmp   |      0|  0|   1|           2|           2|
    |tmp_69_s_fu_2948_p2                 |   icmp   |      0|  0|   1|           2|           2|
    |tmp_70_1_fu_2051_p2                 |   icmp   |      0|  0|   5|           9|           5|
    |tmp_70_2_fu_2139_p2                 |   icmp   |      0|  0|   5|           9|           5|
    |tmp_70_3_fu_2696_p2                 |   icmp   |      0|  0|   5|           9|           5|
    |tmp_70_4_fu_2728_p2                 |   icmp   |      0|  0|   5|           9|           5|
    |tmp_70_5_fu_2760_p2                 |   icmp   |      0|  0|   5|           9|           5|
    |tmp_70_6_fu_2792_p2                 |   icmp   |      0|  0|   5|           9|           5|
    |tmp_70_7_fu_2824_p2                 |   icmp   |      0|  0|   5|           9|           5|
    |tmp_71_10_fu_3066_p2                |   icmp   |      0|  0|   1|           2|           1|
    |tmp_71_11_fu_3128_p2                |   icmp   |      0|  0|   1|           2|           1|
    |tmp_71_12_fu_3160_p2                |   icmp   |      0|  0|   1|           2|           1|
    |tmp_71_1_fu_2445_p2                 |   icmp   |      0|  0|   1|           2|           1|
    |tmp_71_2_fu_2463_p2                 |   icmp   |      0|  0|   1|           2|           1|
    |tmp_71_3_fu_2481_p2                 |   icmp   |      0|  0|   1|           2|           1|
    |tmp_71_4_fu_2499_p2                 |   icmp   |      0|  0|   1|           2|           1|
    |tmp_71_5_fu_2517_p2                 |   icmp   |      0|  0|   1|           2|           1|
    |tmp_71_6_fu_2535_p2                 |   icmp   |      0|  0|   1|           2|           1|
    |tmp_71_7_fu_2627_p2                 |   icmp   |      0|  0|   1|           2|           1|
    |tmp_71_8_fu_3016_p2                 |   icmp   |      0|  0|   1|           2|           1|
    |tmp_71_9_fu_2905_p2                 |   icmp   |      0|  0|   1|           2|           1|
    |tmp_71_s_fu_2954_p2                 |   icmp   |      0|  0|   1|           2|           1|
    |tmp_72_1_fu_2057_p2                 |   icmp   |      0|  0|   5|           9|           6|
    |tmp_72_2_fu_2145_p2                 |   icmp   |      0|  0|   5|           9|           6|
    |tmp_72_3_fu_2701_p2                 |   icmp   |      0|  0|   5|           9|           6|
    |tmp_72_4_fu_2733_p2                 |   icmp   |      0|  0|   5|           9|           6|
    |tmp_72_5_fu_2765_p2                 |   icmp   |      0|  0|   5|           9|           6|
    |tmp_72_6_fu_2797_p2                 |   icmp   |      0|  0|   5|           9|           6|
    |tmp_72_7_fu_2829_p2                 |   icmp   |      0|  0|   5|           9|           6|
    |tmp_73_10_fu_3302_p2                |   icmp   |      0|  0|   2|           5|           4|
    |tmp_73_11_fu_3337_p2                |   icmp   |      0|  0|   2|           5|           4|
    |tmp_73_12_fu_3454_p2                |   icmp   |      0|  0|   2|           5|           4|
    |tmp_73_13_fu_3487_p2                |   icmp   |      0|  0|   2|           5|           4|
    |tmp_73_14_fu_3522_p2                |   icmp   |      0|  0|   2|           5|           4|
    |tmp_73_15_fu_3557_p2                |   icmp   |      0|  0|   2|           5|           4|
    |tmp_73_16_fu_3574_p2                |   icmp   |      0|  0|   2|           5|           4|
    |tmp_73_1_fu_3028_p2                 |   icmp   |      0|  0|   2|           4|           5|
    |tmp_73_2_fu_3084_p2                 |   icmp   |      0|  0|   2|           4|           5|
    |tmp_73_3_fu_3140_p2                 |   icmp   |      0|  0|   2|           4|           5|
    |tmp_73_4_fu_3228_p2                 |   icmp   |      0|  0|   2|           5|           4|
    |tmp_73_5_fu_3264_p2                 |   icmp   |      0|  0|   2|           5|           4|
    |tmp_73_6_fu_3283_p2                 |   icmp   |      0|  0|   2|           5|           4|
    |tmp_73_7_fu_2639_p2                 |   icmp   |      0|  0|   2|           4|           5|
    |tmp_73_8_fu_2871_p2                 |   icmp   |      0|  0|   2|           4|           5|
    |tmp_73_9_fu_2916_p2                 |   icmp   |      0|  0|   2|           4|           5|
    |tmp_73_s_fu_2972_p2                 |   icmp   |      0|  0|   2|           4|           5|
    |tmp_7_fu_1396_p2                    |   icmp   |      0|  0|   5|          11|           3|
    |tmp_s_fu_1309_p2                    |   icmp   |      0|  0|   5|          10|          10|
    |ap_block_pp0_stage0_01001           |    or    |      0|  0|   1|           1|           1|
    |ap_block_state1                     |    or    |      0|  0|   1|           1|           1|
    |iscorner_2_i_s_fu_3640_p2           |    or    |      0|  0|   1|           1|           1|
    |not_or_cond10_demorg_fu_3528_p2     |    or    |      0|  0|   1|           1|           1|
    |not_or_cond11_demorg_fu_2665_p2     |    or    |      0|  0|   1|           1|           1|
    |not_or_cond12_demorg_fu_3096_p2     |    or    |      0|  0|   1|           1|           1|
    |not_or_cond13_demorg_fu_3200_p2     |    or    |      0|  0|   1|           1|           1|
    |not_or_cond14_demorg_fu_3240_p2     |    or    |      0|  0|   1|           1|           1|
    |not_or_cond2_demorga_fu_2922_p2     |    or    |      0|  0|   1|           1|           1|
    |not_or_cond3_demorga_fu_2984_p2     |    or    |      0|  0|   1|           1|           1|
    |not_or_cond4_demorga_fu_3034_p2     |    or    |      0|  0|   1|           1|           1|
    |not_or_cond6_demorga_fu_3308_p2     |    or    |      0|  0|   1|           1|           1|
    |not_or_cond7_demorga_fu_3349_p2     |    or    |      0|  0|   1|           1|           1|
    |not_or_cond8_demorga_fu_3459_p2     |    or    |      0|  0|   1|           1|           1|
    |not_or_cond9_demorga_fu_3499_p2     |    or    |      0|  0|   1|           1|           1|
    |or_cond10_fu_2633_p2                |    or    |      0|  0|   1|           1|           1|
    |or_cond11_fu_2659_p2                |    or    |      0|  0|   1|           1|           1|
    |or_cond12_fu_2910_p2                |    or    |      0|  0|   1|           1|           1|
    |or_cond13_fu_2960_p2                |    or    |      0|  0|   1|           1|           1|
    |or_cond14_fu_3022_p2                |    or    |      0|  0|   1|           1|           1|
    |or_cond15_fu_3072_p2                |    or    |      0|  0|   1|           1|           1|
    |or_cond16_fu_3134_p2                |    or    |      0|  0|   1|           1|           1|
    |or_cond17_fu_3218_p2                |    or    |      0|  0|   1|           1|           1|
    |or_cond18_fu_3171_p2                |    or    |      0|  0|   1|           1|           1|
    |or_cond2_fu_2523_p2                 |    or    |      0|  0|   1|           1|           1|
    |or_cond3_fu_2541_p2                 |    or    |      0|  0|   1|           1|           1|
    |or_cond4_fu_1430_p2                 |    or    |      0|  0|   1|           1|           1|
    |or_cond5_fu_2433_p2                 |    or    |      0|  0|   1|           1|           1|
    |or_cond6_fu_2451_p2                 |    or    |      0|  0|   1|           1|           1|
    |or_cond7_fu_2469_p2                 |    or    |      0|  0|   1|           1|           1|
    |or_cond8_fu_2487_p2                 |    or    |      0|  0|   1|           1|           1|
    |or_cond9_fu_2505_p2                 |    or    |      0|  0|   1|           1|           1|
    |tmp10_fu_3194_p2                    |    or    |      0|  0|   1|           1|           1|
    |tmp11_fu_3372_p2                    |    or    |      0|  0|   1|           1|           1|
    |tmp12_fu_3634_p2                    |    or    |      0|  0|   1|           1|           1|
    |tmp13_fu_3605_p2                    |    or    |      0|  0|   1|           1|           1|
    |tmp14_fu_3599_p2                    |    or    |      0|  0|   1|           1|           1|
    |tmp15_fu_3378_p2                    |    or    |      0|  0|   1|           1|           1|
    |tmp16_fu_3628_p2                    |    or    |      0|  0|   1|           1|           1|
    |tmp17_fu_3610_p2                    |    or    |      0|  0|   1|           1|           1|
    |tmp18_fu_3622_p2                    |    or    |      0|  0|   1|           1|           1|
    |tmp19_fu_3616_p2                    |    or    |      0|  0|   1|           1|           1|
    |tmp5_fu_3594_p2                     |    or    |      0|  0|   1|           1|           1|
    |tmp6_fu_3188_p2                     |    or    |      0|  0|   1|           1|           1|
    |tmp7_fu_3176_p2                     |    or    |      0|  0|   1|           1|           1|
    |tmp8_fu_3182_p2                     |    or    |      0|  0|   1|           1|           1|
    |tmp9_fu_3590_p2                     |    or    |      0|  0|   1|           1|           1|
    |tmp_17_fu_1949_p2                   |    or    |      0|  0|   1|           1|           1|
    |tmp_20_fu_1983_p2                   |    or    |      0|  0|   1|           1|           1|
    |tmp_21_fu_2037_p2                   |    or    |      0|  0|   1|           1|           1|
    |tmp_22_fu_2071_p2                   |    or    |      0|  0|   1|           1|           1|
    |tmp_24_fu_2563_p2                   |    or    |      0|  0|   1|           1|           1|
    |tmp_25_fu_2585_p2                   |    or    |      0|  0|   1|           1|           1|
    |tmp_26_fu_2607_p2                   |    or    |      0|  0|   1|           1|           1|
    |tmp_37_fu_2125_p2                   |    or    |      0|  0|   1|           1|           1|
    |tmp_38_fu_2684_p2                   |    or    |      0|  0|   1|           1|           1|
    |tmp_39_fu_2191_p2                   |    or    |      0|  0|   1|           1|           1|
    |tmp_40_fu_2714_p2                   |    or    |      0|  0|   1|           1|           1|
    |tmp_41_fu_2245_p2                   |    or    |      0|  0|   1|           1|           1|
    |tmp_42_fu_2746_p2                   |    or    |      0|  0|   1|           1|           1|
    |tmp_43_fu_2299_p2                   |    or    |      0|  0|   1|           1|           1|
    |tmp_44_fu_2778_p2                   |    or    |      0|  0|   1|           1|           1|
    |tmp_45_fu_2353_p2                   |    or    |      0|  0|   1|           1|           1|
    |tmp_46_fu_2810_p2                   |    or    |      0|  0|   1|           1|           1|
    |tmp_47_fu_2407_p2                   |    or    |      0|  0|   1|           1|           1|
    |tmp_48_fu_2842_p2                   |    or    |      0|  0|   1|           1|           1|
    |core_win_val_2_V_2_fu_4061_p3       |  select  |      0|  0|  16|           1|          16|
    |count_1_i_0_op_op_fu_2547_p3        |  select  |      0|  0|   5|           1|           5|
    |count_1_i_10_fu_3295_p3             |  select  |      0|  0|   5|           1|           2|
    |count_1_i_11_fu_3324_p3             |  select  |      0|  0|   5|           1|           1|
    |count_1_i_12_fu_3365_p3             |  select  |      0|  0|   5|           1|           2|
    |count_1_i_13_fu_3475_p3             |  select  |      0|  0|   5|           1|           1|
    |count_1_i_14_fu_3515_p3             |  select  |      0|  0|   5|           1|           2|
    |count_1_i_15_fu_3544_p3             |  select  |      0|  0|   5|           1|           1|
    |count_1_i_1_fu_3052_p3              |  select  |      0|  0|   4|           1|           1|
    |count_1_i_2_fu_3114_p3              |  select  |      0|  0|   4|           1|           2|
    |count_1_i_2_op_op_fu_2569_p3        |  select  |      0|  0|   4|           1|           4|
    |count_1_i_3_fu_3146_p3              |  select  |      0|  0|   4|           1|           1|
    |count_1_i_4_fu_3256_p3              |  select  |      0|  0|   5|           1|           2|
    |count_1_i_4_op_fu_2591_p3           |  select  |      0|  0|   4|           1|           4|
    |count_1_i_5_fu_3270_p3              |  select  |      0|  0|   5|           1|           1|
    |count_1_i_6_fu_2613_p3              |  select  |      0|  0|   4|           1|           4|
    |count_1_i_7_fu_2645_p3              |  select  |      0|  0|   4|           1|           1|
    |count_1_i_8_fu_2893_p3              |  select  |      0|  0|   4|           1|           2|
    |count_1_i_9_fu_2940_p3              |  select  |      0|  0|   4|           1|           1|
    |count_1_i_s_fu_3002_p3              |  select  |      0|  0|   4|           1|           2|
    |flag_val_V_assign_lo_10_fu_2784_p3  |  select  |      0|  0|   2|           1|           2|
    |flag_val_V_assign_lo_11_fu_2359_p3  |  select  |      0|  0|   2|           1|           2|
    |flag_val_V_assign_lo_12_fu_2816_p3  |  select  |      0|  0|   2|           1|           2|
    |flag_val_V_assign_lo_13_fu_2413_p3  |  select  |      0|  0|   2|           1|           2|
    |flag_val_V_assign_lo_14_fu_2848_p3  |  select  |      0|  0|   2|           1|           2|
    |flag_val_V_assign_lo_15_fu_2305_p3  |  select  |      0|  0|   2|           1|           2|
    |flag_val_V_assign_lo_1_fu_1989_p3   |  select  |      0|  0|   2|           1|           2|
    |flag_val_V_assign_lo_2_fu_2043_p3   |  select  |      0|  0|   2|           1|           2|
    |flag_val_V_assign_lo_3_fu_2077_p3   |  select  |      0|  0|   2|           1|           2|
    |flag_val_V_assign_lo_4_fu_2131_p3   |  select  |      0|  0|   2|           1|           2|
    |flag_val_V_assign_lo_5_fu_2688_p3   |  select  |      0|  0|   2|           1|           2|
    |flag_val_V_assign_lo_6_fu_2197_p3   |  select  |      0|  0|   2|           1|           2|
    |flag_val_V_assign_lo_7_fu_2720_p3   |  select  |      0|  0|   2|           1|           2|
    |flag_val_V_assign_lo_8_fu_2251_p3   |  select  |      0|  0|   2|           1|           2|
    |flag_val_V_assign_lo_9_fu_2752_p3   |  select  |      0|  0|   2|           1|           2|
    |flag_val_V_assign_lo_fu_1955_p3     |  select  |      0|  0|   2|           1|           2|
    |p_mask_data_stream_V_din            |  select  |      0|  0|   2|           1|           2|
    |phitmp1_cast_cast_ca_fu_2599_p3     |  select  |      0|  0|   2|           1|           2|
    |phitmp1_i_i_1_fu_2063_p3            |  select  |      0|  0|   3|           1|           1|
    |phitmp1_i_i_2_fu_2677_p3            |  select  |      0|  0|   3|           1|           1|
    |phitmp1_i_i_3_fu_2706_p3            |  select  |      0|  0|   3|           1|           1|
    |phitmp1_i_i_4_fu_2738_p3            |  select  |      0|  0|   3|           1|           1|
    |phitmp1_i_i_5_fu_2770_p3            |  select  |      0|  0|   3|           1|           1|
    |phitmp1_i_i_6_fu_2802_p3            |  select  |      0|  0|   3|           1|           1|
    |phitmp1_i_i_7_fu_2834_p3            |  select  |      0|  0|   3|           1|           1|
    |phitmp1_i_i_fu_1975_p3              |  select  |      0|  0|   3|           1|           1|
    |phitmp41_op_cast_cas_fu_2577_p3     |  select  |      0|  0|   3|           1|           3|
    |phitmp42_op_op_cast_s_fu_2555_p3    |  select  |      0|  0|   3|           1|           3|
    |phitmp_i_i_1_fu_2029_p3             |  select  |      0|  0|   3|           1|           1|
    |phitmp_i_i_2_fu_2117_p3             |  select  |      0|  0|   3|           1|           1|
    |phitmp_i_i_3_fu_2183_p3             |  select  |      0|  0|   3|           1|           1|
    |phitmp_i_i_4_fu_2237_p3             |  select  |      0|  0|   3|           1|           1|
    |phitmp_i_i_5_fu_2291_p3             |  select  |      0|  0|   3|           1|           1|
    |phitmp_i_i_6_fu_2345_p3             |  select  |      0|  0|   3|           1|           1|
    |phitmp_i_i_7_fu_2399_p3             |  select  |      0|  0|   3|           1|           1|
    |phitmp_i_i_fu_1941_p3               |  select  |      0|  0|   3|           1|           1|
    |ap_enable_pp0                       |    xor   |      0|  0|   2|           1|           2|
    |not_or_cond10_fu_3532_p2            |    xor   |      0|  0|   2|           1|           2|
    |not_or_cond11_fu_2671_p2            |    xor   |      0|  0|   2|           1|           2|
    |not_or_cond12_fu_3102_p2            |    xor   |      0|  0|   2|           1|           2|
    |not_or_cond13_fu_3204_p2            |    xor   |      0|  0|   2|           1|           2|
    |not_or_cond14_fu_3244_p2            |    xor   |      0|  0|   2|           1|           2|
    |not_or_cond15_fu_3434_p2            |    xor   |      0|  0|   2|           1|           2|
    |not_or_cond1_fu_2882_p2             |    xor   |      0|  0|   2|           1|           2|
    |not_or_cond2_fu_2928_p2             |    xor   |      0|  0|   2|           1|           2|
    |not_or_cond3_fu_2990_p2             |    xor   |      0|  0|   2|           1|           2|
    |not_or_cond4_fu_3040_p2             |    xor   |      0|  0|   2|           1|           2|
    |not_or_cond5_fu_3444_p2             |    xor   |      0|  0|   2|           1|           2|
    |not_or_cond6_fu_3312_p2             |    xor   |      0|  0|   2|           1|           2|
    |not_or_cond7_fu_3353_p2             |    xor   |      0|  0|   2|           1|           2|
    |not_or_cond8_fu_3463_p2             |    xor   |      0|  0|   2|           1|           2|
    |not_or_cond9_fu_3503_p2             |    xor   |      0|  0|   2|           1|           2|
    |not_or_cond_fu_2856_p2              |    xor   |      0|  0|   2|           1|           2|
    |rev_fu_1369_p2                      |    xor   |      0|  0|   2|           1|           2|
    +------------------------------------+----------+-------+---+----+------------+------------+
    |Total                               |          |      0|  0| 985|        1084|         945|
    +------------------------------------+----------+-------+---+----+------------+------------+

    * Multiplexer: 
    +-------------------------------------+----+-----------+-----+-----------+
    |                 Name                | LUT| Input Size| Bits| Total Bits|
    +-------------------------------------+----+-----------+-----+-----------+
    |ap_NS_fsm                            |   4|          5|    1|          5|
    |ap_done                              |   3|          2|    1|          2|
    |ap_enable_reg_pp0_iter15             |   3|          2|    1|          2|
    |ap_enable_reg_pp0_iter2              |   3|          2|    1|          2|
    |ap_phi_mux_core_1_phi_fu_568_p8      |   3|          2|   16|         32|
    |ap_phi_reg_pp0_iter1_core_1_reg_564  |   3|          2|   16|         32|
    |ap_phi_reg_pp0_iter6_core_1_reg_564  |   3|          2|   16|         32|
    |p_mask_data_stream_V_blk_n           |   3|          2|    1|          2|
    |p_src_data_stream_V_blk_n            |   3|          2|    1|          2|
    |real_start                           |   3|          2|    1|          2|
    |t_V_3_reg_553                        |   3|          2|   11|         22|
    |t_V_reg_542                          |   3|          2|   10|         20|
    +-------------------------------------+----+-----------+-----+-----------+
    |Total                                |  37|         27|   76|        155|
    +-------------------------------------+----+-----------+-----+-----------+

    * Register: 
    +-----------------------------------------+----+----+-----+-----------+
    |                   Name                  | FF | LUT| Bits| Const Bits|
    +-----------------------------------------+----+----+-----+-----------+
    |a0_1_3_reg_5139                          |  32|   0|   32|          0|
    |a0_1_6_reg_5189                          |  32|   0|   32|          0|
    |a0_1_7_reg_5219                          |  32|   0|   32|          0|
    |a0_1_reg_5059                            |  32|   0|   32|          0|
    |a0_2_reg_5119                            |  32|   0|   32|          0|
    |a0_5_reg_5169                            |  32|   0|   32|          0|
    |ap_CS_fsm                                |   4|   0|    4|          0|
    |ap_done_reg                              |   1|   0|    1|          0|
    |ap_enable_reg_pp0_iter0                  |   1|   0|    1|          0|
    |ap_enable_reg_pp0_iter1                  |   1|   0|    1|          0|
    |ap_enable_reg_pp0_iter10                 |   1|   0|    1|          0|
    |ap_enable_reg_pp0_iter11                 |   1|   0|    1|          0|
    |ap_enable_reg_pp0_iter12                 |   1|   0|    1|          0|
    |ap_enable_reg_pp0_iter13                 |   1|   0|    1|          0|
    |ap_enable_reg_pp0_iter14                 |   1|   0|    1|          0|
    |ap_enable_reg_pp0_iter15                 |   1|   0|    1|          0|
    |ap_enable_reg_pp0_iter2                  |   1|   0|    1|          0|
    |ap_enable_reg_pp0_iter3                  |   1|   0|    1|          0|
    |ap_enable_reg_pp0_iter4                  |   1|   0|    1|          0|
    |ap_enable_reg_pp0_iter5                  |   1|   0|    1|          0|
    |ap_enable_reg_pp0_iter6                  |   1|   0|    1|          0|
    |ap_enable_reg_pp0_iter7                  |   1|   0|    1|          0|
    |ap_enable_reg_pp0_iter8                  |   1|   0|    1|          0|
    |ap_enable_reg_pp0_iter9                  |   1|   0|    1|          0|
    |ap_phi_reg_pp0_iter10_core_1_reg_564     |  16|   0|   16|          0|
    |ap_phi_reg_pp0_iter11_core_1_reg_564     |  16|   0|   16|          0|
    |ap_phi_reg_pp0_iter12_core_1_reg_564     |  16|   0|   16|          0|
    |ap_phi_reg_pp0_iter13_core_1_reg_564     |  16|   0|   16|          0|
    |ap_phi_reg_pp0_iter14_core_1_reg_564     |  16|   0|   16|          0|
    |ap_phi_reg_pp0_iter1_core_1_reg_564      |  16|   0|   16|          0|
    |ap_phi_reg_pp0_iter2_core_1_reg_564      |  16|   0|   16|          0|
    |ap_phi_reg_pp0_iter3_core_1_reg_564      |  16|   0|   16|          0|
    |ap_phi_reg_pp0_iter4_core_1_reg_564      |  16|   0|   16|          0|
    |ap_phi_reg_pp0_iter5_core_1_reg_564      |  16|   0|   16|          0|
    |ap_phi_reg_pp0_iter6_core_1_reg_564      |  16|   0|   16|          0|
    |ap_phi_reg_pp0_iter7_core_1_reg_564      |  16|   0|   16|          0|
    |ap_phi_reg_pp0_iter8_core_1_reg_564      |  16|   0|   16|          0|
    |ap_phi_reg_pp0_iter9_core_1_reg_564      |  16|   0|   16|          0|
    |b0_1_3_reg_5154                          |  32|   0|   32|          0|
    |b0_1_6_reg_5204                          |  32|   0|   32|          0|
    |b0_1_reg_5074                            |  32|   0|   32|          0|
    |b0_2_reg_5129                            |  32|   0|   32|          0|
    |b0_5_reg_5179                            |  32|   0|   32|          0|
    |core_buf_val_0_V_ad_reg_4522             |  11|   0|   11|          0|
    |core_buf_val_1_V_ad_reg_4528             |  11|   0|   11|          0|
    |core_win_val_0_V_0_fu_186                |  16|   0|   16|          0|
    |core_win_val_0_V_1_fu_182                |  16|   0|   16|          0|
    |core_win_val_1_V_0_fu_178                |  16|   0|   16|          0|
    |core_win_val_1_V_1_1_reg_4547            |  16|   0|   16|          0|
    |core_win_val_1_V_1_fu_174                |  16|   0|   16|          0|
    |core_win_val_2_V_0_fu_170                |  16|   0|   16|          0|
    |core_win_val_2_V_1_fu_166                |  16|   0|   16|          0|
    |count_1_i_12_reg_4863                    |   5|   0|    5|          0|
    |count_1_i_3_reg_4820                     |   4|   0|    4|          0|
    |count_1_i_7_reg_4782                     |   4|   0|    4|          0|
    |exitcond4_reg_4472                       |   1|   0|    1|          0|
    |flag_d_assign_10_reg_4903                |  32|   0|   32|          0|
    |flag_d_assign_11_reg_4943                |  32|   0|   32|          0|
    |flag_d_assign_11_reg_4943_pp0_iter7_reg  |  32|   0|   32|          0|
    |flag_d_assign_12_reg_4949                |  32|   0|   32|          0|
    |flag_d_assign_13_reg_4981                |  32|   0|   32|          0|
    |flag_d_assign_13_reg_4981_pp0_iter8_reg  |  32|   0|   32|          0|
    |flag_d_assign_14_reg_4987                |  32|   0|   32|          0|
    |flag_d_assign_15_reg_4993                |  32|   0|   32|          0|
    |flag_d_assign_1_reg_4885                 |  32|   0|   32|          0|
    |flag_d_assign_2_reg_4897                 |  32|   0|   32|          0|
    |flag_d_assign_3_reg_4909                 |  32|   0|   32|          0|
    |flag_d_assign_4_reg_4915                 |  32|   0|   32|          0|
    |flag_d_assign_5_reg_4921                 |  32|   0|   32|          0|
    |flag_d_assign_6_reg_4927                 |  32|   0|   32|          0|
    |flag_d_assign_7_reg_4933                 |  32|   0|   32|          0|
    |flag_d_assign_8_reg_4879                 |  32|   0|   32|          0|
    |flag_d_assign_9_reg_4891                 |  32|   0|   32|          0|
    |flag_d_assign_s_reg_4975                 |  32|   0|   32|          0|
    |flag_d_max2_11_reg_5004                  |  32|   0|   32|          0|
    |flag_d_max2_1_reg_4960                   |  32|   0|   32|          0|
    |flag_d_max2_1_reg_4960_pp0_iter7_reg     |  32|   0|   32|          0|
    |flag_d_max2_9_reg_4970                   |  32|   0|   32|          0|
    |flag_d_max4_1_reg_5014                   |  32|   0|   32|          0|
    |flag_d_max4_1_reg_5014_pp0_iter8_reg     |  32|   0|   32|          0|
    |flag_d_max4_3_reg_5024                   |  32|   0|   32|          0|
    |flag_d_max4_3_reg_5024_pp0_iter8_reg     |  32|   0|   32|          0|
    |flag_d_max4_5_reg_5034                   |  32|   0|   32|          0|
    |flag_d_max4_7_reg_5044                   |  32|   0|   32|          0|
    |flag_d_max4_7_reg_5044_pp0_iter8_reg     |  32|   0|   32|          0|
    |flag_d_max4_9_reg_5054                   |  32|   0|   32|          0|
    |flag_d_min2_11_reg_4999                  |  32|   0|   32|          0|
    |flag_d_min2_1_reg_4955                   |  32|   0|   32|          0|
    |flag_d_min2_1_reg_4955_pp0_iter7_reg     |  32|   0|   32|          0|
    |flag_d_min2_9_reg_4965                   |  32|   0|   32|          0|
    |flag_d_min4_1_reg_5009                   |  32|   0|   32|          0|
    |flag_d_min4_1_reg_5009_pp0_iter8_reg     |  32|   0|   32|          0|
    |flag_d_min4_3_reg_5019                   |  32|   0|   32|          0|
    |flag_d_min4_3_reg_5019_pp0_iter8_reg     |  32|   0|   32|          0|
    |flag_d_min4_5_reg_5029                   |  32|   0|   32|          0|
    |flag_d_min4_7_reg_5039                   |  32|   0|   32|          0|
    |flag_d_min4_7_reg_5039_pp0_iter8_reg     |  32|   0|   32|          0|
    |flag_d_min4_9_reg_5049                   |  32|   0|   32|          0|
    |flag_val_V_assign_lo_3_reg_4599          |   2|   0|    2|          0|
    |flag_val_V_assign_lo_reg_4584            |   2|   0|    2|          0|
    |i_V_reg_4448                             |  10|   0|   10|          0|
    |icmp_reg_4467                            |   1|   0|    1|          0|
    |iscorner_2_i_s_reg_4939                  |   1|   0|    1|          0|
    |k_buf_val_0_V_addr_reg_4486              |  10|   0|   10|          0|
    |k_buf_val_1_V_addr_reg_4492              |  10|   0|   10|          0|
    |k_buf_val_2_V_addr_reg_4498              |  10|   0|   10|          0|
    |k_buf_val_3_V_addr_reg_4504              |  10|   0|   10|          0|
    |k_buf_val_4_V_addr_reg_4510              |  10|   0|   10|          0|
    |k_buf_val_5_V_addr_reg_4516              |  10|   0|   10|          0|
    |not_or_cond11_reg_4794                   |   1|   0|    1|          0|
    |not_or_cond_reg_4800                     |   1|   0|    1|          0|
    |not_or_cond_reg_4800_pp0_iter4_reg       |   1|   0|    1|          0|
    |or_cond10_reg_4772                       |   1|   0|    1|          0|
    |or_cond11_reg_4788                       |   1|   0|    1|          0|
    |or_cond18_reg_4837                       |   1|   0|    1|          0|
    |or_cond18_reg_4837_pp0_iter4_reg         |   1|   0|    1|          0|
    |or_cond1_reg_4458                        |   1|   0|    1|          0|
    |or_cond2_reg_4767                        |   1|   0|    1|          0|
    |or_cond4_reg_4543                        |   1|   0|    1|          0|
    |or_cond5_reg_4691                        |   1|   0|    1|          0|
    |or_cond6_reg_4707                        |   1|   0|    1|          0|
    |or_cond6_reg_4707_pp0_iter3_reg          |   1|   0|    1|          0|
    |or_cond7_reg_4722                        |   1|   0|    1|          0|
    |or_cond7_reg_4722_pp0_iter3_reg          |   1|   0|    1|          0|
    |or_cond8_reg_4737                        |   1|   0|    1|          0|
    |or_cond9_reg_4752                        |   1|   0|    1|          0|
    |or_cond_reg_4481                         |   1|   0|    1|          0|
    |ret_V_1_1_reg_4594                       |   9|   0|    9|          0|
    |ret_V_1_2_reg_4610                       |   9|   0|    9|          0|
    |ret_V_1_3_reg_4631                       |   9|   0|    9|          0|
    |ret_V_1_4_reg_4643                       |   9|   0|    9|          0|
    |ret_V_1_5_reg_4655                       |   9|   0|    9|          0|
    |ret_V_1_6_reg_4667                       |   9|   0|    9|          0|
    |ret_V_1_7_reg_4679                       |   9|   0|    9|          0|
    |ret_V_1_reg_4579                         |   9|   0|    9|          0|
    |ret_V_2_reg_4605                         |   9|   0|    9|          0|
    |ret_V_3_reg_4626                         |   9|   0|    9|          0|
    |ret_V_4_reg_4638                         |   9|   0|    9|          0|
    |ret_V_5_reg_4650                         |   9|   0|    9|          0|
    |ret_V_6_reg_4662                         |   9|   0|    9|          0|
    |ret_V_7_reg_4674                         |   9|   0|    9|          0|
    |ret_V_reg_4574                           |   9|   0|    9|          0|
    |ret_V_s_reg_4589                         |   9|   0|    9|          0|
    |start_once_reg                           |   1|   0|    1|          0|
    |t_V_3_reg_553                            |  11|   0|   11|          0|
    |t_V_reg_542                              |  10|   0|   10|          0|
    |tmp10_reg_4848                           |   1|   0|    1|          0|
    |tmp10_reg_4848_pp0_iter4_reg             |   1|   0|    1|          0|
    |tmp11_reg_4869                           |   1|   0|    1|          0|
    |tmp15_reg_4874                           |   1|   0|    1|          0|
    |tmp20_reg_4569                           |   1|   0|    1|          0|
    |tmp24_reg_5229                           |   1|   0|    1|          0|
    |tmp6_reg_4843                            |   1|   0|    1|          0|
    |tmp6_reg_4843_pp0_iter4_reg              |   1|   0|    1|          0|
    |tmp_101_1_reg_5069                       |  32|   0|   32|          0|
    |tmp_101_2_reg_5124                       |  32|   0|   32|          0|
    |tmp_101_4_reg_5149                       |  32|   0|   32|          0|
    |tmp_101_5_reg_5174                       |  32|   0|   32|          0|
    |tmp_101_7_reg_5199                       |  32|   0|   32|          0|
    |tmp_106_1_reg_5079                       |  32|   0|   32|          0|
    |tmp_106_4_reg_5159                       |  32|   0|   32|          0|
    |tmp_106_7_reg_5209                       |  32|   0|   32|          0|
    |tmp_109_1_reg_5084                       |  32|   0|   32|          0|
    |tmp_109_2_reg_5134                       |  32|   0|   32|          0|
    |tmp_109_4_reg_5164                       |  32|   0|   32|          0|
    |tmp_109_5_reg_5184                       |  32|   0|   32|          0|
    |tmp_109_7_reg_5214                       |  32|   0|   32|          0|
    |tmp_115_2_reg_4554                       |   1|   0|    1|          0|
    |tmp_12_reg_4538                          |   1|   0|    1|          0|
    |tmp_13_reg_4559                          |   1|   0|    1|          0|
    |tmp_14_reg_4564                          |   1|   0|    1|          0|
    |tmp_23_reg_4686                          |   1|   0|    1|          0|
    |tmp_2_reg_4462                           |   1|   0|    1|          0|
    |tmp_69_1_not_reg_4697                    |   1|   0|    1|          0|
    |tmp_69_1_not_reg_4697_pp0_iter3_reg      |   1|   0|    1|          0|
    |tmp_69_2_not_reg_4712                    |   1|   0|    1|          0|
    |tmp_69_2_not_reg_4712_pp0_iter3_reg      |   1|   0|    1|          0|
    |tmp_69_3_not_reg_4727                    |   1|   0|    1|          0|
    |tmp_69_3_reg_4805                        |   1|   0|    1|          0|
    |tmp_69_4_not_reg_4742                    |   1|   0|    1|          0|
    |tmp_69_4_reg_4825                        |   1|   0|    1|          0|
    |tmp_69_5_not_reg_4757                    |   1|   0|    1|          0|
    |tmp_70_2_reg_4615                        |   1|   0|    1|          0|
    |tmp_71_11_reg_4810                       |   1|   0|    1|          0|
    |tmp_71_12_reg_4831                       |   1|   0|    1|          0|
    |tmp_71_1_reg_4702                        |   1|   0|    1|          0|
    |tmp_71_1_reg_4702_pp0_iter3_reg          |   1|   0|    1|          0|
    |tmp_71_2_reg_4717                        |   1|   0|    1|          0|
    |tmp_71_2_reg_4717_pp0_iter3_reg          |   1|   0|    1|          0|
    |tmp_71_3_reg_4732                        |   1|   0|    1|          0|
    |tmp_71_4_reg_4747                        |   1|   0|    1|          0|
    |tmp_71_5_reg_4762                        |   1|   0|    1|          0|
    |tmp_72_2_reg_4621                        |   1|   0|    1|          0|
    |tmp_73_3_reg_4815                        |   1|   0|    1|          0|
    |tmp_73_5_reg_4853                        |   1|   0|    1|          0|
    |tmp_73_6_reg_4858                        |   1|   0|    1|          0|
    |tmp_73_7_reg_4777                        |   1|   0|    1|          0|
    |tmp_8_reg_4534                           |   1|   0|    1|          0|
    |tmp_90_2_reg_5099                        |  32|   0|   32|          0|
    |tmp_90_2_reg_5099_pp0_iter10_reg         |  32|   0|   32|          0|
    |tmp_90_4_reg_5109                        |  32|   0|   32|          0|
    |tmp_90_4_reg_5109_pp0_iter10_reg         |  32|   0|   32|          0|
    |tmp_90_s_reg_5089                        |  32|   0|   32|          0|
    |tmp_92_2_reg_5104                        |  32|   0|   32|          0|
    |tmp_92_2_reg_5104_pp0_iter10_reg         |  32|   0|   32|          0|
    |tmp_92_4_reg_5114                        |  32|   0|   32|          0|
    |tmp_92_4_reg_5114_pp0_iter10_reg         |  32|   0|   32|          0|
    |tmp_92_s_reg_5094                        |  32|   0|   32|          0|
    |tmp_98_1_reg_5064                        |  32|   0|   32|          0|
    |tmp_98_4_reg_5144                        |  32|   0|   32|          0|
    |tmp_98_7_reg_5194                        |  32|   0|   32|          0|
    |tmp_9_reg_5224                           |  32|   0|   32|          0|
    |tmp_s_reg_4453                           |   1|   0|    1|          0|
    |win_val_0_V_2_1_fu_194                   |   8|   0|    8|          0|
    |win_val_0_V_2_fu_190                     |   8|   0|    8|          0|
    |win_val_0_V_3_fu_198                     |   8|   0|    8|          0|
    |win_val_0_V_4_fu_202                     |   8|   0|    8|          0|
    |win_val_0_V_5_fu_206                     |   8|   0|    8|          0|
    |win_val_1_V_1_1_fu_214                   |   8|   0|    8|          0|
    |win_val_1_V_1_fu_210                     |   8|   0|    8|          0|
    |win_val_1_V_2_fu_218                     |   8|   0|    8|          0|
    |win_val_1_V_3_fu_222                     |   8|   0|    8|          0|
    |win_val_1_V_4_fu_226                     |   8|   0|    8|          0|
    |win_val_1_V_5_fu_230                     |   8|   0|    8|          0|
    |win_val_2_V_0_1_fu_238                   |   8|   0|    8|          0|
    |win_val_2_V_0_fu_234                     |   8|   0|    8|          0|
    |win_val_2_V_1_fu_242                     |   8|   0|    8|          0|
    |win_val_2_V_2_fu_246                     |   8|   0|    8|          0|
    |win_val_2_V_3_fu_250                     |   8|   0|    8|          0|
    |win_val_2_V_4_fu_254                     |   8|   0|    8|          0|
    |win_val_2_V_5_fu_258                     |   8|   0|    8|          0|
    |win_val_3_V_0_1_fu_266                   |   8|   0|    8|          0|
    |win_val_3_V_0_fu_262                     |   8|   0|    8|          0|
    |win_val_3_V_1_fu_270                     |   8|   0|    8|          0|
    |win_val_3_V_2_fu_274                     |   8|   0|    8|          0|
    |win_val_3_V_3_fu_278                     |   8|   0|    8|          0|
    |win_val_3_V_4_fu_282                     |   8|   0|    8|          0|
    |win_val_3_V_5_fu_286                     |   8|   0|    8|          0|
    |win_val_4_V_0_1_fu_294                   |   8|   0|    8|          0|
    |win_val_4_V_0_fu_290                     |   8|   0|    8|          0|
    |win_val_4_V_1_fu_298                     |   8|   0|    8|          0|
    |win_val_4_V_2_fu_302                     |   8|   0|    8|          0|
    |win_val_4_V_3_fu_306                     |   8|   0|    8|          0|
    |win_val_4_V_4_fu_310                     |   8|   0|    8|          0|
    |win_val_4_V_5_fu_314                     |   8|   0|    8|          0|
    |win_val_5_V_1_1_fu_322                   |   8|   0|    8|          0|
    |win_val_5_V_1_fu_318                     |   8|   0|    8|          0|
    |win_val_5_V_2_fu_326                     |   8|   0|    8|          0|
    |win_val_5_V_3_fu_330                     |   8|   0|    8|          0|
    |win_val_5_V_4_fu_334                     |   8|   0|    8|          0|
    |win_val_5_V_5_fu_338                     |   8|   0|    8|          0|
    |win_val_6_V_2_1_fu_346                   |   8|   0|    8|          0|
    |win_val_6_V_2_fu_342                     |   8|   0|    8|          0|
    |win_val_6_V_3_fu_350                     |   8|   0|    8|          0|
    |win_val_6_V_4_fu_354                     |   8|   0|    8|          0|
    |win_val_6_V_5_fu_358                     |   8|   0|    8|          0|
    |core_buf_val_1_V_ad_reg_4528             |  64|  32|   11|          0|
    |core_win_val_1_V_1_1_reg_4547            |  64|  32|   16|          0|
    |exitcond4_reg_4472                       |  64|  32|    1|          0|
    |flag_d_assign_10_reg_4903                |  64|  32|   32|          0|
    |flag_d_assign_12_reg_4949                |  64|  32|   32|          0|
    |flag_d_assign_14_reg_4987                |  64|  32|   32|          0|
    |flag_d_assign_15_reg_4993                |  64|  32|   32|          0|
    |flag_d_assign_1_reg_4885                 |  64|  32|   32|          0|
    |flag_d_assign_2_reg_4897                 |  64|  32|   32|          0|
    |flag_d_assign_3_reg_4909                 |  64|  32|   32|          0|
    |flag_d_assign_4_reg_4915                 |  64|  32|   32|          0|
    |flag_d_assign_5_reg_4921                 |  64|  32|   32|          0|
    |flag_d_assign_6_reg_4927                 |  64|  32|   32|          0|
    |flag_d_assign_7_reg_4933                 |  64|  32|   32|          0|
    |flag_d_assign_8_reg_4879                 |  64|  32|   32|          0|
    |flag_d_assign_9_reg_4891                 |  64|  32|   32|          0|
    |iscorner_2_i_s_reg_4939                  |  64|  32|    1|          0|
    |not_or_cond11_reg_4794                   |  64|  32|    1|          0|
    |or_cond2_reg_4767                        |  64|  32|    1|          0|
    |or_cond4_reg_4543                        |  64|  32|    1|          0|
    |or_cond5_reg_4691                        |  64|  32|    1|          0|
    |or_cond8_reg_4737                        |  64|  32|    1|          0|
    |or_cond9_reg_4752                        |  64|  32|    1|          0|
    |or_cond_reg_4481                         |  64|  32|    1|          0|
    |ret_V_1_1_reg_4594                       |  64|  32|    9|          0|
    |ret_V_1_2_reg_4610                       |  64|  32|    9|          0|
    |ret_V_1_3_reg_4631                       |  64|  32|    9|          0|
    |ret_V_1_4_reg_4643                       |  64|  32|    9|          0|
    |ret_V_1_5_reg_4655                       |  64|  32|    9|          0|
    |ret_V_1_6_reg_4667                       |  64|  32|    9|          0|
    |ret_V_1_7_reg_4679                       |  64|  32|    9|          0|
    |ret_V_1_reg_4579                         |  64|  32|    9|          0|
    |ret_V_2_reg_4605                         |  64|  32|    9|          0|
    |ret_V_3_reg_4626                         |  64|  32|    9|          0|
    |ret_V_4_reg_4638                         |  64|  32|    9|          0|
    |ret_V_5_reg_4650                         |  64|  32|    9|          0|
    |ret_V_6_reg_4662                         |  64|  32|    9|          0|
    |ret_V_7_reg_4674                         |  64|  32|    9|          0|
    |ret_V_reg_4574                           |  64|  32|    9|          0|
    |ret_V_s_reg_4589                         |  64|  32|    9|          0|
    |tmp20_reg_4569                           |  64|  32|    1|          0|
    |tmp_115_2_reg_4554                       |  64|  32|    1|          0|
    |tmp_13_reg_4559                          |  64|  32|    1|          0|
    |tmp_14_reg_4564                          |  64|  32|    1|          0|
    |tmp_69_3_not_reg_4727                    |  64|  32|    1|          0|
    |tmp_69_4_not_reg_4742                    |  64|  32|    1|          0|
    |tmp_69_5_not_reg_4757                    |  64|  32|    1|          0|
    |tmp_71_3_reg_4732                        |  64|  32|    1|          0|
    |tmp_71_4_reg_4747                        |  64|  32|    1|          0|
    |tmp_71_5_reg_4762                        |  64|  32|    1|          0|
    |tmp_8_reg_4534                           |  64|  32|    1|          0|
    +-----------------------------------------+----+----+-----+-----------+
    |Total                                    |6861|1632| 4204|          0|
    +-----------------------------------------+----+----+-----+-----------+



================================================================
== Interface
================================================================
* Summary: 
+-----------------------------+-----+-----+------------+----------------------+--------------+
|          RTL Ports          | Dir | Bits|  Protocol  |     Source Object    |    C Type    |
+-----------------------------+-----+-----+------------+----------------------+--------------+
|ap_clk                       |  in |    1| ap_ctrl_hs |      FAST_t_opr      | return value |
|ap_rst                       |  in |    1| ap_ctrl_hs |      FAST_t_opr      | return value |
|ap_start                     |  in |    1| ap_ctrl_hs |      FAST_t_opr      | return value |
|start_full_n                 |  in |    1| ap_ctrl_hs |      FAST_t_opr      | return value |
|ap_done                      | out |    1| ap_ctrl_hs |      FAST_t_opr      | return value |
|ap_continue                  |  in |    1| ap_ctrl_hs |      FAST_t_opr      | return value |
|ap_idle                      | out |    1| ap_ctrl_hs |      FAST_t_opr      | return value |
|ap_ready                     | out |    1| ap_ctrl_hs |      FAST_t_opr      | return value |
|start_out                    | out |    1| ap_ctrl_hs |      FAST_t_opr      | return value |
|start_write                  | out |    1| ap_ctrl_hs |      FAST_t_opr      | return value |
|p_src_data_stream_V_dout     |  in |    8|   ap_fifo  |  p_src_data_stream_V |    pointer   |
|p_src_data_stream_V_empty_n  |  in |    1|   ap_fifo  |  p_src_data_stream_V |    pointer   |
|p_src_data_stream_V_read     | out |    1|   ap_fifo  |  p_src_data_stream_V |    pointer   |
|p_mask_data_stream_V_din     | out |    8|   ap_fifo  | p_mask_data_stream_V |    pointer   |
|p_mask_data_stream_V_full_n  |  in |    1|   ap_fifo  | p_mask_data_stream_V |    pointer   |
|p_mask_data_stream_V_write   | out |    1|   ap_fifo  | p_mask_data_stream_V |    pointer   |
+-----------------------------+-----+-----+------------+----------------------+--------------+

